ELF SONAME changed
Functions changes summary: 2 Removed, 0 Changed, 1 Added functions
Variables changes summary: 0 Removed, 1 Changed (7 filtered out), 1 Added variables
Function symbols changes summary: 55 Removed, 712 Added function symbols not referenced by debug info
Variable symbols changes summary: 13 Removed, 389 Added variable symbols not referenced by debug info

SONAME changed from 'libmpi.so.0' to 'libmpi.so.1'

2 Removed functions:

  [D] 'function void ompi_debugger_notify_abort(char*)'    {ompi_debugger_notify_abort}
  [D] 'function void ompi_wait_for_debugger()'    {ompi_wait_for_debugger}

1 Added function:

  [A] 'function void* MPIR_Breakpoint()'    {MPIR_Breakpoint}

1 Added variable:

  [A] 'opal_datatype_t* opal_datatype_t_type_force_inclusion'    {opal_datatype_t_type_force_inclusion}

1 Changed variable:

  [C] 'ompi_status_public_t* ompi_status_public_t_type_force_inclusion' was changed at ompi_debuggers.c:123:1:
    type of variable changed:
      in pointed to type 'struct ompi_status_public_t' at mpi.h:323:1:
        type size changed from 160 to 192 (in bits)
        1 data member deletion:
          'int ompi_status_public_t::_count', at offset 96 (in bits) at mpi.h:241:1
        1 data member insertion:
          'size_t ompi_status_public_t::_ucount', at offset 128 (in bits) at mpi.h:334:1
        1 data member change:
          'int ompi_status_public_t::_cancelled' offset changed from 128 to 96 (in bits) (by -32 bits)

55 Removed function symbols not referenced by debug info:

  [D] mca_io_base_component_add
  [D] mca_io_base_component_del
  [D] mca_io_base_component_finalize
  [D] mca_io_base_component_init
  [D] mca_io_base_component_run_progress
  [D] mca_io_base_request_free
  [D] mca_io_base_request_progress_add
  [D] mca_io_base_request_progress_del
  [D] mca_io_base_request_return
  [D] ompi_bitmap_clear_all_bits
  [D] ompi_bitmap_clear_bit
  [D] ompi_bitmap_find_and_set_first_unset_bit
  [D] ompi_bitmap_init
  [D] ompi_bitmap_is_set_bit
  [D] ompi_bitmap_set_all_bits
  [D] ompi_bitmap_set_bit
  [D] ompi_comm_checkfor_blockreset
  [D] ompi_convertor_clone
  [D] ompi_convertor_create
  [D] ompi_convertor_dump
  [D] ompi_convertor_generic_simple_position
  [D] ompi_convertor_pack
  [D] ompi_convertor_prepare_for_recv
  [D] ompi_convertor_prepare_for_send
  [D] ompi_convertor_set_position_nocheck
  [D] ompi_convertor_unpack
  [D] ompi_ddt_add
  [D] ompi_ddt_commit
  [D] ompi_ddt_copy_args
  [D] ompi_ddt_copy_content_same_ddt
  [D] ompi_ddt_create_contiguous
  [D] ompi_ddt_create_from_packed_description
  [D] ompi_ddt_create_hindexed
  [D] ompi_ddt_create_hvector
  [D] ompi_ddt_create_indexed
  [D] ompi_ddt_create_indexed_block
  [D] ompi_ddt_create_resized
  [D] ompi_ddt_create_struct
  [D] ompi_ddt_create_vector
  [D] ompi_ddt_destroy
  [D] ompi_ddt_dump
  [D] ompi_ddt_dump_stack
  [D] ompi_ddt_duplicate
  [D] ompi_ddt_finalize
  [D] ompi_ddt_get_args
  [D] ompi_ddt_get_element_count
  [D] ompi_ddt_get_pack_description
  [D] ompi_ddt_init
  [D] ompi_ddt_match_size
  [D] ompi_ddt_pack_description_length
  [D] ompi_ddt_print_args
  [D] ompi_ddt_release_args
  [D] ompi_ddt_set_args
  [D] ompi_ddt_set_element_count
  [D] ompi_ddt_sndrcv

712 Added function symbols not referenced by debug info:

  [A] MPI_Op_commutative, aliases PMPI_Op_commutative
  [A] MPI_Reduce_local
  [A] PMPI_Op_commutative
  [A] PMPI_Reduce_local, aliases MPI_Reduce_local
  [A] mca_base_close
  [A] mca_base_cmd_line_process_args
  [A] mca_base_cmd_line_setup
  [A] mca_base_component_compare
  [A] mca_base_component_compare_priority
  [A] mca_base_component_compatible
  [A] mca_base_component_find
  [A] mca_base_component_find_finalize
  [A] mca_base_component_repository_finalize
  [A] mca_base_component_repository_init
  [A] mca_base_component_repository_link
  [A] mca_base_component_repository_release
  [A] mca_base_component_repository_retain
  [A] mca_base_component_repository_retain_component
  [A] mca_base_component_to_string
  [A] mca_base_components_close
  [A] mca_base_components_open
  [A] mca_base_is_component_required
  [A] mca_base_open
  [A] mca_base_param_build_env
  [A] mca_base_param_deregister
  [A] mca_base_param_dump
  [A] mca_base_param_dump_release
  [A] mca_base_param_env_var
  [A] mca_base_param_environ_variable
  [A] mca_base_param_finalize
  [A] mca_base_param_find
  [A] mca_base_param_init
  [A] mca_base_param_lookup_int
  [A] mca_base_param_lookup_source
  [A] mca_base_param_lookup_string
  [A] mca_base_param_recache_files
  [A] mca_base_param_reg_int
  [A] mca_base_param_reg_int_name
  [A] mca_base_param_reg_string
  [A] mca_base_param_reg_string_name
  [A] mca_base_param_reg_syn
  [A] mca_base_param_reg_syn_name
  [A] mca_base_param_register_int
  [A] mca_base_param_register_string
  [A] mca_base_param_set_int
  [A] mca_base_param_set_internal
  [A] mca_base_param_set_string
  [A] mca_base_param_unset
  [A] mca_base_parse_paramfile
  [A] mca_base_select
  [A] mca_oob_base_close
  [A] mca_oob_base_init
  [A] mca_oob_base_module_init
  [A] mca_oob_base_open
  [A] odls_base_default_wait_local_proc
  [A] ompi_comm_cid_init
  [A] ompi_datatype_copy_args
  [A] ompi_datatype_create
  [A] ompi_datatype_create_contiguous
  [A] ompi_datatype_create_from_packed_description
  [A] ompi_datatype_create_hindexed
  [A] ompi_datatype_create_hvector
  [A] ompi_datatype_create_indexed
  [A] ompi_datatype_create_indexed_block
  [A] ompi_datatype_create_struct
  [A] ompi_datatype_create_vector
  [A] ompi_datatype_default_convertors_fini
  [A] ompi_datatype_default_convertors_init
  [A] ompi_datatype_dump
  [A] ompi_datatype_finalize
  [A] ompi_datatype_get_args
  [A] ompi_datatype_get_pack_description
  [A] ompi_datatype_init
  [A] ompi_datatype_match_size
  [A] ompi_datatype_pack_description_length
  [A] ompi_datatype_print_args
  [A] ompi_datatype_release_args
  [A] ompi_datatype_set_args
  [A] ompi_datatype_sndrcv
  [A] ompi_modex_recv_key_value
  [A] ompi_modex_send_key_value
  [A] ompi_op_base_close
  [A] ompi_op_base_find_available
  [A] ompi_op_base_open
  [A] ompi_win_get_name
  [A] ompi_win_group
  [A] ompi_win_set_name
  [A] opal_arch_checkmask
  [A] opal_arch_compute_local_id
  [A] opal_argv_append
  [A] opal_argv_append_nosize
  [A] opal_argv_append_unique_nosize
  [A] opal_argv_copy
  [A] opal_argv_count
  [A] opal_argv_delete
  [A] opal_argv_free
  [A] opal_argv_insert
  [A] opal_argv_join
  [A] opal_argv_join_range
  [A] opal_argv_len
  [A] opal_argv_split
  [A] opal_argv_split_with_empty
  [A] opal_asprintf
  [A] opal_atomic_cmpset_32
  [A] opal_atomic_cmpset_64
  [A] opal_atomic_mb
  [A] opal_atomic_rmb
  [A] opal_atomic_wmb
  [A] opal_backtrace_base_close
  [A] opal_backtrace_base_open
  [A] opal_backtrace_buffer
  [A] opal_backtrace_print
  [A] opal_basename
  [A] opal_bcopy_csum_partial
  [A] opal_bcopy_uicrc_partial
  [A] opal_bcopy_uicsum_partial
  [A] opal_bitmap_clear_all_bits
  [A] opal_bitmap_clear_bit
  [A] opal_bitmap_find_and_set_first_unset_bit
  [A] opal_bitmap_init
  [A] opal_bitmap_is_set_bit
  [A] opal_bitmap_set_all_bits
  [A] opal_bitmap_set_bit
  [A] opal_bitmap_set_max_size
  [A] opal_calloc
  [A] opal_carto_base_close
  [A] opal_carto_base_connect_nodes_fn
  [A] opal_carto_base_duplicate_graph_fn
  [A] opal_carto_base_find_node
  [A] opal_carto_base_free_graph
  [A] opal_carto_base_free_graph_fn
  [A] opal_carto_base_get_host_graph
  [A] opal_carto_base_get_nodes_distance
  [A] opal_carto_base_get_nodes_distance_fn
  [A] opal_carto_base_graph_add_node_fn
  [A] opal_carto_base_graph_create_fn
  [A] opal_carto_base_graph_find_node_fn
  [A] opal_carto_base_graph_get_host_graph_fn
  [A] opal_carto_base_graph_spf_fn
  [A] opal_carto_base_open
  [A] opal_carto_base_select
  [A] opal_carto_base_spf
  [A] opal_class_finalize
  [A] opal_class_initialize
  [A] opal_cmd_line_create
  [A] opal_cmd_line_get_argc
  [A] opal_cmd_line_get_argv
  [A] opal_cmd_line_get_ninsts
  [A] opal_cmd_line_get_param
  [A] opal_cmd_line_get_tail
  [A] opal_cmd_line_get_usage_msg
  [A] opal_cmd_line_is_taken
  [A] opal_cmd_line_make_opt
  [A] opal_cmd_line_make_opt3
  [A] opal_cmd_line_make_opt_mca
  [A] opal_cmd_line_parse
  [A] opal_convertor_clone
  [A] opal_convertor_create
  [A] opal_convertor_dump
  [A] opal_convertor_generic_simple_position
  [A] opal_convertor_pack
  [A] opal_convertor_prepare_for_recv
  [A] opal_convertor_prepare_for_send
  [A] opal_convertor_raw
  [A] opal_convertor_set_position_nocheck
  [A] opal_convertor_unpack
  [A] opal_cr_clear_timers
  [A] opal_cr_coord
  [A] opal_cr_display_all_timers
  [A] opal_cr_finalize
  [A] opal_cr_inc_core
  [A] opal_cr_inc_core_ckpt
  [A] opal_cr_inc_core_prep
  [A] opal_cr_inc_core_recover
  [A] opal_cr_init
  [A] opal_cr_reg_coord_callback
  [A] opal_cr_reg_notify_callback
  [A] opal_cr_set_enabled
  [A] opal_cr_set_time
  [A] opal_cr_test_if_checkpoint_ready
  [A] opal_crs_base_cleanup_append
  [A] opal_crs_base_cleanup_flush
  [A] opal_crs_base_clear_options
  [A] opal_crs_base_close
  [A] opal_crs_base_copy_options
  [A] opal_crs_base_extract_expected_component
  [A] opal_crs_base_get_snapshot_directory
  [A] opal_crs_base_init_snapshot_directory
  [A] opal_crs_base_metadata_read_token
  [A] opal_crs_base_metadata_write_token
  [A] opal_crs_base_open
  [A] opal_crs_base_select
  [A] opal_crs_base_state_str
  [A] opal_crs_base_unique_snapshot_name
  [A] opal_csum_partial
  [A] opal_daemon_init
  [A] opal_datatype_add
  [A] opal_datatype_clone
  [A] opal_datatype_commit
  [A] opal_datatype_contain_basic_datatypes
  [A] opal_datatype_copy_content_same_ddt
  [A] opal_datatype_create
  [A] opal_datatype_create_contiguous
  [A] opal_datatype_create_desc
  [A] opal_datatype_destroy
  [A] opal_datatype_dump
  [A] opal_datatype_dump_data_desc
  [A] opal_datatype_dump_data_flags
  [A] opal_datatype_dump_stack
  [A] opal_datatype_finalize
  [A] opal_datatype_get_element_count
  [A] opal_datatype_init
  [A] opal_datatype_resize
  [A] opal_datatype_set_element_count
  [A] opal_dirname
  [A] opal_dss_close
  [A] opal_dss_open
  [A] opal_dss_pack_buffer
  [A] opal_dss_unpack_buffer
  [A] opal_dtostr
  [A] opal_environ_merge
  [A] opal_error_register
  [A] opal_event_active_i
  [A] opal_event_add_i
  [A] opal_event_base_dispatch
  [A] opal_event_del_i
  [A] opal_event_disable
  [A] opal_event_dispatch
  [A] opal_event_enable
  [A] opal_event_fini
  [A] opal_event_init
  [A] opal_event_loop
  [A] opal_event_progress_thread
  [A] opal_event_restart
  [A] opal_event_set
  [A] opal_evutil_make_socket_nonblocking
  [A] opal_evutil_socketpair
  [A] opal_few
  [A] opal_finalize
  [A] opal_finalize_util
  [A] opal_find_absolute_path
  [A] opal_free
  [A] opal_free_list_grow
  [A] opal_free_list_init
  [A] opal_getcwd
  [A] opal_graph_add_edge
  [A] opal_graph_add_vertex
  [A] opal_graph_adjacent
  [A] opal_graph_dijkstra
  [A] opal_graph_duplicate
  [A] opal_graph_find_vertex
  [A] opal_graph_get_adjacent_vertices
  [A] opal_graph_get_graph_vertices
  [A] opal_graph_get_order
  [A] opal_graph_get_size
  [A] opal_graph_print
  [A] opal_graph_remove_edge
  [A] opal_graph_remove_vertex
  [A] opal_graph_spf
  [A] opal_hash_table_get_first_key_uint32
  [A] opal_hash_table_get_first_key_uint64
  [A] opal_hash_table_get_next_key_uint32
  [A] opal_hash_table_get_next_key_uint64
  [A] opal_hash_table_get_value_ptr
  [A] opal_hash_table_get_value_uint32
  [A] opal_hash_table_get_value_uint64
  [A] opal_hash_table_init
  [A] opal_hash_table_remove_all
  [A] opal_hash_table_remove_value_ptr
  [A] opal_hash_table_remove_value_uint32
  [A] opal_hash_table_remove_value_uint64
  [A] opal_hash_table_set_value_ptr
  [A] opal_hash_table_set_value_uint32
  [A] opal_hash_table_set_value_uint64
  [A] opal_home_directory
  [A] opal_ifaddrtoname
  [A] opal_ifbegin
  [A] opal_ifcount
  [A] opal_iffinalize
  [A] opal_ifindextoaddr
  [A] opal_ifindextoflags
  [A] opal_ifindextokindex
  [A] opal_ifindextomask
  [A] opal_ifindextoname
  [A] opal_ifislocal
  [A] opal_ifisloopback
  [A] opal_ifkindextoname
  [A] opal_ifnametoaddr
  [A] opal_ifnametoindex
  [A] opal_ifnametokindex
  [A] opal_ifnext
  [A] opal_iftupletoaddr
  [A] opal_init
  [A] opal_init_util
  [A] opal_install_dirs_expand
  [A] opal_installdirs_base_close
  [A] opal_installdirs_base_open
  [A] opal_list_insert
  [A] opal_list_join
  [A] opal_list_sort
  [A] opal_list_splice
  [A] opal_ltostr
  [A] opal_maffinity_base_bind
  [A] opal_maffinity_base_close
  [A] opal_maffinity_base_node_name_to_id
  [A] opal_maffinity_base_open
  [A] opal_maffinity_base_select
  [A] opal_maffinity_base_set
  [A] opal_malloc
  [A] opal_malloc_debug
  [A] opal_mem_hooks_finalize
  [A] opal_mem_hooks_init
  [A] opal_mem_hooks_register_release
  [A] opal_mem_hooks_release_hook
  [A] opal_mem_hooks_set_support
  [A] opal_mem_hooks_support_level
  [A] opal_mem_hooks_unregister_release
  [A] opal_memchecker_base_close
  [A] opal_memchecker_base_open
  [A] opal_memchecker_base_select
  [A] opal_memcpy_base_close
  [A] opal_memcpy_base_open
  [A] opal_memory_base_close
  [A] opal_memory_base_open
  [A] opal_net_addr_isipv4public
  [A] opal_net_finalize
  [A] opal_net_get_hostname
  [A] opal_net_get_port
  [A] opal_net_init
  [A] opal_net_islocalhost
  [A] opal_net_prefix2netmask
  [A] opal_net_samenetwork
  [A] opal_openpty
  [A] opal_os_dirpath_access
  [A] opal_os_dirpath_create
  [A] opal_os_dirpath_destroy
  [A] opal_os_dirpath_is_empty
  [A] opal_os_path
  [A] opal_output
  [A] opal_output_close
  [A] opal_output_finalize
  [A] opal_output_get_verbosity
  [A] opal_output_init
  [A] opal_output_open
  [A] opal_output_reopen
  [A] opal_output_reopen_all
  [A] opal_output_set_output_file_info
  [A] opal_output_set_verbosity
  [A] opal_output_string
  [A] opal_output_switch
  [A] opal_output_verbose
  [A] opal_output_vstring
  [A] opal_output_vverbose
  [A] opal_paffinity_base_close
  [A] opal_paffinity_base_get
  [A] opal_paffinity_base_get_core_info
  [A] opal_paffinity_base_get_map_to_processor_id
  [A] opal_paffinity_base_get_map_to_socket_core
  [A] opal_paffinity_base_get_physical_core_id
  [A] opal_paffinity_base_get_physical_processor_id
  [A] opal_paffinity_base_get_physical_socket_id
  [A] opal_paffinity_base_get_processor_info
  [A] opal_paffinity_base_get_socket_info
  [A] opal_paffinity_base_open
  [A] opal_paffinity_base_register_params
  [A] opal_paffinity_base_select
  [A] opal_paffinity_base_set
  [A] opal_paffinity_base_slot_list_set
  [A] opal_path_access
  [A] opal_path_find
  [A] opal_path_findv
  [A] opal_path_is_absolute
  [A] opal_path_nfs
  [A] opal_perror
  [A] opal_pointer_array_add
  [A] opal_pointer_array_init
  [A] opal_pointer_array_set_item
  [A] opal_pointer_array_set_size
  [A] opal_pointer_array_test_and_set_item
  [A] opal_progress
  [A] opal_progress_event_users_decrement
  [A] opal_progress_event_users_increment
  [A] opal_progress_finalize
  [A] opal_progress_init
  [A] opal_progress_register
  [A] opal_progress_set_event_flag
  [A] opal_progress_set_event_poll_rate
  [A] opal_progress_set_yield_when_idle
  [A] opal_progress_unregister
  [A] opal_pstat_base_close
  [A] opal_pstat_base_open
  [A] opal_pstat_base_select
  [A] opal_realloc
  [A] opal_register_params
  [A] opal_setenv
  [A] opal_show_help
  [A] opal_show_help_add_dir
  [A] opal_show_help_finalize
  [A] opal_show_help_init
  [A] opal_show_help_string
  [A] opal_show_help_vstring
  [A] opal_show_vhelp
  [A] opal_size2int
  [A] opal_snprintf
  [A] opal_stackframe_output
  [A] opal_strerror
  [A] opal_strerror_r
  [A] opal_strncpy
  [A] opal_sys_timer_get_cycles
  [A] opal_sysinfo_base_close
  [A] opal_sysinfo_base_open
  [A] opal_sysinfo_base_select
  [A] opal_thread_get_self
  [A] opal_thread_join
  [A] opal_thread_self_compare
  [A] opal_thread_start
  [A] opal_timer_base_close
  [A] opal_timer_base_open
  [A] opal_tmp_directory
  [A] opal_trace_finalize
  [A] opal_trace_init
  [A] opal_uicrc_partial
  [A] opal_uicsum_partial
  [A] opal_unpack_general
  [A] opal_unpack_general_checksum
  [A] opal_unsetenv
  [A] opal_util_init_sys_limits
  [A] opal_util_keyval_parse
  [A] opal_util_keyval_parse_finalize
  [A] opal_util_keyval_parse_init
  [A] opal_util_register_stackhandlers
  [A] opal_value_array_set_size
  [A] opal_vasprintf
  [A] opal_vsnprintf
  [A] orte_base_default_waitpid_fired
  [A] orte_cr_coord
  [A] orte_cr_entry_point_finalize
  [A] orte_cr_entry_point_init
  [A] orte_cr_finalize
  [A] orte_cr_init
  [A] orte_daemon
  [A] orte_daemon_cmd_processor
  [A] orte_daemon_recv
  [A] orte_data_server
  [A] orte_data_server_finalize
  [A] orte_data_server_init
  [A] orte_dt_init
  [A] orte_err2str
  [A] orte_errmgr_base_close
  [A] orte_errmgr_base_error_abort
  [A] orte_errmgr_base_incomplete_start_not_avail
  [A] orte_errmgr_base_log
  [A] orte_errmgr_base_open
  [A] orte_errmgr_base_proc_aborted_not_avail
  [A] orte_errmgr_base_register_cb_not_avail
  [A] orte_errmgr_base_select
  [A] orte_ess_base_app_abort
  [A] orte_ess_base_app_finalize
  [A] orte_ess_base_app_setup
  [A] orte_ess_base_close
  [A] orte_ess_base_open
  [A] orte_ess_base_orted_finalize
  [A] orte_ess_base_orted_setup
  [A] orte_ess_base_select
  [A] orte_ess_base_std_prolog
  [A] orte_ess_base_tool_finalize
  [A] orte_ess_base_tool_setup
  [A] orte_ess_env_get
  [A] orte_ess_env_put
  [A] orte_filem_base_close
  [A] orte_filem_base_comm_start
  [A] orte_filem_base_comm_stop
  [A] orte_filem_base_construct
  [A] orte_filem_base_destruct
  [A] orte_filem_base_file_set_construct
  [A] orte_filem_base_file_set_destruct
  [A] orte_filem_base_get_proc_node_name
  [A] orte_filem_base_get_remote_path
  [A] orte_filem_base_none_close
  [A] orte_filem_base_none_open
  [A] orte_filem_base_none_query
  [A] orte_filem_base_open
  [A] orte_filem_base_prepare_request
  [A] orte_filem_base_process_set_construct
  [A] orte_filem_base_process_set_destruct
  [A] orte_filem_base_recv
  [A] orte_filem_base_select
  [A] orte_finalize
  [A] orte_get_job_data_object
  [A] orte_grpcomm_base_allgather
  [A] orte_grpcomm_base_allgather_list
  [A] orte_grpcomm_base_close
  [A] orte_grpcomm_base_coll_recv
  [A] orte_grpcomm_base_full_modex
  [A] orte_grpcomm_base_get_proc_attr
  [A] orte_grpcomm_base_load_modex_data
  [A] orte_grpcomm_base_modex_finalize
  [A] orte_grpcomm_base_modex_init
  [A] orte_grpcomm_base_modex_unpack
  [A] orte_grpcomm_base_open
  [A] orte_grpcomm_base_pack_modex_entries
  [A] orte_grpcomm_base_peer_modex
  [A] orte_grpcomm_base_purge_proc_attrs
  [A] orte_grpcomm_base_select
  [A] orte_grpcomm_base_set_proc_attr
  [A] orte_grpcomm_base_update_modex_entries
  [A] orte_init
  [A] orte_iof_base_close
  [A] orte_iof_base_open
  [A] orte_iof_base_select
  [A] orte_iof_base_setup_child
  [A] orte_iof_base_setup_parent
  [A] orte_iof_base_setup_prefork
  [A] orte_iof_base_write_handler
  [A] orte_iof_base_write_output
  [A] orte_jmap_dump
  [A] orte_jobmap_dump
  [A] orte_list_local_hnps
  [A] orte_locks_init
  [A] orte_nidmap_dump
  [A] orte_notifier_base_close
  [A] orte_notifier_base_open
  [A] orte_notifier_base_select
  [A] orte_odls_base_close
  [A] orte_odls_base_default_construct_child_list
  [A] orte_odls_base_default_deliver_message
  [A] orte_odls_base_default_get_add_procs_data
  [A] orte_odls_base_default_kill_local_procs
  [A] orte_odls_base_default_launch_local
  [A] orte_odls_base_default_require_sync
  [A] orte_odls_base_default_signal_local_procs
  [A] orte_odls_base_default_update_daemon_info
  [A] orte_odls_base_get_proc_stats
  [A] orte_odls_base_notify_iof_complete
  [A] orte_odls_base_open
  [A] orte_odls_base_preload_files_app_context
  [A] orte_odls_base_select
  [A] orte_odls_base_setup_singleton_jobdat
  [A] orte_plm_base_app_report_launch
  [A] orte_plm_base_append_bootproxy_args
  [A] orte_plm_base_check_job_completed
  [A] orte_plm_base_close
  [A] orte_plm_base_comm_start
  [A] orte_plm_base_comm_stop
  [A] orte_plm_base_create_jobid
  [A] orte_plm_base_daemon_callback
  [A] orte_plm_base_finalize
  [A] orte_plm_base_heartbeat
  [A] orte_plm_base_launch_apps
  [A] orte_plm_base_launch_failed
  [A] orte_plm_base_local_slave_finalize
  [A] orte_plm_base_local_slave_launch
  [A] orte_plm_base_open
  [A] orte_plm_base_orted_append_basic_args
  [A] orte_plm_base_orted_exit
  [A] orte_plm_base_orted_kill_local_procs
  [A] orte_plm_base_orted_signal_local_procs
  [A] orte_plm_base_orted_terminate_job
  [A] orte_plm_base_receive_process_msg
  [A] orte_plm_base_recv
  [A] orte_plm_base_report_launched
  [A] orte_plm_base_reset_job
  [A] orte_plm_base_rsh_launch_agent_setup
  [A] orte_plm_base_select
  [A] orte_plm_base_set_hnp_name
  [A] orte_plm_base_setup_job
  [A] orte_plm_base_setup_orted_cmd
  [A] orte_plm_base_setup_rsh_launch
  [A] orte_plm_base_start_heart
  [A] orte_plm_proxy_finalize
  [A] orte_plm_proxy_init
  [A] orte_plm_proxy_spawn
  [A] orte_pre_condition_transports
  [A] orte_proc_info
  [A] orte_proc_info_finalize
  [A] orte_ras_base_add_hosts
  [A] orte_ras_base_allocate
  [A] orte_ras_base_close
  [A] orte_ras_base_finalize
  [A] orte_ras_base_node_insert
  [A] orte_ras_base_open
  [A] orte_ras_base_select
  [A] orte_read_hnp_contact_file
  [A] orte_regex_decode_maps
  [A] orte_regex_encode_maps
  [A] orte_regex_extract_node_names
  [A] orte_regex_extract_ppn
  [A] orte_register_params
  [A] orte_rmaps_base_claim_slot
  [A] orte_rmaps_base_close
  [A] orte_rmaps_base_compute_local_ranks
  [A] orte_rmaps_base_compute_vpids
  [A] orte_rmaps_base_define_daemons
  [A] orte_rmaps_base_get_job_map
  [A] orte_rmaps_base_get_starting_point
  [A] orte_rmaps_base_get_target_nodes
  [A] orte_rmaps_base_map_bynode
  [A] orte_rmaps_base_map_byslot
  [A] orte_rmaps_base_map_job
  [A] orte_rmaps_base_open
  [A] orte_rmaps_base_select
  [A] orte_rmaps_base_update_local_ranks
  [A] orte_rmcast_base_close
  [A] orte_rmcast_base_open
  [A] orte_rmcast_base_select
  [A] orte_rml_base_close
  [A] orte_rml_base_comm_start
  [A] orte_rml_base_comm_stop
  [A] orte_rml_base_get_contact_info
  [A] orte_rml_base_open
  [A] orte_rml_base_parse_uris
  [A] orte_rml_base_select
  [A] orte_rml_base_update_contact_info
  [A] orte_routed_base_close
  [A] orte_routed_base_comm_start
  [A] orte_routed_base_comm_stop
  [A] orte_routed_base_open
  [A] orte_routed_base_process_callback
  [A] orte_routed_base_process_msg
  [A] orte_routed_base_recv
  [A] orte_routed_base_register_sync
  [A] orte_routed_base_select
  [A] orte_session_dir
  [A] orte_session_dir_cleanup
  [A] orte_session_dir_finalize
  [A] orte_session_dir_get_name
  [A] orte_show_help
  [A] orte_show_help_finalize
  [A] orte_show_help_init
  [A] orte_show_help_recv
  [A] orte_snapc_base_add_timestamp
  [A] orte_snapc_base_add_vpid_metadata
  [A] orte_snapc_base_close
  [A] orte_snapc_base_extract_metadata
  [A] orte_snapc_base_finalize_metadata
  [A] orte_snapc_base_get_all_snapshot_ref_seqs
  [A] orte_snapc_base_get_all_snapshot_refs
  [A] orte_snapc_base_get_global_snapshot_directory
  [A] orte_snapc_base_get_global_snapshot_metadata_file
  [A] orte_snapc_base_global_coord_ckpt_init_cmd
  [A] orte_snapc_base_global_coord_ckpt_update_cmd
  [A] orte_snapc_base_init_global_snapshot_directory
  [A] orte_snapc_base_module_finalize
  [A] orte_snapc_base_module_init
  [A] orte_snapc_base_none_close
  [A] orte_snapc_base_none_end_ckpt
  [A] orte_snapc_base_none_ft_event
  [A] orte_snapc_base_none_open
  [A] orte_snapc_base_none_query
  [A] orte_snapc_base_none_release_job
  [A] orte_snapc_base_none_setup_job
  [A] orte_snapc_base_none_start_ckpt
  [A] orte_snapc_base_open
  [A] orte_snapc_base_pack_options
  [A] orte_snapc_base_select
  [A] orte_snapc_base_unique_global_snapshot_name
  [A] orte_snapc_base_unpack_options
  [A] orte_snapc_ckpt_state_str
  [A] orte_trigger_event
  [A] orte_util_add_dash_host_nodes
  [A] orte_util_add_hostfile_nodes
  [A] orte_util_build_daemon_nidmap
  [A] orte_util_check_context_app
  [A] orte_util_check_context_cwd
  [A] orte_util_comm_connect_tool
  [A] orte_util_comm_halt_vm
  [A] orte_util_comm_query_job_info
  [A] orte_util_comm_query_node_info
  [A] orte_util_comm_query_proc_info
  [A] orte_util_comm_report_event
  [A] orte_util_comm_spawn_job
  [A] orte_util_comm_terminate_job
  [A] orte_util_compare_name_fields
  [A] orte_util_convert_jobid_to_string
  [A] orte_util_convert_process_name_to_string
  [A] orte_util_convert_string_to_jobid
  [A] orte_util_convert_string_to_process_name
  [A] orte_util_convert_string_to_vpid
  [A] orte_util_convert_vpid_to_string
  [A] orte_util_create_process_name
  [A] orte_util_decode_nodemap
  [A] orte_util_decode_pidmap
  [A] orte_util_encode_nodemap
  [A] orte_util_encode_pidmap
  [A] orte_util_filter_dash_host_nodes
  [A] orte_util_filter_hostfile_nodes
  [A] orte_util_get_ordered_host_list
  [A] orte_util_hash_name
  [A] orte_util_lookup_jmap
  [A] orte_util_lookup_nid
  [A] orte_util_lookup_pmap
  [A] orte_util_nidmap_finalize
  [A] orte_util_nidmap_init
  [A] orte_util_parse_range_options
  [A] orte_util_print_job_family
  [A] orte_util_print_jobids
  [A] orte_util_print_local_jobid
  [A] orte_util_print_name_args
  [A] orte_util_print_vpids
  [A] orte_util_setup_local_nidmap_entries
  [A] orte_wait_cb
  [A] orte_wait_cb_cancel
  [A] orte_wait_cb_disable
  [A] orte_wait_cb_enable
  [A] orte_wait_disable
  [A] orte_wait_enable
  [A] orte_wait_event
  [A] orte_wait_finalize
  [A] orte_wait_init
  [A] orte_wait_kill
  [A] orte_waitpid
  [A] orte_write_hnp_contact_file

13 Removed variable symbols not referenced by debug info:

  [D] mca_coll_base_param
  [D] mca_io_base_request_num_pending
  [D] mca_io_base_requests
  [D] mca_io_base_requests_valid
  [D] ompi_bitmap_t_class
  [D] ompi_convertor_t_class
  [D] ompi_mpi_end_loop
  [D] ompi_mpi_local_arch
  [D] ompi_mpi_logic
  [D] ompi_mpi_loop
  [D] ompi_mpi_maffinity_setup
  [D] ompi_mpi_paffinity_alone
  [D] ompi_mpi_unavailable

389 Added variable symbols not referenced by debug info:

  [A] mca_base_component_list_item_t_class
  [A] mca_base_component_priority_list_item_t_class
  [A] mca_base_param_component_path
  [A] mca_base_param_file_value_t_class
  [A] mca_base_param_file_values
  [A] mca_base_param_info_t_class
  [A] mca_base_param_t_class
  [A] mca_base_system_default_path
  [A] mca_base_user_default_path
  [A] mca_btl_sm
  [A] mca_carto_auto_detect_component
  [A] mca_carto_file_component
  [A] mca_crs_none_component
  [A] mca_errmgr_default_component
  [A] mca_ess_cm_component
  [A] mca_ess_env_component
  [A] mca_ess_hnp_component
  [A] mca_ess_singleton_component
  [A] mca_ess_slave_component
  [A] mca_ess_tool_component
  [A] mca_filem_rsh_component
  [A] mca_grpcomm_bad_component
  [A] mca_grpcomm_base_components_available
  [A] mca_grpcomm_base_selected
  [A] mca_grpcomm_base_selected_component
  [A] mca_grpcomm_basic_component
  [A] mca_grpcomm_hier_component
  [A] mca_iof_hnp_component
  [A] mca_iof_orted_component
  [A] mca_iof_tool_component
  [A] mca_maffinity_first_use_component
  [A] mca_maffinity_libnuma_component
  [A] mca_notifier_base_components_available
  [A] mca_notifier_base_selected_component
  [A] mca_notifier_command_component
  [A] mca_notifier_syslog_component
  [A] mca_odls_default_component
  [A] mca_oob
  [A] mca_oob_base_components
  [A] mca_oob_base_info_t_class
  [A] mca_oob_base_modules
  [A] mca_oob_base_output
  [A] mca_oob_tcp_component
  [A] mca_paffinity_linux_component
  [A] mca_plm_rsh_component
  [A] mca_plm_rshd_component
  [A] mca_pstat_linux_component
  [A] mca_ras_cm_component
  [A] mca_rmaps_load_balance_component
  [A] mca_rmaps_rank_file_component
  [A] mca_rmaps_resilient_component
  [A] mca_rmaps_round_robin_component
  [A] mca_rmaps_seq_component
  [A] mca_rmaps_topo_component
  [A] mca_rmcast_tcp_component
  [A] mca_rmcast_udp_component
  [A] mca_rml_oob_component
  [A] mca_routed_binomial_component
  [A] mca_routed_cm_component
  [A] mca_routed_direct_component
  [A] mca_routed_linear_component
  [A] mca_routed_radix_component
  [A] mca_routed_slave_component
  [A] mca_sysinfo_linux_component
  [A] ompi_datatype_predefined_elem_desc
  [A] ompi_mpi_logical
  [A] ompi_notify_init_finalize
  [A] ompi_op_base_3buff_functions
  [A] ompi_op_base_components_available
  [A] ompi_op_base_components_available_valid
  [A] ompi_op_base_components_opened
  [A] ompi_op_base_components_opened_valid
  [A] ompi_op_base_functions
  [A] ompi_op_base_module_1_0_0_t_class
  [A] ompi_op_base_module_t_class
  [A] ompi_op_base_output
  [A] opal_adjacency_list_t_class
  [A] opal_atomic_lifo_t_class
  [A] opal_backtrace_base_components_opened
  [A] opal_bitmap_t_class
  [A] opal_buffer_t_class
  [A] opal_cache_line_size
  [A] opal_carto_base_common_host_graph
  [A] opal_carto_base_component
  [A] opal_carto_base_components_opened
  [A] opal_carto_base_components_opened_valid
  [A] opal_carto_base_module
  [A] opal_carto_base_output
  [A] opal_carto_base_selected
  [A] opal_carto_default_module
  [A] opal_cmd_line_t_class
  [A] opal_condition_t_class
  [A] opal_convertor_t_class
  [A] opal_cr_checkpoint_request
  [A] opal_cr_checkpointing_state
  [A] opal_cr_currently_stalled
  [A] opal_cr_entry_point_signal
  [A] opal_cr_is_enabled
  [A] opal_cr_is_tool
  [A] opal_cr_output
  [A] opal_cr_pipe_dir
  [A] opal_cr_stall_check
  [A] opal_cr_timing_barrier_enabled
  [A] opal_cr_timing_enabled
  [A] opal_cr_timing_my_rank
  [A] opal_cr_timing_target_rank
  [A] opal_crs
  [A] opal_crs_base_ckpt_options_t_class
  [A] opal_crs_base_components_available
  [A] opal_crs_base_output
  [A] opal_crs_base_selected_component
  [A] opal_crs_base_snapshot_dir
  [A] opal_crs_base_snapshot_t_class
  [A] opal_datatype_basicDatatypes
  [A] opal_datatype_bool
  [A] opal_datatype_complex16
  [A] opal_datatype_complex32
  [A] opal_datatype_complex8
  [A] opal_datatype_end_loop
  [A] opal_datatype_float12
  [A] opal_datatype_float16
  [A] opal_datatype_float2
  [A] opal_datatype_float4
  [A] opal_datatype_float8
  [A] opal_datatype_int1
  [A] opal_datatype_int16
  [A] opal_datatype_int2
  [A] opal_datatype_int4
  [A] opal_datatype_int8
  [A] opal_datatype_lb
  [A] opal_datatype_local_sizes
  [A] opal_datatype_loop
  [A] opal_datatype_null
  [A] opal_datatype_predefined_elem_desc
  [A] opal_datatype_t_class
  [A] opal_datatype_ub
  [A] opal_datatype_uint1
  [A] opal_datatype_uint16
  [A] opal_datatype_uint2
  [A] opal_datatype_uint4
  [A] opal_datatype_uint8
  [A] opal_datatype_unavailable
  [A] opal_datatype_wchar
  [A] opal_dss
  [A] opal_dss_type_info_t_class
  [A] opal_dss_value_t_class
  [A] opal_event_lock
  [A] opal_free_list_item_t_class
  [A] opal_free_list_t_class
  [A] opal_graph_edge_t_class
  [A] opal_graph_t_class
  [A] opal_graph_vertex_t_class
  [A] opal_hash_table_t_class
  [A] opal_install_dirs
  [A] opal_installdirs_components
  [A] opal_list_item_t_class
  [A] opal_list_t_class
  [A] opal_local_arch
  [A] opal_maffinity_base_component
  [A] opal_maffinity_base_components_opened
  [A] opal_maffinity_base_module
  [A] opal_maffinity_setup
  [A] opal_memchecker_base_component
  [A] opal_memchecker_base_components_opened
  [A] opal_memchecker_base_module
  [A] opal_memchecker_base_selected
  [A] opal_memcpy_base_components_opened
  [A] opal_memory_base_components_opened
  [A] opal_mutex_t_class
  [A] opal_object_t_class
  [A] opal_output_stream_t_class
  [A] opal_paffinity_alone
  [A] opal_paffinity_base_component
  [A] opal_paffinity_base_components_opened
  [A] opal_paffinity_base_components_opened_valid
  [A] opal_paffinity_base_module
  [A] opal_paffinity_base_output
  [A] opal_paffinity_base_selected
  [A] opal_paffinity_base_slot_list
  [A] opal_pointer_array_t_class
  [A] opal_profile
  [A] opal_profile_file
  [A] opal_progress_recursion_depth_counter
  [A] opal_progress_spin_count
  [A] opal_progress_thread_count
  [A] opal_pstat
  [A] opal_pstat_base_component
  [A] opal_pstat_base_components_opened
  [A] opal_pstat_base_output
  [A] opal_pstat_linux_module
  [A] opal_pstats_t_class
  [A] opal_sys_limits
  [A] opal_sysinfo
  [A] opal_sysinfo_avail_modules
  [A] opal_sysinfo_base_components_opened
  [A] opal_sysinfo_base_output
  [A] opal_sysinfo_initialized
  [A] opal_sysinfo_linux_module
  [A] opal_sysinfo_module_t_class
  [A] opal_sysinfo_selected
  [A] opal_sysinfo_value_t_class
  [A] opal_thread_t_class
  [A] opal_timer_base_components_opened
  [A] opal_timer_linux_freq
  [A] opal_trace_handle
  [A] opal_uses_threads
  [A] opal_value_array_t_class
  [A] opal_version_string
  [A] orte_abnormal_term_ordered
  [A] orte_abort_inprogress_lock
  [A] orte_allocation_required
  [A] orte_app_context_t_class
  [A] orte_assume_same_shell
  [A] orte_attr_t_class
  [A] orte_clean_output
  [A] orte_daemon_bootstrap
  [A] orte_daemon_msg_recvd
  [A] orte_debug_daemons_file_flag
  [A] orte_debug_daemons_flag
  [A] orte_debug_flag
  [A] orte_debug_output
  [A] orte_debug_verbosity
  [A] orte_debugger_check_rate
  [A] orte_debugger_daemon
  [A] orte_default_cpu_set
  [A] orte_default_hostfile
  [A] orte_default_mapping_policy
  [A] orte_default_num_boards
  [A] orte_default_num_cores_per_socket
  [A] orte_default_num_sockets_per_board
  [A] orte_devel_level_output
  [A] orte_do_not_barrier
  [A] orte_do_not_launch
  [A] orte_enable_debug_cospawn_while_running
  [A] orte_errmgr
  [A] orte_errmgr_base_components_available
  [A] orte_errmgr_base_output
  [A] orte_errmgr_base_selected_component
  [A] orte_ess
  [A] orte_ess_base_components_available
  [A] orte_ess_base_output
  [A] orte_exit
  [A] orte_exit_status
  [A] orte_filem
  [A] orte_filem_base_components_available
  [A] orte_filem_base_file_set_t_class
  [A] orte_filem_base_is_active
  [A] orte_filem_base_output
  [A] orte_filem_base_process_set_t_class
  [A] orte_filem_base_request_t_class
  [A] orte_filem_base_selected_component
  [A] orte_finalize_lock
  [A] orte_finalizing
  [A] orte_forward_job_control
  [A] orte_grpcomm
  [A] orte_grpcomm_base_output
  [A] orte_grpcomm_profile_fd
  [A] orte_heartbeat_rate
  [A] orte_help_want_aggregate
  [A] orte_hetero_apps
  [A] orte_hnp_contact_t_class
  [A] orte_hnp_is_allocated
  [A] orte_homogeneous_nodes
  [A] orte_in_parallel_debugger
  [A] orte_initialized
  [A] orte_iof
  [A] orte_iof_base
  [A] orte_iof_proc_t_class
  [A] orte_iof_read_event_t_class
  [A] orte_iof_sink_t_class
  [A] orte_iof_write_event_t_class
  [A] orte_iof_write_output_t_class
  [A] orte_jmap_t_class
  [A] orte_job_data
  [A] orte_job_ident
  [A] orte_job_map_t_class
  [A] orte_job_t_class
  [A] orte_job_term_ordered
  [A] orte_jobmap
  [A] orte_keep_fqdn_hostnames
  [A] orte_launch_agent
  [A] orte_launch_environ
  [A] orte_leave_session_attached
  [A] orte_local_children
  [A] orte_local_cpu_model
  [A] orte_local_jobdata
  [A] orte_max_timeout
  [A] orte_mcast_msg_event_t_class
  [A] orte_message_event_t_class
  [A] orte_msg_packet_t_class
  [A] orte_name_invalid
  [A] orte_name_wildcard
  [A] orte_namelist_t_class
  [A] orte_never_launched
  [A] orte_nid_t_class
  [A] orte_nidmap
  [A] orte_node_pool
  [A] orte_node_t_class
  [A] orte_notifier
  [A] orte_notifier_base_output
  [A] orte_notifier_threshold_severity
  [A] orte_notify_event_t_class
  [A] orte_odls
  [A] orte_odls_base
  [A] orte_odls_child_t_class
  [A] orte_odls_default_report_bindings
  [A] orte_odls_globals
  [A] orte_odls_job_t_class
  [A] orte_oob_base_already_opened
  [A] orte_oob_static_ports
  [A] orte_orted_exit_with_barrier
  [A] orte_output_filename
  [A] orte_plm
  [A] orte_plm_base
  [A] orte_plm_globals
  [A] orte_pmap_t_class
  [A] orte_proc_t_class
  [A] orte_process_info
  [A] orte_prohibited_session_dirs
  [A] orte_rankfile
  [A] orte_ras
  [A] orte_ras_base
  [A] orte_ras_cm_module
  [A] orte_ras_proc_t_class
  [A] orte_regex_node_t_class
  [A] orte_report_bindings
  [A] orte_report_events
  [A] orte_report_events_uri
  [A] orte_report_launch_progress
  [A] orte_rmaps
  [A] orte_rmaps_base
  [A] orte_rmaps_rank_file_map_t_class
  [A] orte_rmaps_res_ftgrp_t_class
  [A] orte_rmcast
  [A] orte_rmcast_base
  [A] orte_rml
  [A] orte_rml_base_components
  [A] orte_rml_base_output
  [A] orte_rml_component
  [A] orte_routed
  [A] orte_routed_base_components
  [A] orte_routed_base_output
  [A] orte_routed_tree_t_class
  [A] orte_routing_is_enabled
  [A] orte_rsh_agent
  [A] orte_send_profile
  [A] orte_show_resolved_nodenames
  [A] orte_slave_files_t_class
  [A] orte_snapc
  [A] orte_snapc_base_components_available
  [A] orte_snapc_base_establish_global_snapshot_dir
  [A] orte_snapc_base_global_snapshot_dir
  [A] orte_snapc_base_global_snapshot_loc
  [A] orte_snapc_base_global_snapshot_ref
  [A] orte_snapc_base_global_snapshot_t_class
  [A] orte_snapc_base_is_global_dir_shared
  [A] orte_snapc_base_local_snapshot_t_class
  [A] orte_snapc_base_output
  [A] orte_snapc_base_quiesce_t_class
  [A] orte_snapc_base_selected_component
  [A] orte_snapc_base_snapshot_seq_number
  [A] orte_snapc_base_store_in_place
  [A] orte_snapc_base_store_only_one_seq
  [A] orte_snapc_coord_type
  [A] orte_standalone_operation
  [A] orte_startup_timeout
  [A] orte_static_ports
  [A] orte_tag_output
  [A] orte_timeout_usec_per_proc
  [A] orte_timestamp_output
  [A] orte_timing
  [A] orte_timing_details
  [A] orte_timing_output
  [A] orte_tree_launch_cmd
  [A] orte_trigger_event_t_class
  [A] orte_use_regexp
  [A] orte_version_string
  [A] orte_xml_fp
  [A] orte_xml_output
  [A] orte_xterm
  [A] orted_cmd_line
  [A] orted_debug_failure
  [A] orted_debug_failure_delay
  [A] orted_launch_cmd
  [A] orted_spin_flag
  [A] orteds_exit
  [A] rmcast_base_channel_t_class
  [A] rmcast_base_recv_t_class
  [A] rmcast_base_send_t_class

