ELF SONAME changed
Functions changes summary: 2 Removed, 0 Changed, 1 Added functions
Variables changes summary: 5 Removed, 2 Changed (10 filtered out), 3 Added variables
Function symbols changes summary: 194 Removed, 1821 Added function symbols not referenced by debug info
Variable symbols changes summary: 118 Removed, 354 Added variable symbols not referenced by debug info

SONAME changed from 'libmpi.so.0' to 'libmpi.so.40'

2 Removed functions:

  [D] 'function void ompi_debugger_notify_abort(char*)'    {ompi_debugger_notify_abort}
  [D] 'function void ompi_wait_for_debugger()'    {ompi_wait_for_debugger}

1 Added function:

  [A] 'function void ompi_debugger_setup_dlls()'    {ompi_debugger_setup_dlls}

5 Removed variables:

  [D] 'volatile int MPIR_being_debugged'    {MPIR_being_debugged}
  [D] 'char* MPIR_debug_abort_string'    {MPIR_debug_abort_string}
  [D] 'volatile int MPIR_debug_state'    {MPIR_debug_state}
  [D] 'ompi_free_list_item_t* ompi_free_list_item_t_type_force_inclusion'    {ompi_free_list_item_t_type_force_inclusion}
  [D] 'ompi_free_list_t* ompi_free_list_t_type_force_inclusion'    {ompi_free_list_t_type_force_inclusion}

3 Added variables:

  [A] 'opal_datatype_t* opal_datatype_t_type_force_inclusion'    {opal_datatype_t_type_force_inclusion}
  [A] 'opal_free_list_item_t* opal_free_list_item_t_type_force_inclusion'    {opal_free_list_item_t_type_force_inclusion}
  [A] 'opal_free_list_t* opal_free_list_t_type_force_inclusion'    {opal_free_list_t_type_force_inclusion}

2 Changed variables:

  [C] 'char MPIR_dll_name[133]' was changed to 'char MPIR_dll_name[135]' at ompi_debuggers.c:81:1:
    size of symbol changed from 133 to 135
    type of variable changed:
      type name changed from 'char[133]' to 'char[135]'
      array type size changed from 1064 to 1080
      array type subrange 1 changed length from 133 to 135

  [C] 'ompi_status_public_t* ompi_status_public_t_type_force_inclusion' was changed at ompi_debuggers.c:122:1:
    type of variable changed:
      in pointed to type 'struct ompi_status_public_t' at mpi.h:364:1:
        type size changed from 160 to 192 (in bits)
        1 data member deletion:
          'int ompi_status_public_t::_count', at offset 96 (in bits) at mpi.h:241:1
        1 data member insertion:
          'size_t ompi_status_public_t::_ucount', at offset 128 (in bits) at mpi.h:375:1
        1 data member change:
          'int ompi_status_public_t::_cancelled' offset changed from 128 to 96 (in bits) (by -32 bits)

194 Removed function symbols not referenced by debug info:

  [D] ADIOI_Flatten_copy_type
  [D] ADIOI_NFS_SetInfo
  [D] ADIOI_TESTFS_Get_shared_fp
  [D] ADIOI_TESTFS_Set_shared_fp
  [D] MPI_Address, aliases PMPI_Address
  [D] MPI_Attr_delete
  [D] MPI_Attr_get, aliases PMPI_Attr_get
  [D] MPI_Attr_put, aliases PMPI_Attr_put
  [D] MPI_Errhandler_create
  [D] MPI_Errhandler_get, aliases PMPI_Errhandler_get
  [D] MPI_Errhandler_set
  [D] MPI_Keyval_create
  [D] MPI_Keyval_free
  [D] MPI_Type_extent
  [D] MPI_Type_hindexed
  [D] MPI_Type_hvector
  [D] MPI_Type_lb
  [D] MPI_Type_struct
  [D] MPI_Type_ub, aliases PMPI_Type_ub
  [D] OMPI_C_MPI_DUP_FN
  [D] OMPI_C_MPI_NULL_COPY_FN
  [D] OMPI_C_MPI_NULL_DELETE_FN
  [D] PMPI_Address
  [D] PMPI_Attr_delete, aliases MPI_Attr_delete
  [D] PMPI_Attr_get
  [D] PMPI_Attr_put
  [D] PMPI_Errhandler_create, aliases MPI_Errhandler_create
  [D] PMPI_Errhandler_get
  [D] PMPI_Errhandler_set, aliases MPI_Errhandler_set
  [D] PMPI_Keyval_create, aliases MPI_Keyval_create
  [D] PMPI_Keyval_free, aliases MPI_Keyval_free
  [D] PMPI_Type_extent, aliases MPI_Type_extent
  [D] PMPI_Type_hindexed, aliases MPI_Type_hindexed
  [D] PMPI_Type_hvector, aliases MPI_Type_hvector
  [D] PMPI_Type_lb, aliases MPI_Type_lb
  [D] PMPI_Type_struct, aliases MPI_Type_struct
  [D] PMPI_Type_ub
  [D] mca_allocator_base_close
  [D] mca_allocator_base_open
  [D] mca_allocator_component_lookup
  [D] mca_bml_base_close
  [D] mca_bml_base_open
  [D] mca_btl_base_close
  [D] mca_btl_base_dump
  [D] mca_btl_base_err
  [D] mca_btl_base_error_no_nics
  [D] mca_btl_base_open
  [D] mca_btl_base_out
  [D] mca_btl_base_param_register
  [D] mca_btl_base_select
  [D] mca_coll_base_close
  [D] mca_coll_base_open
  [D] mca_common_sm_mmap_fini
  [D] mca_common_sm_mmap_init
  [D] mca_common_sm_mmap_init_group
  [D] mca_common_sm_mmap_seg_alloc
  [D] mca_io_base_close
  [D] mca_io_base_component_add
  [D] mca_io_base_component_del
  [D] mca_io_base_component_finalize
  [D] mca_io_base_component_init
  [D] mca_io_base_component_run_progress
  [D] mca_io_base_open
  [D] mca_io_base_request_free
  [D] mca_io_base_request_progress_add
  [D] mca_io_base_request_progress_del
  [D] mca_io_base_request_return
  [D] mca_io_romio_dist_MPI_File_get_errhandler
  [D] mca_io_romio_dist_MPI_File_set_errhandler
  [D] mca_mpool_base_alloc
  [D] mca_mpool_base_close
  [D] mca_mpool_base_component_lookup
  [D] mca_mpool_base_free
  [D] mca_mpool_base_init
  [D] mca_mpool_base_module_create
  [D] mca_mpool_base_module_destroy
  [D] mca_mpool_base_module_lookup
  [D] mca_mpool_base_open
  [D] mca_mpool_base_tree_node_compare
  [D] mca_pml_base_close
  [D] mca_pml_base_open
  [D] mca_rcache_base_close
  [D] mca_rcache_base_module_create
  [D] mca_rcache_base_open
  [D] mca_topo_base_close
  [D] mca_topo_base_open
  [D] mca_vprotocol_base_close
  [D] mca_vprotocol_base_open
  [D] mpi_comm_dup_fn_f, aliases mpi_comm_dup_fn
  [D] mpi_comm_null_copy_fn_f, aliases mpi_comm_null_copy_fn_, mpi_comm_null_copy_fn, MPI_COMM_NULL_COPY_FN
  [D] mpi_comm_null_delete_fn_f
  [D] mpi_dup_fn_f, aliases mpi_dup_fn_, mpi_dup_fn
  [D] mpi_null_copy_fn_f, aliases mpi_null_copy_fn
  [D] mpi_null_delete_fn_f, aliases mpi_null_delete_fn, mpi_null_delete_fn_
  [D] mpi_type_dup_fn_f, aliases MPI_TYPE_DUP_FN, mpi_type_dup_fn_
  [D] mpi_type_null_copy_fn_f, aliases mpi_type_null_copy_fn, mpi_type_null_copy_fn_, MPI_TYPE_NULL_COPY_FN
  [D] mpi_type_null_delete_fn_f
  [D] mpi_win_dup_fn_f, aliases MPI_WIN_DUP_FN, mpi_win_dup_fn
  [D] mpi_win_null_copy_fn_f, aliases MPI_WIN_NULL_COPY_FN, mpi_win_null_copy_fn, mpi_win_null_copy_fn_
  [D] mpi_win_null_delete_fn_f, aliases mpi_win_null_delete_fn_, mpi_win_null_delete_fn, MPI_WIN_NULL_DELETE_FN
  [D] ompi_attr_get_fortran_mpi1
  [D] ompi_attr_get_fortran_mpi2
  [D] ompi_attr_set_fortran_mpi1
  [D] ompi_attr_set_fortran_mpi2
  [D] ompi_bitmap_clear_all_bits
  [D] ompi_bitmap_clear_bit
  [D] ompi_bitmap_find_and_set_first_unset_bit
  [D] ompi_bitmap_init
  [D] ompi_bitmap_is_set_bit
  [D] ompi_bitmap_set_all_bits
  [D] ompi_bitmap_set_bit
  [D] ompi_comm_checkfor_blockreset
  [D] ompi_comm_link_function
  [D] ompi_convertor_clone
  [D] ompi_convertor_create
  [D] ompi_convertor_dump
  [D] ompi_convertor_generic_simple_position
  [D] ompi_convertor_pack
  [D] ompi_convertor_prepare_for_recv
  [D] ompi_convertor_prepare_for_send
  [D] ompi_convertor_set_position_nocheck
  [D] ompi_convertor_unpack
  [D] ompi_crcp_base_close
  [D] ompi_crcp_base_open
  [D] ompi_ddt_add
  [D] ompi_ddt_commit
  [D] ompi_ddt_copy_args
  [D] ompi_ddt_copy_content_same_ddt
  [D] ompi_ddt_create_contiguous
  [D] ompi_ddt_create_from_packed_description
  [D] ompi_ddt_create_hindexed
  [D] ompi_ddt_create_hvector
  [D] ompi_ddt_create_indexed
  [D] ompi_ddt_create_indexed_block
  [D] ompi_ddt_create_resized
  [D] ompi_ddt_create_struct
  [D] ompi_ddt_create_vector
  [D] ompi_ddt_destroy
  [D] ompi_ddt_dump
  [D] ompi_ddt_dump_stack
  [D] ompi_ddt_duplicate
  [D] ompi_ddt_finalize
  [D] ompi_ddt_get_args
  [D] ompi_ddt_get_element_count
  [D] ompi_ddt_get_pack_description
  [D] ompi_ddt_init
  [D] ompi_ddt_match_size
  [D] ompi_ddt_pack_description_length
  [D] ompi_ddt_print_args
  [D] ompi_ddt_release_args
  [D] ompi_ddt_set_args
  [D] ompi_ddt_set_element_count
  [D] ompi_ddt_sndrcv
  [D] ompi_dpm_base_close
  [D] ompi_dpm_base_disconnect_init
  [D] ompi_dpm_base_disconnect_waitall
  [D] ompi_dpm_base_dyn_finalize
  [D] ompi_dpm_base_dyn_init
  [D] ompi_dpm_base_mark_dyncomm
  [D] ompi_dpm_base_open
  [D] ompi_dpm_base_select
  [D] ompi_fortran_argv_f2c
  [D] ompi_free_list_grow
  [D] ompi_free_list_init_ex
  [D] ompi_free_list_init_ex_new
  [D] ompi_free_list_resize
  [D] ompi_group_get_proc_ptr
  [D] ompi_info_value_to_bool
  [D] ompi_modex_recv
  [D] ompi_modex_recv_string
  [D] ompi_modex_send
  [D] ompi_modex_send_string
  [D] ompi_mtl_base_close
  [D] ompi_mtl_base_open
  [D] ompi_osc_base_close
  [D] ompi_osc_base_open
  [D] ompi_proc_set_arch
  [D] ompi_pubsub_base_close
  [D] ompi_pubsub_base_null_lookup
  [D] ompi_pubsub_base_null_publish
  [D] ompi_pubsub_base_null_unpublish
  [D] ompi_pubsub_base_open
  [D] ompi_pubsub_base_select
  [D] ompi_rb_tree_construct
  [D] ompi_rb_tree_delete
  [D] ompi_rb_tree_destroy
  [D] ompi_rb_tree_destruct
  [D] ompi_rb_tree_find_with
  [D] ompi_rb_tree_init
  [D] ompi_rb_tree_insert
  [D] ompi_rb_tree_size
  [D] ompi_rb_tree_traverse
  [D] ompi_request_persistent_proc_null_free
  [D] ompi_warn_fork

1821 Added function symbols not referenced by debug info:

  [A] ADIOI_Add_contig_flattened
  [A] ADIOI_Agg_idx
  [A] ADIOI_Build_agg_reqs
  [A] ADIOI_Build_client_pre_req
  [A] ADIOI_Build_client_req
  [A] ADIOI_Build_client_reqs
  [A] ADIOI_Calc_bounds
  [A] ADIOI_Calc_file_realms
  [A] ADIOI_Calc_file_realms_aar
  [A] ADIOI_Calc_file_realms_fsize
  [A] ADIOI_Calc_file_realms_user_size
  [A] ADIOI_Create_fr_simpletype
  [A] ADIOI_Datatype_iscontig
  [A] ADIOI_Err_create_code
  [A] ADIOI_Exch_file_views
  [A] ADIOI_FAILSAFE_OpenColl
  [A] ADIOI_Fill_send_buffer
  [A] ADIOI_Fill_user_buffer
  [A] ADIOI_Flatten_and_find
  [A] ADIOI_GEN_Feature
  [A] ADIOI_GEN_OpenColl
  [A] ADIOI_GEN_aio_query_fn
  [A] ADIOI_Heap_create
  [A] ADIOI_Heap_extract_min
  [A] ADIOI_Heap_free
  [A] ADIOI_Heap_insert
  [A] ADIOI_Heap_merge
  [A] ADIOI_IOFiletype
  [A] ADIOI_IOStridedColl
  [A] ADIOI_IO_Thread_Func
  [A] ADIOI_Icalc_others_req
  [A] ADIOI_Icalc_others_req_fini
  [A] ADIOI_Icalc_others_req_main
  [A] ADIOI_Info_check_and_install_enabled
  [A] ADIOI_Info_check_and_install_int
  [A] ADIOI_Info_check_and_install_str
  [A] ADIOI_Info_check_and_install_true
  [A] ADIOI_Info_print_keyvals
  [A] ADIOI_NFS_Feature
  [A] ADIOI_OneSidedCleanup
  [A] ADIOI_OneSidedReadAggregation
  [A] ADIOI_OneSidedWriteAggregation
  [A] ADIOI_P2PContigReadAggregation
  [A] ADIOI_P2PContigWriteAggregation
  [A] ADIOI_Print_flatlist_node
  [A] ADIOI_SCALEABLE_OpenColl
  [A] ADIOI_Type_create_hindexed_x
  [A] ADIOI_Type_get_contents
  [A] ADIOI_Type_get_envelope
  [A] ADIOI_Verify_fr
  [A] ADIOI_incorporate_system_hints
  [A] ADIOI_init_view_state
  [A] MPIOI_File_iread_all
  [A] MPIOI_File_iwrite_all
  [A] MPIR_MPIOInit
  [A] MPIU_datatype_full_size
  [A] MPIU_external32_buffer_setup
  [A] MPIU_read_external32_conversion_fn
  [A] MPIU_write_external32_conversion_fn
  [A] MPIX_Allgather_init
  [A] MPIX_Allgatherv_init
  [A] MPIX_Allreduce_init
  [A] MPIX_Alltoall_init, aliases PMPIX_Alltoall_init
  [A] MPIX_Alltoallv_init
  [A] MPIX_Alltoallw_init
  [A] MPIX_Barrier_init, aliases PMPIX_Barrier_init
  [A] MPIX_Bcast_init
  [A] MPIX_Exscan_init
  [A] MPIX_Gather_init
  [A] MPIX_Gatherv_init
  [A] MPIX_Neighbor_allgather_init
  [A] MPIX_Neighbor_allgatherv_init
  [A] MPIX_Neighbor_alltoall_init
  [A] MPIX_Neighbor_alltoallv_init
  [A] MPIX_Neighbor_alltoallw_init
  [A] MPIX_Query_cuda_support
  [A] MPIX_Reduce_init
  [A] MPIX_Reduce_scatter_block_init
  [A] MPIX_Reduce_scatter_init
  [A] MPIX_Scan_init, aliases PMPIX_Scan_init
  [A] MPIX_Scatter_init
  [A] MPIX_Scatterv_init
  [A] MPI_AINT_ADD_F90
  [A] MPI_AINT_DIFF_F90
  [A] MPI_Comm_create_group
  [A] MPI_Comm_dup_with_info
  [A] MPI_Comm_get_info
  [A] MPI_Comm_idup, aliases PMPI_Comm_idup
  [A] MPI_Comm_set_info
  [A] MPI_Comm_split_type
  [A] MPI_Compare_and_swap
  [A] MPI_Dist_graph_create
  [A] MPI_Dist_graph_create_adjacent
  [A] MPI_Dist_graph_neighbors
  [A] MPI_Dist_graph_neighbors_count, aliases PMPI_Dist_graph_neighbors_count
  [A] MPI_Fetch_and_op, aliases PMPI_Fetch_and_op
  [A] MPI_File_iread_all
  [A] MPI_File_iread_at_all, aliases PMPI_File_iread_at_all
  [A] MPI_File_iwrite_all
  [A] MPI_File_iwrite_at_all, aliases PMPI_File_iwrite_at_all
  [A] MPI_Get_accumulate
  [A] MPI_Get_elements_x, aliases PMPI_Get_elements_x
  [A] MPI_Get_library_version, aliases PMPI_Get_library_version
  [A] MPI_Iallgather
  [A] MPI_Iallgatherv
  [A] MPI_Iallreduce
  [A] MPI_Ialltoall
  [A] MPI_Ialltoallv, aliases PMPI_Ialltoallv
  [A] MPI_Ialltoallw, aliases PMPI_Ialltoallw
  [A] MPI_Ibarrier
  [A] MPI_Ibcast
  [A] MPI_Iexscan, aliases PMPI_Iexscan
  [A] MPI_Igather
  [A] MPI_Igatherv, aliases PMPI_Igatherv
  [A] MPI_Improbe, aliases PMPI_Improbe
  [A] MPI_Imrecv, aliases PMPI_Imrecv
  [A] MPI_Ineighbor_allgather, aliases PMPI_Ineighbor_allgather
  [A] MPI_Ineighbor_allgatherv
  [A] MPI_Ineighbor_alltoall, aliases PMPI_Ineighbor_alltoall
  [A] MPI_Ineighbor_alltoallv, aliases PMPI_Ineighbor_alltoallv
  [A] MPI_Ineighbor_alltoallw, aliases PMPI_Ineighbor_alltoallw
  [A] MPI_Ireduce
  [A] MPI_Ireduce_scatter
  [A] MPI_Ireduce_scatter_block
  [A] MPI_Iscan
  [A] MPI_Iscatter, aliases PMPI_Iscatter
  [A] MPI_Iscatterv
  [A] MPI_Message_c2f, aliases PMPI_Message_c2f
  [A] MPI_Message_f2c
  [A] MPI_Mprobe
  [A] MPI_Mrecv, aliases PMPI_Mrecv
  [A] MPI_Neighbor_allgather
  [A] MPI_Neighbor_allgatherv, aliases PMPI_Neighbor_allgatherv
  [A] MPI_Neighbor_alltoall, aliases PMPI_Neighbor_alltoall
  [A] MPI_Neighbor_alltoallv, aliases PMPI_Neighbor_alltoallv
  [A] MPI_Neighbor_alltoallw, aliases PMPI_Neighbor_alltoallw
  [A] MPI_Op_commutative, aliases PMPI_Op_commutative
  [A] MPI_Raccumulate
  [A] MPI_Reduce_local
  [A] MPI_Reduce_scatter_block, aliases PMPI_Reduce_scatter_block
  [A] MPI_Rget
  [A] MPI_Rget_accumulate
  [A] MPI_Rput
  [A] MPI_Status_set_elements_x
  [A] MPI_T_category_changed, aliases PMPI_T_category_changed
  [A] MPI_T_category_get_categories
  [A] MPI_T_category_get_cvars
  [A] MPI_T_category_get_index
  [A] MPI_T_category_get_info
  [A] MPI_T_category_get_num
  [A] MPI_T_category_get_pvars, aliases PMPI_T_category_get_pvars
  [A] MPI_T_cvar_get_index
  [A] MPI_T_cvar_get_info
  [A] MPI_T_cvar_get_num, aliases PMPI_T_cvar_get_num
  [A] MPI_T_cvar_handle_alloc
  [A] MPI_T_cvar_handle_free
  [A] MPI_T_cvar_read, aliases PMPI_T_cvar_read
  [A] MPI_T_cvar_write, aliases PMPI_T_cvar_write
  [A] MPI_T_enum_get_info
  [A] MPI_T_enum_get_item, aliases PMPI_T_enum_get_item
  [A] MPI_T_finalize, aliases PMPI_T_finalize
  [A] MPI_T_init_thread
  [A] MPI_T_pvar_get_index
  [A] MPI_T_pvar_get_info
  [A] MPI_T_pvar_get_num
  [A] MPI_T_pvar_handle_alloc
  [A] MPI_T_pvar_handle_free, aliases PMPI_T_pvar_handle_free
  [A] MPI_T_pvar_read, aliases PMPI_T_pvar_read
  [A] MPI_T_pvar_readreset
  [A] MPI_T_pvar_reset
  [A] MPI_T_pvar_session_create
  [A] MPI_T_pvar_session_free, aliases PMPI_T_pvar_session_free
  [A] MPI_T_pvar_start
  [A] MPI_T_pvar_stop
  [A] MPI_T_pvar_write, aliases PMPI_T_pvar_write
  [A] MPI_Type_create_hindexed_block, aliases PMPI_Type_create_hindexed_block
  [A] MPI_Type_get_extent_x
  [A] MPI_Type_get_true_extent_x
  [A] MPI_Type_size_x, aliases PMPI_Type_size_x
  [A] MPI_Win_allocate, aliases PMPI_Win_allocate
  [A] MPI_Win_allocate_shared
  [A] MPI_Win_attach, aliases PMPI_Win_attach
  [A] MPI_Win_create_dynamic, aliases PMPI_Win_create_dynamic
  [A] MPI_Win_detach
  [A] MPI_Win_flush, aliases PMPI_Win_flush
  [A] MPI_Win_flush_all
  [A] MPI_Win_flush_local
  [A] MPI_Win_flush_local_all, aliases PMPI_Win_flush_local_all
  [A] MPI_Win_get_info, aliases PMPI_Win_get_info
  [A] MPI_Win_lock_all
  [A] MPI_Win_set_info
  [A] MPI_Win_shared_query
  [A] MPI_Win_sync, aliases PMPI_Win_sync
  [A] MPI_Win_unlock_all
  [A] NBC_Comm_neighbors
  [A] NBC_Comm_neighbors_count
  [A] NBC_Init_comm
  [A] NBC_Progress
  [A] NBC_Return_handle
  [A] NBC_Sched_barrier
  [A] NBC_Sched_commit
  [A] NBC_Sched_copy
  [A] NBC_Sched_local_recv
  [A] NBC_Sched_local_send
  [A] NBC_Sched_op
  [A] NBC_Sched_recv
  [A] NBC_Sched_send
  [A] NBC_Sched_unpack
  [A] NBC_Schedule_request
  [A] NBC_Start
  [A] OMPI_Affinity_str
  [A] PMPIX_Allgather_init, aliases MPIX_Allgather_init
  [A] PMPIX_Allgatherv_init, aliases MPIX_Allgatherv_init
  [A] PMPIX_Allreduce_init, aliases MPIX_Allreduce_init
  [A] PMPIX_Alltoall_init
  [A] PMPIX_Alltoallv_init, aliases MPIX_Alltoallv_init
  [A] PMPIX_Alltoallw_init, aliases MPIX_Alltoallw_init
  [A] PMPIX_Barrier_init
  [A] PMPIX_Bcast_init, aliases MPIX_Bcast_init
  [A] PMPIX_Exscan_init, aliases MPIX_Exscan_init
  [A] PMPIX_Gather_init, aliases MPIX_Gather_init
  [A] PMPIX_Gatherv_init, aliases MPIX_Gatherv_init
  [A] PMPIX_Neighbor_allgather_init, aliases MPIX_Neighbor_allgather_init
  [A] PMPIX_Neighbor_allgatherv_init, aliases MPIX_Neighbor_allgatherv_init
  [A] PMPIX_Neighbor_alltoall_init, aliases MPIX_Neighbor_alltoall_init
  [A] PMPIX_Neighbor_alltoallv_init, aliases MPIX_Neighbor_alltoallv_init
  [A] PMPIX_Neighbor_alltoallw_init, aliases MPIX_Neighbor_alltoallw_init
  [A] PMPIX_Reduce_init, aliases MPIX_Reduce_init
  [A] PMPIX_Reduce_scatter_block_init, aliases MPIX_Reduce_scatter_block_init
  [A] PMPIX_Reduce_scatter_init, aliases MPIX_Reduce_scatter_init
  [A] PMPIX_Scan_init
  [A] PMPIX_Scatter_init, aliases MPIX_Scatter_init
  [A] PMPIX_Scatterv_init, aliases MPIX_Scatterv_init
  [A] PMPI_Comm_create_group, aliases MPI_Comm_create_group
  [A] PMPI_Comm_dup_with_info, aliases MPI_Comm_dup_with_info
  [A] PMPI_Comm_get_info, aliases MPI_Comm_get_info
  [A] PMPI_Comm_idup
  [A] PMPI_Comm_set_info, aliases MPI_Comm_set_info
  [A] PMPI_Comm_split_type, aliases MPI_Comm_split_type
  [A] PMPI_Compare_and_swap, aliases MPI_Compare_and_swap
  [A] PMPI_Dist_graph_create, aliases MPI_Dist_graph_create
  [A] PMPI_Dist_graph_create_adjacent, aliases MPI_Dist_graph_create_adjacent
  [A] PMPI_Dist_graph_neighbors, aliases MPI_Dist_graph_neighbors
  [A] PMPI_Dist_graph_neighbors_count
  [A] PMPI_Fetch_and_op
  [A] PMPI_File_iread_all, aliases MPI_File_iread_all
  [A] PMPI_File_iread_at_all
  [A] PMPI_File_iwrite_all, aliases MPI_File_iwrite_all
  [A] PMPI_File_iwrite_at_all
  [A] PMPI_Get_accumulate, aliases MPI_Get_accumulate
  [A] PMPI_Get_elements_x
  [A] PMPI_Get_library_version
  [A] PMPI_Iallgather, aliases MPI_Iallgather
  [A] PMPI_Iallgatherv, aliases MPI_Iallgatherv
  [A] PMPI_Iallreduce, aliases MPI_Iallreduce
  [A] PMPI_Ialltoall, aliases MPI_Ialltoall
  [A] PMPI_Ialltoallv
  [A] PMPI_Ialltoallw
  [A] PMPI_Ibarrier, aliases MPI_Ibarrier
  [A] PMPI_Ibcast, aliases MPI_Ibcast
  [A] PMPI_Iexscan
  [A] PMPI_Igather, aliases MPI_Igather
  [A] PMPI_Igatherv
  [A] PMPI_Improbe
  [A] PMPI_Imrecv
  [A] PMPI_Ineighbor_allgather
  [A] PMPI_Ineighbor_allgatherv, aliases MPI_Ineighbor_allgatherv
  [A] PMPI_Ineighbor_alltoall
  [A] PMPI_Ineighbor_alltoallv
  [A] PMPI_Ineighbor_alltoallw
  [A] PMPI_Ireduce, aliases MPI_Ireduce
  [A] PMPI_Ireduce_scatter, aliases MPI_Ireduce_scatter
  [A] PMPI_Ireduce_scatter_block, aliases MPI_Ireduce_scatter_block
  [A] PMPI_Iscan, aliases MPI_Iscan
  [A] PMPI_Iscatter
  [A] PMPI_Iscatterv, aliases MPI_Iscatterv
  [A] PMPI_Message_c2f
  [A] PMPI_Message_f2c, aliases MPI_Message_f2c
  [A] PMPI_Mprobe, aliases MPI_Mprobe
  [A] PMPI_Mrecv
  [A] PMPI_Neighbor_allgather, aliases MPI_Neighbor_allgather
  [A] PMPI_Neighbor_allgatherv
  [A] PMPI_Neighbor_alltoall
  [A] PMPI_Neighbor_alltoallv
  [A] PMPI_Neighbor_alltoallw
  [A] PMPI_Op_commutative
  [A] PMPI_Raccumulate, aliases MPI_Raccumulate
  [A] PMPI_Reduce_local, aliases MPI_Reduce_local
  [A] PMPI_Reduce_scatter_block
  [A] PMPI_Rget, aliases MPI_Rget
  [A] PMPI_Rget_accumulate, aliases MPI_Rget_accumulate
  [A] PMPI_Rput, aliases MPI_Rput
  [A] PMPI_Status_set_elements_x, aliases MPI_Status_set_elements_x
  [A] PMPI_T_category_changed
  [A] PMPI_T_category_get_categories, aliases MPI_T_category_get_categories
  [A] PMPI_T_category_get_cvars, aliases MPI_T_category_get_cvars
  [A] PMPI_T_category_get_index, aliases MPI_T_category_get_index
  [A] PMPI_T_category_get_info, aliases MPI_T_category_get_info
  [A] PMPI_T_category_get_num, aliases MPI_T_category_get_num
  [A] PMPI_T_category_get_pvars
  [A] PMPI_T_cvar_get_index, aliases MPI_T_cvar_get_index
  [A] PMPI_T_cvar_get_info, aliases MPI_T_cvar_get_info
  [A] PMPI_T_cvar_get_num
  [A] PMPI_T_cvar_handle_alloc, aliases MPI_T_cvar_handle_alloc
  [A] PMPI_T_cvar_handle_free, aliases MPI_T_cvar_handle_free
  [A] PMPI_T_cvar_read
  [A] PMPI_T_cvar_write
  [A] PMPI_T_enum_get_info, aliases MPI_T_enum_get_info
  [A] PMPI_T_enum_get_item
  [A] PMPI_T_finalize
  [A] PMPI_T_init_thread, aliases MPI_T_init_thread
  [A] PMPI_T_pvar_get_index, aliases MPI_T_pvar_get_index
  [A] PMPI_T_pvar_get_info, aliases MPI_T_pvar_get_info
  [A] PMPI_T_pvar_get_num, aliases MPI_T_pvar_get_num
  [A] PMPI_T_pvar_handle_alloc, aliases MPI_T_pvar_handle_alloc
  [A] PMPI_T_pvar_handle_free
  [A] PMPI_T_pvar_read
  [A] PMPI_T_pvar_readreset, aliases MPI_T_pvar_readreset
  [A] PMPI_T_pvar_reset, aliases MPI_T_pvar_reset
  [A] PMPI_T_pvar_session_create, aliases MPI_T_pvar_session_create
  [A] PMPI_T_pvar_session_free
  [A] PMPI_T_pvar_start, aliases MPI_T_pvar_start
  [A] PMPI_T_pvar_stop, aliases MPI_T_pvar_stop
  [A] PMPI_T_pvar_write
  [A] PMPI_Type_create_hindexed_block
  [A] PMPI_Type_get_extent_x, aliases MPI_Type_get_extent_x
  [A] PMPI_Type_get_true_extent_x, aliases MPI_Type_get_true_extent_x
  [A] PMPI_Type_size_x
  [A] PMPI_Win_allocate
  [A] PMPI_Win_allocate_shared, aliases MPI_Win_allocate_shared
  [A] PMPI_Win_attach
  [A] PMPI_Win_create_dynamic
  [A] PMPI_Win_detach, aliases MPI_Win_detach
  [A] PMPI_Win_flush
  [A] PMPI_Win_flush_all, aliases MPI_Win_flush_all
  [A] PMPI_Win_flush_local, aliases MPI_Win_flush_local
  [A] PMPI_Win_flush_local_all
  [A] PMPI_Win_get_info
  [A] PMPI_Win_lock_all, aliases MPI_Win_lock_all
  [A] PMPI_Win_set_info, aliases MPI_Win_set_info
  [A] PMPI_Win_shared_query, aliases MPI_Win_shared_query
  [A] PMPI_Win_sync
  [A] PMPI_Win_unlock_all, aliases MPI_Win_unlock_all
  [A] PQ_adjustElementKey
  [A] PQ_adjustKey
  [A] PQ_decreaseElementKey
  [A] PQ_decreaseKey
  [A] PQ_delete
  [A] PQ_deleteElement
  [A] PQ_deleteMax
  [A] PQ_deleteMaxElement
  [A] PQ_exit
  [A] PQ_findMaxElement
  [A] PQ_findMaxKey
  [A] PQ_free
  [A] PQ_increaseElementKey
  [A] PQ_increaseKey
  [A] PQ_init
  [A] PQ_insert
  [A] PQ_insertElement
  [A] PQ_isEmpty
  [A] add_edge_3
  [A] add_to_bucket
  [A] add_to_list
  [A] adjacency_asc
  [A] adjacency_dsc
  [A] aggregate_obj_weight
  [A] algo
  [A] allocate_vertex
  [A] allocate_vertex2
  [A] append_frag_to_ordered_list
  [A] balancing
  [A] bottom_up_build_tree_from_topology
  [A] bucket_grouping
  [A] bucket_id
  [A] build_cost_matrix
  [A] build_level_topology
  [A] build_p_vector
  [A] build_synthetic_proc_id
  [A] built_pivot_tree
  [A] check_bucket
  [A] check_cantmatch_for_match
  [A] check_constraints
  [A] choose
  [A] clone_tree
  [A] complete_aff_mat
  [A] complete_obj_weight
  [A] complete_tab_node
  [A] compute_gain
  [A] compute_nb_leaves_from_level
  [A] compute_weighted_degree
  [A] create_dumb_tree
  [A] create_work
  [A] delete_group_list
  [A] depth_first
  [A] destruction
  [A] dfs
  [A] dict_destroy
  [A] dict_int_cmp
  [A] dict_itor_destroy
  [A] dict_long_cmp
  [A] dict_ptr_cmp
  [A] dict_set_free
  [A] dict_set_malloc
  [A] dict_str_cmp
  [A] dict_uint_cmp
  [A] dict_ulong_cmp
  [A] display_bucket
  [A] display_bucket_list
  [A] display_grouping
  [A] display_node
  [A] display_pivots
  [A] display_selection
  [A] display_sol
  [A] display_sol_sum_com
  [A] display_tab
  [A] display_tab_group
  [A] distance
  [A] eval_cost
  [A] eval_cost2
  [A] eval_grouping
  [A] eval_sol
  [A] exchange
  [A] fast_group
  [A] fast_grouping
  [A] fiboTreeConsolidate
  [A] fiboTreeDel
  [A] fiboTreeExit
  [A] fiboTreeFree
  [A] fiboTreeInit
  [A] fiboTreeMin
  [A] fill_buckets
  [A] fill_tab
  [A] free_affinity_mat
  [A] free_bucket
  [A] free_bucket_list
  [A] free_const_tab
  [A] free_constraint_tree
  [A] free_list_child
  [A] free_non_constraint_tree
  [A] free_tab_bucket
  [A] free_tab_child
  [A] free_tab_com_mat
  [A] free_tab_double
  [A] free_tab_int
  [A] free_tab_local_vertices
  [A] gain_exchange
  [A] generate_random_sol
  [A] genrand_int31
  [A] genrand_int32
  [A] genrand_real1
  [A] genrand_real2
  [A] genrand_real3
  [A] genrand_res53
  [A] get_local_topo_with_hwloc
  [A] get_nb_threads
  [A] get_time
  [A] group_list_asc
  [A] group_list_dsc
  [A] group_list_id
  [A] group_nodes
  [A] hash_asc
  [A] hb_dict_itor_new
  [A] hb_dict_new
  [A] hb_itor_cdata
  [A] hb_itor_data
  [A] hb_itor_destroy
  [A] hb_itor_first
  [A] hb_itor_invalidate
  [A] hb_itor_key
  [A] hb_itor_last
  [A] hb_itor_new
  [A] hb_itor_next
  [A] hb_itor_nextn
  [A] hb_itor_prev
  [A] hb_itor_prevn
  [A] hb_itor_search
  [A] hb_itor_set_data
  [A] hb_itor_valid
  [A] hb_tree_count
  [A] hb_tree_csearch
  [A] hb_tree_destroy
  [A] hb_tree_empty
  [A] hb_tree_height
  [A] hb_tree_insert
  [A] hb_tree_max
  [A] hb_tree_mheight
  [A] hb_tree_min
  [A] hb_tree_new
  [A] hb_tree_pathlen
  [A] hb_tree_probe
  [A] hb_tree_remove
  [A] hb_tree_search
  [A] hb_tree_walk
  [A] hwloc_to_tm
  [A] in_tab
  [A] independent_groups
  [A] independent_tab
  [A] init_by_array
  [A] init_genrand
  [A] init_mat
  [A] initialization
  [A] intCIV_exit
  [A] intCIV_get
  [A] intCIV_init
  [A] intCIV_isInitialized
  [A] intCIV_set
  [A] int_cmp_inc
  [A] is_power_of_2
  [A] kPartitioning
  [A] kpartition
  [A] kpartition_build_level_topology
  [A] kpartition_build_tree_from_topology
  [A] kpartition_greedy
  [A] kpartition_greedy2
  [A] list_all_possible_groups
  [A] list_to_tab
  [A] map_MPIPP
  [A] map_Packed
  [A] map_RR
  [A] map_topology
  [A] mca_bml_r2_component_close
  [A] mca_bml_r2_component_fini
  [A] mca_bml_r2_component_init
  [A] mca_bml_r2_component_open
  [A] mca_bml_r2_finalize
  [A] mca_bml_r2_ft_event
  [A] mca_coll_base_alltoall_intra_basic_inplace
  [A] mca_coll_base_alltoallv_intra_basic_inplace
  [A] mca_coll_base_comm_select
  [A] mca_coll_base_comm_unselect
  [A] mca_coll_base_find_available
  [A] mca_coll_base_reduce_local
  [A] mca_coll_basic_allgather_inter
  [A] mca_coll_basic_allgatherv_inter
  [A] mca_coll_basic_allreduce_inter
  [A] mca_coll_basic_allreduce_intra
  [A] mca_coll_basic_alltoall_inter
  [A] mca_coll_basic_alltoallv_inter
  [A] mca_coll_basic_alltoallw_inter
  [A] mca_coll_basic_alltoallw_intra
  [A] mca_coll_basic_barrier_inter_lin
  [A] mca_coll_basic_barrier_intra_log
  [A] mca_coll_basic_bcast_lin_inter
  [A] mca_coll_basic_bcast_log_inter
  [A] mca_coll_basic_bcast_log_intra
  [A] mca_coll_basic_comm_query
  [A] mca_coll_basic_exscan_inter
  [A] mca_coll_basic_exscan_intra
  [A] mca_coll_basic_ft_event
  [A] mca_coll_basic_gather_inter
  [A] mca_coll_basic_gatherv_inter
  [A] mca_coll_basic_gatherv_intra
  [A] mca_coll_basic_init_query
  [A] mca_coll_basic_module_enable
  [A] mca_coll_basic_neighbor_allgather
  [A] mca_coll_basic_neighbor_allgatherv
  [A] mca_coll_basic_neighbor_alltoall
  [A] mca_coll_basic_neighbor_alltoallv
  [A] mca_coll_basic_neighbor_alltoallw
  [A] mca_coll_basic_reduce_lin_inter
  [A] mca_coll_basic_reduce_log_inter
  [A] mca_coll_basic_reduce_log_intra
  [A] mca_coll_basic_reduce_scatter_block_inter
  [A] mca_coll_basic_reduce_scatter_block_intra
  [A] mca_coll_basic_reduce_scatter_inter
  [A] mca_coll_basic_reduce_scatter_intra
  [A] mca_coll_basic_scan_intra
  [A] mca_coll_basic_scatter_inter
  [A] mca_coll_basic_scatterv_inter
  [A] mca_coll_basic_scatterv_intra
  [A] mca_coll_inter_allgather_inter
  [A] mca_coll_inter_allgatherv_inter
  [A] mca_coll_inter_allreduce_inter
  [A] mca_coll_inter_bcast_inter
  [A] mca_coll_inter_comm_query
  [A] mca_coll_inter_gather_inter
  [A] mca_coll_inter_gatherv_inter
  [A] mca_coll_inter_init_query
  [A] mca_coll_inter_module_enable
  [A] mca_coll_inter_reduce_inter
  [A] mca_coll_inter_scatter_inter
  [A] mca_coll_inter_scatterv_inter
  [A] mca_coll_self_allgather_intra
  [A] mca_coll_self_allgatherv_intra
  [A] mca_coll_self_allreduce_intra
  [A] mca_coll_self_alltoall_intra
  [A] mca_coll_self_alltoallv_intra
  [A] mca_coll_self_alltoallw_intra
  [A] mca_coll_self_barrier_intra
  [A] mca_coll_self_bcast_intra
  [A] mca_coll_self_comm_query
  [A] mca_coll_self_exscan_intra
  [A] mca_coll_self_ft_event
  [A] mca_coll_self_gather_intra
  [A] mca_coll_self_gatherv_intra
  [A] mca_coll_self_init_query
  [A] mca_coll_self_module_enable
  [A] mca_coll_self_reduce_intra
  [A] mca_coll_self_reduce_scatter_intra
  [A] mca_coll_self_scan_intra
  [A] mca_coll_self_scatter_intra
  [A] mca_coll_self_scatterv_intra
  [A] mca_coll_sm_allreduce_intra
  [A] mca_coll_sm_barrier_intra
  [A] mca_coll_sm_bcast_intra
  [A] mca_coll_sm_comm_query
  [A] mca_coll_sm_ft_event
  [A] mca_coll_sm_init_query
  [A] mca_coll_sm_reduce_intra
  [A] mca_coll_sync_bcast
  [A] mca_coll_sync_comm_query
  [A] mca_coll_sync_exscan
  [A] mca_coll_sync_ft_event
  [A] mca_coll_sync_gather
  [A] mca_coll_sync_gatherv
  [A] mca_coll_sync_init_query
  [A] mca_coll_sync_module_enable
  [A] mca_coll_sync_reduce
  [A] mca_coll_sync_reduce_scatter
  [A] mca_coll_sync_scan
  [A] mca_coll_sync_scatter
  [A] mca_coll_sync_scatterv
  [A] mca_coll_tuned_ft_event
  [A] mca_common_monitoring_add_procs
  [A] mca_common_monitoring_coll_a2a
  [A] mca_common_monitoring_coll_a2o
  [A] mca_common_monitoring_coll_cache_name
  [A] mca_common_monitoring_coll_finalize
  [A] mca_common_monitoring_coll_flush
  [A] mca_common_monitoring_coll_flush_all
  [A] mca_common_monitoring_coll_get_a2a_count
  [A] mca_common_monitoring_coll_get_a2a_size
  [A] mca_common_monitoring_coll_get_a2o_count
  [A] mca_common_monitoring_coll_get_a2o_size
  [A] mca_common_monitoring_coll_get_o2a_count
  [A] mca_common_monitoring_coll_get_o2a_size
  [A] mca_common_monitoring_coll_messages_notify
  [A] mca_common_monitoring_coll_new
  [A] mca_common_monitoring_coll_o2a
  [A] mca_common_monitoring_coll_release
  [A] mca_common_monitoring_coll_reset
  [A] mca_common_monitoring_finalize
  [A] mca_common_monitoring_init
  [A] mca_common_monitoring_record_coll
  [A] mca_common_monitoring_record_osc
  [A] mca_common_monitoring_record_pml
  [A] mca_common_monitoring_register
  [A] mca_common_ompio_build_io_array
  [A] mca_common_ompio_cart_based_grouping
  [A] mca_common_ompio_create_groups
  [A] mca_common_ompio_create_incomplete_file_handle
  [A] mca_common_ompio_decode_datatype
  [A] mca_common_ompio_empty_print_queue
  [A] mca_common_ompio_file_close
  [A] mca_common_ompio_file_delete
  [A] mca_common_ompio_file_get_position
  [A] mca_common_ompio_file_get_size
  [A] mca_common_ompio_file_iread
  [A] mca_common_ompio_file_iread_at
  [A] mca_common_ompio_file_iread_at_all
  [A] mca_common_ompio_file_iwrite
  [A] mca_common_ompio_file_iwrite_at
  [A] mca_common_ompio_file_iwrite_at_all
  [A] mca_common_ompio_file_open
  [A] mca_common_ompio_file_read
  [A] mca_common_ompio_file_read_at
  [A] mca_common_ompio_file_read_at_all
  [A] mca_common_ompio_file_write
  [A] mca_common_ompio_file_write_at
  [A] mca_common_ompio_file_write_at_all
  [A] mca_common_ompio_finalize_initial_grouping
  [A] mca_common_ompio_finalize_split
  [A] mca_common_ompio_forced_grouping
  [A] mca_common_ompio_full_print_queue
  [A] mca_common_ompio_fview_based_grouping
  [A] mca_common_ompio_initialize_print_queue
  [A] mca_common_ompio_merge_groups
  [A] mca_common_ompio_merge_initial_groups
  [A] mca_common_ompio_prepare_to_group
  [A] mca_common_ompio_print_time_info
  [A] mca_common_ompio_progress
  [A] mca_common_ompio_register_print_entry
  [A] mca_common_ompio_register_progress
  [A] mca_common_ompio_request_alloc
  [A] mca_common_ompio_request_fini
  [A] mca_common_ompio_request_init
  [A] mca_common_ompio_retain_initial_groups
  [A] mca_common_ompio_set_aggregator_props
  [A] mca_common_ompio_set_callbacks
  [A] mca_common_ompio_set_explicit_offset
  [A] mca_common_ompio_set_file_defaults
  [A] mca_common_ompio_set_view
  [A] mca_common_ompio_simple_grouping
  [A] mca_common_ompio_split_a_group
  [A] mca_common_ompio_split_initial_groups
  [A] mca_common_ompio_unregister_print_entry
  [A] mca_fbtl_base_file_select
  [A] mca_fbtl_base_file_unselect
  [A] mca_fbtl_base_find_available
  [A] mca_fbtl_posix_component_file_query
  [A] mca_fbtl_posix_component_file_unquery
  [A] mca_fbtl_posix_component_init_query
  [A] mca_fbtl_posix_ipreadv
  [A] mca_fbtl_posix_ipwritev
  [A] mca_fbtl_posix_lock
  [A] mca_fbtl_posix_module_finalize
  [A] mca_fbtl_posix_module_init
  [A] mca_fbtl_posix_preadv
  [A] mca_fbtl_posix_progress
  [A] mca_fbtl_posix_pwritev
  [A] mca_fbtl_posix_request_free
  [A] mca_fbtl_posix_unlock
  [A] mca_fcoll_base_component_lookup
  [A] mca_fcoll_base_file_select
  [A] mca_fcoll_base_file_unselect
  [A] mca_fcoll_base_find_available
  [A] mca_fcoll_base_query_table
  [A] mca_fcoll_dynamic_component_file_query
  [A] mca_fcoll_dynamic_component_file_unquery
  [A] mca_fcoll_dynamic_component_init_query
  [A] mca_fcoll_dynamic_file_read_all
  [A] mca_fcoll_dynamic_file_write_all
  [A] mca_fcoll_dynamic_gen2_break_file_view
  [A] mca_fcoll_dynamic_gen2_component_file_query
  [A] mca_fcoll_dynamic_gen2_component_file_unquery
  [A] mca_fcoll_dynamic_gen2_component_init_query
  [A] mca_fcoll_dynamic_gen2_file_read_all
  [A] mca_fcoll_dynamic_gen2_file_write_all
  [A] mca_fcoll_dynamic_gen2_get_configuration
  [A] mca_fcoll_dynamic_gen2_module_finalize
  [A] mca_fcoll_dynamic_gen2_module_init
  [A] mca_fcoll_dynamic_gen2_split_iov_array
  [A] mca_fcoll_dynamic_module_finalize
  [A] mca_fcoll_dynamic_module_init
  [A] mca_fcoll_individual_component_file_query
  [A] mca_fcoll_individual_component_file_unquery
  [A] mca_fcoll_individual_component_init_query
  [A] mca_fcoll_individual_file_read_all
  [A] mca_fcoll_individual_file_write_all
  [A] mca_fcoll_individual_module_finalize
  [A] mca_fcoll_individual_module_init
  [A] mca_fcoll_two_phase_calc_aggregator
  [A] mca_fcoll_two_phase_calc_my_requests
  [A] mca_fcoll_two_phase_calc_others_requests
  [A] mca_fcoll_two_phase_component_file_query
  [A] mca_fcoll_two_phase_component_file_unquery
  [A] mca_fcoll_two_phase_component_init_query
  [A] mca_fcoll_two_phase_domain_partition
  [A] mca_fcoll_two_phase_file_read_all
  [A] mca_fcoll_two_phase_file_write_all
  [A] mca_fcoll_two_phase_module_finalize
  [A] mca_fcoll_two_phase_module_init
  [A] mca_fcoll_vulcan_break_file_view
  [A] mca_fcoll_vulcan_component_file_query
  [A] mca_fcoll_vulcan_component_file_unquery
  [A] mca_fcoll_vulcan_component_init_query
  [A] mca_fcoll_vulcan_file_read_all
  [A] mca_fcoll_vulcan_file_write_all
  [A] mca_fcoll_vulcan_get_configuration
  [A] mca_fcoll_vulcan_module_finalize
  [A] mca_fcoll_vulcan_module_init
  [A] mca_fcoll_vulcan_split_iov_array
  [A] mca_fs_base_file_close
  [A] mca_fs_base_file_delete
  [A] mca_fs_base_file_get_size
  [A] mca_fs_base_file_select
  [A] mca_fs_base_file_set_size
  [A] mca_fs_base_file_sync
  [A] mca_fs_base_file_unselect
  [A] mca_fs_base_find_available
  [A] mca_fs_base_get_fstype
  [A] mca_fs_base_get_parent_dir
  [A] mca_fs_ufs_component_file_query
  [A] mca_fs_ufs_component_file_unquery
  [A] mca_fs_ufs_component_init_query
  [A] mca_fs_ufs_file_open
  [A] mca_fs_ufs_module_finalize
  [A] mca_fs_ufs_module_init
  [A] mca_io_ompio_file_close
  [A] mca_io_ompio_file_get_amode
  [A] mca_io_ompio_file_get_atomicity
  [A] mca_io_ompio_file_get_byte_offset
  [A] mca_io_ompio_file_get_position
  [A] mca_io_ompio_file_get_position_shared
  [A] mca_io_ompio_file_get_size
  [A] mca_io_ompio_file_get_type_extent
  [A] mca_io_ompio_file_get_view
  [A] mca_io_ompio_file_iread
  [A] mca_io_ompio_file_iread_all
  [A] mca_io_ompio_file_iread_at
  [A] mca_io_ompio_file_iread_at_all
  [A] mca_io_ompio_file_iread_shared
  [A] mca_io_ompio_file_iwrite
  [A] mca_io_ompio_file_iwrite_all
  [A] mca_io_ompio_file_iwrite_at
  [A] mca_io_ompio_file_iwrite_at_all
  [A] mca_io_ompio_file_iwrite_shared
  [A] mca_io_ompio_file_open
  [A] mca_io_ompio_file_preallocate
  [A] mca_io_ompio_file_read
  [A] mca_io_ompio_file_read_all
  [A] mca_io_ompio_file_read_all_begin
  [A] mca_io_ompio_file_read_all_end
  [A] mca_io_ompio_file_read_at
  [A] mca_io_ompio_file_read_at_all
  [A] mca_io_ompio_file_read_at_all_begin
  [A] mca_io_ompio_file_read_at_all_end
  [A] mca_io_ompio_file_read_ordered
  [A] mca_io_ompio_file_read_ordered_begin
  [A] mca_io_ompio_file_read_ordered_end
  [A] mca_io_ompio_file_read_shared
  [A] mca_io_ompio_file_seek
  [A] mca_io_ompio_file_seek_shared
  [A] mca_io_ompio_file_set_atomicity
  [A] mca_io_ompio_file_set_size
  [A] mca_io_ompio_file_set_view
  [A] mca_io_ompio_file_sync
  [A] mca_io_ompio_file_write
  [A] mca_io_ompio_file_write_all
  [A] mca_io_ompio_file_write_all_begin
  [A] mca_io_ompio_file_write_all_end
  [A] mca_io_ompio_file_write_at
  [A] mca_io_ompio_file_write_at_all
  [A] mca_io_ompio_file_write_at_all_begin
  [A] mca_io_ompio_file_write_at_all_end
  [A] mca_io_ompio_file_write_ordered
  [A] mca_io_ompio_file_write_ordered_begin
  [A] mca_io_ompio_file_write_ordered_end
  [A] mca_io_ompio_file_write_shared
  [A] mca_io_ompio_get_mca_parameter_value
  [A] mca_io_romio321_file_close
  [A] mca_io_romio321_file_get_amode
  [A] mca_io_romio321_file_get_atomicity
  [A] mca_io_romio321_file_get_byte_offset
  [A] mca_io_romio321_file_get_info
  [A] mca_io_romio321_file_get_position
  [A] mca_io_romio321_file_get_position_shared
  [A] mca_io_romio321_file_get_size
  [A] mca_io_romio321_file_get_type_extent
  [A] mca_io_romio321_file_get_view
  [A] mca_io_romio321_file_iread
  [A] mca_io_romio321_file_iread_all
  [A] mca_io_romio321_file_iread_at
  [A] mca_io_romio321_file_iread_at_all
  [A] mca_io_romio321_file_iread_shared
  [A] mca_io_romio321_file_iwrite
  [A] mca_io_romio321_file_iwrite_all
  [A] mca_io_romio321_file_iwrite_at
  [A] mca_io_romio321_file_iwrite_at_all
  [A] mca_io_romio321_file_iwrite_shared
  [A] mca_io_romio321_file_open
  [A] mca_io_romio321_file_preallocate
  [A] mca_io_romio321_file_read
  [A] mca_io_romio321_file_read_all
  [A] mca_io_romio321_file_read_all_begin
  [A] mca_io_romio321_file_read_all_end
  [A] mca_io_romio321_file_read_at
  [A] mca_io_romio321_file_read_at_all
  [A] mca_io_romio321_file_read_at_all_begin
  [A] mca_io_romio321_file_read_at_all_end
  [A] mca_io_romio321_file_read_ordered
  [A] mca_io_romio321_file_read_ordered_begin
  [A] mca_io_romio321_file_read_ordered_end
  [A] mca_io_romio321_file_read_shared
  [A] mca_io_romio321_file_seek
  [A] mca_io_romio321_file_seek_shared
  [A] mca_io_romio321_file_set_atomicity
  [A] mca_io_romio321_file_set_info
  [A] mca_io_romio321_file_set_size
  [A] mca_io_romio321_file_set_view
  [A] mca_io_romio321_file_sync
  [A] mca_io_romio321_file_write
  [A] mca_io_romio321_file_write_all
  [A] mca_io_romio321_file_write_all_begin
  [A] mca_io_romio321_file_write_all_end
  [A] mca_io_romio321_file_write_at
  [A] mca_io_romio321_file_write_at_all
  [A] mca_io_romio321_file_write_at_all_begin
  [A] mca_io_romio321_file_write_at_all_end
  [A] mca_io_romio321_file_write_ordered
  [A] mca_io_romio321_file_write_ordered_begin
  [A] mca_io_romio321_file_write_ordered_end
  [A] mca_io_romio321_file_write_shared
  [A] mca_io_romio_dist_MPIR_Status_set_bytes
  [A] mca_io_romio_dist_MPI_File_iread_all
  [A] mca_io_romio_dist_MPI_File_iread_at_all
  [A] mca_io_romio_dist_MPI_File_iwrite_all
  [A] mca_io_romio_dist_MPI_File_iwrite_at_all
  [A] mca_pml_base_bsend_attach
  [A] mca_pml_base_bsend_detach
  [A] mca_pml_cm_add_comm
  [A] mca_pml_cm_add_procs
  [A] mca_pml_cm_cancel
  [A] mca_pml_cm_del_comm
  [A] mca_pml_cm_del_procs
  [A] mca_pml_cm_dump
  [A] mca_pml_cm_enable
  [A] mca_pml_cm_recv_request_completion
  [A] mca_pml_cm_send_request_completion
  [A] mca_pml_cm_start
  [A] mca_pml_ob1_add_comm
  [A] mca_pml_ob1_add_procs
  [A] mca_pml_ob1_com_btl_comp
  [A] mca_pml_ob1_comm_init_size
  [A] mca_pml_ob1_del_comm
  [A] mca_pml_ob1_del_procs
  [A] mca_pml_ob1_dump
  [A] mca_pml_ob1_dump_cant_match
  [A] mca_pml_ob1_enable
  [A] mca_pml_ob1_enable_progress
  [A] mca_pml_ob1_error_handler
  [A] mca_pml_ob1_ft_event
  [A] mca_pml_ob1_improbe
  [A] mca_pml_ob1_imrecv
  [A] mca_pml_ob1_iprobe
  [A] mca_pml_ob1_irecv
  [A] mca_pml_ob1_irecv_init
  [A] mca_pml_ob1_isend
  [A] mca_pml_ob1_isend_init
  [A] mca_pml_ob1_mprobe
  [A] mca_pml_ob1_mrecv
  [A] mca_pml_ob1_probe
  [A] mca_pml_ob1_process_pending_packets
  [A] mca_pml_ob1_process_pending_rdma
  [A] mca_pml_ob1_progress
  [A] mca_pml_ob1_rdma_btls
  [A] mca_pml_ob1_rdma_pipeline_btls
  [A] mca_pml_ob1_rdma_pipeline_btls_count
  [A] mca_pml_ob1_recv
  [A] mca_pml_ob1_recv_frag_callback_ack
  [A] mca_pml_ob1_recv_frag_callback_fin
  [A] mca_pml_ob1_recv_frag_callback_frag
  [A] mca_pml_ob1_recv_frag_callback_match
  [A] mca_pml_ob1_recv_frag_callback_put
  [A] mca_pml_ob1_recv_frag_callback_rget
  [A] mca_pml_ob1_recv_frag_callback_rndv
  [A] mca_pml_ob1_recv_req_start
  [A] mca_pml_ob1_recv_request_ack_send_btl
  [A] mca_pml_ob1_recv_request_get_frag
  [A] mca_pml_ob1_recv_request_matched_probe
  [A] mca_pml_ob1_recv_request_process_pending
  [A] mca_pml_ob1_recv_request_progress_frag
  [A] mca_pml_ob1_recv_request_progress_match
  [A] mca_pml_ob1_recv_request_progress_rget
  [A] mca_pml_ob1_recv_request_progress_rndv
  [A] mca_pml_ob1_recv_request_schedule_once
  [A] mca_pml_ob1_seg_alloc
  [A] mca_pml_ob1_seg_free
  [A] mca_pml_ob1_send
  [A] mca_pml_ob1_send_fin
  [A] mca_pml_ob1_send_request_copy_in_out
  [A] mca_pml_ob1_send_request_process_pending
  [A] mca_pml_ob1_send_request_put
  [A] mca_pml_ob1_send_request_put_frag
  [A] mca_pml_ob1_send_request_schedule_once
  [A] mca_pml_ob1_send_request_start_buffered
  [A] mca_pml_ob1_send_request_start_copy
  [A] mca_pml_ob1_send_request_start_prepare
  [A] mca_pml_ob1_send_request_start_rdma
  [A] mca_pml_ob1_send_request_start_rndv
  [A] mca_pml_ob1_start
  [A] mca_sharedfp_base_file_select
  [A] mca_sharedfp_base_file_unselect
  [A] mca_sharedfp_base_find_available
  [A] mca_sharedfp_individual_assign_globaloffset
  [A] mca_sharedfp_individual_collaborate_data
  [A] mca_sharedfp_individual_component_file_query
  [A] mca_sharedfp_individual_component_file_unquery
  [A] mca_sharedfp_individual_component_init_query
  [A] mca_sharedfp_individual_create_buff
  [A] mca_sharedfp_individual_file_close
  [A] mca_sharedfp_individual_file_open
  [A] mca_sharedfp_individual_get_position
  [A] mca_sharedfp_individual_get_timestamps_and_reclengths
  [A] mca_sharedfp_individual_getoffset
  [A] mca_sharedfp_individual_gettime
  [A] mca_sharedfp_individual_insert_headnode
  [A] mca_sharedfp_individual_insert_metadata
  [A] mca_sharedfp_individual_iread
  [A] mca_sharedfp_individual_iwrite
  [A] mca_sharedfp_individual_module_finalize
  [A] mca_sharedfp_individual_module_init
  [A] mca_sharedfp_individual_read
  [A] mca_sharedfp_individual_read_ordered
  [A] mca_sharedfp_individual_read_ordered_begin
  [A] mca_sharedfp_individual_read_ordered_end
  [A] mca_sharedfp_individual_seek
  [A] mca_sharedfp_individual_sort_timestamps
  [A] mca_sharedfp_individual_write
  [A] mca_sharedfp_individual_write_metadata_file
  [A] mca_sharedfp_individual_write_ordered
  [A] mca_sharedfp_individual_write_ordered_begin
  [A] mca_sharedfp_individual_write_ordered_end
  [A] mca_sharedfp_lockedfile_component_file_query
  [A] mca_sharedfp_lockedfile_component_file_unquery
  [A] mca_sharedfp_lockedfile_component_init_query
  [A] mca_sharedfp_lockedfile_file_close
  [A] mca_sharedfp_lockedfile_file_open
  [A] mca_sharedfp_lockedfile_get_position
  [A] mca_sharedfp_lockedfile_iread
  [A] mca_sharedfp_lockedfile_iwrite
  [A] mca_sharedfp_lockedfile_module_finalize
  [A] mca_sharedfp_lockedfile_module_init
  [A] mca_sharedfp_lockedfile_read
  [A] mca_sharedfp_lockedfile_read_ordered
  [A] mca_sharedfp_lockedfile_read_ordered_begin
  [A] mca_sharedfp_lockedfile_read_ordered_end
  [A] mca_sharedfp_lockedfile_request_position
  [A] mca_sharedfp_lockedfile_seek
  [A] mca_sharedfp_lockedfile_write
  [A] mca_sharedfp_lockedfile_write_ordered
  [A] mca_sharedfp_lockedfile_write_ordered_begin
  [A] mca_sharedfp_lockedfile_write_ordered_end
  [A] mca_sharedfp_sm_component_file_query
  [A] mca_sharedfp_sm_component_file_unquery
  [A] mca_sharedfp_sm_component_init_query
  [A] mca_sharedfp_sm_file_close
  [A] mca_sharedfp_sm_file_open
  [A] mca_sharedfp_sm_get_position
  [A] mca_sharedfp_sm_iread
  [A] mca_sharedfp_sm_iwrite
  [A] mca_sharedfp_sm_module_finalize
  [A] mca_sharedfp_sm_module_init
  [A] mca_sharedfp_sm_read
  [A] mca_sharedfp_sm_read_ordered
  [A] mca_sharedfp_sm_read_ordered_begin
  [A] mca_sharedfp_sm_read_ordered_end
  [A] mca_sharedfp_sm_request_position
  [A] mca_sharedfp_sm_seek
  [A] mca_sharedfp_sm_write
  [A] mca_sharedfp_sm_write_ordered
  [A] mca_sharedfp_sm_write_ordered_begin
  [A] mca_sharedfp_sm_write_ordered_end
  [A] mca_topo_base_cart_map
  [A] mca_topo_base_comm_select
  [A] mca_topo_base_dist_graph_create
  [A] mca_topo_base_dist_graph_create_adjacent
  [A] mca_topo_base_dist_graph_distribute
  [A] mca_topo_base_dist_graph_neighbors
  [A] mca_topo_base_dist_graph_neighbors_count
  [A] mca_topo_base_find_available
  [A] mca_topo_base_graph_map
  [A] mca_topo_base_lazy_init
  [A] mca_topo_base_neighbor_count
  [A] mca_topo_treematch_dist_graph_create
  [A] mca_vprotocol_base_set_include_list
  [A] mca_vprotocol_pessimist_add_comm
  [A] mca_vprotocol_pessimist_add_procs
  [A] mca_vprotocol_pessimist_del_comm
  [A] mca_vprotocol_pessimist_del_procs
  [A] mca_vprotocol_pessimist_dump
  [A] mca_vprotocol_pessimist_enable
  [A] mca_vprotocol_pessimist_iprobe
  [A] mca_vprotocol_pessimist_irecv
  [A] mca_vprotocol_pessimist_isend
  [A] mca_vprotocol_pessimist_probe
  [A] mca_vprotocol_pessimist_recv
  [A] mca_vprotocol_pessimist_request_free
  [A] mca_vprotocol_pessimist_send
  [A] mca_vprotocol_pessimist_test
  [A] mca_vprotocol_pessimist_test_all
  [A] mca_vprotocol_pessimist_test_any
  [A] mca_vprotocol_pessimist_test_some
  [A] mca_vprotocol_pessimist_wait_any
  [A] mca_vprotocol_pessimist_wait_some
  [A] memory_allocation
  [A] mpi_aint_add_f90
  [A] mpi_aint_add_f90_
  [A] mpi_aint_add_f90__
  [A] mpi_aint_diff_f90
  [A] mpi_aint_diff_f90_
  [A] mpi_aint_diff_f90__
  [A] mpiext_pcollreq_dummy
  [A] nb_leaves
  [A] nb_lines
  [A] nb_processing_units
  [A] new_affinity_mat
  [A] new_group_list
  [A] nextGain
  [A] next_bucket_elem
  [A] old_bucket_id
  [A] ompi_attr_copy_all
  [A] ompi_attr_create_predefined
  [A] ompi_attr_delete
  [A] ompi_attr_delete_all
  [A] ompi_attr_finalize
  [A] ompi_attr_free_keyval
  [A] ompi_attr_free_predefined
  [A] ompi_attr_get_aint
  [A] ompi_attr_get_c
  [A] ompi_attr_get_fint
  [A] ompi_attr_init
  [A] ompi_attr_set_aint
  [A] ompi_attr_set_c
  [A] ompi_attr_set_fint
  [A] ompi_attr_set_int
  [A] ompi_coll_base_allgather_intra_basic_linear
  [A] ompi_coll_base_allgather_intra_bruck
  [A] ompi_coll_base_allgather_intra_neighborexchange
  [A] ompi_coll_base_allgather_intra_recursivedoubling
  [A] ompi_coll_base_allgather_intra_ring
  [A] ompi_coll_base_allgather_intra_two_procs
  [A] ompi_coll_base_allgatherv_intra_basic_default
  [A] ompi_coll_base_allgatherv_intra_bruck
  [A] ompi_coll_base_allgatherv_intra_neighborexchange
  [A] ompi_coll_base_allgatherv_intra_ring
  [A] ompi_coll_base_allgatherv_intra_two_procs
  [A] ompi_coll_base_allreduce_intra_basic_linear
  [A] ompi_coll_base_allreduce_intra_nonoverlapping
  [A] ompi_coll_base_allreduce_intra_recursivedoubling
  [A] ompi_coll_base_allreduce_intra_redscat_allgather
  [A] ompi_coll_base_allreduce_intra_ring
  [A] ompi_coll_base_allreduce_intra_ring_segmented
  [A] ompi_coll_base_alltoall_intra_basic_linear
  [A] ompi_coll_base_alltoall_intra_bruck
  [A] ompi_coll_base_alltoall_intra_linear_sync
  [A] ompi_coll_base_alltoall_intra_pairwise
  [A] ompi_coll_base_alltoall_intra_two_procs
  [A] ompi_coll_base_alltoallv_intra_basic_linear
  [A] ompi_coll_base_alltoallv_intra_pairwise
  [A] ompi_coll_base_barrier_intra_basic_linear
  [A] ompi_coll_base_barrier_intra_bruck
  [A] ompi_coll_base_barrier_intra_doublering
  [A] ompi_coll_base_barrier_intra_recursivedoubling
  [A] ompi_coll_base_barrier_intra_tree
  [A] ompi_coll_base_barrier_intra_two_procs
  [A] ompi_coll_base_bcast_intra_basic_linear
  [A] ompi_coll_base_bcast_intra_binomial
  [A] ompi_coll_base_bcast_intra_bintree
  [A] ompi_coll_base_bcast_intra_chain
  [A] ompi_coll_base_bcast_intra_generic
  [A] ompi_coll_base_bcast_intra_knomial
  [A] ompi_coll_base_bcast_intra_pipeline
  [A] ompi_coll_base_bcast_intra_scatter_allgather
  [A] ompi_coll_base_bcast_intra_scatter_allgather_ring
  [A] ompi_coll_base_bcast_intra_split_bintree
  [A] ompi_coll_base_comm_get_reqs
  [A] ompi_coll_base_exscan_intra_linear
  [A] ompi_coll_base_exscan_intra_recursivedoubling
  [A] ompi_coll_base_gather_intra_basic_linear
  [A] ompi_coll_base_gather_intra_binomial
  [A] ompi_coll_base_gather_intra_linear_sync
  [A] ompi_coll_base_reduce_generic
  [A] ompi_coll_base_reduce_intra_basic_linear
  [A] ompi_coll_base_reduce_intra_binary
  [A] ompi_coll_base_reduce_intra_binomial
  [A] ompi_coll_base_reduce_intra_chain
  [A] ompi_coll_base_reduce_intra_in_order_binary
  [A] ompi_coll_base_reduce_intra_pipeline
  [A] ompi_coll_base_reduce_intra_redscat_gather
  [A] ompi_coll_base_reduce_scatter_block_basic_linear
  [A] ompi_coll_base_reduce_scatter_block_intra_butterfly
  [A] ompi_coll_base_reduce_scatter_block_intra_recursivedoubling
  [A] ompi_coll_base_reduce_scatter_block_intra_recursivehalving
  [A] ompi_coll_base_reduce_scatter_intra_basic_recursivehalving
  [A] ompi_coll_base_reduce_scatter_intra_butterfly
  [A] ompi_coll_base_reduce_scatter_intra_nonoverlapping
  [A] ompi_coll_base_reduce_scatter_intra_ring
  [A] ompi_coll_base_scan_intra_linear
  [A] ompi_coll_base_scan_intra_recursivedoubling
  [A] ompi_coll_base_scatter_intra_basic_linear
  [A] ompi_coll_base_scatter_intra_binomial
  [A] ompi_coll_base_sendrecv_actual
  [A] ompi_coll_base_topo_build_bmtree
  [A] ompi_coll_base_topo_build_chain
  [A] ompi_coll_base_topo_build_in_order_bintree
  [A] ompi_coll_base_topo_build_in_order_bmtree
  [A] ompi_coll_base_topo_build_kmtree
  [A] ompi_coll_base_topo_build_tree
  [A] ompi_coll_base_topo_destroy_tree
  [A] ompi_coll_base_topo_dump_tree
  [A] ompi_coll_libnbc_allgather_init
  [A] ompi_coll_libnbc_allgather_inter_init
  [A] ompi_coll_libnbc_allgatherv_init
  [A] ompi_coll_libnbc_allgatherv_inter_init
  [A] ompi_coll_libnbc_allreduce_init
  [A] ompi_coll_libnbc_allreduce_inter_init
  [A] ompi_coll_libnbc_alltoall_init
  [A] ompi_coll_libnbc_alltoall_inter_init
  [A] ompi_coll_libnbc_alltoallv_init
  [A] ompi_coll_libnbc_alltoallv_inter_init
  [A] ompi_coll_libnbc_alltoallw_init
  [A] ompi_coll_libnbc_alltoallw_inter_init
  [A] ompi_coll_libnbc_barrier_init
  [A] ompi_coll_libnbc_barrier_inter_init
  [A] ompi_coll_libnbc_bcast_init
  [A] ompi_coll_libnbc_bcast_inter_init
  [A] ompi_coll_libnbc_exscan_init
  [A] ompi_coll_libnbc_gather_init
  [A] ompi_coll_libnbc_gather_inter_init
  [A] ompi_coll_libnbc_gatherv_init
  [A] ompi_coll_libnbc_gatherv_inter_init
  [A] ompi_coll_libnbc_iallgather
  [A] ompi_coll_libnbc_iallgather_inter
  [A] ompi_coll_libnbc_iallgatherv
  [A] ompi_coll_libnbc_iallgatherv_inter
  [A] ompi_coll_libnbc_iallreduce
  [A] ompi_coll_libnbc_iallreduce_inter
  [A] ompi_coll_libnbc_ialltoall
  [A] ompi_coll_libnbc_ialltoall_inter
  [A] ompi_coll_libnbc_ialltoallv
  [A] ompi_coll_libnbc_ialltoallv_inter
  [A] ompi_coll_libnbc_ialltoallw
  [A] ompi_coll_libnbc_ialltoallw_inter
  [A] ompi_coll_libnbc_ibarrier
  [A] ompi_coll_libnbc_ibarrier_inter
  [A] ompi_coll_libnbc_ibcast
  [A] ompi_coll_libnbc_ibcast_inter
  [A] ompi_coll_libnbc_iexscan
  [A] ompi_coll_libnbc_igather
  [A] ompi_coll_libnbc_igather_inter
  [A] ompi_coll_libnbc_igatherv
  [A] ompi_coll_libnbc_igatherv_inter
  [A] ompi_coll_libnbc_ineighbor_allgather
  [A] ompi_coll_libnbc_ineighbor_allgatherv
  [A] ompi_coll_libnbc_ineighbor_alltoall
  [A] ompi_coll_libnbc_ineighbor_alltoallv
  [A] ompi_coll_libnbc_ineighbor_alltoallw
  [A] ompi_coll_libnbc_ireduce
  [A] ompi_coll_libnbc_ireduce_inter
  [A] ompi_coll_libnbc_ireduce_scatter
  [A] ompi_coll_libnbc_ireduce_scatter_block
  [A] ompi_coll_libnbc_ireduce_scatter_block_inter
  [A] ompi_coll_libnbc_ireduce_scatter_inter
  [A] ompi_coll_libnbc_iscan
  [A] ompi_coll_libnbc_iscatter
  [A] ompi_coll_libnbc_iscatter_inter
  [A] ompi_coll_libnbc_iscatterv
  [A] ompi_coll_libnbc_iscatterv_inter
  [A] ompi_coll_libnbc_neighbor_allgather_init
  [A] ompi_coll_libnbc_neighbor_allgatherv_init
  [A] ompi_coll_libnbc_neighbor_alltoall_init
  [A] ompi_coll_libnbc_neighbor_alltoallv_init
  [A] ompi_coll_libnbc_neighbor_alltoallw_init
  [A] ompi_coll_libnbc_progress
  [A] ompi_coll_libnbc_reduce_init
  [A] ompi_coll_libnbc_reduce_inter_init
  [A] ompi_coll_libnbc_reduce_scatter_block_init
  [A] ompi_coll_libnbc_reduce_scatter_block_inter_init
  [A] ompi_coll_libnbc_reduce_scatter_init
  [A] ompi_coll_libnbc_reduce_scatter_inter_init
  [A] ompi_coll_libnbc_scan_init
  [A] ompi_coll_libnbc_scatter_init
  [A] ompi_coll_libnbc_scatter_inter_init
  [A] ompi_coll_libnbc_scatterv_init
  [A] ompi_coll_libnbc_scatterv_inter_init
  [A] ompi_coll_sm_lazy_enable
  [A] ompi_coll_tuned_allgather_intra_check_forced_init
  [A] ompi_coll_tuned_allgather_intra_dec_dynamic
  [A] ompi_coll_tuned_allgather_intra_dec_fixed
  [A] ompi_coll_tuned_allgather_intra_do_this
  [A] ompi_coll_tuned_allgatherv_intra_check_forced_init
  [A] ompi_coll_tuned_allgatherv_intra_dec_dynamic
  [A] ompi_coll_tuned_allgatherv_intra_dec_fixed
  [A] ompi_coll_tuned_allgatherv_intra_do_this
  [A] ompi_coll_tuned_allreduce_intra_check_forced_init
  [A] ompi_coll_tuned_allreduce_intra_dec_dynamic
  [A] ompi_coll_tuned_allreduce_intra_dec_fixed
  [A] ompi_coll_tuned_allreduce_intra_do_this
  [A] ompi_coll_tuned_alltoall_intra_check_forced_init
  [A] ompi_coll_tuned_alltoall_intra_dec_dynamic
  [A] ompi_coll_tuned_alltoall_intra_dec_fixed
  [A] ompi_coll_tuned_alltoall_intra_do_this
  [A] ompi_coll_tuned_alltoallv_intra_check_forced_init
  [A] ompi_coll_tuned_alltoallv_intra_dec_dynamic
  [A] ompi_coll_tuned_alltoallv_intra_dec_fixed
  [A] ompi_coll_tuned_alltoallv_intra_do_this
  [A] ompi_coll_tuned_barrier_intra_check_forced_init
  [A] ompi_coll_tuned_barrier_intra_dec_dynamic
  [A] ompi_coll_tuned_barrier_intra_dec_fixed
  [A] ompi_coll_tuned_barrier_intra_do_this
  [A] ompi_coll_tuned_bcast_intra_check_forced_init
  [A] ompi_coll_tuned_bcast_intra_dec_dynamic
  [A] ompi_coll_tuned_bcast_intra_dec_fixed
  [A] ompi_coll_tuned_bcast_intra_do_this
  [A] ompi_coll_tuned_comm_query
  [A] ompi_coll_tuned_dump_alg_rule
  [A] ompi_coll_tuned_dump_all_rules
  [A] ompi_coll_tuned_dump_com_rule
  [A] ompi_coll_tuned_dump_msg_rule
  [A] ompi_coll_tuned_exscan_intra_check_forced_init
  [A] ompi_coll_tuned_exscan_intra_dec_dynamic
  [A] ompi_coll_tuned_exscan_intra_do_this
  [A] ompi_coll_tuned_free_all_rules
  [A] ompi_coll_tuned_free_coms_in_alg_rule
  [A] ompi_coll_tuned_free_msg_rules_in_com_rule
  [A] ompi_coll_tuned_gather_intra_check_forced_init
  [A] ompi_coll_tuned_gather_intra_dec_dynamic
  [A] ompi_coll_tuned_gather_intra_dec_fixed
  [A] ompi_coll_tuned_gather_intra_do_this
  [A] ompi_coll_tuned_get_com_rule_ptr
  [A] ompi_coll_tuned_get_target_method_params
  [A] ompi_coll_tuned_init_query
  [A] ompi_coll_tuned_mk_alg_rules
  [A] ompi_coll_tuned_mk_com_rules
  [A] ompi_coll_tuned_mk_msg_rules
  [A] ompi_coll_tuned_read_rules_config_file
  [A] ompi_coll_tuned_reduce_intra_check_forced_init
  [A] ompi_coll_tuned_reduce_intra_dec_dynamic
  [A] ompi_coll_tuned_reduce_intra_dec_fixed
  [A] ompi_coll_tuned_reduce_intra_do_this
  [A] ompi_coll_tuned_reduce_scatter_block_intra_check_forced_init
  [A] ompi_coll_tuned_reduce_scatter_block_intra_dec_dynamic
  [A] ompi_coll_tuned_reduce_scatter_block_intra_dec_fixed
  [A] ompi_coll_tuned_reduce_scatter_block_intra_do_this
  [A] ompi_coll_tuned_reduce_scatter_intra_check_forced_init
  [A] ompi_coll_tuned_reduce_scatter_intra_dec_dynamic
  [A] ompi_coll_tuned_reduce_scatter_intra_dec_fixed
  [A] ompi_coll_tuned_reduce_scatter_intra_do_this
  [A] ompi_coll_tuned_scan_intra_check_forced_init
  [A] ompi_coll_tuned_scan_intra_dec_dynamic
  [A] ompi_coll_tuned_scan_intra_do_this
  [A] ompi_coll_tuned_scatter_intra_check_forced_init
  [A] ompi_coll_tuned_scatter_intra_dec_dynamic
  [A] ompi_coll_tuned_scatter_intra_dec_fixed
  [A] ompi_coll_tuned_scatter_intra_do_this
  [A] ompi_comm_activate_nb
  [A] ompi_comm_allgather_pml
  [A] ompi_comm_allocate
  [A] ompi_comm_allreduce_pml
  [A] ompi_comm_assert_subscribe
  [A] ompi_comm_bcast_pml
  [A] ompi_comm_cid_init
  [A] ompi_comm_compare
  [A] ompi_comm_create
  [A] ompi_comm_create_group
  [A] ompi_comm_determine_first
  [A] ompi_comm_dump
  [A] ompi_comm_dup_fn_f, aliases mpi_comm_dup_fn, MPI_COMM_DUP_FN, mpi_comm_dup_fn_, mpi_comm_dup_fn__
  [A] ompi_comm_dup_with_info
  [A] ompi_comm_enable
  [A] ompi_comm_finalize
  [A] ompi_comm_get_rprocs
  [A] ompi_comm_idup
  [A] ompi_comm_idup_with_info
  [A] ompi_comm_init
  [A] ompi_comm_nextcid_nb
  [A] ompi_comm_null_copy_fn_f
  [A] ompi_comm_null_delete_fn_f, aliases mpi_comm_null_delete_fn__, MPI_COMM_NULL_DELETE_FN, mpi_comm_null_delete_fn
  [A] ompi_comm_overlapping_groups
  [A] ompi_comm_request_fini
  [A] ompi_comm_request_get
  [A] ompi_comm_request_init
  [A] ompi_comm_request_return
  [A] ompi_comm_request_schedule_append
  [A] ompi_comm_request_start
  [A] ompi_comm_set_name
  [A] ompi_comm_set_nb
  [A] ompi_comm_split_type
  [A] ompi_crcp_base_module_finalize
  [A] ompi_crcp_base_module_init
  [A] ompi_crcp_base_none_btl_add_procs
  [A] ompi_crcp_base_none_btl_alloc
  [A] ompi_crcp_base_none_btl_del_procs
  [A] ompi_crcp_base_none_btl_dump
  [A] ompi_crcp_base_none_btl_finalize
  [A] ompi_crcp_base_none_btl_free
  [A] ompi_crcp_base_none_btl_ft_event
  [A] ompi_crcp_base_none_btl_get
  [A] ompi_crcp_base_none_btl_prepare_dst
  [A] ompi_crcp_base_none_btl_prepare_src
  [A] ompi_crcp_base_none_btl_put
  [A] ompi_crcp_base_none_btl_register
  [A] ompi_crcp_base_none_btl_send
  [A] ompi_crcp_base_none_close
  [A] ompi_crcp_base_none_open
  [A] ompi_crcp_base_none_pml_add_comm
  [A] ompi_crcp_base_none_pml_add_procs
  [A] ompi_crcp_base_none_pml_del_comm
  [A] ompi_crcp_base_none_pml_del_procs
  [A] ompi_crcp_base_none_pml_dump
  [A] ompi_crcp_base_none_pml_enable
  [A] ompi_crcp_base_none_pml_ft_event
  [A] ompi_crcp_base_none_pml_iprobe
  [A] ompi_crcp_base_none_pml_irecv
  [A] ompi_crcp_base_none_pml_irecv_init
  [A] ompi_crcp_base_none_pml_isend
  [A] ompi_crcp_base_none_pml_isend_init
  [A] ompi_crcp_base_none_pml_probe
  [A] ompi_crcp_base_none_pml_progress
  [A] ompi_crcp_base_none_pml_recv
  [A] ompi_crcp_base_none_pml_send
  [A] ompi_crcp_base_none_pml_start
  [A] ompi_crcp_base_none_query
  [A] ompi_crcp_base_none_quiesce_end
  [A] ompi_crcp_base_none_quiesce_start
  [A] ompi_crcp_base_none_request_complete
  [A] ompi_crcp_base_quiesce_end
  [A] ompi_crcp_base_quiesce_start
  [A] ompi_datatype_copy_args
  [A] ompi_datatype_create
  [A] ompi_datatype_create_contiguous
  [A] ompi_datatype_create_darray
  [A] ompi_datatype_create_from_packed_description
  [A] ompi_datatype_create_hindexed
  [A] ompi_datatype_create_hindexed_block
  [A] ompi_datatype_create_hvector
  [A] ompi_datatype_create_indexed
  [A] ompi_datatype_create_indexed_block
  [A] ompi_datatype_create_struct
  [A] ompi_datatype_create_subarray
  [A] ompi_datatype_create_vector
  [A] ompi_datatype_default_convertors_fini
  [A] ompi_datatype_default_convertors_init
  [A] ompi_datatype_destroy
  [A] ompi_datatype_dump
  [A] ompi_datatype_duplicate
  [A] ompi_datatype_finalize
  [A] ompi_datatype_get_args
  [A] ompi_datatype_get_elements
  [A] ompi_datatype_get_pack_description
  [A] ompi_datatype_get_single_predefined_type_from_args
  [A] ompi_datatype_init
  [A] ompi_datatype_match_size
  [A] ompi_datatype_pack_description_length
  [A] ompi_datatype_pack_external
  [A] ompi_datatype_pack_external_size
  [A] ompi_datatype_print_args
  [A] ompi_datatype_release_args
  [A] ompi_datatype_set_args
  [A] ompi_datatype_sndrcv
  [A] ompi_datatype_unpack_external
  [A] ompi_dpm_close_port
  [A] ompi_dpm_connect_accept
  [A] ompi_dpm_disconnect
  [A] ompi_dpm_dyn_finalize
  [A] ompi_dpm_dyn_init
  [A] ompi_dpm_finalize
  [A] ompi_dpm_init
  [A] ompi_dpm_mark_dyncomm
  [A] ompi_dpm_open_port
  [A] ompi_dpm_spawn
  [A] ompi_dup_fn_f, aliases mpi_dup_fn_, mpi_dup_fn__
  [A] ompi_errcode_intern_finalize
  [A] ompi_errcode_intern_init
  [A] ompi_errhandler_callback
  [A] ompi_errhandler_finalize
  [A] ompi_errhandler_init
  [A] ompi_errhandler_registration_callback
  [A] ompi_errhandler_request_invoke
  [A] ompi_fcoll_base_coll_allgather_array
  [A] ompi_fcoll_base_coll_allgatherv_array
  [A] ompi_fcoll_base_coll_bcast_array
  [A] ompi_fcoll_base_coll_gather_array
  [A] ompi_fcoll_base_coll_gatherv_array
  [A] ompi_fcoll_base_coll_scatterv_array
  [A] ompi_fcoll_base_sort_iovec
  [A] ompi_file_close
  [A] ompi_file_finalize
  [A] ompi_file_init
  [A] ompi_file_open
  [A] ompi_fortran_argv_blank_f2c
  [A] ompi_fortran_argv_count_f2c
  [A] ompi_group_allocate_bmap
  [A] ompi_group_allocate_plist_w_procs
  [A] ompi_group_allocate_sporadic
  [A] ompi_group_allocate_strided
  [A] ompi_group_calc_bmap
  [A] ompi_group_calc_plist
  [A] ompi_group_calc_sporadic
  [A] ompi_group_calc_strided
  [A] ompi_group_compare
  [A] ompi_group_difference
  [A] ompi_group_div_ceil
  [A] ompi_group_dump
  [A] ompi_group_excl
  [A] ompi_group_finalize
  [A] ompi_group_free
  [A] ompi_group_get_proc_ptr_raw
  [A] ompi_group_have_remote_peers
  [A] ompi_group_incl
  [A] ompi_group_incl_bmap
  [A] ompi_group_incl_plist
  [A] ompi_group_incl_spor
  [A] ompi_group_incl_strided
  [A] ompi_group_init
  [A] ompi_group_intersection
  [A] ompi_group_minloc
  [A] ompi_group_range_excl
  [A] ompi_group_range_incl
  [A] ompi_group_translate_ranks_bmap
  [A] ompi_group_translate_ranks_bmap_reverse
  [A] ompi_group_translate_ranks_sporadic
  [A] ompi_group_translate_ranks_sporadic_reverse
  [A] ompi_group_translate_ranks_strided
  [A] ompi_group_translate_ranks_strided_reverse
  [A] ompi_group_union
  [A] ompi_hook_base_deregister_callbacks
  [A] ompi_hook_base_mpi_finalize_bottom
  [A] ompi_hook_base_mpi_finalize_top
  [A] ompi_hook_base_mpi_finalized_bottom
  [A] ompi_hook_base_mpi_finalized_top
  [A] ompi_hook_base_mpi_init_bottom
  [A] ompi_hook_base_mpi_init_error
  [A] ompi_hook_base_mpi_init_thread_bottom
  [A] ompi_hook_base_mpi_init_thread_top
  [A] ompi_hook_base_mpi_init_top
  [A] ompi_hook_base_mpi_init_top_post_opal
  [A] ompi_hook_base_mpi_initialized_bottom
  [A] ompi_hook_base_mpi_initialized_top
  [A] ompi_hook_base_register_callbacks
  [A] ompi_info_close_components
  [A] ompi_info_delete
  [A] ompi_info_dup
  [A] ompi_info_dup_mpistandard
  [A] ompi_info_free
  [A] ompi_info_get_nkeys
  [A] ompi_info_get_nthkey
  [A] ompi_info_get_value_enum
  [A] ompi_info_register_framework_params
  [A] ompi_info_register_types
  [A] ompi_info_set
  [A] ompi_info_set_value_enum
  [A] ompi_info_show_ompi_version
  [A] ompi_init_preconnect_mpi
  [A] ompi_interlib_declare
  [A] ompi_io_ompio_generate_current_file_view
  [A] ompi_io_ompio_sort_offlen
  [A] ompi_message_finalize
  [A] ompi_message_init
  [A] ompi_mirror_perm
  [A] ompi_mpi_dynamics_disable
  [A] ompi_mpi_dynamics_finalize
  [A] ompi_mpi_dynamics_is_enabled
  [A] ompi_mpi_errclass_add
  [A] ompi_mpi_errcode_add
  [A] ompi_mpi_errcode_finalize
  [A] ompi_mpi_errcode_init
  [A] ompi_mpi_errnum_add_string
  [A] ompi_mpi_finalize
  [A] ompi_mpi_init
  [A] ompi_mpi_thread_level
  [A] ompi_mpiext_fini
  [A] ompi_mpiext_init
  [A] ompi_mpiinfo_finalize
  [A] ompi_mpiinfo_init
  [A] ompi_mpit_lock
  [A] ompi_mpit_unlock
  [A] ompi_netpatterns_base_err
  [A] ompi_netpatterns_cleanup_narray_knomial_tree
  [A] ompi_netpatterns_cleanup_recursive_doubling_tree_node
  [A] ompi_netpatterns_cleanup_recursive_knomial_allgather_tree_node
  [A] ompi_netpatterns_cleanup_recursive_knomial_tree_node
  [A] ompi_netpatterns_init
  [A] ompi_netpatterns_register_mca_params
  [A] ompi_netpatterns_setup_multinomial_tree
  [A] ompi_netpatterns_setup_narray_knomial_tree
  [A] ompi_netpatterns_setup_narray_tree
  [A] ompi_netpatterns_setup_narray_tree_contigous_ranks
  [A] ompi_netpatterns_setup_recursive_doubling_n_tree_node
  [A] ompi_netpatterns_setup_recursive_doubling_tree_node
  [A] ompi_netpatterns_setup_recursive_knomial_allgather_tree_node
  [A] ompi_netpatterns_setup_recursive_knomial_tree_node
  [A] ompi_null_copy_fn_f, aliases mpi_null_copy_fn_, MPI_NULL_COPY_FN
  [A] ompi_null_delete_fn_f, aliases mpi_null_delete_fn__
  [A] ompi_op_base_find_available
  [A] ompi_op_base_op_select
  [A] ompi_op_create_user
  [A] ompi_op_finalize
  [A] ompi_op_init
  [A] ompi_op_set_java_callback
  [A] ompi_osc_base_finalize
  [A] ompi_osc_base_find_available
  [A] ompi_osc_base_select
  [A] ompi_osc_base_sndrcv_op
  [A] ompi_osc_get_data_blocking
  [A] ompi_osc_module_add_peer
  [A] ompi_osc_pt2pt_accumulate
  [A] ompi_osc_pt2pt_attach
  [A] ompi_osc_pt2pt_compare_and_swap
  [A] ompi_osc_pt2pt_complete
  [A] ompi_osc_pt2pt_component_irecv
  [A] ompi_osc_pt2pt_control_send
  [A] ompi_osc_pt2pt_control_send_unbuffered
  [A] ompi_osc_pt2pt_detach
  [A] ompi_osc_pt2pt_fence
  [A] ompi_osc_pt2pt_fetch_and_op
  [A] ompi_osc_pt2pt_flush
  [A] ompi_osc_pt2pt_flush_all
  [A] ompi_osc_pt2pt_flush_local
  [A] ompi_osc_pt2pt_flush_local_all
  [A] ompi_osc_pt2pt_frag_flush_all
  [A] ompi_osc_pt2pt_frag_flush_pending
  [A] ompi_osc_pt2pt_frag_flush_pending_all
  [A] ompi_osc_pt2pt_frag_flush_target
  [A] ompi_osc_pt2pt_frag_start
  [A] ompi_osc_pt2pt_frag_start_receive
  [A] ompi_osc_pt2pt_free
  [A] ompi_osc_pt2pt_get
  [A] ompi_osc_pt2pt_get_accumulate
  [A] ompi_osc_pt2pt_get_info
  [A] ompi_osc_pt2pt_irecv_w_cb
  [A] ompi_osc_pt2pt_isend_w_cb
  [A] ompi_osc_pt2pt_lock
  [A] ompi_osc_pt2pt_lock_all
  [A] ompi_osc_pt2pt_lock_remote
  [A] ompi_osc_pt2pt_post
  [A] ompi_osc_pt2pt_process_flush
  [A] ompi_osc_pt2pt_process_flush_ack
  [A] ompi_osc_pt2pt_process_lock
  [A] ompi_osc_pt2pt_process_lock_ack
  [A] ompi_osc_pt2pt_process_receive
  [A] ompi_osc_pt2pt_process_unlock
  [A] ompi_osc_pt2pt_process_unlock_ack
  [A] ompi_osc_pt2pt_progress_pending_acc
  [A] ompi_osc_pt2pt_put
  [A] ompi_osc_pt2pt_raccumulate
  [A] ompi_osc_pt2pt_rget
  [A] ompi_osc_pt2pt_rget_accumulate
  [A] ompi_osc_pt2pt_rput
  [A] ompi_osc_pt2pt_set_info
  [A] ompi_osc_pt2pt_start
  [A] ompi_osc_pt2pt_sync
  [A] ompi_osc_pt2pt_sync_allocate
  [A] ompi_osc_pt2pt_sync_pscw_peer
  [A] ompi_osc_pt2pt_sync_return
  [A] ompi_osc_pt2pt_test
  [A] ompi_osc_pt2pt_unlock
  [A] ompi_osc_pt2pt_unlock_all
  [A] ompi_osc_pt2pt_wait
  [A] ompi_osc_rdma_accumulate
  [A] ompi_osc_rdma_atomic_complete
  [A] ompi_osc_rdma_attach
  [A] ompi_osc_rdma_compare_and_swap
  [A] ompi_osc_rdma_complete_atomic
  [A] ompi_osc_rdma_demand_lock_peer
  [A] ompi_osc_rdma_detach
  [A] ompi_osc_rdma_fence_atomic
  [A] ompi_osc_rdma_fetch_and_op
  [A] ompi_osc_rdma_find_dynamic_region
  [A] ompi_osc_rdma_flush
  [A] ompi_osc_rdma_flush_all
  [A] ompi_osc_rdma_flush_local
  [A] ompi_osc_rdma_flush_local_all
  [A] ompi_osc_rdma_free
  [A] ompi_osc_rdma_get
  [A] ompi_osc_rdma_get_accumulate
  [A] ompi_osc_rdma_lock_all_atomic
  [A] ompi_osc_rdma_lock_atomic
  [A] ompi_osc_rdma_new_peer
  [A] ompi_osc_rdma_peer_btl_endpoint
  [A] ompi_osc_rdma_peer_lookup
  [A] ompi_osc_rdma_post_atomic
  [A] ompi_osc_rdma_put
  [A] ompi_osc_rdma_put_contig
  [A] ompi_osc_rdma_raccumulate
  [A] ompi_osc_rdma_rget
  [A] ompi_osc_rdma_rget_accumulate
  [A] ompi_osc_rdma_rput
  [A] ompi_osc_rdma_start_atomic
  [A] ompi_osc_rdma_sync
  [A] ompi_osc_rdma_sync_allocate
  [A] ompi_osc_rdma_sync_pscw_peer
  [A] ompi_osc_rdma_sync_return
  [A] ompi_osc_rdma_test_atomic
  [A] ompi_osc_rdma_unlock_all_atomic
  [A] ompi_osc_rdma_unlock_atomic
  [A] ompi_osc_rdma_wait_atomic
  [A] ompi_osc_sm_accumulate
  [A] ompi_osc_sm_attach
  [A] ompi_osc_sm_compare_and_swap
  [A] ompi_osc_sm_complete
  [A] ompi_osc_sm_detach
  [A] ompi_osc_sm_fence
  [A] ompi_osc_sm_fetch_and_op
  [A] ompi_osc_sm_flush
  [A] ompi_osc_sm_flush_all
  [A] ompi_osc_sm_flush_local
  [A] ompi_osc_sm_flush_local_all
  [A] ompi_osc_sm_free
  [A] ompi_osc_sm_get
  [A] ompi_osc_sm_get_accumulate
  [A] ompi_osc_sm_get_info
  [A] ompi_osc_sm_lock
  [A] ompi_osc_sm_lock_all
  [A] ompi_osc_sm_post
  [A] ompi_osc_sm_put
  [A] ompi_osc_sm_raccumulate
  [A] ompi_osc_sm_rget
  [A] ompi_osc_sm_rget_accumulate
  [A] ompi_osc_sm_rput
  [A] ompi_osc_sm_set_info
  [A] ompi_osc_sm_shared_query
  [A] ompi_osc_sm_start
  [A] ompi_osc_sm_sync
  [A] ompi_osc_sm_test
  [A] ompi_osc_sm_unlock
  [A] ompi_osc_sm_unlock_all
  [A] ompi_osc_sm_wait
  [A] ompi_pml_v_output_close
  [A] ompi_pml_v_output_open
  [A] ompi_proc_complete_init
  [A] ompi_proc_complete_init_single
  [A] ompi_proc_find_and_add
  [A] ompi_proc_for_name
  [A] ompi_proc_get_allocated
  [A] ompi_proc_lookup
  [A] ompi_proc_world_size
  [A] ompi_request_default_test
  [A] ompi_request_default_test_all
  [A] ompi_request_default_test_any
  [A] ompi_request_default_test_some
  [A] ompi_request_default_wait
  [A] ompi_request_default_wait_all
  [A] ompi_request_default_wait_any
  [A] ompi_request_default_wait_some
  [A] ompi_request_finalize
  [A] ompi_request_init
  [A] ompi_request_persistent_noop_create
  [A] ompi_rounddown
  [A] ompi_roundup_to_power_radix
  [A] ompi_rte_abort
  [A] ompi_rte_connect_accept_support
  [A] ompi_rte_wait_for_debugger
  [A] ompi_set_group_rank
  [A] ompi_show_all_mca_params
  [A] ompi_spc_cycles_to_usecs
  [A] ompi_spc_events_init
  [A] ompi_spc_fini
  [A] ompi_spc_init
  [A] ompi_spc_record
  [A] ompi_spc_timer_start
  [A] ompi_spc_timer_stop
  [A] ompi_spc_update_watermark
  [A] ompi_spc_user_or_mpi
  [A] ompi_type_dup_fn_f, aliases mpi_type_dup_fn, MPI_TYPE_DUP_FN
  [A] ompi_type_null_copy_fn_f
  [A] ompi_type_null_delete_fn_f, aliases mpi_type_null_delete_fn__, mpi_type_null_delete_fn
  [A] ompi_win_allocate
  [A] ompi_win_allocate_shared
  [A] ompi_win_create
  [A] ompi_win_create_dynamic
  [A] ompi_win_dup_fn_f, aliases mpi_win_dup_fn, mpi_win_dup_fn__, mpi_win_dup_fn_, MPI_WIN_DUP_FN
  [A] ompi_win_finalize
  [A] ompi_win_free
  [A] ompi_win_get_name
  [A] ompi_win_group
  [A] ompi_win_init
  [A] ompi_win_null_copy_fn_f
  [A] ompi_win_null_delete_fn_f, aliases MPI_WIN_NULL_DELETE_FN, mpi_win_null_delete_fn__
  [A] ompi_win_set_name
  [A] ompit_opal_to_mpit_error
  [A] ompit_var_type_to_datatype
  [A] optimize_arity
  [A] osc_pt2pt_incoming_complete
  [A] osc_pt2pt_incoming_post
  [A] partial_aggregate_aff_mat
  [A] partial_sort
  [A] partial_update_val
  [A] print_1D_tab
  [A] recurs_select_independent_groups
  [A] select_independent_groups
  [A] select_independent_groups_by_largest_index
  [A] select_max
  [A] set_deb_tab_child
  [A] set_node
  [A] split_com_mat
  [A] split_constraints
  [A] split_vertices
  [A] submit_work
  [A] super_fast_grouping
  [A] symetric
  [A] tab_cmp
  [A] terminate_thread_pool
  [A] test_independent_groups
  [A] test_main
  [A] tgt_to_tm
  [A] time_diff
  [A] tm_build_affinity_mat
  [A] tm_build_synthetic_topology
  [A] tm_build_tree_from_topology
  [A] tm_calloc
  [A] tm_close_verbose_file
  [A] tm_compute_mapping
  [A] tm_display_arity
  [A] tm_display_other_heuristics
  [A] tm_display_solution
  [A] tm_display_topology
  [A] tm_enable_oversubscribing
  [A] tm_finalize
  [A] tm_free
  [A] tm_free_affinity_mat
  [A] tm_free_solution
  [A] tm_free_topology
  [A] tm_free_tree
  [A] tm_get_exhaustive_search_flag
  [A] tm_get_verbose_level
  [A] tm_get_verbose_output
  [A] tm_load_aff_mat
  [A] tm_load_topology
  [A] tm_malloc
  [A] tm_mem_check
  [A] tm_open_verbose_file
  [A] tm_optimize_topology
  [A] tm_realloc
  [A] tm_set_exhaustive_search_flag
  [A] tm_set_max_nb_threads
  [A] tm_set_verbose_level
  [A] tm_topology_add_binding_constraints
  [A] tm_topology_set_binding_constraints
  [A] topo_nb_proc
  [A] topology_arity_cpy
  [A] topology_constraints_cpy
  [A] topology_cost_cpy
  [A] topology_numbering_cpy
  [A] topology_to_arch
  [A] try_add_edge
  [A] two_phase_heap_merge
  [A] update_comm_speed
  [A] update_val
  [A] vprotocol_pessimist_delivery_replay
  [A] vprotocol_pessimist_event_logger_connect
  [A] vprotocol_pessimist_event_logger_disconnect
  [A] vprotocol_pessimist_matching_replay
  [A] vprotocol_pessimist_sender_based_alloc
  [A] vprotocol_pessimist_sender_based_finalize
  [A] vprotocol_pessimist_sender_based_init
  [A] wait_work_completion
  [A] weighted_degree_asc
  [A] weighted_degree_dsc

118 Removed variable symbols not referenced by debug info:

  [D] MPI_FORTRAN_ARGVS_NULL
  [D] MPI_FORTRAN_ARGV_NULL
  [D] MPI_FORTRAN_BOTTOM
  [D] MPI_FORTRAN_ERRCODES_IGNORE
  [D] MPI_FORTRAN_IN_PLACE
  [D] MPI_FORTRAN_STATUSES_IGNORE
  [D] MPI_FORTRAN_STATUS_IGNORE
  [D] mca_allocator_base_components
  [D] mca_allocator_base_output
  [D] mca_allocator_basic_component
  [D] mca_allocator_bucket_component
  [D] mca_bml_base_components_available
  [D] mca_bml_base_output
  [D] mca_btl_base_active_message_trigger
  [D] mca_btl_base_components_opened
  [D] mca_btl_base_descriptor_t_class
  [D] mca_btl_base_modules_initialized
  [D] mca_btl_base_output
  [D] mca_btl_base_selected_module_t_class
  [D] mca_btl_base_thread_multiple_override
  [D] mca_btl_base_verbose
  [D] mca_btl_self_component
  [D] mca_btl_sm_component
  [D] mca_btl_tcp_component
  [D] mca_coll_base_components_opened
  [D] mca_coll_base_output
  [D] mca_coll_base_param
  [D] mca_coll_hierarch_component
  [D] mca_dpm_orte_component
  [D] mca_io_base_components_available
  [D] mca_io_base_components_available_valid
  [D] mca_io_base_components_opened
  [D] mca_io_base_components_opened_valid
  [D] mca_io_base_output
  [D] mca_io_base_param
  [D] mca_io_base_request_num_pending
  [D] mca_io_base_requests
  [D] mca_io_base_requests_valid
  [D] mca_io_romio_component
  [D] mca_mpool_base_components
  [D] mca_mpool_base_output
  [D] mca_mpool_base_page_size
  [D] mca_mpool_base_page_size_log
  [D] mca_mpool_base_registration_t_class
  [D] mca_mpool_base_selected_module_t_class
  [D] mca_mpool_base_tree_item_t_class
  [D] mca_mpool_fake_component
  [D] mca_mpool_rdma_component
  [D] mca_mpool_sm_component
  [D] mca_pml_base_components_available
  [D] mca_pml_base_output
  [D] mca_pml_csum_component
  [D] mca_pubsub_orte_component
  [D] mca_rcache_base_components
  [D] mca_rcache_base_modules
  [D] mca_rcache_base_output
  [D] mca_rcache_base_selected_module_t_class
  [D] mca_rcache_vma_component
  [D] mca_topo_base_components_available
  [D] mca_topo_base_components_opened
  [D] mca_topo_base_output
  [D] mca_topo_unity_component
  [D] mca_vprotocol_base_components_available
  [D] mpi_fortran_argv_null
  [D] mpi_fortran_argv_null__
  [D] mpi_fortran_argvs_null
  [D] mpi_fortran_argvs_null__
  [D] mpi_fortran_bottom
  [D] mpi_fortran_bottom__
  [D] mpi_fortran_errcodes_ignore
  [D] mpi_fortran_errcodes_ignore__
  [D] mpi_fortran_in_place
  [D] mpi_fortran_in_place__
  [D] mpi_fortran_status_ignore
  [D] mpi_fortran_status_ignore__
  [D] mpi_fortran_statuses_ignore
  [D] mpi_fortran_statuses_ignore__
  [D] ompi_bitmap_t_class
  [D] ompi_comm_reg_t_class
  [D] ompi_convertor_t_class
  [D] ompi_cr_continue_like_restart
  [D] ompi_crcp_base_components_available
  [D] ompi_crcp_base_output
  [D] ompi_dpm
  [D] ompi_dpm_base_components_available
  [D] ompi_dpm_base_output
  [D] ompi_dpm_base_selected_component
  [D] ompi_free_list_item_t_class
  [D] ompi_free_list_t_class
  [D] ompi_info_entry_t_class
  [D] ompi_mpi_abort_delay
  [D] ompi_mpi_abort_print_stack
  [D] ompi_mpi_end_loop
  [D] ompi_mpi_finalized
  [D] ompi_mpi_initialized
  [D] ompi_mpi_keep_peer_hostnames
  [D] ompi_mpi_leave_pinned
  [D] ompi_mpi_leave_pinned_pipeline
  [D] ompi_mpi_local_arch
  [D] ompi_mpi_logic
  [D] ompi_mpi_loop
  [D] ompi_mpi_maffinity_setup
  [D] ompi_mpi_paffinity_alone
  [D] ompi_mtl_base_components_opened
  [D] ompi_mtl_base_output
  [D] ompi_osc_base_open_components
  [D] ompi_osc_base_output
  [D] ompi_pubsub
  [D] ompi_pubsub_base_components_available
  [D] ompi_pubsub_base_output
  [D] ompi_pubsub_base_selected_component
  [D] ompi_rb_tree_node_t_class
  [D] ompi_rb_tree_t_class
  [D] ompi_request_completed
  [D] ompi_request_cond
  [D] ompi_request_lock
  [D] ompi_request_waiting
  [D] ompi_warn_on_fork

354 Added variable symbols not referenced by debug info:

  [A] ADIOI_cb_config_list_keyval
  [A] ADIOI_syshints
  [A] ADIO_same_amode
  [A] NBC_Schedule_class
  [A] _dict_free
  [A] _dict_malloc
  [A] comm
  [A] common_monitoring_translation_ht
  [A] fbtl_posix_max_aio_active_reqs
  [A] gpfsmpio_onesided_always_rmw
  [A] gpfsmpio_onesided_no_rmw
  [A] gpfsmpio_read_aggmethod
  [A] gpfsmpio_write_aggmethod
  [A] libnbc_ibcast_skip_dt_decision
  [A] mca_bml_base_static_components
  [A] mca_bml_lock
  [A] mca_bml_r2
  [A] mca_coll_base_comm_t_class
  [A] mca_coll_base_static_components
  [A] mca_coll_basic_component_version_string
  [A] mca_coll_basic_crossover
  [A] mca_coll_basic_module_t_class
  [A] mca_coll_basic_priority
  [A] mca_coll_inter_component_version_string
  [A] mca_coll_inter_module_t_class
  [A] mca_coll_inter_priority_param
  [A] mca_coll_inter_verbose_param
  [A] mca_coll_libnbc_component
  [A] mca_coll_libnbc_component_version_string
  [A] mca_coll_self_component_version_string
  [A] mca_coll_self_module_t_class
  [A] mca_coll_sm_component_version_string
  [A] mca_coll_sm_module_t_class
  [A] mca_coll_sm_one
  [A] mca_coll_sync_component_version_string
  [A] mca_coll_sync_module_t_class
  [A] mca_coll_tuned_module_t_class
  [A] mca_common_monitoring_current_state
  [A] mca_common_monitoring_enabled
  [A] mca_common_monitoring_output_stream_id
  [A] mca_common_ompio_pending_requests
  [A] mca_common_ompio_progress_is_registered
  [A] mca_crcp_base_static_components
  [A] mca_fbtl
  [A] mca_fbtl_base_selected_component
  [A] mca_fbtl_base_static_components
  [A] mca_fbtl_posix_component
  [A] mca_fbtl_posix_component_version_string
  [A] mca_fbtl_posix_priority
  [A] mca_fcoll_base_static_components
  [A] mca_fcoll_dynamic_component
  [A] mca_fcoll_dynamic_component_version_string
  [A] mca_fcoll_dynamic_gen2_component
  [A] mca_fcoll_dynamic_gen2_component_version_string
  [A] mca_fcoll_dynamic_gen2_num_groups
  [A] mca_fcoll_dynamic_gen2_priority
  [A] mca_fcoll_dynamic_gen2_write_chunksize
  [A] mca_fcoll_dynamic_priority
  [A] mca_fcoll_individual_component
  [A] mca_fcoll_individual_component_version_string
  [A] mca_fcoll_individual_priority
  [A] mca_fcoll_two_phase_component
  [A] mca_fcoll_two_phase_component_version_string
  [A] mca_fcoll_two_phase_priority
  [A] mca_fcoll_vulcan_async_io
  [A] mca_fcoll_vulcan_component
  [A] mca_fcoll_vulcan_component_version_string
  [A] mca_fcoll_vulcan_num_groups
  [A] mca_fcoll_vulcan_priority
  [A] mca_fcoll_vulcan_write_chunksize
  [A] mca_fs_base_static_components
  [A] mca_fs_ufs_component
  [A] mca_fs_ufs_component_version_string
  [A] mca_fs_ufs_lock_algorithm
  [A] mca_fs_ufs_priority
  [A] mca_hook_base_static_components
  [A] mca_io_base_static_components
  [A] mca_io_ompio_aggregators_cutoff_threshold
  [A] mca_io_ompio_bytes_per_agg
  [A] mca_io_ompio_coll_timing_info
  [A] mca_io_ompio_component
  [A] mca_io_ompio_component_version_string
  [A] mca_io_ompio_cycle_buffer_size
  [A] mca_io_ompio_grouping_option
  [A] mca_io_ompio_max_aggregators_ratio
  [A] mca_io_ompio_module
  [A] mca_io_ompio_mutex
  [A] mca_io_ompio_num_aggregators
  [A] mca_io_ompio_overwrite_amode
  [A] mca_io_ompio_record_offset_info
  [A] mca_io_ompio_verbose_info_parsing
  [A] mca_io_romio321_component
  [A] mca_io_romio321_component_version_string
  [A] mca_io_romio321_module
  [A] mca_io_romio321_mutex
  [A] mca_monitoring_coll_data_t_class
  [A] mca_mtl_base_static_components
  [A] mca_ompio_request_t_class
  [A] mca_op_base_static_components
  [A] mca_osc_base_static_components
  [A] mca_osc_sm_component
  [A] mca_pml_base_static_components
  [A] mca_pml_bsend_addr
  [A] mca_pml_bsend_base
  [A] mca_pml_bsend_userbase
  [A] mca_pml_cm_hvy_recv_request_t_class
  [A] mca_pml_cm_hvy_send_request_t_class
  [A] mca_pml_cm_request_t_class
  [A] mca_pml_cm_send_request_t_class
  [A] mca_pml_cm_thin_recv_request_t_class
  [A] mca_pml_cm_thin_send_request_t_class
  [A] mca_pml_ob1
  [A] mca_pml_ob1_buffer_t_class
  [A] mca_pml_ob1_comm_proc_t_class
  [A] mca_pml_ob1_comm_t_class
  [A] mca_pml_ob1_matching_protection
  [A] mca_pml_ob1_output
  [A] mca_pml_ob1_pckt_pending_t_class
  [A] mca_pml_ob1_rdma_frag_t_class
  [A] mca_pml_ob1_recv_frag_t_class
  [A] mca_pml_ob1_recv_request_t_class
  [A] mca_pml_ob1_recvreq
  [A] mca_pml_ob1_send_range_t_class
  [A] mca_pml_ob1_send_request_t_class
  [A] mca_pml_ob1_sendreq
  [A] mca_rte_base_static_components
  [A] mca_rte_orte_component
  [A] mca_sharedfp
  [A] mca_sharedfp_base_static_components
  [A] mca_sharedfp_individual_component
  [A] mca_sharedfp_individual_component_version_string
  [A] mca_sharedfp_individual_priority
  [A] mca_sharedfp_individual_usage_counter
  [A] mca_sharedfp_individual_verbose
  [A] mca_sharedfp_lockedfile_component
  [A] mca_sharedfp_lockedfile_component_version_string
  [A] mca_sharedfp_lockedfile_priority
  [A] mca_sharedfp_lockedfile_verbose
  [A] mca_sharedfp_sm_component
  [A] mca_sharedfp_sm_component_version_string
  [A] mca_sharedfp_sm_priority
  [A] mca_sharedfp_sm_verbose
  [A] mca_topo_base_comm_cart_2_2_0_t_class
  [A] mca_topo_base_comm_dist_graph_2_2_0_t_class
  [A] mca_topo_base_comm_graph_2_2_0_t_class
  [A] mca_topo_base_module_t_class
  [A] mca_topo_base_static_components
  [A] mca_topo_basic_component
  [A] mca_topo_basic_component_version_string
  [A] mca_topo_treematch_component
  [A] mca_topo_treematch_component_version_string
  [A] mca_topo_treematch_module_t_class
  [A] mca_vprotocol_base_static_components
  [A] mca_vprotocol_pessimist_recv_request_t_class
  [A] mca_vprotocol_pessimist_send_request_t_class
  [A] mpi_fortran_unweighted_
  [A] mpi_fortran_weights_empty_
  [A] mpi_t_enabled
  [A] mpi_t_offset
  [A] ompi_add_procs_cutoff
  [A] ompi_async_mpi_finalize
  [A] ompi_async_mpi_init
  [A] ompi_bml_base_framework
  [A] ompi_coll_base_framework
  [A] ompi_coll_libnbc_module_t_class
  [A] ompi_coll_libnbc_request_t_class
  [A] ompi_coll_self_priority
  [A] ompi_coll_tuned_alltoall_intermediate_msg
  [A] ompi_coll_tuned_alltoall_small_msg
  [A] ompi_coll_tuned_component_version_string
  [A] ompi_coll_tuned_dynamic_rules_filename
  [A] ompi_coll_tuned_forced_max_algorithms
  [A] ompi_coll_tuned_forced_params
  [A] ompi_coll_tuned_init_chain_fanout
  [A] ompi_coll_tuned_init_max_requests
  [A] ompi_coll_tuned_init_tree_fanout
  [A] ompi_coll_tuned_priority
  [A] ompi_coll_tuned_stream
  [A] ompi_coll_tuned_use_dynamic_rules
  [A] ompi_comm_allreduce_context_t_class
  [A] ompi_comm_cid_context_t_class
  [A] ompi_comm_f_to_c_table
  [A] ompi_comm_idup_with_info_context_t_class
  [A] ompi_comm_num_dyncomm
  [A] ompi_comm_request_initialized
  [A] ompi_comm_request_item_t_class
  [A] ompi_comm_request_progress_active
  [A] ompi_comm_request_t_class
  [A] ompi_cr_verbosity
  [A] ompi_crcp_base_btl_state_t_class
  [A] ompi_crcp_base_framework
  [A] ompi_datatype_basicDatatypes
  [A] ompi_datatype_external32_arch_id
  [A] ompi_datatype_f_to_c_table
  [A] ompi_datatype_number_of_predefined_data
  [A] ompi_enable_timing
  [A] ompi_errcode_intern_t_class
  [A] ompi_errhandler_t_class
  [A] ompi_fbtl_base_framework
  [A] ompi_fcoll_base_framework
  [A] ompi_file_f_to_c_table
  [A] ompi_file_t_class
  [A] ompi_fs_base_framework
  [A] ompi_hook_base_framework
  [A] ompi_info_f_to_c_table
  [A] ompi_info_type_base
  [A] ompi_info_type_ompi
  [A] ompi_io_base_framework
  [A] ompi_message_f_to_c_table
  [A] ompi_message_free_list
  [A] ompi_message_no_proc
  [A] ompi_message_null
  [A] ompi_message_t_class
  [A] ompi_mpi_2dblprec_addr
  [A] ompi_mpi_2integer_addr
  [A] ompi_mpi_2real_addr
  [A] ompi_mpi_aint
  [A] ompi_mpi_c_bool
  [A] ompi_mpi_c_complex
  [A] ompi_mpi_c_double_complex
  [A] ompi_mpi_c_float_complex
  [A] ompi_mpi_c_long_double_complex
  [A] ompi_mpi_character_addr
  [A] ompi_mpi_comm_null_addr
  [A] ompi_mpi_comm_self_addr
  [A] ompi_mpi_comm_world_addr
  [A] ompi_mpi_complex16_addr
  [A] ompi_mpi_complex32_addr
  [A] ompi_mpi_complex8_addr
  [A] ompi_mpi_count
  [A] ompi_mpi_cplex_addr
  [A] ompi_mpi_dblcplex_addr
  [A] ompi_mpi_dblprec_addr
  [A] ompi_mpi_dynamics_enabled
  [A] ompi_mpi_errcode_t_class
  [A] ompi_mpi_errhandler_null_addr
  [A] ompi_mpi_errors_are_fatal_addr
  [A] ompi_mpi_errors_return_addr
  [A] ompi_mpi_errors_throw_exceptions_addr
  [A] ompi_mpi_event_tick_rate
  [A] ompi_mpi_f90_complex_hashtable
  [A] ompi_mpi_f90_integer_hashtable
  [A] ompi_mpi_f90_real_hashtable
  [A] ompi_mpi_file_bootstrap_mutex
  [A] ompi_mpi_file_null_addr
  [A] ompi_mpi_group_empty_addr
  [A] ompi_mpi_group_null_addr
  [A] ompi_mpi_have_sparse_group_storage
  [A] ompi_mpi_info_env
  [A] ompi_mpi_info_null_addr
  [A] ompi_mpi_int16_t
  [A] ompi_mpi_int32_t
  [A] ompi_mpi_int64_t
  [A] ompi_mpi_int8_t
  [A] ompi_mpi_integer16_addr
  [A] ompi_mpi_integer1_addr
  [A] ompi_mpi_integer2_addr
  [A] ompi_mpi_integer4_addr
  [A] ompi_mpi_integer8_addr
  [A] ompi_mpi_integer_addr
  [A] ompi_mpi_keep_fqdn_hostnames
  [A] ompi_mpi_logical
  [A] ompi_mpi_logical1_addr
  [A] ompi_mpi_logical2_addr
  [A] ompi_mpi_logical4_addr
  [A] ompi_mpi_logical8_addr
  [A] ompi_mpi_logical_addr
  [A] ompi_mpi_offset
  [A] ompi_mpi_ompio_bootstrap_mutex
  [A] ompi_mpi_op_band_addr
  [A] ompi_mpi_op_bor_addr
  [A] ompi_mpi_op_bxor_addr
  [A] ompi_mpi_op_land_addr
  [A] ompi_mpi_op_lor_addr
  [A] ompi_mpi_op_lxor_addr
  [A] ompi_mpi_op_max_addr
  [A] ompi_mpi_op_maxloc_addr
  [A] ompi_mpi_op_min_addr
  [A] ompi_mpi_op_minloc_addr
  [A] ompi_mpi_op_no_op
  [A] ompi_mpi_op_no_op_addr
  [A] ompi_mpi_op_null_addr
  [A] ompi_mpi_op_prod_addr
  [A] ompi_mpi_op_replace_addr
  [A] ompi_mpi_op_sum_addr
  [A] ompi_mpi_preconnect_mpi
  [A] ompi_mpi_real16_addr
  [A] ompi_mpi_real4_addr
  [A] ompi_mpi_real8_addr
  [A] ompi_mpi_real_addr
  [A] ompi_mpi_show_mca_params_string
  [A] ompi_mpi_spc_attach_string
  [A] ompi_mpi_spc_dump_enabled
  [A] ompi_mpi_state
  [A] ompi_mpi_status_ignore_addr
  [A] ompi_mpi_statuses_ignore_addr
  [A] ompi_mpi_uint16_t
  [A] ompi_mpi_uint32_t
  [A] ompi_mpi_uint64_t
  [A] ompi_mpi_uint8_t
  [A] ompi_mpi_win_null_addr
  [A] ompi_mpi_yield_when_idle
  [A] ompi_mpiext_components
  [A] ompi_mpit_big_lock
  [A] ompi_mpit_init_count
  [A] ompi_mtl_base_framework
  [A] ompi_namelist_t_class
  [A] ompi_netpatterns_base_verbose
  [A] ompi_op_base_3buff_functions
  [A] ompi_op_base_framework
  [A] ompi_op_base_functions
  [A] ompi_op_base_module_1_0_0_t_class
  [A] ompi_op_base_module_t_class
  [A] ompi_op_f_to_c_table
  [A] ompi_osc_base_framework
  [A] ompi_osc_pt2pt_ddt_buffer_t_class
  [A] ompi_osc_pt2pt_frag_t_class
  [A] ompi_osc_pt2pt_module_template
  [A] ompi_osc_pt2pt_no_locks
  [A] ompi_osc_pt2pt_peer_t_class
  [A] ompi_osc_pt2pt_pending_lock_t_class
  [A] ompi_osc_pt2pt_pending_t_class
  [A] ompi_osc_pt2pt_receive_t_class
  [A] ompi_osc_pt2pt_request_t_class
  [A] ompi_osc_pt2pt_sync_t_class
  [A] ompi_osc_rdma_frag_t_class
  [A] ompi_osc_rdma_module_rdma_template
  [A] ompi_osc_rdma_peer_basic_t_class
  [A] ompi_osc_rdma_peer_dynamic_t_class
  [A] ompi_osc_rdma_peer_extended_t_class
  [A] ompi_osc_rdma_peer_t_class
  [A] ompi_osc_rdma_pending_op_t_class
  [A] ompi_osc_rdma_request_t_class
  [A] ompi_osc_rdma_sync_t_class
  [A] ompi_osc_sm_module_template
  [A] ompi_pml_base_bsend_allocator_name
  [A] ompi_pml_base_framework
  [A] ompi_pml_cm
  [A] ompi_proc_list
  [A] ompi_proc_t_class
  [A] ompi_request_null_addr
  [A] ompi_rte_base_framework
  [A] ompi_rte_initialized
  [A] ompi_rte_orte_component_version_string
  [A] ompi_sharedfp_base_framework
  [A] ompi_topo_base_framework
  [A] ompi_vprotocol_base_framework
  [A] ompi_win_accumulate_ops
  [A] ompi_win_accumulate_order
  [A] ompi_wtime_time_origin
  [A] osc_pt2pt_accumulate_data_t_class
  [A] osc_pt2pt_pending_acc_t_class
  [A] send_completion_callbacks
  [A] sys_clock_freq_mhz

