ELF SONAME changed
Functions changes summary: 1 Removed, 0 Changed, 0 Added function
Variables changes summary: 1 Removed, 1 Changed (8 filtered out), 0 Added variables
Function symbols changes summary: 1787 Removed, 73 Added function symbols not referenced by debug info
Variable symbols changes summary: 460 Removed, 17 Added variable symbols not referenced by debug info

SONAME changed from 'libmpi.so.1' to 'libmpi.so.0'

1 Removed function:

  [D] 'function void* MPIR_Breakpoint()'    {MPIR_Breakpoint}

1 Removed variable:

  [D] 'opal_datatype_t* opal_datatype_t_type_force_inclusion'    {opal_datatype_t_type_force_inclusion}

1 Changed variable:

  [C] 'ompi_status_public_t* ompi_status_public_t_type_force_inclusion' was changed at ompi_debuggers.c:122:1:
    type of variable changed:
      in pointed to type 'struct ompi_status_public_t' at mpi.h:237:1:
        type size changed from 192 to 160 (in bits)
        1 data member deletion:
          'size_t ompi_status_public_t::_ucount', at offset 128 (in bits) at mpi.h:347:1
        1 data member insertion:
          'int ompi_status_public_t::_count', at offset 96 (in bits) at mpi.h:241:1
        1 data member change:
          'int ompi_status_public_t::_cancelled' offset changed from 96 to 128 (in bits) (by +32 bits)

1787 Removed function symbols not referenced by debug info:

  [D] ADIOI_Add_contig_flattened
  [D] ADIOI_Agg_idx
  [D] ADIOI_Build_agg_reqs
  [D] ADIOI_Build_client_pre_req
  [D] ADIOI_Build_client_req
  [D] ADIOI_Build_client_reqs
  [D] ADIOI_Calc_bounds
  [D] ADIOI_Calc_file_realms
  [D] ADIOI_Calc_file_realms_aar
  [D] ADIOI_Calc_file_realms_fsize
  [D] ADIOI_Calc_file_realms_user_size
  [D] ADIOI_Create_fr_simpletype
  [D] ADIOI_Datatype_iscontig
  [D] ADIOI_Exch_file_views
  [D] ADIOI_FAILSAFE_OpenColl
  [D] ADIOI_GEN_Feature
  [D] ADIOI_GEN_OpenColl
  [D] ADIOI_GEN_aio_query_fn
  [D] ADIOI_Heap_create
  [D] ADIOI_Heap_extract_min
  [D] ADIOI_Heap_free
  [D] ADIOI_Heap_insert
  [D] ADIOI_Heap_merge
  [D] ADIOI_IOFiletype
  [D] ADIOI_IOStridedColl
  [D] ADIOI_NFS_Feature
  [D] ADIOI_Print_flatlist_node
  [D] ADIOI_SCALEABLE_OpenColl
  [D] ADIOI_Verify_fr
  [D] ADIOI_incorporate_system_hints
  [D] ADIOI_init_view_state
  [D] MPIR_MPIOInit
  [D] MPI_Comm_split_type
  [D] MPI_Get_library_version, aliases PMPI_Get_library_version
  [D] MPI_Iallgather
  [D] MPI_Iallgatherv
  [D] MPI_Iallreduce
  [D] MPI_Ialltoall
  [D] MPI_Ialltoallv, aliases PMPI_Ialltoallv
  [D] MPI_Ialltoallw, aliases PMPI_Ialltoallw
  [D] MPI_Ibarrier
  [D] MPI_Ibcast
  [D] MPI_Iexscan, aliases PMPI_Iexscan
  [D] MPI_Igather
  [D] MPI_Igatherv, aliases PMPI_Igatherv
  [D] MPI_Improbe, aliases PMPI_Improbe
  [D] MPI_Imrecv, aliases PMPI_Imrecv
  [D] MPI_Ireduce
  [D] MPI_Ireduce_scatter
  [D] MPI_Ireduce_scatter_block
  [D] MPI_Iscan
  [D] MPI_Iscatter, aliases PMPI_Iscatter
  [D] MPI_Iscatterv
  [D] MPI_Message_c2f, aliases PMPI_Message_c2f
  [D] MPI_Message_f2c
  [D] MPI_Mprobe
  [D] MPI_Mrecv, aliases PMPI_Mrecv
  [D] MPI_Op_commutative, aliases PMPI_Op_commutative
  [D] MPI_Reduce_local
  [D] MPI_Reduce_scatter_block, aliases PMPI_Reduce_scatter_block
  [D] MPI_Type_create_hindexed_block, aliases PMPI_Type_create_hindexed_block
  [D] NBC_Init_comm
  [D] NBC_Init_handle
  [D] NBC_Progress
  [D] NBC_Sched_barrier
  [D] NBC_Sched_commit
  [D] NBC_Sched_copy
  [D] NBC_Sched_create
  [D] NBC_Sched_op
  [D] NBC_Sched_recv
  [D] NBC_Sched_send
  [D] NBC_Sched_unpack
  [D] NBC_Start
  [D] PMPI_Comm_split_type, aliases MPI_Comm_split_type
  [D] PMPI_Get_library_version
  [D] PMPI_Iallgather, aliases MPI_Iallgather
  [D] PMPI_Iallgatherv, aliases MPI_Iallgatherv
  [D] PMPI_Iallreduce, aliases MPI_Iallreduce
  [D] PMPI_Ialltoall, aliases MPI_Ialltoall
  [D] PMPI_Ialltoallv
  [D] PMPI_Ialltoallw
  [D] PMPI_Ibarrier, aliases MPI_Ibarrier
  [D] PMPI_Ibcast, aliases MPI_Ibcast
  [D] PMPI_Iexscan
  [D] PMPI_Igather, aliases MPI_Igather
  [D] PMPI_Igatherv
  [D] PMPI_Improbe
  [D] PMPI_Imrecv
  [D] PMPI_Ireduce, aliases MPI_Ireduce
  [D] PMPI_Ireduce_scatter, aliases MPI_Ireduce_scatter
  [D] PMPI_Ireduce_scatter_block, aliases MPI_Ireduce_scatter_block
  [D] PMPI_Iscan, aliases MPI_Iscan
  [D] PMPI_Iscatter
  [D] PMPI_Iscatterv, aliases MPI_Iscatterv
  [D] PMPI_Message_c2f
  [D] PMPI_Message_f2c, aliases MPI_Message_f2c
  [D] PMPI_Mprobe, aliases MPI_Mprobe
  [D] PMPI_Mrecv
  [D] PMPI_Op_commutative
  [D] PMPI_Reduce_local, aliases MPI_Reduce_local
  [D] PMPI_Reduce_scatter_block
  [D] PMPI_Type_create_hindexed_block
  [D] base_bcol_basesmuma_exchange_offsets
  [D] base_bcol_basesmuma_setup_ctl_struct
  [D] base_bcol_basesmuma_setup_library_buffers
  [D] bcol_basesmuma_bank_init_opti
  [D] bcol_basesmuma_barrier_init
  [D] bcol_basesmuma_bcast
  [D] bcol_basesmuma_bcast_init
  [D] bcol_basesmuma_bcast_k_nomial_anyroot
  [D] bcol_basesmuma_bcast_k_nomial_knownroot
  [D] bcol_basesmuma_fanin_init
  [D] bcol_basesmuma_fanout_init
  [D] bcol_basesmuma_free_buff
  [D] bcol_basesmuma_get_buff_index
  [D] bcol_basesmuma_k_nomial_barrier_init
  [D] bcol_basesmuma_k_nomial_barrier_progress
  [D] bcol_basesmuma_memsync_init
  [D] bcol_basesmuma_progress
  [D] bcol_basesmuma_rd_nb_barrier_init_admin
  [D] bcol_basesmuma_rd_nb_barrier_progress_admin
  [D] bcol_basesmuma_setup_knomial_tree
  [D] bcol_basesmuma_smcm_allgather_connection
  [D] bcol_basesmuma_smcm_create_mmap
  [D] bcol_basesmuma_smcm_mem_reg
  [D] bcol_basesmuma_smcm_reg_mmap
  [D] bcol_ptpcoll_allocate_memory
  [D] bcol_ptpcoll_barrier_init
  [D] bcol_ptpcoll_bcast_binomial_scatter_gatther_anyroot
  [D] bcol_ptpcoll_bcast_binomial_scatter_gatther_anyroot_extra
  [D] bcol_ptpcoll_bcast_binomial_scatter_gatther_anyroot_extra_progress
  [D] bcol_ptpcoll_bcast_binomial_scatter_gatther_anyroot_progress
  [D] bcol_ptpcoll_bcast_binomial_scatter_gatther_known_root
  [D] bcol_ptpcoll_bcast_binomial_scatter_gatther_known_root_extra
  [D] bcol_ptpcoll_bcast_binomial_scatter_gatther_known_root_extra_progress
  [D] bcol_ptpcoll_bcast_binomial_scatter_gatther_known_root_progress
  [D] bcol_ptpcoll_bcast_init
  [D] bcol_ptpcoll_bcast_k_nomial_anyroot
  [D] bcol_ptpcoll_bcast_k_nomial_anyroot_progress
  [D] bcol_ptpcoll_bcast_k_nomial_known_root
  [D] bcol_ptpcoll_bcast_k_nomial_known_root_progress
  [D] bcol_ptpcoll_deregister_memory
  [D] bcol_ptpcoll_fanin
  [D] bcol_ptpcoll_fanout
  [D] bcol_ptpcoll_free_memory
  [D] bcol_ptpcoll_register_memory
  [D] btl_sm_process_pending_sends
  [D] coll_ml_config_init_buffer
  [D] coll_ml_config_yy_create_buffer
  [D] coll_ml_config_yy_delete_buffer
  [D] coll_ml_config_yy_flush_buffer
  [D] coll_ml_config_yy_scan_buffer
  [D] coll_ml_config_yy_scan_bytes
  [D] coll_ml_config_yy_scan_string
  [D] coll_ml_config_yy_switch_to_buffer
  [D] coll_ml_config_yyalloc
  [D] coll_ml_config_yyfree
  [D] coll_ml_config_yyget_debug
  [D] coll_ml_config_yyget_in
  [D] coll_ml_config_yyget_leng
  [D] coll_ml_config_yyget_lineno
  [D] coll_ml_config_yyget_out
  [D] coll_ml_config_yyget_text
  [D] coll_ml_config_yylex
  [D] coll_ml_config_yylex_destroy
  [D] coll_ml_config_yypop_buffer_state
  [D] coll_ml_config_yypush_buffer_state
  [D] coll_ml_config_yyrealloc
  [D] coll_ml_config_yyrestart
  [D] coll_ml_config_yyset_debug
  [D] coll_ml_config_yyset_in
  [D] coll_ml_config_yyset_lineno
  [D] coll_ml_config_yyset_out
  [D] coll_ml_progress_individual_message
  [D] comm_allgather_pml
  [D] comm_allreduce_pml
  [D] comm_bcast_pml
  [D] dict_destroy
  [D] dict_int_cmp
  [D] dict_itor_destroy
  [D] dict_long_cmp
  [D] dict_ptr_cmp
  [D] dict_set_free
  [D] dict_set_malloc
  [D] dict_str_cmp
  [D] dict_uint_cmp
  [D] dict_ulong_cmp
  [D] find_next_index
  [D] get_contiguous_chunk_size
  [D] get_group_index_and_distance_for_binomial
  [D] get_group_index_and_distance_for_k_nomial
  [D] get_group_index_for_k_nomial
  [D] get_k_nomial_dst_size
  [D] get_k_nomial_src_list
  [D] get_process_id
  [D] hb_dict_itor_new
  [D] hb_dict_new
  [D] hb_itor_cdata
  [D] hb_itor_data
  [D] hb_itor_destroy
  [D] hb_itor_first
  [D] hb_itor_invalidate
  [D] hb_itor_key
  [D] hb_itor_last
  [D] hb_itor_new
  [D] hb_itor_next
  [D] hb_itor_nextn
  [D] hb_itor_prev
  [D] hb_itor_prevn
  [D] hb_itor_search
  [D] hb_itor_set_data
  [D] hb_itor_valid
  [D] hb_tree_count
  [D] hb_tree_csearch
  [D] hb_tree_destroy
  [D] hb_tree_empty
  [D] hb_tree_height
  [D] hb_tree_insert
  [D] hb_tree_max
  [D] hb_tree_mheight
  [D] hb_tree_min
  [D] hb_tree_new
  [D] hb_tree_pathlen
  [D] hb_tree_probe
  [D] hb_tree_remove
  [D] hb_tree_search
  [D] hb_tree_walk
  [D] mca_allocator_basic_alloc
  [D] mca_allocator_basic_compact
  [D] mca_allocator_basic_component_close
  [D] mca_allocator_basic_component_init
  [D] mca_allocator_basic_component_open
  [D] mca_allocator_basic_finalize
  [D] mca_allocator_basic_free
  [D] mca_allocator_basic_realloc
  [D] mca_allocator_bucket_alloc
  [D] mca_allocator_bucket_alloc_align
  [D] mca_allocator_bucket_alloc_wrapper
  [D] mca_allocator_bucket_cleanup
  [D] mca_allocator_bucket_finalize
  [D] mca_allocator_bucket_free
  [D] mca_allocator_bucket_init
  [D] mca_allocator_bucket_module_close
  [D] mca_allocator_bucket_module_init
  [D] mca_allocator_bucket_module_open
  [D] mca_allocator_bucket_realloc
  [D] mca_bcol_base_bcol_fns_table_init
  [D] mca_bcol_base_close
  [D] mca_bcol_base_fn_table_construct
  [D] mca_bcol_base_fn_table_destroy
  [D] mca_bcol_base_init
  [D] mca_bcol_base_open
  [D] mca_bcol_base_set_attributes
  [D] mca_bcol_basesmuma_allocate_sm_ctl_memory
  [D] mca_bcol_basesmuma_comm_query
  [D] mca_bcol_basesmuma_deregister_sm
  [D] mca_bcol_basesmuma_init_query
  [D] mca_bcol_basesmuma_register_sm
  [D] mca_bcol_ptpcoll_comm_query
  [D] mca_bcol_ptpcoll_init_query
  [D] mca_bcol_ptpcoll_memsync_init
  [D] mca_bcol_ptpcoll_register_mca_params
  [D] mca_bcol_ptpcoll_setup_knomial_tree
  [D] mca_bml_r2_component_close
  [D] mca_bml_r2_component_fini
  [D] mca_bml_r2_component_init
  [D] mca_bml_r2_component_open
  [D] mca_bml_r2_finalize
  [D] mca_bml_r2_ft_event
  [D] mca_btl_self_add_procs
  [D] mca_btl_self_alloc
  [D] mca_btl_self_component_close
  [D] mca_btl_self_component_init
  [D] mca_btl_self_component_open
  [D] mca_btl_self_del_procs
  [D] mca_btl_self_finalize
  [D] mca_btl_self_free
  [D] mca_btl_self_ft_event
  [D] mca_btl_self_prepare_dst
  [D] mca_btl_self_prepare_src
  [D] mca_btl_self_rdma
  [D] mca_btl_self_send
  [D] mca_btl_sm_add_procs
  [D] mca_btl_sm_alloc
  [D] mca_btl_sm_component_progress
  [D] mca_btl_sm_del_procs
  [D] mca_btl_sm_finalize
  [D] mca_btl_sm_free
  [D] mca_btl_sm_ft_event
  [D] mca_btl_sm_prepare_src
  [D] mca_btl_sm_register_error_cb
  [D] mca_btl_sm_send
  [D] mca_btl_sm_sendi
  [D] mca_btl_tcp_add_procs
  [D] mca_btl_tcp_alloc
  [D] mca_btl_tcp_component_init
  [D] mca_btl_tcp_del_procs
  [D] mca_btl_tcp_endpoint_accept
  [D] mca_btl_tcp_endpoint_close
  [D] mca_btl_tcp_endpoint_send
  [D] mca_btl_tcp_finalize
  [D] mca_btl_tcp_frag_recv
  [D] mca_btl_tcp_frag_send
  [D] mca_btl_tcp_free
  [D] mca_btl_tcp_ft_event
  [D] mca_btl_tcp_get
  [D] mca_btl_tcp_prepare_dst
  [D] mca_btl_tcp_prepare_src
  [D] mca_btl_tcp_proc_accept
  [D] mca_btl_tcp_proc_create
  [D] mca_btl_tcp_proc_insert
  [D] mca_btl_tcp_proc_lookup
  [D] mca_btl_tcp_proc_remove
  [D] mca_btl_tcp_proc_tosocks
  [D] mca_btl_tcp_put
  [D] mca_btl_tcp_send
  [D] mca_btl_tcp_set_socket_options
  [D] mca_coll_base_comm_select
  [D] mca_coll_base_comm_unselect
  [D] mca_coll_base_find_available
  [D] mca_coll_basic_allgather_inter
  [D] mca_coll_basic_allgather_intra
  [D] mca_coll_basic_allgatherv_inter
  [D] mca_coll_basic_allgatherv_intra
  [D] mca_coll_basic_allreduce_inter
  [D] mca_coll_basic_allreduce_intra
  [D] mca_coll_basic_alltoall_inter
  [D] mca_coll_basic_alltoall_intra
  [D] mca_coll_basic_alltoallv_inter
  [D] mca_coll_basic_alltoallv_intra
  [D] mca_coll_basic_alltoallw_inter
  [D] mca_coll_basic_alltoallw_intra
  [D] mca_coll_basic_barrier_inter_lin
  [D] mca_coll_basic_barrier_intra_lin
  [D] mca_coll_basic_barrier_intra_log
  [D] mca_coll_basic_bcast_lin_inter
  [D] mca_coll_basic_bcast_lin_intra
  [D] mca_coll_basic_bcast_log_inter
  [D] mca_coll_basic_bcast_log_intra
  [D] mca_coll_basic_comm_query
  [D] mca_coll_basic_exscan_inter
  [D] mca_coll_basic_exscan_intra
  [D] mca_coll_basic_ft_event
  [D] mca_coll_basic_gather_inter
  [D] mca_coll_basic_gather_intra
  [D] mca_coll_basic_gatherv_inter
  [D] mca_coll_basic_gatherv_intra
  [D] mca_coll_basic_init_query
  [D] mca_coll_basic_module_enable
  [D] mca_coll_basic_reduce_lin_inter
  [D] mca_coll_basic_reduce_lin_intra
  [D] mca_coll_basic_reduce_log_inter
  [D] mca_coll_basic_reduce_log_intra
  [D] mca_coll_basic_reduce_scatter_block_inter
  [D] mca_coll_basic_reduce_scatter_block_intra
  [D] mca_coll_basic_reduce_scatter_inter
  [D] mca_coll_basic_reduce_scatter_intra
  [D] mca_coll_basic_scan_intra
  [D] mca_coll_basic_scatter_inter
  [D] mca_coll_basic_scatter_intra
  [D] mca_coll_basic_scatterv_inter
  [D] mca_coll_basic_scatterv_intra
  [D] mca_coll_hierarch_allgather_tmp
  [D] mca_coll_hierarch_allreduce_intra
  [D] mca_coll_hierarch_allreduce_tmp
  [D] mca_coll_hierarch_barrier_intra
  [D] mca_coll_hierarch_bcast_intra
  [D] mca_coll_hierarch_bcast_tmp
  [D] mca_coll_hierarch_comm_query
  [D] mca_coll_hierarch_ft_event
  [D] mca_coll_hierarch_gather_tmp
  [D] mca_coll_hierarch_get_all_lleaders
  [D] mca_coll_hierarch_get_llcomm
  [D] mca_coll_hierarch_get_llr
  [D] mca_coll_hierarch_init_query
  [D] mca_coll_hierarch_module_enable
  [D] mca_coll_hierarch_reduce_intra
  [D] mca_coll_hierarch_reduce_tmp
  [D] mca_coll_inter_allgather_inter
  [D] mca_coll_inter_allgatherv_inter
  [D] mca_coll_inter_allreduce_inter
  [D] mca_coll_inter_bcast_inter
  [D] mca_coll_inter_comm_query
  [D] mca_coll_inter_gather_inter
  [D] mca_coll_inter_gatherv_inter
  [D] mca_coll_inter_init_query
  [D] mca_coll_inter_module_enable
  [D] mca_coll_inter_reduce_inter
  [D] mca_coll_inter_scatter_inter
  [D] mca_coll_inter_scatterv_inter
  [D] mca_coll_ml_abort_ml
  [D] mca_coll_ml_alloc_buffer
  [D] mca_coll_ml_allocate_block
  [D] mca_coll_ml_allreduce_hierarchy_discovery
  [D] mca_coll_ml_allreduce_matrix_init
  [D] mca_coll_ml_barrier_intra
  [D] mca_coll_ml_bcast_sequential_root
  [D] mca_coll_ml_build_filtered_fn_table
  [D] mca_coll_ml_call_types
  [D] mca_coll_ml_check_if_bcol_is_requested
  [D] mca_coll_ml_check_if_bcol_is_used
  [D] mca_coll_ml_comm_query
  [D] mca_coll_ml_config_file_init
  [D] mca_coll_ml_free_block
  [D] mca_coll_ml_fulltree_exclude_basesmsocket_hierarchy_discovery
  [D] mca_coll_ml_fulltree_hierarchy_discovery
  [D] mca_coll_ml_fulltree_iboffload_only_hierarchy_discovery
  [D] mca_coll_ml_fulltree_ptp_only_hierarchy_discovery
  [D] mca_coll_ml_ibarrier_intra
  [D] mca_coll_ml_init_query
  [D] mca_coll_ml_initialize_block
  [D] mca_coll_ml_lmngr_alloc
  [D] mca_coll_ml_lmngr_append_nc
  [D] mca_coll_ml_lmngr_free
  [D] mca_coll_ml_lmngr_reg
  [D] mca_coll_ml_lmngr_tune
  [D] mca_coll_ml_memsync_intra
  [D] mca_coll_ml_pack_reorder_contiguous_data
  [D] mca_coll_ml_pack_reorder_noncontiguous_data
  [D] mca_coll_ml_parallel_bcast
  [D] mca_coll_ml_parallel_bcast_nb
  [D] mca_coll_ml_register_params
  [D] mca_coll_ml_reset_config
  [D] mca_coll_ml_schedule_alloc
  [D] mca_coll_ml_schedule_init_scratch
  [D] mca_coll_ml_setup_scratch_vals
  [D] mca_coll_self_allgather_intra
  [D] mca_coll_self_allgatherv_intra
  [D] mca_coll_self_allreduce_intra
  [D] mca_coll_self_alltoall_intra
  [D] mca_coll_self_alltoallv_intra
  [D] mca_coll_self_alltoallw_intra
  [D] mca_coll_self_barrier_intra
  [D] mca_coll_self_bcast_intra
  [D] mca_coll_self_comm_query
  [D] mca_coll_self_exscan_intra
  [D] mca_coll_self_ft_event
  [D] mca_coll_self_gather_intra
  [D] mca_coll_self_gatherv_intra
  [D] mca_coll_self_init_query
  [D] mca_coll_self_module_enable
  [D] mca_coll_self_reduce_intra
  [D] mca_coll_self_reduce_scatter_intra
  [D] mca_coll_self_scan_intra
  [D] mca_coll_self_scatter_intra
  [D] mca_coll_self_scatterv_intra
  [D] mca_coll_sm_allreduce_intra
  [D] mca_coll_sm_barrier_intra
  [D] mca_coll_sm_bcast_intra
  [D] mca_coll_sm_comm_query
  [D] mca_coll_sm_ft_event
  [D] mca_coll_sm_init_query
  [D] mca_coll_sm_reduce_intra
  [D] mca_coll_tuned_ft_event
  [D] mca_common_sm_fini
  [D] mca_common_sm_init
  [D] mca_common_sm_init_group
  [D] mca_common_sm_rml_info_bcast
  [D] mca_common_sm_seg_alloc
  [D] mca_fbtl_base_close
  [D] mca_fbtl_base_file_select
  [D] mca_fbtl_base_file_unselect
  [D] mca_fbtl_base_find_available
  [D] mca_fbtl_base_open
  [D] mca_fbtl_posix_component_file_query
  [D] mca_fbtl_posix_component_file_unquery
  [D] mca_fbtl_posix_component_init_query
  [D] mca_fbtl_posix_ipreadv
  [D] mca_fbtl_posix_ipwritev
  [D] mca_fbtl_posix_module_finalize
  [D] mca_fbtl_posix_module_init
  [D] mca_fbtl_posix_preadv
  [D] mca_fbtl_posix_pwritev
  [D] mca_fcoll_base_close
  [D] mca_fcoll_base_file_select
  [D] mca_fcoll_base_file_unselect
  [D] mca_fcoll_base_find_available
  [D] mca_fcoll_base_open
  [D] mca_fcoll_base_query_table
  [D] mca_fcoll_dynamic_component_file_query
  [D] mca_fcoll_dynamic_component_file_unquery
  [D] mca_fcoll_dynamic_component_init_query
  [D] mca_fcoll_dynamic_file_read_all
  [D] mca_fcoll_dynamic_file_read_all_begin
  [D] mca_fcoll_dynamic_file_read_all_end
  [D] mca_fcoll_dynamic_file_write_all
  [D] mca_fcoll_dynamic_file_write_all_begin
  [D] mca_fcoll_dynamic_file_write_all_end
  [D] mca_fcoll_dynamic_module_finalize
  [D] mca_fcoll_dynamic_module_init
  [D] mca_fcoll_individual_component_file_query
  [D] mca_fcoll_individual_component_file_unquery
  [D] mca_fcoll_individual_component_init_query
  [D] mca_fcoll_individual_file_read_all
  [D] mca_fcoll_individual_file_read_all_begin
  [D] mca_fcoll_individual_file_read_all_end
  [D] mca_fcoll_individual_file_write_all
  [D] mca_fcoll_individual_file_write_all_begin
  [D] mca_fcoll_individual_file_write_all_end
  [D] mca_fcoll_individual_module_finalize
  [D] mca_fcoll_individual_module_init
  [D] mca_fcoll_static_component_file_query
  [D] mca_fcoll_static_component_file_unquery
  [D] mca_fcoll_static_component_init_query
  [D] mca_fcoll_static_file_read_all
  [D] mca_fcoll_static_file_read_all_begin
  [D] mca_fcoll_static_file_read_all_end
  [D] mca_fcoll_static_file_write_all
  [D] mca_fcoll_static_file_write_all_begin
  [D] mca_fcoll_static_file_write_all_end
  [D] mca_fcoll_static_module_finalize
  [D] mca_fcoll_static_module_init
  [D] mca_fcoll_two_phase_calc_aggregator
  [D] mca_fcoll_two_phase_calc_my_requests
  [D] mca_fcoll_two_phase_calc_others_requests
  [D] mca_fcoll_two_phase_component_file_query
  [D] mca_fcoll_two_phase_component_file_unquery
  [D] mca_fcoll_two_phase_component_init_query
  [D] mca_fcoll_two_phase_domain_partition
  [D] mca_fcoll_two_phase_file_read_all
  [D] mca_fcoll_two_phase_file_read_all_begin
  [D] mca_fcoll_two_phase_file_read_all_end
  [D] mca_fcoll_two_phase_file_write_all
  [D] mca_fcoll_two_phase_file_write_all_begin
  [D] mca_fcoll_two_phase_file_write_all_end
  [D] mca_fcoll_two_phase_module_finalize
  [D] mca_fcoll_two_phase_module_init
  [D] mca_fcoll_ylib_component_file_query
  [D] mca_fcoll_ylib_component_file_unquery
  [D] mca_fcoll_ylib_component_init_query
  [D] mca_fcoll_ylib_file_read_all
  [D] mca_fcoll_ylib_file_read_all_begin
  [D] mca_fcoll_ylib_file_read_all_end
  [D] mca_fcoll_ylib_file_write_all
  [D] mca_fcoll_ylib_file_write_all_begin
  [D] mca_fcoll_ylib_file_write_all_end
  [D] mca_fcoll_ylib_module_finalize
  [D] mca_fcoll_ylib_module_init
  [D] mca_fs_base_close
  [D] mca_fs_base_file_select
  [D] mca_fs_base_file_unselect
  [D] mca_fs_base_find_available
  [D] mca_fs_base_get_parent_dir
  [D] mca_fs_base_open
  [D] mca_fs_ufs_component_file_query
  [D] mca_fs_ufs_component_file_unquery
  [D] mca_fs_ufs_component_init_query
  [D] mca_fs_ufs_file_close
  [D] mca_fs_ufs_file_delete
  [D] mca_fs_ufs_file_get_size
  [D] mca_fs_ufs_file_open
  [D] mca_fs_ufs_file_set_info
  [D] mca_fs_ufs_file_set_size
  [D] mca_fs_ufs_file_sync
  [D] mca_fs_ufs_module_finalize
  [D] mca_fs_ufs_module_init
  [D] mca_io_ompio_datatype_is_contiguous
  [D] mca_io_ompio_decode_datatype_external
  [D] mca_io_ompio_file_close
  [D] mca_io_ompio_file_delete
  [D] mca_io_ompio_file_get_amode
  [D] mca_io_ompio_file_get_atomicity
  [D] mca_io_ompio_file_get_byte_offset
  [D] mca_io_ompio_file_get_info
  [D] mca_io_ompio_file_get_position
  [D] mca_io_ompio_file_get_position_shared
  [D] mca_io_ompio_file_get_size
  [D] mca_io_ompio_file_get_type_extent
  [D] mca_io_ompio_file_get_view
  [D] mca_io_ompio_file_iread
  [D] mca_io_ompio_file_iread_at
  [D] mca_io_ompio_file_iread_shared
  [D] mca_io_ompio_file_iwrite
  [D] mca_io_ompio_file_iwrite_at
  [D] mca_io_ompio_file_iwrite_shared
  [D] mca_io_ompio_file_open
  [D] mca_io_ompio_file_preallocate
  [D] mca_io_ompio_file_read
  [D] mca_io_ompio_file_read_all
  [D] mca_io_ompio_file_read_all_begin
  [D] mca_io_ompio_file_read_all_end
  [D] mca_io_ompio_file_read_at
  [D] mca_io_ompio_file_read_at_all
  [D] mca_io_ompio_file_read_at_all_begin
  [D] mca_io_ompio_file_read_at_all_end
  [D] mca_io_ompio_file_read_ordered
  [D] mca_io_ompio_file_read_ordered_begin
  [D] mca_io_ompio_file_read_ordered_end
  [D] mca_io_ompio_file_read_shared
  [D] mca_io_ompio_file_seek
  [D] mca_io_ompio_file_seek_shared
  [D] mca_io_ompio_file_set_atomicity
  [D] mca_io_ompio_file_set_info
  [D] mca_io_ompio_file_set_size
  [D] mca_io_ompio_file_set_view
  [D] mca_io_ompio_file_sync
  [D] mca_io_ompio_file_write
  [D] mca_io_ompio_file_write_all
  [D] mca_io_ompio_file_write_all_begin
  [D] mca_io_ompio_file_write_all_end
  [D] mca_io_ompio_file_write_at
  [D] mca_io_ompio_file_write_at_all
  [D] mca_io_ompio_file_write_at_all_begin
  [D] mca_io_ompio_file_write_at_all_end
  [D] mca_io_ompio_file_write_ordered
  [D] mca_io_ompio_file_write_ordered_begin
  [D] mca_io_ompio_file_write_ordered_end
  [D] mca_io_ompio_file_write_shared
  [D] mca_io_ompio_free_f_io_array
  [D] mca_io_ompio_generate_current_file_view
  [D] mca_io_ompio_generate_io_array
  [D] mca_io_ompio_get_datatype_size
  [D] mca_io_ompio_get_f_aggregator_index
  [D] mca_io_ompio_get_f_comm
  [D] mca_io_ompio_get_f_flags
  [D] mca_io_ompio_get_f_io_array
  [D] mca_io_ompio_get_f_num_of_io_entries
  [D] mca_io_ompio_get_f_procs_in_group
  [D] mca_io_ompio_get_f_procs_per_group
  [D] mca_io_ompio_get_fcoll_dynamic_constant_cbs
  [D] mca_io_ompio_get_fcoll_dynamic_cycle_buffer_size
  [D] mca_io_ompio_get_fcoll_dynamic_num_io_procs
  [D] mca_io_ompio_get_fd
  [D] mca_io_ompio_get_iov_type
  [D] mca_io_ompio_non_contiguous_create_receive_buf
  [D] mca_io_ompio_non_contiguous_create_send_buf
  [D] mca_io_ompio_set_aggregator_props
  [D] mca_io_ompio_set_view_internal
  [D] mca_io_romio_dist_MPIR_Status_set_bytes
  [D] mca_io_romio_file_close
  [D] mca_io_romio_file_get_amode
  [D] mca_io_romio_file_get_atomicity
  [D] mca_io_romio_file_get_byte_offset
  [D] mca_io_romio_file_get_info
  [D] mca_io_romio_file_get_position
  [D] mca_io_romio_file_get_position_shared
  [D] mca_io_romio_file_get_size
  [D] mca_io_romio_file_get_type_extent
  [D] mca_io_romio_file_get_view
  [D] mca_io_romio_file_iread
  [D] mca_io_romio_file_iread_at
  [D] mca_io_romio_file_iread_shared
  [D] mca_io_romio_file_iwrite
  [D] mca_io_romio_file_iwrite_at
  [D] mca_io_romio_file_iwrite_shared
  [D] mca_io_romio_file_open
  [D] mca_io_romio_file_preallocate
  [D] mca_io_romio_file_read
  [D] mca_io_romio_file_read_all
  [D] mca_io_romio_file_read_all_begin
  [D] mca_io_romio_file_read_all_end
  [D] mca_io_romio_file_read_at
  [D] mca_io_romio_file_read_at_all
  [D] mca_io_romio_file_read_at_all_begin
  [D] mca_io_romio_file_read_at_all_end
  [D] mca_io_romio_file_read_ordered
  [D] mca_io_romio_file_read_ordered_begin
  [D] mca_io_romio_file_read_ordered_end
  [D] mca_io_romio_file_read_shared
  [D] mca_io_romio_file_seek
  [D] mca_io_romio_file_seek_shared
  [D] mca_io_romio_file_set_atomicity
  [D] mca_io_romio_file_set_info
  [D] mca_io_romio_file_set_size
  [D] mca_io_romio_file_set_view
  [D] mca_io_romio_file_sync
  [D] mca_io_romio_file_write
  [D] mca_io_romio_file_write_all
  [D] mca_io_romio_file_write_all_begin
  [D] mca_io_romio_file_write_all_end
  [D] mca_io_romio_file_write_at
  [D] mca_io_romio_file_write_at_all
  [D] mca_io_romio_file_write_at_all_begin
  [D] mca_io_romio_file_write_at_all_end
  [D] mca_io_romio_file_write_ordered
  [D] mca_io_romio_file_write_ordered_begin
  [D] mca_io_romio_file_write_ordered_end
  [D] mca_io_romio_file_write_shared
  [D] mca_mpool_base_mem_cb
  [D] mca_mpool_base_tree_delete
  [D] mca_mpool_base_tree_find
  [D] mca_mpool_base_tree_init
  [D] mca_mpool_base_tree_insert
  [D] mca_mpool_base_tree_item_get
  [D] mca_mpool_base_tree_item_put
  [D] mca_mpool_base_tree_print
  [D] mca_mpool_grdma_alloc
  [D] mca_mpool_grdma_deregister
  [D] mca_mpool_grdma_evict
  [D] mca_mpool_grdma_finalize
  [D] mca_mpool_grdma_find
  [D] mca_mpool_grdma_free
  [D] mca_mpool_grdma_ft_event
  [D] mca_mpool_grdma_module_init
  [D] mca_mpool_grdma_realloc
  [D] mca_mpool_grdma_register
  [D] mca_mpool_grdma_release_memory
  [D] mca_mpool_sm_alloc
  [D] mca_mpool_sm_base
  [D] mca_mpool_sm_free
  [D] mca_mpool_sm_ft_event
  [D] mca_mpool_sm_module_init
  [D] mca_mpool_sm_realloc
  [D] mca_pml_base_bsend_attach
  [D] mca_pml_base_bsend_detach
  [D] mca_pml_bfo_add_comm
  [D] mca_pml_bfo_add_procs
  [D] mca_pml_bfo_check_recv_ctl_completion_status
  [D] mca_pml_bfo_com_btl_comp
  [D] mca_pml_bfo_comm_init_size
  [D] mca_pml_bfo_completion_sendreq_has_error
  [D] mca_pml_bfo_del_comm
  [D] mca_pml_bfo_del_procs
  [D] mca_pml_bfo_dump
  [D] mca_pml_bfo_enable
  [D] mca_pml_bfo_error_handler
  [D] mca_pml_bfo_failover_error_handler
  [D] mca_pml_bfo_find_recvreq_eager_bml_btl
  [D] mca_pml_bfo_find_recvreq_rdma_bml_btl
  [D] mca_pml_bfo_find_sendreq_eager_bml_btl
  [D] mca_pml_bfo_find_sendreq_rdma_bml_btl
  [D] mca_pml_bfo_ft_event
  [D] mca_pml_bfo_get_request
  [D] mca_pml_bfo_improbe
  [D] mca_pml_bfo_imrecv
  [D] mca_pml_bfo_iprobe
  [D] mca_pml_bfo_irecv
  [D] mca_pml_bfo_irecv_init
  [D] mca_pml_bfo_is_duplicate_fin
  [D] mca_pml_bfo_is_duplicate_msg
  [D] mca_pml_bfo_isend
  [D] mca_pml_bfo_isend_init
  [D] mca_pml_bfo_map_out_btl
  [D] mca_pml_bfo_mprobe
  [D] mca_pml_bfo_mrecv
  [D] mca_pml_bfo_probe
  [D] mca_pml_bfo_process_pending_packets
  [D] mca_pml_bfo_process_pending_rdma
  [D] mca_pml_bfo_progress
  [D] mca_pml_bfo_rdma_btls
  [D] mca_pml_bfo_rdma_pipeline_btls
  [D] mca_pml_bfo_recv
  [D] mca_pml_bfo_recv_frag_callback_ack
  [D] mca_pml_bfo_recv_frag_callback_fin
  [D] mca_pml_bfo_recv_frag_callback_frag
  [D] mca_pml_bfo_recv_frag_callback_match
  [D] mca_pml_bfo_recv_frag_callback_put
  [D] mca_pml_bfo_recv_frag_callback_recverrnotify
  [D] mca_pml_bfo_recv_frag_callback_rget
  [D] mca_pml_bfo_recv_frag_callback_rndv
  [D] mca_pml_bfo_recv_frag_callback_rndvrestartack
  [D] mca_pml_bfo_recv_frag_callback_rndvrestartnack
  [D] mca_pml_bfo_recv_frag_callback_rndvrestartnotify
  [D] mca_pml_bfo_recv_req_start
  [D] mca_pml_bfo_recv_request_ack_send_btl
  [D] mca_pml_bfo_recv_request_get_frag
  [D] mca_pml_bfo_recv_request_matched_probe
  [D] mca_pml_bfo_recv_request_process_pending
  [D] mca_pml_bfo_recv_request_progress_frag
  [D] mca_pml_bfo_recv_request_progress_match
  [D] mca_pml_bfo_recv_request_progress_rget
  [D] mca_pml_bfo_recv_request_progress_rndv
  [D] mca_pml_bfo_recv_request_recverrnotify
  [D] mca_pml_bfo_recv_request_reset
  [D] mca_pml_bfo_recv_request_rndvrestartack
  [D] mca_pml_bfo_recv_request_rndvrestartnack
  [D] mca_pml_bfo_recv_request_schedule_once
  [D] mca_pml_bfo_recv_restart_completion
  [D] mca_pml_bfo_register_callbacks
  [D] mca_pml_bfo_repost_fin
  [D] mca_pml_bfo_repost_match_fragment
  [D] mca_pml_bfo_rndv_completion_status_error
  [D] mca_pml_bfo_rndvrestartnotify_completion
  [D] mca_pml_bfo_seg_alloc
  [D] mca_pml_bfo_seg_free
  [D] mca_pml_bfo_send
  [D] mca_pml_bfo_send_ctl_completion_status_error
  [D] mca_pml_bfo_send_fin
  [D] mca_pml_bfo_send_request_copy_in_out
  [D] mca_pml_bfo_send_request_process_pending
  [D] mca_pml_bfo_send_request_put
  [D] mca_pml_bfo_send_request_put_frag
  [D] mca_pml_bfo_send_request_restart
  [D] mca_pml_bfo_send_request_rndvrestartnotify
  [D] mca_pml_bfo_send_request_schedule_once
  [D] mca_pml_bfo_send_request_start_buffered
  [D] mca_pml_bfo_send_request_start_copy
  [D] mca_pml_bfo_send_request_start_prepare
  [D] mca_pml_bfo_send_request_start_rdma
  [D] mca_pml_bfo_send_request_start_rndv
  [D] mca_pml_bfo_start
  [D] mca_pml_bfo_update_eager_bml_btl_recv_ctl
  [D] mca_pml_bfo_update_rndv_fields
  [D] mca_pml_cm_add_comm
  [D] mca_pml_cm_add_procs
  [D] mca_pml_cm_cancel
  [D] mca_pml_cm_del_comm
  [D] mca_pml_cm_del_procs
  [D] mca_pml_cm_dump
  [D] mca_pml_cm_enable
  [D] mca_pml_cm_improbe
  [D] mca_pml_cm_imrecv
  [D] mca_pml_cm_iprobe
  [D] mca_pml_cm_irecv
  [D] mca_pml_cm_irecv_init
  [D] mca_pml_cm_isend
  [D] mca_pml_cm_isend_init
  [D] mca_pml_cm_mprobe
  [D] mca_pml_cm_mrecv
  [D] mca_pml_cm_probe
  [D] mca_pml_cm_recv
  [D] mca_pml_cm_recv_request_completion
  [D] mca_pml_cm_send
  [D] mca_pml_cm_send_request_completion
  [D] mca_pml_cm_start
  [D] mca_pml_ob1_add_comm
  [D] mca_pml_ob1_add_procs
  [D] mca_pml_ob1_com_btl_comp
  [D] mca_pml_ob1_comm_init_size
  [D] mca_pml_ob1_del_comm
  [D] mca_pml_ob1_del_procs
  [D] mca_pml_ob1_dump
  [D] mca_pml_ob1_enable
  [D] mca_pml_ob1_error_handler
  [D] mca_pml_ob1_ft_event
  [D] mca_pml_ob1_improbe
  [D] mca_pml_ob1_imrecv
  [D] mca_pml_ob1_iprobe
  [D] mca_pml_ob1_irecv
  [D] mca_pml_ob1_irecv_init
  [D] mca_pml_ob1_isend
  [D] mca_pml_ob1_isend_init
  [D] mca_pml_ob1_mprobe
  [D] mca_pml_ob1_mrecv
  [D] mca_pml_ob1_probe
  [D] mca_pml_ob1_process_pending_packets
  [D] mca_pml_ob1_process_pending_rdma
  [D] mca_pml_ob1_progress
  [D] mca_pml_ob1_rdma_btls
  [D] mca_pml_ob1_rdma_pipeline_btls
  [D] mca_pml_ob1_recv
  [D] mca_pml_ob1_recv_frag_callback_ack
  [D] mca_pml_ob1_recv_frag_callback_fin
  [D] mca_pml_ob1_recv_frag_callback_frag
  [D] mca_pml_ob1_recv_frag_callback_match
  [D] mca_pml_ob1_recv_frag_callback_put
  [D] mca_pml_ob1_recv_frag_callback_rget
  [D] mca_pml_ob1_recv_frag_callback_rndv
  [D] mca_pml_ob1_recv_req_start
  [D] mca_pml_ob1_recv_request_ack_send_btl
  [D] mca_pml_ob1_recv_request_get_frag
  [D] mca_pml_ob1_recv_request_matched_probe
  [D] mca_pml_ob1_recv_request_process_pending
  [D] mca_pml_ob1_recv_request_progress_frag
  [D] mca_pml_ob1_recv_request_progress_match
  [D] mca_pml_ob1_recv_request_progress_rget
  [D] mca_pml_ob1_recv_request_progress_rndv
  [D] mca_pml_ob1_recv_request_schedule_once
  [D] mca_pml_ob1_seg_alloc
  [D] mca_pml_ob1_seg_free
  [D] mca_pml_ob1_send
  [D] mca_pml_ob1_send_fin
  [D] mca_pml_ob1_send_request_copy_in_out
  [D] mca_pml_ob1_send_request_process_pending
  [D] mca_pml_ob1_send_request_put
  [D] mca_pml_ob1_send_request_put_frag
  [D] mca_pml_ob1_send_request_schedule_once
  [D] mca_pml_ob1_send_request_start_buffered
  [D] mca_pml_ob1_send_request_start_copy
  [D] mca_pml_ob1_send_request_start_prepare
  [D] mca_pml_ob1_send_request_start_rdma
  [D] mca_pml_ob1_send_request_start_rndv
  [D] mca_pml_ob1_start
  [D] mca_rcache_vma_clean
  [D] mca_rcache_vma_delete
  [D] mca_rcache_vma_destroy
  [D] mca_rcache_vma_finalize
  [D] mca_rcache_vma_find
  [D] mca_rcache_vma_find_all
  [D] mca_rcache_vma_insert
  [D] mca_rcache_vma_module_init
  [D] mca_rcache_vma_tree_delete
  [D] mca_rcache_vma_tree_find
  [D] mca_rcache_vma_tree_find_all
  [D] mca_rcache_vma_tree_init
  [D] mca_rcache_vma_tree_insert
  [D] mca_sbgp_base_close
  [D] mca_sbgp_base_init
  [D] mca_sbgp_base_open
  [D] mca_select_bcol_function
  [D] mca_sharedfp_base_close
  [D] mca_sharedfp_base_file_select
  [D] mca_sharedfp_base_file_unselect
  [D] mca_sharedfp_base_find_available
  [D] mca_sharedfp_base_open
  [D] mca_sharedfp_dummy_component_file_query
  [D] mca_sharedfp_dummy_component_file_unquery
  [D] mca_sharedfp_dummy_component_init_query
  [D] mca_sharedfp_dummy_module_finalize
  [D] mca_sharedfp_dummy_module_init
  [D] mca_sharedfp_dummy_seek
  [D] mca_sharedfp_dummy_update
  [D] mca_topo_base_comm_select
  [D] mca_topo_base_comm_unselect
  [D] mca_topo_base_find_available
  [D] mca_topo_unity_cart_map
  [D] mca_topo_unity_component_comm_query
  [D] mca_topo_unity_component_comm_unquery
  [D] mca_topo_unity_component_init_query
  [D] mca_topo_unity_graph_map
  [D] mca_topo_unity_module_finalize
  [D] mca_topo_unity_module_init
  [D] mca_vprotocol_pessimist_add_comm
  [D] mca_vprotocol_pessimist_add_procs
  [D] mca_vprotocol_pessimist_del_comm
  [D] mca_vprotocol_pessimist_del_procs
  [D] mca_vprotocol_pessimist_dump
  [D] mca_vprotocol_pessimist_enable
  [D] mca_vprotocol_pessimist_iprobe
  [D] mca_vprotocol_pessimist_irecv
  [D] mca_vprotocol_pessimist_isend
  [D] mca_vprotocol_pessimist_probe
  [D] mca_vprotocol_pessimist_recv
  [D] mca_vprotocol_pessimist_request_free
  [D] mca_vprotocol_pessimist_send
  [D] mca_vprotocol_pessimist_test
  [D] mca_vprotocol_pessimist_test_all
  [D] mca_vprotocol_pessimist_test_any
  [D] mca_vprotocol_pessimist_test_some
  [D] mca_vprotocol_pessimist_wait_any
  [D] mca_vprotocol_pessimist_wait_some
  [D] ml_coll_barrier_constant_group_data_setup
  [D] ml_coll_hier_allreduce_setup
  [D] ml_coll_hier_barrier_setup
  [D] ml_coll_hier_bcast_setup
  [D] ml_coll_hier_reduce_setup
  [D] ml_coll_memsync_setup
  [D] ml_coll_schedule_setup
  [D] ml_coll_up_and_down_hier_setup
  [D] netpatterns_base_err
  [D] netpatterns_free_recursive_doubling_tree_node
  [D] netpatterns_init
  [D] netpatterns_register_mca_params
  [D] netpatterns_setup_multinomial_tree
  [D] netpatterns_setup_narray_knomial_tree
  [D] netpatterns_setup_narray_tree
  [D] netpatterns_setup_narray_tree_contigous_ranks
  [D] netpatterns_setup_recursive_doubling_n_tree_node
  [D] netpatterns_setup_recursive_doubling_tree_node
  [D] netpatterns_setup_recursive_knomial_allgather_tree_node
  [D] netpatterns_setup_recursive_knomial_tree_node
  [D] ompi_attr_copy_all
  [D] ompi_attr_create_predefined
  [D] ompi_attr_delete
  [D] ompi_attr_delete_all
  [D] ompi_attr_finalize
  [D] ompi_attr_free_keyval
  [D] ompi_attr_free_predefined
  [D] ompi_attr_get_c
  [D] ompi_attr_init
  [D] ompi_attr_set_c
  [D] ompi_coll_libnbc_iallgather
  [D] ompi_coll_libnbc_iallgather_inter
  [D] ompi_coll_libnbc_iallgatherv
  [D] ompi_coll_libnbc_iallgatherv_inter
  [D] ompi_coll_libnbc_iallreduce
  [D] ompi_coll_libnbc_iallreduce_inter
  [D] ompi_coll_libnbc_ialltoall
  [D] ompi_coll_libnbc_ialltoall_inter
  [D] ompi_coll_libnbc_ialltoallv
  [D] ompi_coll_libnbc_ialltoallv_inter
  [D] ompi_coll_libnbc_ialltoallw
  [D] ompi_coll_libnbc_ialltoallw_inter
  [D] ompi_coll_libnbc_ibarrier
  [D] ompi_coll_libnbc_ibarrier_inter
  [D] ompi_coll_libnbc_ibcast
  [D] ompi_coll_libnbc_ibcast_inter
  [D] ompi_coll_libnbc_iexscan
  [D] ompi_coll_libnbc_igather
  [D] ompi_coll_libnbc_igather_inter
  [D] ompi_coll_libnbc_igatherv
  [D] ompi_coll_libnbc_igatherv_inter
  [D] ompi_coll_libnbc_ireduce
  [D] ompi_coll_libnbc_ireduce_inter
  [D] ompi_coll_libnbc_ireduce_scatter
  [D] ompi_coll_libnbc_ireduce_scatter_block
  [D] ompi_coll_libnbc_ireduce_scatter_block_inter
  [D] ompi_coll_libnbc_ireduce_scatter_inter
  [D] ompi_coll_libnbc_iscan
  [D] ompi_coll_libnbc_iscatter
  [D] ompi_coll_libnbc_iscatter_inter
  [D] ompi_coll_libnbc_iscatterv
  [D] ompi_coll_libnbc_iscatterv_inter
  [D] ompi_coll_libnbc_progress
  [D] ompi_coll_sm_lazy_enable
  [D] ompi_coll_tuned_allgather_intra_basic_linear
  [D] ompi_coll_tuned_allgather_intra_bruck
  [D] ompi_coll_tuned_allgather_intra_check_forced_init
  [D] ompi_coll_tuned_allgather_intra_dec_dynamic
  [D] ompi_coll_tuned_allgather_intra_dec_fixed
  [D] ompi_coll_tuned_allgather_intra_do_forced
  [D] ompi_coll_tuned_allgather_intra_do_this
  [D] ompi_coll_tuned_allgather_intra_neighborexchange
  [D] ompi_coll_tuned_allgather_intra_recursivedoubling
  [D] ompi_coll_tuned_allgather_intra_ring
  [D] ompi_coll_tuned_allgather_intra_two_procs
  [D] ompi_coll_tuned_allgatherv_intra_basic_default
  [D] ompi_coll_tuned_allgatherv_intra_bruck
  [D] ompi_coll_tuned_allgatherv_intra_check_forced_init
  [D] ompi_coll_tuned_allgatherv_intra_dec_dynamic
  [D] ompi_coll_tuned_allgatherv_intra_dec_fixed
  [D] ompi_coll_tuned_allgatherv_intra_do_forced
  [D] ompi_coll_tuned_allgatherv_intra_do_this
  [D] ompi_coll_tuned_allgatherv_intra_neighborexchange
  [D] ompi_coll_tuned_allgatherv_intra_ring
  [D] ompi_coll_tuned_allgatherv_intra_two_procs
  [D] ompi_coll_tuned_allreduce_intra_basic_linear
  [D] ompi_coll_tuned_allreduce_intra_check_forced_init
  [D] ompi_coll_tuned_allreduce_intra_dec_dynamic
  [D] ompi_coll_tuned_allreduce_intra_dec_fixed
  [D] ompi_coll_tuned_allreduce_intra_do_forced
  [D] ompi_coll_tuned_allreduce_intra_do_this
  [D] ompi_coll_tuned_allreduce_intra_nonoverlapping
  [D] ompi_coll_tuned_allreduce_intra_recursivedoubling
  [D] ompi_coll_tuned_allreduce_intra_ring
  [D] ompi_coll_tuned_allreduce_intra_ring_segmented
  [D] ompi_coll_tuned_alltoall_intra_basic_linear
  [D] ompi_coll_tuned_alltoall_intra_bruck
  [D] ompi_coll_tuned_alltoall_intra_check_forced_init
  [D] ompi_coll_tuned_alltoall_intra_dec_dynamic
  [D] ompi_coll_tuned_alltoall_intra_dec_fixed
  [D] ompi_coll_tuned_alltoall_intra_do_forced
  [D] ompi_coll_tuned_alltoall_intra_do_this
  [D] ompi_coll_tuned_alltoall_intra_linear_sync
  [D] ompi_coll_tuned_alltoall_intra_pairwise
  [D] ompi_coll_tuned_alltoall_intra_two_procs
  [D] ompi_coll_tuned_alltoallv_intra_basic_linear
  [D] ompi_coll_tuned_alltoallv_intra_check_forced_init
  [D] ompi_coll_tuned_alltoallv_intra_dec_dynamic
  [D] ompi_coll_tuned_alltoallv_intra_dec_fixed
  [D] ompi_coll_tuned_alltoallv_intra_do_forced
  [D] ompi_coll_tuned_alltoallv_intra_do_this
  [D] ompi_coll_tuned_alltoallv_intra_pairwise
  [D] ompi_coll_tuned_barrier_intra_bruck
  [D] ompi_coll_tuned_barrier_intra_check_forced_init
  [D] ompi_coll_tuned_barrier_intra_dec_dynamic
  [D] ompi_coll_tuned_barrier_intra_dec_fixed
  [D] ompi_coll_tuned_barrier_intra_do_forced
  [D] ompi_coll_tuned_barrier_intra_do_this
  [D] ompi_coll_tuned_barrier_intra_doublering
  [D] ompi_coll_tuned_barrier_intra_recursivedoubling
  [D] ompi_coll_tuned_barrier_intra_tree
  [D] ompi_coll_tuned_barrier_intra_two_procs
  [D] ompi_coll_tuned_bcast_intra_basic_linear
  [D] ompi_coll_tuned_bcast_intra_binomial
  [D] ompi_coll_tuned_bcast_intra_bintree
  [D] ompi_coll_tuned_bcast_intra_chain
  [D] ompi_coll_tuned_bcast_intra_check_forced_init
  [D] ompi_coll_tuned_bcast_intra_dec_dynamic
  [D] ompi_coll_tuned_bcast_intra_dec_fixed
  [D] ompi_coll_tuned_bcast_intra_do_forced
  [D] ompi_coll_tuned_bcast_intra_do_this
  [D] ompi_coll_tuned_bcast_intra_generic
  [D] ompi_coll_tuned_bcast_intra_pipeline
  [D] ompi_coll_tuned_bcast_intra_split_bintree
  [D] ompi_coll_tuned_comm_query
  [D] ompi_coll_tuned_dump_alg_rule
  [D] ompi_coll_tuned_dump_all_rules
  [D] ompi_coll_tuned_dump_com_rule
  [D] ompi_coll_tuned_dump_msg_rule
  [D] ompi_coll_tuned_free_all_rules
  [D] ompi_coll_tuned_free_coms_in_alg_rule
  [D] ompi_coll_tuned_free_msg_rules_in_com_rule
  [D] ompi_coll_tuned_gather_intra_basic_linear
  [D] ompi_coll_tuned_gather_intra_binomial
  [D] ompi_coll_tuned_gather_intra_check_forced_init
  [D] ompi_coll_tuned_gather_intra_dec_dynamic
  [D] ompi_coll_tuned_gather_intra_dec_fixed
  [D] ompi_coll_tuned_gather_intra_do_forced
  [D] ompi_coll_tuned_gather_intra_do_this
  [D] ompi_coll_tuned_gather_intra_linear_sync
  [D] ompi_coll_tuned_get_com_rule_ptr
  [D] ompi_coll_tuned_get_target_method_params
  [D] ompi_coll_tuned_init_query
  [D] ompi_coll_tuned_mk_alg_rules
  [D] ompi_coll_tuned_mk_com_rules
  [D] ompi_coll_tuned_mk_msg_rules
  [D] ompi_coll_tuned_read_rules_config_file
  [D] ompi_coll_tuned_reduce_generic
  [D] ompi_coll_tuned_reduce_intra_basic_linear
  [D] ompi_coll_tuned_reduce_intra_binary
  [D] ompi_coll_tuned_reduce_intra_binomial
  [D] ompi_coll_tuned_reduce_intra_chain
  [D] ompi_coll_tuned_reduce_intra_check_forced_init
  [D] ompi_coll_tuned_reduce_intra_dec_dynamic
  [D] ompi_coll_tuned_reduce_intra_dec_fixed
  [D] ompi_coll_tuned_reduce_intra_do_forced
  [D] ompi_coll_tuned_reduce_intra_do_this
  [D] ompi_coll_tuned_reduce_intra_in_order_binary
  [D] ompi_coll_tuned_reduce_intra_pipeline
  [D] ompi_coll_tuned_reduce_scatter_intra_basic_recursivehalving
  [D] ompi_coll_tuned_reduce_scatter_intra_check_forced_init
  [D] ompi_coll_tuned_reduce_scatter_intra_dec_dynamic
  [D] ompi_coll_tuned_reduce_scatter_intra_dec_fixed
  [D] ompi_coll_tuned_reduce_scatter_intra_do_forced
  [D] ompi_coll_tuned_reduce_scatter_intra_do_this
  [D] ompi_coll_tuned_reduce_scatter_intra_nonoverlapping
  [D] ompi_coll_tuned_reduce_scatter_intra_ring
  [D] ompi_coll_tuned_scatter_intra_basic_linear
  [D] ompi_coll_tuned_scatter_intra_binomial
  [D] ompi_coll_tuned_scatter_intra_check_forced_init
  [D] ompi_coll_tuned_scatter_intra_dec_dynamic
  [D] ompi_coll_tuned_scatter_intra_dec_fixed
  [D] ompi_coll_tuned_scatter_intra_do_forced
  [D] ompi_coll_tuned_scatter_intra_do_this
  [D] ompi_coll_tuned_sendrecv_actual
  [D] ompi_coll_tuned_sendrecv_actual_localcompleted
  [D] ompi_coll_tuned_topo_build_bmtree
  [D] ompi_coll_tuned_topo_build_chain
  [D] ompi_coll_tuned_topo_build_in_order_bintree
  [D] ompi_coll_tuned_topo_build_in_order_bmtree
  [D] ompi_coll_tuned_topo_build_tree
  [D] ompi_coll_tuned_topo_destroy_tree
  [D] ompi_coll_tuned_topo_dump_tree
  [D] ompi_comm_allocate
  [D] ompi_comm_cid_init
  [D] ompi_comm_compare
  [D] ompi_comm_create
  [D] ompi_comm_determine_first
  [D] ompi_comm_dump
  [D] ompi_comm_dup_fn_f, aliases mpi_comm_dup_fn, MPI_COMM_DUP_FN, mpi_comm_dup_fn_, mpi_comm_dup_fn__
  [D] ompi_comm_finalize
  [D] ompi_comm_get_rprocs
  [D] ompi_comm_init
  [D] ompi_comm_null_copy_fn_f
  [D] ompi_comm_null_delete_fn_f, aliases mpi_comm_null_delete_fn__, MPI_COMM_NULL_DELETE_FN, mpi_comm_null_delete_fn
  [D] ompi_comm_overlapping_groups
  [D] ompi_comm_reg_finalize
  [D] ompi_comm_reg_init
  [D] ompi_comm_set_name
  [D] ompi_comm_split_type
  [D] ompi_crcp_base_module_finalize
  [D] ompi_crcp_base_module_init
  [D] ompi_crcp_base_none_btl_add_procs
  [D] ompi_crcp_base_none_btl_alloc
  [D] ompi_crcp_base_none_btl_del_procs
  [D] ompi_crcp_base_none_btl_dump
  [D] ompi_crcp_base_none_btl_finalize
  [D] ompi_crcp_base_none_btl_free
  [D] ompi_crcp_base_none_btl_ft_event
  [D] ompi_crcp_base_none_btl_get
  [D] ompi_crcp_base_none_btl_prepare_dst
  [D] ompi_crcp_base_none_btl_prepare_src
  [D] ompi_crcp_base_none_btl_put
  [D] ompi_crcp_base_none_btl_register
  [D] ompi_crcp_base_none_btl_send
  [D] ompi_crcp_base_none_close
  [D] ompi_crcp_base_none_open
  [D] ompi_crcp_base_none_pml_add_comm
  [D] ompi_crcp_base_none_pml_add_procs
  [D] ompi_crcp_base_none_pml_del_comm
  [D] ompi_crcp_base_none_pml_del_procs
  [D] ompi_crcp_base_none_pml_dump
  [D] ompi_crcp_base_none_pml_enable
  [D] ompi_crcp_base_none_pml_ft_event
  [D] ompi_crcp_base_none_pml_iprobe
  [D] ompi_crcp_base_none_pml_irecv
  [D] ompi_crcp_base_none_pml_irecv_init
  [D] ompi_crcp_base_none_pml_isend
  [D] ompi_crcp_base_none_pml_isend_init
  [D] ompi_crcp_base_none_pml_probe
  [D] ompi_crcp_base_none_pml_progress
  [D] ompi_crcp_base_none_pml_recv
  [D] ompi_crcp_base_none_pml_send
  [D] ompi_crcp_base_none_pml_start
  [D] ompi_crcp_base_none_query
  [D] ompi_crcp_base_none_quiesce_end
  [D] ompi_crcp_base_none_quiesce_start
  [D] ompi_crcp_base_none_request_complete
  [D] ompi_crcp_base_quiesce_end
  [D] ompi_crcp_base_quiesce_start
  [D] ompi_datatype_copy_args
  [D] ompi_datatype_create
  [D] ompi_datatype_create_contiguous
  [D] ompi_datatype_create_darray
  [D] ompi_datatype_create_from_packed_description
  [D] ompi_datatype_create_hindexed
  [D] ompi_datatype_create_hindexed_block
  [D] ompi_datatype_create_hvector
  [D] ompi_datatype_create_indexed
  [D] ompi_datatype_create_indexed_block
  [D] ompi_datatype_create_struct
  [D] ompi_datatype_create_subarray
  [D] ompi_datatype_create_vector
  [D] ompi_datatype_default_convertors_fini
  [D] ompi_datatype_default_convertors_init
  [D] ompi_datatype_destroy
  [D] ompi_datatype_dump
  [D] ompi_datatype_finalize
  [D] ompi_datatype_get_args
  [D] ompi_datatype_get_pack_description
  [D] ompi_datatype_get_single_predefined_type_from_args
  [D] ompi_datatype_init
  [D] ompi_datatype_match_size
  [D] ompi_datatype_pack_description_length
  [D] ompi_datatype_print_args
  [D] ompi_datatype_release_args
  [D] ompi_datatype_set_args
  [D] ompi_datatype_sndrcv
  [D] ompi_dpm_base_null_close_port
  [D] ompi_dpm_base_null_connect_accept
  [D] ompi_dpm_base_null_disconnect
  [D] ompi_dpm_base_null_dyn_finalize
  [D] ompi_dpm_base_null_dyn_init
  [D] ompi_dpm_base_null_mark_dyncomm
  [D] ompi_dpm_base_null_open_port
  [D] ompi_dpm_base_null_parse_port
  [D] ompi_dpm_base_null_route_to_port
  [D] ompi_dpm_base_null_spawn
  [D] ompi_dup_fn_f, aliases mpi_dup_fn_, mpi_dup_fn__
  [D] ompi_errcode_intern_finalize
  [D] ompi_errcode_intern_init
  [D] ompi_errhandler_finalize
  [D] ompi_errhandler_init
  [D] ompi_errhandler_request_invoke
  [D] ompi_errhandler_runtime_callback
  [D] ompi_file_close
  [D] ompi_file_finalize
  [D] ompi_file_init
  [D] ompi_file_open
  [D] ompi_group_allocate_bmap
  [D] ompi_group_allocate_sporadic
  [D] ompi_group_allocate_strided
  [D] ompi_group_calc_bmap
  [D] ompi_group_calc_plist
  [D] ompi_group_calc_sporadic
  [D] ompi_group_calc_strided
  [D] ompi_group_compare
  [D] ompi_group_difference
  [D] ompi_group_div_ceil
  [D] ompi_group_dump
  [D] ompi_group_excl
  [D] ompi_group_finalize
  [D] ompi_group_free
  [D] ompi_group_incl
  [D] ompi_group_incl_bmap
  [D] ompi_group_incl_plist
  [D] ompi_group_incl_spor
  [D] ompi_group_incl_strided
  [D] ompi_group_init
  [D] ompi_group_intersection
  [D] ompi_group_minloc
  [D] ompi_group_range_excl
  [D] ompi_group_range_incl
  [D] ompi_group_translate_ranks_bmap
  [D] ompi_group_translate_ranks_bmap_reverse
  [D] ompi_group_translate_ranks_sporadic
  [D] ompi_group_translate_ranks_sporadic_reverse
  [D] ompi_group_translate_ranks_strided
  [D] ompi_group_translate_ranks_strided_reverse
  [D] ompi_group_union
  [D] ompi_info_delete
  [D] ompi_info_dup
  [D] ompi_info_finalize
  [D] ompi_info_free
  [D] ompi_info_get_nthkey
  [D] ompi_info_init
  [D] ompi_info_set
  [D] ompi_info_value_to_int
  [D] ompi_init_preconnect_mpi
  [D] ompi_io_ompio_allgather_array
  [D] ompi_io_ompio_allgatherv_array
  [D] ompi_io_ompio_bcast_array
  [D] ompi_io_ompio_break_file_view
  [D] ompi_io_ompio_decode_datatype
  [D] ompi_io_ompio_distribute_file_view
  [D] ompi_io_ompio_gather_array
  [D] ompi_io_ompio_gather_data
  [D] ompi_io_ompio_gatherv_array
  [D] ompi_io_ompio_generate_current_file_view
  [D] ompi_io_ompio_scatter_data
  [D] ompi_io_ompio_scatterv_array
  [D] ompi_io_ompio_set_aggregator_props
  [D] ompi_io_ompio_set_explicit_offset
  [D] ompi_io_ompio_set_file_defaults
  [D] ompi_io_ompio_sort
  [D] ompi_io_ompio_sort_iovec
  [D] ompi_message_finalize
  [D] ompi_message_init
  [D] ompi_modex_recv_key_value
  [D] ompi_modex_recv_pointer
  [D] ompi_modex_recv_string_pointer
  [D] ompi_modex_send_key_value
  [D] ompi_mpi_errclass_add
  [D] ompi_mpi_errcode_add
  [D] ompi_mpi_errcode_finalize
  [D] ompi_mpi_errcode_init
  [D] ompi_mpi_errnum_add_string
  [D] ompi_mpi_finalize
  [D] ompi_mpi_init
  [D] ompi_mpiext_fini
  [D] ompi_mpiext_init
  [D] ompi_null_copy_fn_f, aliases mpi_null_copy_fn_, MPI_NULL_COPY_FN
  [D] ompi_null_delete_fn_f, aliases mpi_null_delete_fn__
  [D] ompi_op_base_3buff_band_byte
  [D] ompi_op_base_3buff_band_fortran_integer
  [D] ompi_op_base_3buff_band_fortran_integer1
  [D] ompi_op_base_3buff_band_fortran_integer2
  [D] ompi_op_base_3buff_band_fortran_integer4
  [D] ompi_op_base_3buff_band_fortran_integer8
  [D] ompi_op_base_3buff_band_int16_t
  [D] ompi_op_base_3buff_band_int32_t
  [D] ompi_op_base_3buff_band_int64_t
  [D] ompi_op_base_3buff_band_int8_t
  [D] ompi_op_base_3buff_band_uint16_t
  [D] ompi_op_base_3buff_band_uint32_t
  [D] ompi_op_base_3buff_band_uint64_t
  [D] ompi_op_base_3buff_band_uint8_t
  [D] ompi_op_base_3buff_bor_byte
  [D] ompi_op_base_3buff_bor_fortran_integer
  [D] ompi_op_base_3buff_bor_fortran_integer1
  [D] ompi_op_base_3buff_bor_fortran_integer2
  [D] ompi_op_base_3buff_bor_fortran_integer4
  [D] ompi_op_base_3buff_bor_fortran_integer8
  [D] ompi_op_base_3buff_bor_int16_t
  [D] ompi_op_base_3buff_bor_int32_t
  [D] ompi_op_base_3buff_bor_int64_t
  [D] ompi_op_base_3buff_bor_int8_t
  [D] ompi_op_base_3buff_bor_uint16_t
  [D] ompi_op_base_3buff_bor_uint32_t
  [D] ompi_op_base_3buff_bor_uint64_t
  [D] ompi_op_base_3buff_bor_uint8_t
  [D] ompi_op_base_3buff_bxor_byte
  [D] ompi_op_base_3buff_bxor_fortran_integer
  [D] ompi_op_base_3buff_bxor_fortran_integer1
  [D] ompi_op_base_3buff_bxor_fortran_integer2
  [D] ompi_op_base_3buff_bxor_fortran_integer4
  [D] ompi_op_base_3buff_bxor_fortran_integer8
  [D] ompi_op_base_3buff_bxor_int16_t
  [D] ompi_op_base_3buff_bxor_int32_t
  [D] ompi_op_base_3buff_bxor_int64_t
  [D] ompi_op_base_3buff_bxor_int8_t
  [D] ompi_op_base_3buff_bxor_uint16_t
  [D] ompi_op_base_3buff_bxor_uint32_t
  [D] ompi_op_base_3buff_bxor_uint64_t
  [D] ompi_op_base_3buff_bxor_uint8_t
  [D] ompi_op_base_3buff_land_bool
  [D] ompi_op_base_3buff_land_fortran_logical
  [D] ompi_op_base_3buff_land_int16_t
  [D] ompi_op_base_3buff_land_int32_t
  [D] ompi_op_base_3buff_land_int64_t
  [D] ompi_op_base_3buff_land_int8_t
  [D] ompi_op_base_3buff_land_uint16_t
  [D] ompi_op_base_3buff_land_uint32_t
  [D] ompi_op_base_3buff_land_uint64_t
  [D] ompi_op_base_3buff_land_uint8_t
  [D] ompi_op_base_3buff_lor_bool
  [D] ompi_op_base_3buff_lor_fortran_logical
  [D] ompi_op_base_3buff_lor_int16_t
  [D] ompi_op_base_3buff_lor_int32_t
  [D] ompi_op_base_3buff_lor_int64_t
  [D] ompi_op_base_3buff_lor_int8_t
  [D] ompi_op_base_3buff_lor_uint16_t
  [D] ompi_op_base_3buff_lor_uint32_t
  [D] ompi_op_base_3buff_lor_uint64_t
  [D] ompi_op_base_3buff_lor_uint8_t
  [D] ompi_op_base_3buff_lxor_bool
  [D] ompi_op_base_3buff_lxor_fortran_logical
  [D] ompi_op_base_3buff_lxor_int16_t
  [D] ompi_op_base_3buff_lxor_int32_t
  [D] ompi_op_base_3buff_lxor_int64_t
  [D] ompi_op_base_3buff_lxor_int8_t
  [D] ompi_op_base_3buff_lxor_uint16_t
  [D] ompi_op_base_3buff_lxor_uint32_t
  [D] ompi_op_base_3buff_lxor_uint64_t
  [D] ompi_op_base_3buff_lxor_uint8_t
  [D] ompi_op_base_3buff_max_double
  [D] ompi_op_base_3buff_max_float
  [D] ompi_op_base_3buff_max_fortran_double_precision
  [D] ompi_op_base_3buff_max_fortran_integer
  [D] ompi_op_base_3buff_max_fortran_integer1
  [D] ompi_op_base_3buff_max_fortran_integer2
  [D] ompi_op_base_3buff_max_fortran_integer4
  [D] ompi_op_base_3buff_max_fortran_integer8
  [D] ompi_op_base_3buff_max_fortran_real
  [D] ompi_op_base_3buff_max_fortran_real16
  [D] ompi_op_base_3buff_max_fortran_real4
  [D] ompi_op_base_3buff_max_fortran_real8
  [D] ompi_op_base_3buff_max_int16_t
  [D] ompi_op_base_3buff_max_int32_t
  [D] ompi_op_base_3buff_max_int64_t
  [D] ompi_op_base_3buff_max_int8_t
  [D] ompi_op_base_3buff_max_long_double
  [D] ompi_op_base_3buff_max_uint16_t
  [D] ompi_op_base_3buff_max_uint32_t
  [D] ompi_op_base_3buff_max_uint64_t
  [D] ompi_op_base_3buff_max_uint8_t
  [D] ompi_op_base_3buff_maxloc_2double_precision
  [D] ompi_op_base_3buff_maxloc_2int
  [D] ompi_op_base_3buff_maxloc_2integer
  [D] ompi_op_base_3buff_maxloc_2real
  [D] ompi_op_base_3buff_maxloc_double_int
  [D] ompi_op_base_3buff_maxloc_float_int
  [D] ompi_op_base_3buff_maxloc_long_double_int
  [D] ompi_op_base_3buff_maxloc_long_int
  [D] ompi_op_base_3buff_maxloc_short_int
  [D] ompi_op_base_3buff_min_double
  [D] ompi_op_base_3buff_min_float
  [D] ompi_op_base_3buff_min_fortran_double_precision
  [D] ompi_op_base_3buff_min_fortran_integer
  [D] ompi_op_base_3buff_min_fortran_integer1
  [D] ompi_op_base_3buff_min_fortran_integer2
  [D] ompi_op_base_3buff_min_fortran_integer4
  [D] ompi_op_base_3buff_min_fortran_integer8
  [D] ompi_op_base_3buff_min_fortran_real
  [D] ompi_op_base_3buff_min_fortran_real16
  [D] ompi_op_base_3buff_min_fortran_real4
  [D] ompi_op_base_3buff_min_fortran_real8
  [D] ompi_op_base_3buff_min_int16_t
  [D] ompi_op_base_3buff_min_int32_t
  [D] ompi_op_base_3buff_min_int64_t
  [D] ompi_op_base_3buff_min_int8_t
  [D] ompi_op_base_3buff_min_long_double
  [D] ompi_op_base_3buff_min_uint16_t
  [D] ompi_op_base_3buff_min_uint32_t
  [D] ompi_op_base_3buff_min_uint64_t
  [D] ompi_op_base_3buff_min_uint8_t
  [D] ompi_op_base_3buff_minloc_2double_precision
  [D] ompi_op_base_3buff_minloc_2int
  [D] ompi_op_base_3buff_minloc_2integer
  [D] ompi_op_base_3buff_minloc_2real
  [D] ompi_op_base_3buff_minloc_double_int
  [D] ompi_op_base_3buff_minloc_float_int
  [D] ompi_op_base_3buff_minloc_long_double_int
  [D] ompi_op_base_3buff_minloc_long_int
  [D] ompi_op_base_3buff_minloc_short_int
  [D] ompi_op_base_3buff_prod_double
  [D] ompi_op_base_3buff_prod_float
  [D] ompi_op_base_3buff_prod_fortran_complex
  [D] ompi_op_base_3buff_prod_fortran_complex16
  [D] ompi_op_base_3buff_prod_fortran_complex32
  [D] ompi_op_base_3buff_prod_fortran_complex8
  [D] ompi_op_base_3buff_prod_fortran_double_complex
  [D] ompi_op_base_3buff_prod_fortran_double_precision
  [D] ompi_op_base_3buff_prod_fortran_integer
  [D] ompi_op_base_3buff_prod_fortran_integer1
  [D] ompi_op_base_3buff_prod_fortran_integer2
  [D] ompi_op_base_3buff_prod_fortran_integer4
  [D] ompi_op_base_3buff_prod_fortran_integer8
  [D] ompi_op_base_3buff_prod_fortran_real
  [D] ompi_op_base_3buff_prod_fortran_real16
  [D] ompi_op_base_3buff_prod_fortran_real4
  [D] ompi_op_base_3buff_prod_fortran_real8
  [D] ompi_op_base_3buff_prod_int16_t
  [D] ompi_op_base_3buff_prod_int32_t
  [D] ompi_op_base_3buff_prod_int64_t
  [D] ompi_op_base_3buff_prod_int8_t
  [D] ompi_op_base_3buff_prod_long_double
  [D] ompi_op_base_3buff_prod_uint16_t
  [D] ompi_op_base_3buff_prod_uint32_t
  [D] ompi_op_base_3buff_prod_uint64_t
  [D] ompi_op_base_3buff_prod_uint8_t
  [D] ompi_op_base_3buff_sum_double
  [D] ompi_op_base_3buff_sum_float
  [D] ompi_op_base_3buff_sum_fortran_complex
  [D] ompi_op_base_3buff_sum_fortran_complex16
  [D] ompi_op_base_3buff_sum_fortran_complex32
  [D] ompi_op_base_3buff_sum_fortran_complex8
  [D] ompi_op_base_3buff_sum_fortran_double_complex
  [D] ompi_op_base_3buff_sum_fortran_double_precision
  [D] ompi_op_base_3buff_sum_fortran_integer
  [D] ompi_op_base_3buff_sum_fortran_integer1
  [D] ompi_op_base_3buff_sum_fortran_integer2
  [D] ompi_op_base_3buff_sum_fortran_integer4
  [D] ompi_op_base_3buff_sum_fortran_integer8
  [D] ompi_op_base_3buff_sum_fortran_real
  [D] ompi_op_base_3buff_sum_fortran_real16
  [D] ompi_op_base_3buff_sum_fortran_real4
  [D] ompi_op_base_3buff_sum_fortran_real8
  [D] ompi_op_base_3buff_sum_int16_t
  [D] ompi_op_base_3buff_sum_int32_t
  [D] ompi_op_base_3buff_sum_int64_t
  [D] ompi_op_base_3buff_sum_int8_t
  [D] ompi_op_base_3buff_sum_long_double
  [D] ompi_op_base_3buff_sum_uint16_t
  [D] ompi_op_base_3buff_sum_uint32_t
  [D] ompi_op_base_3buff_sum_uint64_t
  [D] ompi_op_base_3buff_sum_uint8_t
  [D] ompi_op_base_band_byte
  [D] ompi_op_base_band_fortran_integer
  [D] ompi_op_base_band_fortran_integer1
  [D] ompi_op_base_band_fortran_integer2
  [D] ompi_op_base_band_fortran_integer4
  [D] ompi_op_base_band_fortran_integer8
  [D] ompi_op_base_band_int16_t
  [D] ompi_op_base_band_int32_t
  [D] ompi_op_base_band_int64_t
  [D] ompi_op_base_band_int8_t
  [D] ompi_op_base_band_uint16_t
  [D] ompi_op_base_band_uint32_t
  [D] ompi_op_base_band_uint64_t
  [D] ompi_op_base_band_uint8_t
  [D] ompi_op_base_bor_byte
  [D] ompi_op_base_bor_fortran_integer
  [D] ompi_op_base_bor_fortran_integer1
  [D] ompi_op_base_bor_fortran_integer2
  [D] ompi_op_base_bor_fortran_integer4
  [D] ompi_op_base_bor_fortran_integer8
  [D] ompi_op_base_bor_int16_t
  [D] ompi_op_base_bor_int32_t
  [D] ompi_op_base_bor_int64_t
  [D] ompi_op_base_bor_int8_t
  [D] ompi_op_base_bor_uint16_t
  [D] ompi_op_base_bor_uint32_t
  [D] ompi_op_base_bor_uint64_t
  [D] ompi_op_base_bor_uint8_t
  [D] ompi_op_base_bxor_byte
  [D] ompi_op_base_bxor_fortran_integer
  [D] ompi_op_base_bxor_fortran_integer1
  [D] ompi_op_base_bxor_fortran_integer2
  [D] ompi_op_base_bxor_fortran_integer4
  [D] ompi_op_base_bxor_fortran_integer8
  [D] ompi_op_base_bxor_int16_t
  [D] ompi_op_base_bxor_int32_t
  [D] ompi_op_base_bxor_int64_t
  [D] ompi_op_base_bxor_int8_t
  [D] ompi_op_base_bxor_uint16_t
  [D] ompi_op_base_bxor_uint32_t
  [D] ompi_op_base_bxor_uint64_t
  [D] ompi_op_base_bxor_uint8_t
  [D] ompi_op_base_close
  [D] ompi_op_base_find_available
  [D] ompi_op_base_land_bool
  [D] ompi_op_base_land_fortran_logical
  [D] ompi_op_base_land_int16_t
  [D] ompi_op_base_land_int32_t
  [D] ompi_op_base_land_int64_t
  [D] ompi_op_base_land_int8_t
  [D] ompi_op_base_land_uint16_t
  [D] ompi_op_base_land_uint32_t
  [D] ompi_op_base_land_uint64_t
  [D] ompi_op_base_land_uint8_t
  [D] ompi_op_base_lor_bool
  [D] ompi_op_base_lor_fortran_logical
  [D] ompi_op_base_lor_int16_t
  [D] ompi_op_base_lor_int32_t
  [D] ompi_op_base_lor_int64_t
  [D] ompi_op_base_lor_int8_t
  [D] ompi_op_base_lor_uint16_t
  [D] ompi_op_base_lor_uint32_t
  [D] ompi_op_base_lor_uint64_t
  [D] ompi_op_base_lor_uint8_t
  [D] ompi_op_base_lxor_bool
  [D] ompi_op_base_lxor_fortran_logical
  [D] ompi_op_base_lxor_int16_t
  [D] ompi_op_base_lxor_int32_t
  [D] ompi_op_base_lxor_int64_t
  [D] ompi_op_base_lxor_int8_t
  [D] ompi_op_base_lxor_uint16_t
  [D] ompi_op_base_lxor_uint32_t
  [D] ompi_op_base_lxor_uint64_t
  [D] ompi_op_base_lxor_uint8_t
  [D] ompi_op_base_max_double
  [D] ompi_op_base_max_float
  [D] ompi_op_base_max_fortran_double_precision
  [D] ompi_op_base_max_fortran_integer
  [D] ompi_op_base_max_fortran_integer1
  [D] ompi_op_base_max_fortran_integer2
  [D] ompi_op_base_max_fortran_integer4
  [D] ompi_op_base_max_fortran_integer8
  [D] ompi_op_base_max_fortran_real
  [D] ompi_op_base_max_fortran_real16
  [D] ompi_op_base_max_fortran_real4
  [D] ompi_op_base_max_fortran_real8
  [D] ompi_op_base_max_int16_t
  [D] ompi_op_base_max_int32_t
  [D] ompi_op_base_max_int64_t
  [D] ompi_op_base_max_int8_t
  [D] ompi_op_base_max_long_double
  [D] ompi_op_base_max_uint16_t
  [D] ompi_op_base_max_uint32_t
  [D] ompi_op_base_max_uint64_t
  [D] ompi_op_base_max_uint8_t
  [D] ompi_op_base_maxloc_2double_precision
  [D] ompi_op_base_maxloc_2int
  [D] ompi_op_base_maxloc_2integer
  [D] ompi_op_base_maxloc_2real
  [D] ompi_op_base_maxloc_double_int
  [D] ompi_op_base_maxloc_float_int
  [D] ompi_op_base_maxloc_long_double_int
  [D] ompi_op_base_maxloc_long_int
  [D] ompi_op_base_maxloc_short_int
  [D] ompi_op_base_min_double
  [D] ompi_op_base_min_float
  [D] ompi_op_base_min_fortran_double_precision
  [D] ompi_op_base_min_fortran_integer
  [D] ompi_op_base_min_fortran_integer1
  [D] ompi_op_base_min_fortran_integer2
  [D] ompi_op_base_min_fortran_integer4
  [D] ompi_op_base_min_fortran_integer8
  [D] ompi_op_base_min_fortran_real
  [D] ompi_op_base_min_fortran_real16
  [D] ompi_op_base_min_fortran_real4
  [D] ompi_op_base_min_fortran_real8
  [D] ompi_op_base_min_int16_t
  [D] ompi_op_base_min_int32_t
  [D] ompi_op_base_min_int64_t
  [D] ompi_op_base_min_int8_t
  [D] ompi_op_base_min_long_double
  [D] ompi_op_base_min_uint16_t
  [D] ompi_op_base_min_uint32_t
  [D] ompi_op_base_min_uint64_t
  [D] ompi_op_base_min_uint8_t
  [D] ompi_op_base_minloc_2double_precision
  [D] ompi_op_base_minloc_2int
  [D] ompi_op_base_minloc_2integer
  [D] ompi_op_base_minloc_2real
  [D] ompi_op_base_minloc_double_int
  [D] ompi_op_base_minloc_float_int
  [D] ompi_op_base_minloc_long_double_int
  [D] ompi_op_base_minloc_long_int
  [D] ompi_op_base_minloc_short_int
  [D] ompi_op_base_op_select
  [D] ompi_op_base_open
  [D] ompi_op_base_prod_double
  [D] ompi_op_base_prod_float
  [D] ompi_op_base_prod_fortran_complex
  [D] ompi_op_base_prod_fortran_complex16
  [D] ompi_op_base_prod_fortran_complex32
  [D] ompi_op_base_prod_fortran_complex8
  [D] ompi_op_base_prod_fortran_double_complex
  [D] ompi_op_base_prod_fortran_double_precision
  [D] ompi_op_base_prod_fortran_integer
  [D] ompi_op_base_prod_fortran_integer1
  [D] ompi_op_base_prod_fortran_integer2
  [D] ompi_op_base_prod_fortran_integer4
  [D] ompi_op_base_prod_fortran_integer8
  [D] ompi_op_base_prod_fortran_real
  [D] ompi_op_base_prod_fortran_real16
  [D] ompi_op_base_prod_fortran_real4
  [D] ompi_op_base_prod_fortran_real8
  [D] ompi_op_base_prod_int16_t
  [D] ompi_op_base_prod_int32_t
  [D] ompi_op_base_prod_int64_t
  [D] ompi_op_base_prod_int8_t
  [D] ompi_op_base_prod_long_double
  [D] ompi_op_base_prod_uint16_t
  [D] ompi_op_base_prod_uint32_t
  [D] ompi_op_base_prod_uint64_t
  [D] ompi_op_base_prod_uint8_t
  [D] ompi_op_base_sum_double
  [D] ompi_op_base_sum_float
  [D] ompi_op_base_sum_fortran_complex
  [D] ompi_op_base_sum_fortran_complex16
  [D] ompi_op_base_sum_fortran_complex32
  [D] ompi_op_base_sum_fortran_complex8
  [D] ompi_op_base_sum_fortran_double_complex
  [D] ompi_op_base_sum_fortran_double_precision
  [D] ompi_op_base_sum_fortran_integer
  [D] ompi_op_base_sum_fortran_integer1
  [D] ompi_op_base_sum_fortran_integer2
  [D] ompi_op_base_sum_fortran_integer4
  [D] ompi_op_base_sum_fortran_integer8
  [D] ompi_op_base_sum_fortran_real
  [D] ompi_op_base_sum_fortran_real16
  [D] ompi_op_base_sum_fortran_real4
  [D] ompi_op_base_sum_fortran_real8
  [D] ompi_op_base_sum_int16_t
  [D] ompi_op_base_sum_int32_t
  [D] ompi_op_base_sum_int64_t
  [D] ompi_op_base_sum_int8_t
  [D] ompi_op_base_sum_long_double
  [D] ompi_op_base_sum_uint16_t
  [D] ompi_op_base_sum_uint32_t
  [D] ompi_op_base_sum_uint64_t
  [D] ompi_op_base_sum_uint8_t
  [D] ompi_op_create_user
  [D] ompi_op_finalize
  [D] ompi_op_init
  [D] ompi_osc_base_finalize
  [D] ompi_osc_base_find_available
  [D] ompi_osc_base_select
  [D] ompi_osc_pt2pt_component_finalize
  [D] ompi_osc_pt2pt_component_init
  [D] ompi_osc_pt2pt_component_irecv
  [D] ompi_osc_pt2pt_component_isend
  [D] ompi_osc_pt2pt_component_query
  [D] ompi_osc_pt2pt_component_select
  [D] ompi_osc_pt2pt_control_send
  [D] ompi_osc_pt2pt_module_accumulate
  [D] ompi_osc_pt2pt_module_complete
  [D] ompi_osc_pt2pt_module_fence
  [D] ompi_osc_pt2pt_module_free
  [D] ompi_osc_pt2pt_module_get
  [D] ompi_osc_pt2pt_module_lock
  [D] ompi_osc_pt2pt_module_post
  [D] ompi_osc_pt2pt_module_put
  [D] ompi_osc_pt2pt_module_start
  [D] ompi_osc_pt2pt_module_test
  [D] ompi_osc_pt2pt_module_unlock
  [D] ompi_osc_pt2pt_module_wait
  [D] ompi_osc_pt2pt_passive_lock
  [D] ompi_osc_pt2pt_passive_unlock
  [D] ompi_osc_pt2pt_passive_unlock_complete
  [D] ompi_osc_pt2pt_replyreq_alloc_init
  [D] ompi_osc_pt2pt_replyreq_recv
  [D] ompi_osc_pt2pt_replyreq_send
  [D] ompi_osc_pt2pt_sendreq_alloc_init
  [D] ompi_osc_pt2pt_sendreq_recv_accum
  [D] ompi_osc_pt2pt_sendreq_recv_put
  [D] ompi_osc_pt2pt_sendreq_send
  [D] ompi_osc_rdma_component_finalize
  [D] ompi_osc_rdma_component_init
  [D] ompi_osc_rdma_component_irecv
  [D] ompi_osc_rdma_component_isend
  [D] ompi_osc_rdma_component_query
  [D] ompi_osc_rdma_component_select
  [D] ompi_osc_rdma_control_send
  [D] ompi_osc_rdma_flush
  [D] ompi_osc_rdma_module_accumulate
  [D] ompi_osc_rdma_module_complete
  [D] ompi_osc_rdma_module_fence
  [D] ompi_osc_rdma_module_free
  [D] ompi_osc_rdma_module_get
  [D] ompi_osc_rdma_module_lock
  [D] ompi_osc_rdma_module_post
  [D] ompi_osc_rdma_module_put
  [D] ompi_osc_rdma_module_start
  [D] ompi_osc_rdma_module_test
  [D] ompi_osc_rdma_module_unlock
  [D] ompi_osc_rdma_module_wait
  [D] ompi_osc_rdma_passive_lock
  [D] ompi_osc_rdma_passive_unlock
  [D] ompi_osc_rdma_passive_unlock_complete
  [D] ompi_osc_rdma_peer_info_free
  [D] ompi_osc_rdma_rdma_ack_send
  [D] ompi_osc_rdma_replyreq_alloc_init
  [D] ompi_osc_rdma_replyreq_recv
  [D] ompi_osc_rdma_replyreq_send
  [D] ompi_osc_rdma_sendreq_alloc_init
  [D] ompi_osc_rdma_sendreq_recv_accum
  [D] ompi_osc_rdma_sendreq_recv_put
  [D] ompi_osc_rdma_sendreq_send
  [D] ompi_proc_complete_init
  [D] ompi_request_default_test
  [D] ompi_request_default_test_all
  [D] ompi_request_default_test_any
  [D] ompi_request_default_test_some
  [D] ompi_request_default_wait
  [D] ompi_request_default_wait_all
  [D] ompi_request_default_wait_any
  [D] ompi_request_default_wait_some
  [D] ompi_request_finalize
  [D] ompi_request_init
  [D] ompi_set_group_rank
  [D] ompi_show_all_mca_params
  [D] ompi_topo_create
  [D] ompi_type_dup_fn_f, aliases mpi_type_dup_fn, MPI_TYPE_DUP_FN
  [D] ompi_type_null_copy_fn_f
  [D] ompi_type_null_delete_fn_f, aliases mpi_type_null_delete_fn__, mpi_type_null_delete_fn
  [D] ompi_win_create
  [D] ompi_win_dup_fn_f, aliases mpi_win_dup_fn, mpi_win_dup_fn__, mpi_win_dup_fn_, MPI_WIN_DUP_FN
  [D] ompi_win_finalize
  [D] ompi_win_free
  [D] ompi_win_get_name
  [D] ompi_win_group
  [D] ompi_win_init
  [D] ompi_win_null_copy_fn_f
  [D] ompi_win_null_delete_fn_f, aliases MPI_WIN_NULL_DELETE_FN, mpi_win_null_delete_fn__
  [D] ompi_win_set_name
  [D] pml_v_output_close
  [D] pml_v_output_open
  [D] pow_k_calc
  [D] pow_sm_k
  [D] read_find_next_index
  [D] read_get_process_id
  [D] read_local_heap_sort
  [D] reg_int
  [D] roundup_to_power_radix
  [D] two_phase_heap_merge
  [D] vprotocol_pessimist_delivery_replay
  [D] vprotocol_pessimist_event_logger_connect
  [D] vprotocol_pessimist_event_logger_disconnect
  [D] vprotocol_pessimist_matching_replay
  [D] vprotocol_pessimist_sender_based_alloc
  [D] vprotocol_pessimist_sender_based_finalize
  [D] vprotocol_pessimist_sender_based_init

73 Added function symbols not referenced by debug info:

  [A] ADIOI_Flatten_copy_type
  [A] mca_common_sm_mmap_fini
  [A] mca_common_sm_mmap_init
  [A] mca_common_sm_mmap_init_group
  [A] mca_common_sm_mmap_seg_alloc
  [A] mca_io_base_component_add
  [A] mca_io_base_component_del
  [A] mca_io_base_component_finalize
  [A] mca_io_base_component_init
  [A] mca_io_base_component_run_progress
  [A] mca_io_base_request_free
  [A] mca_io_base_request_progress_add
  [A] mca_io_base_request_progress_del
  [A] mca_io_base_request_return
  [A] mpi_comm_dup_fn_f, aliases mpi_comm_dup_fn
  [A] mpi_comm_null_copy_fn_f, aliases mpi_comm_null_copy_fn_, mpi_comm_null_copy_fn, MPI_COMM_NULL_COPY_FN
  [A] mpi_comm_null_delete_fn_f
  [A] mpi_dup_fn_f, aliases mpi_dup_fn_, mpi_dup_fn
  [A] mpi_null_copy_fn_f, aliases mpi_null_copy_fn
  [A] mpi_null_delete_fn_f, aliases mpi_null_delete_fn, mpi_null_delete_fn_
  [A] mpi_type_dup_fn_f, aliases MPI_TYPE_DUP_FN, mpi_type_dup_fn_
  [A] mpi_type_null_copy_fn_f, aliases mpi_type_null_copy_fn, mpi_type_null_copy_fn_, MPI_TYPE_NULL_COPY_FN
  [A] mpi_type_null_delete_fn_f
  [A] mpi_win_dup_fn_f, aliases MPI_WIN_DUP_FN, mpi_win_dup_fn
  [A] mpi_win_null_copy_fn_f, aliases MPI_WIN_NULL_COPY_FN, mpi_win_null_copy_fn, mpi_win_null_copy_fn_
  [A] mpi_win_null_delete_fn_f, aliases mpi_win_null_delete_fn_, mpi_win_null_delete_fn, MPI_WIN_NULL_DELETE_FN
  [A] ompi_bitmap_clear_all_bits
  [A] ompi_bitmap_clear_bit
  [A] ompi_bitmap_find_and_set_first_unset_bit
  [A] ompi_bitmap_init
  [A] ompi_bitmap_is_set_bit
  [A] ompi_bitmap_set_all_bits
  [A] ompi_bitmap_set_bit
  [A] ompi_comm_checkfor_blockreset
  [A] ompi_convertor_clone
  [A] ompi_convertor_create
  [A] ompi_convertor_dump
  [A] ompi_convertor_generic_simple_position
  [A] ompi_convertor_pack
  [A] ompi_convertor_prepare_for_recv
  [A] ompi_convertor_prepare_for_send
  [A] ompi_convertor_set_position_nocheck
  [A] ompi_convertor_unpack
  [A] ompi_ddt_add
  [A] ompi_ddt_commit
  [A] ompi_ddt_copy_args
  [A] ompi_ddt_copy_content_same_ddt
  [A] ompi_ddt_create_contiguous
  [A] ompi_ddt_create_from_packed_description
  [A] ompi_ddt_create_hindexed
  [A] ompi_ddt_create_hvector
  [A] ompi_ddt_create_indexed
  [A] ompi_ddt_create_indexed_block
  [A] ompi_ddt_create_resized
  [A] ompi_ddt_create_struct
  [A] ompi_ddt_create_vector
  [A] ompi_ddt_destroy
  [A] ompi_ddt_dump
  [A] ompi_ddt_dump_stack
  [A] ompi_ddt_duplicate
  [A] ompi_ddt_finalize
  [A] ompi_ddt_get_args
  [A] ompi_ddt_get_element_count
  [A] ompi_ddt_get_pack_description
  [A] ompi_ddt_init
  [A] ompi_ddt_match_size
  [A] ompi_ddt_pack_description_length
  [A] ompi_ddt_print_args
  [A] ompi_ddt_release_args
  [A] ompi_ddt_set_args
  [A] ompi_ddt_set_element_count
  [A] ompi_ddt_sndrcv
  [A] ompi_proc_set_arch

460 Removed variable symbols not referenced by debug info:

  [D] ADIOI_cb_config_list_keyval
  [D] ADIOI_syshints
  [D] ADIO_same_amode
  [D] _dict_free
  [D] _dict_malloc
  [D] bcol_base_network_context_t_class
  [D] bcol_basesmuma_smcm_mmap_t_class
  [D] bcol_basesmuma_smcm_proc_item_t_class
  [D] bcol_mpool_compatibility
  [D] bcol_mpool_index
  [D] coll_ml_config_parse_done
  [D] coll_ml_config_string
  [D] coll_ml_config_yy_flex_debug
  [D] coll_ml_config_yyin
  [D] coll_ml_config_yyleng
  [D] coll_ml_config_yylineno
  [D] coll_ml_config_yynewlines
  [D] coll_ml_config_yyout
  [D] coll_ml_config_yytext
  [D] list_data_t_class
  [D] mca_allocator_base_static_components
  [D] mca_allocator_basic_segment_t_class
  [D] mca_bcol_base_coll_fn_desc_t_class
  [D] mca_bcol_base_components_in_use
  [D] mca_bcol_base_components_opened
  [D] mca_bcol_base_module_t_class
  [D] mca_bcol_base_output
  [D] mca_bcol_base_static_components
  [D] mca_bcol_basesmuma_component
  [D] mca_bcol_basesmuma_component_version_string
  [D] mca_bcol_basesmuma_module_t_class
  [D] mca_bcol_ptpcoll_collreq_t_class
  [D] mca_bcol_ptpcoll_component
  [D] mca_bcol_ptpcoll_component_version_string
  [D] mca_bcol_ptpcoll_module_t_class
  [D] mca_bml_base_already_opened
  [D] mca_bml_base_static_components
  [D] mca_bml_r2
  [D] mca_btl_base_already_opened
  [D] mca_btl_base_exclude
  [D] mca_btl_base_include
  [D] mca_btl_base_static_components
  [D] mca_btl_base_warn_component_unused
  [D] mca_btl_self
  [D] mca_btl_self_frag_eager_t_class
  [D] mca_btl_self_frag_rdma_t_class
  [D] mca_btl_self_frag_send_t_class
  [D] mca_btl_sm
  [D] mca_btl_sm_frag1_t_class
  [D] mca_btl_sm_frag2_t_class
  [D] mca_btl_sm_user_t_class
  [D] mca_btl_tcp_endpoint_t_class
  [D] mca_btl_tcp_event_t_class
  [D] mca_btl_tcp_frag_eager_t_class
  [D] mca_btl_tcp_frag_max_t_class
  [D] mca_btl_tcp_frag_t_class
  [D] mca_btl_tcp_frag_user_t_class
  [D] mca_btl_tcp_module
  [D] mca_btl_tcp_proc_t_class
  [D] mca_coll_base_associative
  [D] mca_coll_base_components_available
  [D] mca_coll_base_components_available_valid
  [D] mca_coll_base_components_opened_valid
  [D] mca_coll_base_crossover
  [D] mca_coll_base_static_components
  [D] mca_coll_basic_component_version_string
  [D] mca_coll_basic_crossover
  [D] mca_coll_basic_module_t_class
  [D] mca_coll_basic_priority
  [D] mca_coll_hierarch_bcast_alg_param
  [D] mca_coll_hierarch_component_version_string
  [D] mca_coll_hierarch_detection_alg_param
  [D] mca_coll_hierarch_ignore_sm_param
  [D] mca_coll_hierarch_module_t_class
  [D] mca_coll_hierarch_priority_param
  [D] mca_coll_hierarch_segsize_param
  [D] mca_coll_hierarch_use_rdma_param
  [D] mca_coll_hierarch_verbose_param
  [D] mca_coll_inter_component_version_string
  [D] mca_coll_inter_module_t_class
  [D] mca_coll_inter_priority_param
  [D] mca_coll_inter_verbose_param
  [D] mca_coll_libnbc_component
  [D] mca_coll_libnbc_component_version_string
  [D] mca_coll_ml_bcol_list_item_t_class
  [D] mca_coll_ml_collective_operation_progress_t_class
  [D] mca_coll_ml_component
  [D] mca_coll_ml_component_version_string
  [D] mca_coll_ml_descriptor_t_class
  [D] mca_coll_ml_fragment_t_class
  [D] mca_coll_ml_lmngr_block_t_class
  [D] mca_coll_ml_lmngr_t_class
  [D] mca_coll_ml_module_t_class
  [D] mca_coll_self_component_version_string
  [D] mca_coll_self_module_t_class
  [D] mca_coll_self_priority_param
  [D] mca_coll_sm_component_version_string
  [D] mca_coll_sm_module_t_class
  [D] mca_coll_sm_one
  [D] mca_coll_tuned_module_t_class
  [D] mca_common_sm_module_t_class
  [D] mca_crcp_base_static_components
  [D] mca_dpm_base_static_components
  [D] mca_fbtl
  [D] mca_fbtl_base_components_available
  [D] mca_fbtl_base_components_available_valid
  [D] mca_fbtl_base_components_opened
  [D] mca_fbtl_base_components_opened_valid
  [D] mca_fbtl_base_modules_available
  [D] mca_fbtl_base_modules_available_valid
  [D] mca_fbtl_base_output
  [D] mca_fbtl_base_param
  [D] mca_fbtl_base_selected_component
  [D] mca_fbtl_base_static_components
  [D] mca_fbtl_posix_component
  [D] mca_fbtl_posix_component_version_string
  [D] mca_fbtl_posix_priority
  [D] mca_fcoll
  [D] mca_fcoll_base_components_available
  [D] mca_fcoll_base_components_available_valid
  [D] mca_fcoll_base_components_opened
  [D] mca_fcoll_base_components_opened_valid
  [D] mca_fcoll_base_modules_available
  [D] mca_fcoll_base_modules_available_valid
  [D] mca_fcoll_base_output
  [D] mca_fcoll_base_param
  [D] mca_fcoll_base_selected_component
  [D] mca_fcoll_base_static_components
  [D] mca_fcoll_dynamic_component
  [D] mca_fcoll_dynamic_component_version_string
  [D] mca_fcoll_dynamic_constant_cbs
  [D] mca_fcoll_dynamic_cycle_buffer_size
  [D] mca_fcoll_dynamic_num_io_procs
  [D] mca_fcoll_dynamic_priority
  [D] mca_fcoll_individual_component
  [D] mca_fcoll_individual_component_version_string
  [D] mca_fcoll_individual_constant_cbs
  [D] mca_fcoll_individual_cycle_buffer_size
  [D] mca_fcoll_individual_priority
  [D] mca_fcoll_static_component
  [D] mca_fcoll_static_component_version_string
  [D] mca_fcoll_static_constant_cbs
  [D] mca_fcoll_static_cycle_buffer_size
  [D] mca_fcoll_static_num_io_procs
  [D] mca_fcoll_static_priority
  [D] mca_fcoll_two_phase_component
  [D] mca_fcoll_two_phase_component_version_string
  [D] mca_fcoll_two_phase_constant_cbs
  [D] mca_fcoll_two_phase_cycle_buffer_size
  [D] mca_fcoll_two_phase_num_io_procs
  [D] mca_fcoll_two_phase_priority
  [D] mca_fcoll_ylib_blocks_per_cycle
  [D] mca_fcoll_ylib_component
  [D] mca_fcoll_ylib_component_version_string
  [D] mca_fcoll_ylib_num_io_procs
  [D] mca_fcoll_ylib_priority
  [D] mca_fcoll_ylib_stripe_size
  [D] mca_fs
  [D] mca_fs_base_components_available
  [D] mca_fs_base_components_available_valid
  [D] mca_fs_base_components_opened
  [D] mca_fs_base_components_opened_valid
  [D] mca_fs_base_modules_available
  [D] mca_fs_base_modules_available_valid
  [D] mca_fs_base_output
  [D] mca_fs_base_param
  [D] mca_fs_base_selected_component
  [D] mca_fs_base_static_components
  [D] mca_fs_ufs_component
  [D] mca_fs_ufs_component_version_string
  [D] mca_fs_ufs_priority
  [D] mca_io_base_static_components
  [D] mca_io_ompio_bytes_per_agg
  [D] mca_io_ompio_component
  [D] mca_io_ompio_component_version_string
  [D] mca_io_ompio_cycle_buffer_size
  [D] mca_io_ompio_module
  [D] mca_io_ompio_mutex
  [D] mca_io_ompio_pending_requests
  [D] mca_io_romio_component_version_string
  [D] mca_io_romio_module
  [D] mca_io_romio_mutex
  [D] mca_mpool_base_modules
  [D] mca_mpool_base_static_components
  [D] mca_mpool_base_tree
  [D] mca_mpool_base_tree_item_free_list
  [D] mca_mpool_base_used_mem_hooks
  [D] mca_mpool_grdma_component
  [D] mca_mpool_grdma_pool_t_class
  [D] mca_mtl_base_static_components
  [D] mca_op_base_static_components
  [D] mca_osc_base_static_components
  [D] mca_pml_base_static_components
  [D] mca_pml_bfo
  [D] mca_pml_bfo_buffer_t_class
  [D] mca_pml_bfo_comm_t_class
  [D] mca_pml_bfo_component
  [D] mca_pml_bfo_output
  [D] mca_pml_bfo_pckt_pending_t_class
  [D] mca_pml_bfo_rdma_frag_t_class
  [D] mca_pml_bfo_recv_frag_t_class
  [D] mca_pml_bfo_recv_request_t_class
  [D] mca_pml_bfo_send_range_t_class
  [D] mca_pml_bfo_send_request_t_class
  [D] mca_pml_cm_hvy_recv_request_t_class
  [D] mca_pml_cm_hvy_send_request_t_class
  [D] mca_pml_cm_request_t_class
  [D] mca_pml_cm_send_request_t_class
  [D] mca_pml_cm_thin_recv_request_t_class
  [D] mca_pml_cm_thin_send_request_t_class
  [D] mca_pml_ob1
  [D] mca_pml_ob1_buffer_t_class
  [D] mca_pml_ob1_comm_t_class
  [D] mca_pml_ob1_output
  [D] mca_pml_ob1_pckt_pending_t_class
  [D] mca_pml_ob1_rdma_frag_t_class
  [D] mca_pml_ob1_recv_frag_t_class
  [D] mca_pml_ob1_recv_request_t_class
  [D] mca_pml_ob1_send_range_t_class
  [D] mca_pml_ob1_send_request_t_class
  [D] mca_pubsub_base_static_components
  [D] mca_rcache_base_static_components
  [D] mca_rcache_vma_reg_list_item_t_class
  [D] mca_rcache_vma_t_class
  [D] mca_sbgp_base_components_in_use
  [D] mca_sbgp_base_components_in_use_inited
  [D] mca_sbgp_base_components_opened
  [D] mca_sbgp_base_module_t_class
  [D] mca_sbgp_base_output
  [D] mca_sbgp_base_static_components
  [D] mca_sbgp_basesmsocket_component
  [D] mca_sbgp_basesmsocket_component_version_string
  [D] mca_sbgp_basesmsocket_module_t_class
  [D] mca_sbgp_basesmuma_component
  [D] mca_sbgp_basesmuma_component_version_string
  [D] mca_sbgp_basesmuma_module_t_class
  [D] mca_sbgp_p2p_component
  [D] mca_sbgp_p2p_component_version_string
  [D] mca_sbgp_p2p_module_t_class
  [D] mca_sharedfp
  [D] mca_sharedfp_base_components_available
  [D] mca_sharedfp_base_components_available_valid
  [D] mca_sharedfp_base_components_opened
  [D] mca_sharedfp_base_components_opened_valid
  [D] mca_sharedfp_base_modules_available
  [D] mca_sharedfp_base_modules_available_valid
  [D] mca_sharedfp_base_output
  [D] mca_sharedfp_base_param
  [D] mca_sharedfp_base_selected_component
  [D] mca_sharedfp_base_static_components
  [D] mca_sharedfp_dummy_component
  [D] mca_sharedfp_dummy_component_version_string
  [D] mca_topo
  [D] mca_topo_base_components_available_valid
  [D] mca_topo_base_components_opened_valid
  [D] mca_topo_base_modules_available
  [D] mca_topo_base_modules_available_valid
  [D] mca_topo_base_param
  [D] mca_topo_base_selected_component
  [D] mca_topo_base_static_components
  [D] mca_topo_unity_component_version_string
  [D] mca_vprotocol_base_static_components
  [D] mca_vprotocol_pessimist_recv_request_t_class
  [D] mca_vprotocol_pessimist_send_request_t_class
  [D] memory_buffer_index
  [D] netpatterns_base_verbose
  [D] ompi_bcol_bcols_string
  [D] ompi_coll_libnbc_module_t_class
  [D] ompi_coll_libnbc_request_t_class
  [D] ompi_coll_tuned_component_version_string
  [D] ompi_coll_tuned_dynamic_rules_filename
  [D] ompi_coll_tuned_forced_max_algorithms
  [D] ompi_coll_tuned_forced_params
  [D] ompi_coll_tuned_init_chain_fanout
  [D] ompi_coll_tuned_init_max_requests
  [D] ompi_coll_tuned_init_tree_fanout
  [D] ompi_coll_tuned_preallocate_memory_comm_size_limit
  [D] ompi_coll_tuned_priority
  [D] ompi_coll_tuned_stream
  [D] ompi_coll_tuned_use_dynamic_rules
  [D] ompi_comm_num_dyncomm
  [D] ompi_crcp_base_btl_state_t_class
  [D] ompi_datatype_basicDatatypes
  [D] ompi_datatype_dfd
  [D] ompi_datatype_external32_arch_id
  [D] ompi_datatype_f_to_c_table
  [D] ompi_datatype_number_of_predefined_data
  [D] ompi_datatype_predefined_elem_desc
  [D] ompi_dpm_orte_module
  [D] ompi_err_access
  [D] ompi_err_amode
  [D] ompi_err_arg
  [D] ompi_err_assert
  [D] ompi_err_bad_file
  [D] ompi_err_base
  [D] ompi_err_buffer
  [D] ompi_err_comm
  [D] ompi_err_conversion
  [D] ompi_err_count
  [D] ompi_err_dims
  [D] ompi_err_disp
  [D] ompi_err_dup_datarep
  [D] ompi_err_file
  [D] ompi_err_file_exists
  [D] ompi_err_file_in_use
  [D] ompi_err_group
  [D] ompi_err_in_status
  [D] ompi_err_info
  [D] ompi_err_info_key
  [D] ompi_err_info_nokey
  [D] ompi_err_info_value
  [D] ompi_err_intern
  [D] ompi_err_io
  [D] ompi_err_keyval
  [D] ompi_err_locktype
  [D] ompi_err_name
  [D] ompi_err_no_mem
  [D] ompi_err_no_space
  [D] ompi_err_no_such_file
  [D] ompi_err_not_same
  [D] ompi_err_op
  [D] ompi_err_other
  [D] ompi_err_pending
  [D] ompi_err_port
  [D] ompi_err_quota
  [D] ompi_err_rank
  [D] ompi_err_read_only
  [D] ompi_err_request
  [D] ompi_err_rma_conflict
  [D] ompi_err_rma_sync
  [D] ompi_err_root
  [D] ompi_err_service
  [D] ompi_err_size
  [D] ompi_err_spawn
  [D] ompi_err_tag
  [D] ompi_err_topology
  [D] ompi_err_truncate
  [D] ompi_err_type
  [D] ompi_err_unsupported_datarep
  [D] ompi_err_unsupported_operation
  [D] ompi_err_win
  [D] ompi_errcode_intern_t_class
  [D] ompi_errhandler_t_class
  [D] ompi_file_f_to_c_table
  [D] ompi_file_t_class
  [D] ompi_info_f_to_c_table
  [D] ompi_message_f_to_c_table
  [D] ompi_message_free_list
  [D] ompi_message_no_proc
  [D] ompi_message_null
  [D] ompi_message_t_class
  [D] ompi_mpi_2dblprec_addr
  [D] ompi_mpi_2integer_addr
  [D] ompi_mpi_2real_addr
  [D] ompi_mpi_aint
  [D] ompi_mpi_c_bool
  [D] ompi_mpi_c_complex
  [D] ompi_mpi_c_double_complex
  [D] ompi_mpi_c_float_complex
  [D] ompi_mpi_c_long_double_complex
  [D] ompi_mpi_character_addr
  [D] ompi_mpi_comm_null_addr
  [D] ompi_mpi_comm_self_addr
  [D] ompi_mpi_comm_world_addr
  [D] ompi_mpi_complex16_addr
  [D] ompi_mpi_complex32_addr
  [D] ompi_mpi_complex8_addr
  [D] ompi_mpi_cplex_addr
  [D] ompi_mpi_dblcplex_addr
  [D] ompi_mpi_dblprec_addr
  [D] ompi_mpi_errcode_t_class
  [D] ompi_mpi_errhandler_null_addr
  [D] ompi_mpi_errors_are_fatal_addr
  [D] ompi_mpi_errors_return_addr
  [D] ompi_mpi_errors_throw_exceptions_addr
  [D] ompi_mpi_f90_complex_hashtable
  [D] ompi_mpi_f90_integer_hashtable
  [D] ompi_mpi_f90_real_hashtable
  [D] ompi_mpi_file_null_addr
  [D] ompi_mpi_group_empty_addr
  [D] ompi_mpi_group_null_addr
  [D] ompi_mpi_info_env
  [D] ompi_mpi_info_null_addr
  [D] ompi_mpi_init_started
  [D] ompi_mpi_int16_t
  [D] ompi_mpi_int32_t
  [D] ompi_mpi_int64_t
  [D] ompi_mpi_int8_t
  [D] ompi_mpi_integer16_addr
  [D] ompi_mpi_integer1_addr
  [D] ompi_mpi_integer2_addr
  [D] ompi_mpi_integer4_addr
  [D] ompi_mpi_integer8_addr
  [D] ompi_mpi_integer_addr
  [D] ompi_mpi_keep_fqdn_hostnames
  [D] ompi_mpi_logical
  [D] ompi_mpi_logical1_addr
  [D] ompi_mpi_logical2_addr
  [D] ompi_mpi_logical4_addr
  [D] ompi_mpi_logical8_addr
  [D] ompi_mpi_logical_addr
  [D] ompi_mpi_offset
  [D] ompi_mpi_op_band_addr
  [D] ompi_mpi_op_bor_addr
  [D] ompi_mpi_op_bxor_addr
  [D] ompi_mpi_op_land_addr
  [D] ompi_mpi_op_lor_addr
  [D] ompi_mpi_op_lxor_addr
  [D] ompi_mpi_op_max_addr
  [D] ompi_mpi_op_maxloc_addr
  [D] ompi_mpi_op_min_addr
  [D] ompi_mpi_op_minloc_addr
  [D] ompi_mpi_op_null_addr
  [D] ompi_mpi_op_prod_addr
  [D] ompi_mpi_op_replace_addr
  [D] ompi_mpi_op_sum_addr
  [D] ompi_mpi_real16_addr
  [D] ompi_mpi_real4_addr
  [D] ompi_mpi_real8_addr
  [D] ompi_mpi_real_addr
  [D] ompi_mpi_status_ignore_addr
  [D] ompi_mpi_statuses_ignore_addr
  [D] ompi_mpi_uint16_t
  [D] ompi_mpi_uint32_t
  [D] ompi_mpi_uint64_t
  [D] ompi_mpi_uint8_t
  [D] ompi_mpi_win_null_addr
  [D] ompi_mpiext_components
  [D] ompi_op_base_3buff_functions
  [D] ompi_op_base_components_available
  [D] ompi_op_base_components_available_valid
  [D] ompi_op_base_components_opened
  [D] ompi_op_base_components_opened_valid
  [D] ompi_op_base_functions
  [D] ompi_op_base_module_1_0_0_t_class
  [D] ompi_op_base_module_t_class
  [D] ompi_op_base_output
  [D] ompi_op_f_to_c_table
  [D] ompi_osc_base_avail_components
  [D] ompi_osc_pt2pt_buffer_t_class
  [D] ompi_osc_pt2pt_longreq_t_class
  [D] ompi_osc_pt2pt_module_template
  [D] ompi_osc_pt2pt_pending_lock_t_class
  [D] ompi_osc_pt2pt_replyreq_t_class
  [D] ompi_osc_pt2pt_sendreq_t_class
  [D] ompi_osc_rdma_longreq_t_class
  [D] ompi_osc_rdma_module_template
  [D] ompi_osc_rdma_pending_lock_t_class
  [D] ompi_osc_rdma_replyreq_t_class
  [D] ompi_osc_rdma_sendreq_t_class
  [D] ompi_pml_cm
  [D] ompi_proc_t_class
  [D] ompi_pubsub_orte_module
  [D] ompi_request_failed
  [D] ompi_request_null_addr
  [D] ompi_sbgp_subgroups_string
  [D] ompi_success
  [D] peer_rdma_send_info_t_class
  [D] sbgp_base_component_keyval_t_class
  [D] send_completion_callbacks

17 Added variable symbols not referenced by debug info:

  [A] mca_coll_base_param
  [A] mca_coll_sync_component
  [A] mca_io_base_request_num_pending
  [A] mca_io_base_requests
  [A] mca_io_base_requests_valid
  [A] mca_mpool_fake_component
  [A] mca_mpool_rdma_component
  [A] mca_pml_csum_component
  [A] ompi_bitmap_t_class
  [A] ompi_convertor_t_class
  [A] ompi_cr_continue_like_restart
  [A] ompi_mpi_end_loop
  [A] ompi_mpi_local_arch
  [A] ompi_mpi_logic
  [A] ompi_mpi_loop
  [A] ompi_mpi_maffinity_setup
  [A] ompi_mpi_paffinity_alone

