Functions changes summary: 1 Removed, 0 Changed, 1 Added functions
Variables changes summary: 0 Removed, 0 Changed (9 filtered out), 0 Added variables
Function symbols changes summary: 492 Removed, 431 Added function symbols not referenced by debug info
Variable symbols changes summary: 115 Removed, 106 Added variable symbols not referenced by debug info

1 Removed function:

  [D] 'function void ompi_wait_for_debugger()'    {ompi_wait_for_debugger}

1 Added function:

  [A] 'function void ompi_debugger_setup_dlls()'    {ompi_debugger_setup_dlls}

492 Removed function symbols not referenced by debug info:

  [D] ADIOI_NFS_SetInfo
  [D] ADIOI_TESTFS_Get_shared_fp
  [D] ADIOI_TESTFS_Set_shared_fp
  [D] mca_allocator_base_close
  [D] mca_allocator_base_open
  [D] mca_bcol_base_close
  [D] mca_bcol_base_open
  [D] mca_bml_base_close
  [D] mca_bml_base_open
  [D] mca_btl_base_close
  [D] mca_btl_base_open
  [D] mca_coll_base_close
  [D] mca_coll_base_open
  [D] mca_fbtl_base_close
  [D] mca_fbtl_base_open
  [D] mca_fcoll_base_close
  [D] mca_fcoll_base_open
  [D] mca_fs_base_close
  [D] mca_fs_base_open
  [D] mca_io_base_close
  [D] mca_io_base_open
  [D] mca_io_romio_dist_MPI_File_get_errhandler
  [D] mca_io_romio_dist_MPI_File_set_errhandler
  [D] mca_mpool_base_close
  [D] mca_mpool_base_open
  [D] mca_pml_base_close
  [D] mca_pml_base_open
  [D] mca_rcache_base_close
  [D] mca_rcache_base_open
  [D] mca_sbgp_base_close
  [D] mca_sbgp_base_open
  [D] mca_sharedfp_base_close
  [D] mca_sharedfp_base_open
  [D] mca_sharedfp_dummy_component_file_query
  [D] mca_sharedfp_dummy_component_file_unquery
  [D] mca_sharedfp_dummy_component_init_query
  [D] mca_sharedfp_dummy_module_finalize
  [D] mca_sharedfp_dummy_module_init
  [D] mca_sharedfp_dummy_seek
  [D] mca_sharedfp_dummy_update
  [D] mca_topo_base_close
  [D] mca_topo_base_comm_unselect
  [D] mca_topo_base_open
  [D] mca_topo_unity_cart_map
  [D] mca_topo_unity_component_comm_query
  [D] mca_topo_unity_component_comm_unquery
  [D] mca_topo_unity_component_init_query
  [D] mca_topo_unity_graph_map
  [D] mca_topo_unity_module_finalize
  [D] mca_topo_unity_module_init
  [D] mca_vprotocol_base_close
  [D] mca_vprotocol_base_open
  [D] ompi_crcp_base_close
  [D] ompi_crcp_base_open
  [D] ompi_dpm_base_close
  [D] ompi_dpm_base_open
  [D] ompi_free_list_resize
  [D] ompi_mtl_base_close
  [D] ompi_mtl_base_open
  [D] ompi_op_base_3buff_band_byte
  [D] ompi_op_base_3buff_band_fortran_integer
  [D] ompi_op_base_3buff_band_fortran_integer1
  [D] ompi_op_base_3buff_band_fortran_integer2
  [D] ompi_op_base_3buff_band_fortran_integer4
  [D] ompi_op_base_3buff_band_fortran_integer8
  [D] ompi_op_base_3buff_band_int16_t
  [D] ompi_op_base_3buff_band_int32_t
  [D] ompi_op_base_3buff_band_int64_t
  [D] ompi_op_base_3buff_band_int8_t
  [D] ompi_op_base_3buff_band_uint16_t
  [D] ompi_op_base_3buff_band_uint32_t
  [D] ompi_op_base_3buff_band_uint64_t
  [D] ompi_op_base_3buff_band_uint8_t
  [D] ompi_op_base_3buff_bor_byte
  [D] ompi_op_base_3buff_bor_fortran_integer
  [D] ompi_op_base_3buff_bor_fortran_integer1
  [D] ompi_op_base_3buff_bor_fortran_integer2
  [D] ompi_op_base_3buff_bor_fortran_integer4
  [D] ompi_op_base_3buff_bor_fortran_integer8
  [D] ompi_op_base_3buff_bor_int16_t
  [D] ompi_op_base_3buff_bor_int32_t
  [D] ompi_op_base_3buff_bor_int64_t
  [D] ompi_op_base_3buff_bor_int8_t
  [D] ompi_op_base_3buff_bor_uint16_t
  [D] ompi_op_base_3buff_bor_uint32_t
  [D] ompi_op_base_3buff_bor_uint64_t
  [D] ompi_op_base_3buff_bor_uint8_t
  [D] ompi_op_base_3buff_bxor_byte
  [D] ompi_op_base_3buff_bxor_fortran_integer
  [D] ompi_op_base_3buff_bxor_fortran_integer1
  [D] ompi_op_base_3buff_bxor_fortran_integer2
  [D] ompi_op_base_3buff_bxor_fortran_integer4
  [D] ompi_op_base_3buff_bxor_fortran_integer8
  [D] ompi_op_base_3buff_bxor_int16_t
  [D] ompi_op_base_3buff_bxor_int32_t
  [D] ompi_op_base_3buff_bxor_int64_t
  [D] ompi_op_base_3buff_bxor_int8_t
  [D] ompi_op_base_3buff_bxor_uint16_t
  [D] ompi_op_base_3buff_bxor_uint32_t
  [D] ompi_op_base_3buff_bxor_uint64_t
  [D] ompi_op_base_3buff_bxor_uint8_t
  [D] ompi_op_base_3buff_land_bool
  [D] ompi_op_base_3buff_land_fortran_logical
  [D] ompi_op_base_3buff_land_int16_t
  [D] ompi_op_base_3buff_land_int32_t
  [D] ompi_op_base_3buff_land_int64_t
  [D] ompi_op_base_3buff_land_int8_t
  [D] ompi_op_base_3buff_land_uint16_t
  [D] ompi_op_base_3buff_land_uint32_t
  [D] ompi_op_base_3buff_land_uint64_t
  [D] ompi_op_base_3buff_land_uint8_t
  [D] ompi_op_base_3buff_lor_bool
  [D] ompi_op_base_3buff_lor_fortran_logical
  [D] ompi_op_base_3buff_lor_int16_t
  [D] ompi_op_base_3buff_lor_int32_t
  [D] ompi_op_base_3buff_lor_int64_t
  [D] ompi_op_base_3buff_lor_int8_t
  [D] ompi_op_base_3buff_lor_uint16_t
  [D] ompi_op_base_3buff_lor_uint32_t
  [D] ompi_op_base_3buff_lor_uint64_t
  [D] ompi_op_base_3buff_lor_uint8_t
  [D] ompi_op_base_3buff_lxor_bool
  [D] ompi_op_base_3buff_lxor_fortran_logical
  [D] ompi_op_base_3buff_lxor_int16_t
  [D] ompi_op_base_3buff_lxor_int32_t
  [D] ompi_op_base_3buff_lxor_int64_t
  [D] ompi_op_base_3buff_lxor_int8_t
  [D] ompi_op_base_3buff_lxor_uint16_t
  [D] ompi_op_base_3buff_lxor_uint32_t
  [D] ompi_op_base_3buff_lxor_uint64_t
  [D] ompi_op_base_3buff_lxor_uint8_t
  [D] ompi_op_base_3buff_max_double
  [D] ompi_op_base_3buff_max_float
  [D] ompi_op_base_3buff_max_fortran_double_precision
  [D] ompi_op_base_3buff_max_fortran_integer
  [D] ompi_op_base_3buff_max_fortran_integer1
  [D] ompi_op_base_3buff_max_fortran_integer2
  [D] ompi_op_base_3buff_max_fortran_integer4
  [D] ompi_op_base_3buff_max_fortran_integer8
  [D] ompi_op_base_3buff_max_fortran_real
  [D] ompi_op_base_3buff_max_fortran_real16
  [D] ompi_op_base_3buff_max_fortran_real4
  [D] ompi_op_base_3buff_max_fortran_real8
  [D] ompi_op_base_3buff_max_int16_t
  [D] ompi_op_base_3buff_max_int32_t
  [D] ompi_op_base_3buff_max_int64_t
  [D] ompi_op_base_3buff_max_int8_t
  [D] ompi_op_base_3buff_max_long_double
  [D] ompi_op_base_3buff_max_uint16_t
  [D] ompi_op_base_3buff_max_uint32_t
  [D] ompi_op_base_3buff_max_uint64_t
  [D] ompi_op_base_3buff_max_uint8_t
  [D] ompi_op_base_3buff_maxloc_2double_precision
  [D] ompi_op_base_3buff_maxloc_2int
  [D] ompi_op_base_3buff_maxloc_2integer
  [D] ompi_op_base_3buff_maxloc_2real
  [D] ompi_op_base_3buff_maxloc_double_int
  [D] ompi_op_base_3buff_maxloc_float_int
  [D] ompi_op_base_3buff_maxloc_long_double_int
  [D] ompi_op_base_3buff_maxloc_long_int
  [D] ompi_op_base_3buff_maxloc_short_int
  [D] ompi_op_base_3buff_min_double
  [D] ompi_op_base_3buff_min_float
  [D] ompi_op_base_3buff_min_fortran_double_precision
  [D] ompi_op_base_3buff_min_fortran_integer
  [D] ompi_op_base_3buff_min_fortran_integer1
  [D] ompi_op_base_3buff_min_fortran_integer2
  [D] ompi_op_base_3buff_min_fortran_integer4
  [D] ompi_op_base_3buff_min_fortran_integer8
  [D] ompi_op_base_3buff_min_fortran_real
  [D] ompi_op_base_3buff_min_fortran_real16
  [D] ompi_op_base_3buff_min_fortran_real4
  [D] ompi_op_base_3buff_min_fortran_real8
  [D] ompi_op_base_3buff_min_int16_t
  [D] ompi_op_base_3buff_min_int32_t
  [D] ompi_op_base_3buff_min_int64_t
  [D] ompi_op_base_3buff_min_int8_t
  [D] ompi_op_base_3buff_min_long_double
  [D] ompi_op_base_3buff_min_uint16_t
  [D] ompi_op_base_3buff_min_uint32_t
  [D] ompi_op_base_3buff_min_uint64_t
  [D] ompi_op_base_3buff_min_uint8_t
  [D] ompi_op_base_3buff_minloc_2double_precision
  [D] ompi_op_base_3buff_minloc_2int
  [D] ompi_op_base_3buff_minloc_2integer
  [D] ompi_op_base_3buff_minloc_2real
  [D] ompi_op_base_3buff_minloc_double_int
  [D] ompi_op_base_3buff_minloc_float_int
  [D] ompi_op_base_3buff_minloc_long_double_int
  [D] ompi_op_base_3buff_minloc_long_int
  [D] ompi_op_base_3buff_minloc_short_int
  [D] ompi_op_base_3buff_prod_double
  [D] ompi_op_base_3buff_prod_float
  [D] ompi_op_base_3buff_prod_fortran_complex
  [D] ompi_op_base_3buff_prod_fortran_complex16
  [D] ompi_op_base_3buff_prod_fortran_complex32
  [D] ompi_op_base_3buff_prod_fortran_complex8
  [D] ompi_op_base_3buff_prod_fortran_double_complex
  [D] ompi_op_base_3buff_prod_fortran_double_precision
  [D] ompi_op_base_3buff_prod_fortran_integer
  [D] ompi_op_base_3buff_prod_fortran_integer1
  [D] ompi_op_base_3buff_prod_fortran_integer2
  [D] ompi_op_base_3buff_prod_fortran_integer4
  [D] ompi_op_base_3buff_prod_fortran_integer8
  [D] ompi_op_base_3buff_prod_fortran_real
  [D] ompi_op_base_3buff_prod_fortran_real16
  [D] ompi_op_base_3buff_prod_fortran_real4
  [D] ompi_op_base_3buff_prod_fortran_real8
  [D] ompi_op_base_3buff_prod_int16_t
  [D] ompi_op_base_3buff_prod_int32_t
  [D] ompi_op_base_3buff_prod_int64_t
  [D] ompi_op_base_3buff_prod_int8_t
  [D] ompi_op_base_3buff_prod_long_double
  [D] ompi_op_base_3buff_prod_uint16_t
  [D] ompi_op_base_3buff_prod_uint32_t
  [D] ompi_op_base_3buff_prod_uint64_t
  [D] ompi_op_base_3buff_prod_uint8_t
  [D] ompi_op_base_3buff_sum_double
  [D] ompi_op_base_3buff_sum_float
  [D] ompi_op_base_3buff_sum_fortran_complex
  [D] ompi_op_base_3buff_sum_fortran_complex16
  [D] ompi_op_base_3buff_sum_fortran_complex32
  [D] ompi_op_base_3buff_sum_fortran_complex8
  [D] ompi_op_base_3buff_sum_fortran_double_complex
  [D] ompi_op_base_3buff_sum_fortran_double_precision
  [D] ompi_op_base_3buff_sum_fortran_integer
  [D] ompi_op_base_3buff_sum_fortran_integer1
  [D] ompi_op_base_3buff_sum_fortran_integer2
  [D] ompi_op_base_3buff_sum_fortran_integer4
  [D] ompi_op_base_3buff_sum_fortran_integer8
  [D] ompi_op_base_3buff_sum_fortran_real
  [D] ompi_op_base_3buff_sum_fortran_real16
  [D] ompi_op_base_3buff_sum_fortran_real4
  [D] ompi_op_base_3buff_sum_fortran_real8
  [D] ompi_op_base_3buff_sum_int16_t
  [D] ompi_op_base_3buff_sum_int32_t
  [D] ompi_op_base_3buff_sum_int64_t
  [D] ompi_op_base_3buff_sum_int8_t
  [D] ompi_op_base_3buff_sum_long_double
  [D] ompi_op_base_3buff_sum_uint16_t
  [D] ompi_op_base_3buff_sum_uint32_t
  [D] ompi_op_base_3buff_sum_uint64_t
  [D] ompi_op_base_3buff_sum_uint8_t
  [D] ompi_op_base_band_byte
  [D] ompi_op_base_band_fortran_integer
  [D] ompi_op_base_band_fortran_integer1
  [D] ompi_op_base_band_fortran_integer2
  [D] ompi_op_base_band_fortran_integer4
  [D] ompi_op_base_band_fortran_integer8
  [D] ompi_op_base_band_int16_t
  [D] ompi_op_base_band_int32_t
  [D] ompi_op_base_band_int64_t
  [D] ompi_op_base_band_int8_t
  [D] ompi_op_base_band_uint16_t
  [D] ompi_op_base_band_uint32_t
  [D] ompi_op_base_band_uint64_t
  [D] ompi_op_base_band_uint8_t
  [D] ompi_op_base_bor_byte
  [D] ompi_op_base_bor_fortran_integer
  [D] ompi_op_base_bor_fortran_integer1
  [D] ompi_op_base_bor_fortran_integer2
  [D] ompi_op_base_bor_fortran_integer4
  [D] ompi_op_base_bor_fortran_integer8
  [D] ompi_op_base_bor_int16_t
  [D] ompi_op_base_bor_int32_t
  [D] ompi_op_base_bor_int64_t
  [D] ompi_op_base_bor_int8_t
  [D] ompi_op_base_bor_uint16_t
  [D] ompi_op_base_bor_uint32_t
  [D] ompi_op_base_bor_uint64_t
  [D] ompi_op_base_bor_uint8_t
  [D] ompi_op_base_bxor_byte
  [D] ompi_op_base_bxor_fortran_integer
  [D] ompi_op_base_bxor_fortran_integer1
  [D] ompi_op_base_bxor_fortran_integer2
  [D] ompi_op_base_bxor_fortran_integer4
  [D] ompi_op_base_bxor_fortran_integer8
  [D] ompi_op_base_bxor_int16_t
  [D] ompi_op_base_bxor_int32_t
  [D] ompi_op_base_bxor_int64_t
  [D] ompi_op_base_bxor_int8_t
  [D] ompi_op_base_bxor_uint16_t
  [D] ompi_op_base_bxor_uint32_t
  [D] ompi_op_base_bxor_uint64_t
  [D] ompi_op_base_bxor_uint8_t
  [D] ompi_op_base_close
  [D] ompi_op_base_land_bool
  [D] ompi_op_base_land_fortran_logical
  [D] ompi_op_base_land_int16_t
  [D] ompi_op_base_land_int32_t
  [D] ompi_op_base_land_int64_t
  [D] ompi_op_base_land_int8_t
  [D] ompi_op_base_land_uint16_t
  [D] ompi_op_base_land_uint32_t
  [D] ompi_op_base_land_uint64_t
  [D] ompi_op_base_land_uint8_t
  [D] ompi_op_base_lor_bool
  [D] ompi_op_base_lor_fortran_logical
  [D] ompi_op_base_lor_int16_t
  [D] ompi_op_base_lor_int32_t
  [D] ompi_op_base_lor_int64_t
  [D] ompi_op_base_lor_int8_t
  [D] ompi_op_base_lor_uint16_t
  [D] ompi_op_base_lor_uint32_t
  [D] ompi_op_base_lor_uint64_t
  [D] ompi_op_base_lor_uint8_t
  [D] ompi_op_base_lxor_bool
  [D] ompi_op_base_lxor_fortran_logical
  [D] ompi_op_base_lxor_int16_t
  [D] ompi_op_base_lxor_int32_t
  [D] ompi_op_base_lxor_int64_t
  [D] ompi_op_base_lxor_int8_t
  [D] ompi_op_base_lxor_uint16_t
  [D] ompi_op_base_lxor_uint32_t
  [D] ompi_op_base_lxor_uint64_t
  [D] ompi_op_base_lxor_uint8_t
  [D] ompi_op_base_max_double
  [D] ompi_op_base_max_float
  [D] ompi_op_base_max_fortran_double_precision
  [D] ompi_op_base_max_fortran_integer
  [D] ompi_op_base_max_fortran_integer1
  [D] ompi_op_base_max_fortran_integer2
  [D] ompi_op_base_max_fortran_integer4
  [D] ompi_op_base_max_fortran_integer8
  [D] ompi_op_base_max_fortran_real
  [D] ompi_op_base_max_fortran_real16
  [D] ompi_op_base_max_fortran_real4
  [D] ompi_op_base_max_fortran_real8
  [D] ompi_op_base_max_int16_t
  [D] ompi_op_base_max_int32_t
  [D] ompi_op_base_max_int64_t
  [D] ompi_op_base_max_int8_t
  [D] ompi_op_base_max_long_double
  [D] ompi_op_base_max_uint16_t
  [D] ompi_op_base_max_uint32_t
  [D] ompi_op_base_max_uint64_t
  [D] ompi_op_base_max_uint8_t
  [D] ompi_op_base_maxloc_2double_precision
  [D] ompi_op_base_maxloc_2int
  [D] ompi_op_base_maxloc_2integer
  [D] ompi_op_base_maxloc_2real
  [D] ompi_op_base_maxloc_double_int
  [D] ompi_op_base_maxloc_float_int
  [D] ompi_op_base_maxloc_long_double_int
  [D] ompi_op_base_maxloc_long_int
  [D] ompi_op_base_maxloc_short_int
  [D] ompi_op_base_min_double
  [D] ompi_op_base_min_float
  [D] ompi_op_base_min_fortran_double_precision
  [D] ompi_op_base_min_fortran_integer
  [D] ompi_op_base_min_fortran_integer1
  [D] ompi_op_base_min_fortran_integer2
  [D] ompi_op_base_min_fortran_integer4
  [D] ompi_op_base_min_fortran_integer8
  [D] ompi_op_base_min_fortran_real
  [D] ompi_op_base_min_fortran_real16
  [D] ompi_op_base_min_fortran_real4
  [D] ompi_op_base_min_fortran_real8
  [D] ompi_op_base_min_int16_t
  [D] ompi_op_base_min_int32_t
  [D] ompi_op_base_min_int64_t
  [D] ompi_op_base_min_int8_t
  [D] ompi_op_base_min_long_double
  [D] ompi_op_base_min_uint16_t
  [D] ompi_op_base_min_uint32_t
  [D] ompi_op_base_min_uint64_t
  [D] ompi_op_base_min_uint8_t
  [D] ompi_op_base_minloc_2double_precision
  [D] ompi_op_base_minloc_2int
  [D] ompi_op_base_minloc_2integer
  [D] ompi_op_base_minloc_2real
  [D] ompi_op_base_minloc_double_int
  [D] ompi_op_base_minloc_float_int
  [D] ompi_op_base_minloc_long_double_int
  [D] ompi_op_base_minloc_long_int
  [D] ompi_op_base_minloc_short_int
  [D] ompi_op_base_open
  [D] ompi_op_base_prod_double
  [D] ompi_op_base_prod_float
  [D] ompi_op_base_prod_fortran_complex
  [D] ompi_op_base_prod_fortran_complex16
  [D] ompi_op_base_prod_fortran_complex32
  [D] ompi_op_base_prod_fortran_complex8
  [D] ompi_op_base_prod_fortran_double_complex
  [D] ompi_op_base_prod_fortran_double_precision
  [D] ompi_op_base_prod_fortran_integer
  [D] ompi_op_base_prod_fortran_integer1
  [D] ompi_op_base_prod_fortran_integer2
  [D] ompi_op_base_prod_fortran_integer4
  [D] ompi_op_base_prod_fortran_integer8
  [D] ompi_op_base_prod_fortran_real
  [D] ompi_op_base_prod_fortran_real16
  [D] ompi_op_base_prod_fortran_real4
  [D] ompi_op_base_prod_fortran_real8
  [D] ompi_op_base_prod_int16_t
  [D] ompi_op_base_prod_int32_t
  [D] ompi_op_base_prod_int64_t
  [D] ompi_op_base_prod_int8_t
  [D] ompi_op_base_prod_long_double
  [D] ompi_op_base_prod_uint16_t
  [D] ompi_op_base_prod_uint32_t
  [D] ompi_op_base_prod_uint64_t
  [D] ompi_op_base_prod_uint8_t
  [D] ompi_op_base_sum_double
  [D] ompi_op_base_sum_float
  [D] ompi_op_base_sum_fortran_complex
  [D] ompi_op_base_sum_fortran_complex16
  [D] ompi_op_base_sum_fortran_complex32
  [D] ompi_op_base_sum_fortran_complex8
  [D] ompi_op_base_sum_fortran_double_complex
  [D] ompi_op_base_sum_fortran_double_precision
  [D] ompi_op_base_sum_fortran_integer
  [D] ompi_op_base_sum_fortran_integer1
  [D] ompi_op_base_sum_fortran_integer2
  [D] ompi_op_base_sum_fortran_integer4
  [D] ompi_op_base_sum_fortran_integer8
  [D] ompi_op_base_sum_fortran_real
  [D] ompi_op_base_sum_fortran_real16
  [D] ompi_op_base_sum_fortran_real4
  [D] ompi_op_base_sum_fortran_real8
  [D] ompi_op_base_sum_int16_t
  [D] ompi_op_base_sum_int32_t
  [D] ompi_op_base_sum_int64_t
  [D] ompi_op_base_sum_int8_t
  [D] ompi_op_base_sum_long_double
  [D] ompi_op_base_sum_uint16_t
  [D] ompi_op_base_sum_uint32_t
  [D] ompi_op_base_sum_uint64_t
  [D] ompi_op_base_sum_uint8_t
  [D] ompi_osc_base_close
  [D] ompi_osc_base_open
  [D] ompi_osc_pt2pt_component_finalize
  [D] ompi_osc_pt2pt_component_init
  [D] ompi_osc_pt2pt_component_irecv
  [D] ompi_osc_pt2pt_component_isend
  [D] ompi_osc_pt2pt_component_query
  [D] ompi_osc_pt2pt_component_select
  [D] ompi_osc_pt2pt_control_send
  [D] ompi_osc_pt2pt_module_accumulate
  [D] ompi_osc_pt2pt_module_complete
  [D] ompi_osc_pt2pt_module_fence
  [D] ompi_osc_pt2pt_module_free
  [D] ompi_osc_pt2pt_module_get
  [D] ompi_osc_pt2pt_module_lock
  [D] ompi_osc_pt2pt_module_post
  [D] ompi_osc_pt2pt_module_put
  [D] ompi_osc_pt2pt_module_start
  [D] ompi_osc_pt2pt_module_test
  [D] ompi_osc_pt2pt_module_unlock
  [D] ompi_osc_pt2pt_module_wait
  [D] ompi_osc_pt2pt_passive_lock
  [D] ompi_osc_pt2pt_passive_unlock
  [D] ompi_osc_pt2pt_passive_unlock_complete
  [D] ompi_osc_pt2pt_replyreq_alloc_init
  [D] ompi_osc_pt2pt_replyreq_recv
  [D] ompi_osc_pt2pt_replyreq_send
  [D] ompi_osc_pt2pt_sendreq_alloc_init
  [D] ompi_osc_pt2pt_sendreq_recv_accum
  [D] ompi_osc_pt2pt_sendreq_recv_put
  [D] ompi_osc_pt2pt_sendreq_send
  [D] ompi_osc_rdma_component_finalize
  [D] ompi_osc_rdma_component_init
  [D] ompi_osc_rdma_component_query
  [D] ompi_osc_rdma_component_select
  [D] ompi_osc_rdma_module_accumulate
  [D] ompi_osc_rdma_module_complete
  [D] ompi_osc_rdma_module_fence
  [D] ompi_osc_rdma_module_free
  [D] ompi_osc_rdma_module_get
  [D] ompi_osc_rdma_module_lock
  [D] ompi_osc_rdma_module_post
  [D] ompi_osc_rdma_module_put
  [D] ompi_osc_rdma_module_start
  [D] ompi_osc_rdma_module_test
  [D] ompi_osc_rdma_module_unlock
  [D] ompi_osc_rdma_module_wait
  [D] ompi_osc_rdma_passive_lock
  [D] ompi_osc_rdma_passive_unlock
  [D] ompi_osc_rdma_passive_unlock_complete
  [D] ompi_osc_rdma_peer_info_free
  [D] ompi_osc_rdma_rdma_ack_send
  [D] ompi_osc_rdma_replyreq_alloc_init
  [D] ompi_osc_rdma_replyreq_recv
  [D] ompi_osc_rdma_replyreq_send
  [D] ompi_osc_rdma_sendreq_alloc_init
  [D] ompi_osc_rdma_sendreq_recv_accum
  [D] ompi_osc_rdma_sendreq_recv_put
  [D] ompi_osc_rdma_sendreq_send
  [D] ompi_pubsub_base_close
  [D] ompi_pubsub_base_open
  [D] ompi_topo_create
  [D] reg_int

431 Added function symbols not referenced by debug info:

  [A] ADIOI_Err_create_code
  [A] MPIU_datatype_full_size
  [A] MPIU_external32_buffer_setup
  [A] MPIU_read_external32_conversion_fn
  [A] MPIU_write_external32_conversion_fn
  [A] MPI_Comm_create_group
  [A] MPI_Comm_dup_with_info
  [A] MPI_Comm_get_info
  [A] MPI_Comm_idup, aliases PMPI_Comm_idup
  [A] MPI_Comm_set_info
  [A] MPI_Compare_and_swap
  [A] MPI_Dist_graph_create
  [A] MPI_Dist_graph_create_adjacent
  [A] MPI_Dist_graph_neighbors
  [A] MPI_Dist_graph_neighbors_count, aliases PMPI_Dist_graph_neighbors_count
  [A] MPI_Fetch_and_op, aliases PMPI_Fetch_and_op
  [A] MPI_Get_accumulate
  [A] MPI_Get_elements_x, aliases PMPI_Get_elements_x
  [A] MPI_Ineighbor_allgather, aliases PMPI_Ineighbor_allgather
  [A] MPI_Ineighbor_allgatherv
  [A] MPI_Ineighbor_alltoall, aliases PMPI_Ineighbor_alltoall
  [A] MPI_Ineighbor_alltoallv, aliases PMPI_Ineighbor_alltoallv
  [A] MPI_Ineighbor_alltoallw, aliases PMPI_Ineighbor_alltoallw
  [A] MPI_Neighbor_allgather
  [A] MPI_Neighbor_allgatherv, aliases PMPI_Neighbor_allgatherv
  [A] MPI_Neighbor_alltoall, aliases PMPI_Neighbor_alltoall
  [A] MPI_Neighbor_alltoallv, aliases PMPI_Neighbor_alltoallv
  [A] MPI_Neighbor_alltoallw, aliases PMPI_Neighbor_alltoallw
  [A] MPI_Raccumulate
  [A] MPI_Rget
  [A] MPI_Rget_accumulate
  [A] MPI_Rput
  [A] MPI_Status_set_elements_x
  [A] MPI_T_category_changed, aliases PMPI_T_category_changed
  [A] MPI_T_category_get_categories
  [A] MPI_T_category_get_cvars
  [A] MPI_T_category_get_info
  [A] MPI_T_category_get_num
  [A] MPI_T_category_get_pvars, aliases PMPI_T_category_get_pvars
  [A] MPI_T_cvar_get_info
  [A] MPI_T_cvar_get_num, aliases PMPI_T_cvar_get_num
  [A] MPI_T_cvar_handle_alloc
  [A] MPI_T_cvar_handle_free
  [A] MPI_T_cvar_read, aliases PMPI_T_cvar_read
  [A] MPI_T_cvar_write, aliases PMPI_T_cvar_write
  [A] MPI_T_enum_get_info
  [A] MPI_T_enum_get_item, aliases PMPI_T_enum_get_item
  [A] MPI_T_finalize, aliases PMPI_T_finalize
  [A] MPI_T_init_thread
  [A] MPI_T_pvar_get_info
  [A] MPI_T_pvar_get_num
  [A] MPI_T_pvar_handle_alloc
  [A] MPI_T_pvar_handle_free, aliases PMPI_T_pvar_handle_free
  [A] MPI_T_pvar_read, aliases PMPI_T_pvar_read
  [A] MPI_T_pvar_readreset
  [A] MPI_T_pvar_reset
  [A] MPI_T_pvar_session_create
  [A] MPI_T_pvar_session_free, aliases PMPI_T_pvar_session_free
  [A] MPI_T_pvar_start
  [A] MPI_T_pvar_stop
  [A] MPI_T_pvar_write, aliases PMPI_T_pvar_write
  [A] MPI_Type_get_extent_x
  [A] MPI_Type_get_true_extent_x
  [A] MPI_Type_size_x, aliases PMPI_Type_size_x
  [A] MPI_Win_allocate, aliases PMPI_Win_allocate
  [A] MPI_Win_allocate_shared
  [A] MPI_Win_attach, aliases PMPI_Win_attach
  [A] MPI_Win_create_dynamic, aliases PMPI_Win_create_dynamic
  [A] MPI_Win_detach
  [A] MPI_Win_flush, aliases PMPI_Win_flush
  [A] MPI_Win_flush_all
  [A] MPI_Win_flush_local
  [A] MPI_Win_flush_local_all, aliases PMPI_Win_flush_local_all
  [A] MPI_Win_get_info, aliases PMPI_Win_get_info
  [A] MPI_Win_lock_all
  [A] MPI_Win_set_info
  [A] MPI_Win_shared_query
  [A] MPI_Win_sync, aliases PMPI_Win_sync
  [A] MPI_Win_unlock_all
  [A] NBC_Comm_neighbors
  [A] NBC_Comm_neighbors_count
  [A] PMPI_Comm_create_group, aliases MPI_Comm_create_group
  [A] PMPI_Comm_dup_with_info, aliases MPI_Comm_dup_with_info
  [A] PMPI_Comm_get_info, aliases MPI_Comm_get_info
  [A] PMPI_Comm_idup
  [A] PMPI_Comm_set_info, aliases MPI_Comm_set_info
  [A] PMPI_Compare_and_swap, aliases MPI_Compare_and_swap
  [A] PMPI_Dist_graph_create, aliases MPI_Dist_graph_create
  [A] PMPI_Dist_graph_create_adjacent, aliases MPI_Dist_graph_create_adjacent
  [A] PMPI_Dist_graph_neighbors, aliases MPI_Dist_graph_neighbors
  [A] PMPI_Dist_graph_neighbors_count
  [A] PMPI_Fetch_and_op
  [A] PMPI_Get_accumulate, aliases MPI_Get_accumulate
  [A] PMPI_Get_elements_x
  [A] PMPI_Ineighbor_allgather
  [A] PMPI_Ineighbor_allgatherv, aliases MPI_Ineighbor_allgatherv
  [A] PMPI_Ineighbor_alltoall
  [A] PMPI_Ineighbor_alltoallv
  [A] PMPI_Ineighbor_alltoallw
  [A] PMPI_Neighbor_allgather, aliases MPI_Neighbor_allgather
  [A] PMPI_Neighbor_allgatherv
  [A] PMPI_Neighbor_alltoall
  [A] PMPI_Neighbor_alltoallv
  [A] PMPI_Neighbor_alltoallw
  [A] PMPI_Raccumulate, aliases MPI_Raccumulate
  [A] PMPI_Rget, aliases MPI_Rget
  [A] PMPI_Rget_accumulate, aliases MPI_Rget_accumulate
  [A] PMPI_Rput, aliases MPI_Rput
  [A] PMPI_Status_set_elements_x, aliases MPI_Status_set_elements_x
  [A] PMPI_T_category_changed
  [A] PMPI_T_category_get_categories, aliases MPI_T_category_get_categories
  [A] PMPI_T_category_get_cvars, aliases MPI_T_category_get_cvars
  [A] PMPI_T_category_get_info, aliases MPI_T_category_get_info
  [A] PMPI_T_category_get_num, aliases MPI_T_category_get_num
  [A] PMPI_T_category_get_pvars
  [A] PMPI_T_cvar_get_info, aliases MPI_T_cvar_get_info
  [A] PMPI_T_cvar_get_num
  [A] PMPI_T_cvar_handle_alloc, aliases MPI_T_cvar_handle_alloc
  [A] PMPI_T_cvar_handle_free, aliases MPI_T_cvar_handle_free
  [A] PMPI_T_cvar_read
  [A] PMPI_T_cvar_write
  [A] PMPI_T_enum_get_info, aliases MPI_T_enum_get_info
  [A] PMPI_T_enum_get_item
  [A] PMPI_T_finalize
  [A] PMPI_T_init_thread, aliases MPI_T_init_thread
  [A] PMPI_T_pvar_get_info, aliases MPI_T_pvar_get_info
  [A] PMPI_T_pvar_get_num, aliases MPI_T_pvar_get_num
  [A] PMPI_T_pvar_handle_alloc, aliases MPI_T_pvar_handle_alloc
  [A] PMPI_T_pvar_handle_free
  [A] PMPI_T_pvar_read
  [A] PMPI_T_pvar_readreset, aliases MPI_T_pvar_readreset
  [A] PMPI_T_pvar_reset, aliases MPI_T_pvar_reset
  [A] PMPI_T_pvar_session_create, aliases MPI_T_pvar_session_create
  [A] PMPI_T_pvar_session_free
  [A] PMPI_T_pvar_start, aliases MPI_T_pvar_start
  [A] PMPI_T_pvar_stop, aliases MPI_T_pvar_stop
  [A] PMPI_T_pvar_write
  [A] PMPI_Type_get_extent_x, aliases MPI_Type_get_extent_x
  [A] PMPI_Type_get_true_extent_x, aliases MPI_Type_get_true_extent_x
  [A] PMPI_Type_size_x
  [A] PMPI_Win_allocate
  [A] PMPI_Win_allocate_shared, aliases MPI_Win_allocate_shared
  [A] PMPI_Win_attach
  [A] PMPI_Win_create_dynamic
  [A] PMPI_Win_detach, aliases MPI_Win_detach
  [A] PMPI_Win_flush
  [A] PMPI_Win_flush_all, aliases MPI_Win_flush_all
  [A] PMPI_Win_flush_local, aliases MPI_Win_flush_local
  [A] PMPI_Win_flush_local_all
  [A] PMPI_Win_get_info
  [A] PMPI_Win_lock_all, aliases MPI_Win_lock_all
  [A] PMPI_Win_set_info, aliases MPI_Win_set_info
  [A] PMPI_Win_shared_query, aliases MPI_Win_shared_query
  [A] PMPI_Win_sync
  [A] PMPI_Win_unlock_all, aliases MPI_Win_unlock_all
  [A] bcol_basesmuma_allgather_init
  [A] bcol_basesmuma_allreduce_init
  [A] bcol_basesmuma_allreduce_intra_fanin_fanout
  [A] bcol_basesmuma_allreduce_intra_recursive_doubling
  [A] bcol_basesmuma_gather_init
  [A] bcol_basesmuma_k_nomial_allgather_init
  [A] bcol_basesmuma_k_nomial_allgather_progress
  [A] bcol_basesmuma_k_nomial_gather_init
  [A] bcol_basesmuma_k_nomial_gather_progress
  [A] bcol_basesmuma_reduce_init
  [A] bcol_basesmuma_reduce_intra_fanin
  [A] bcol_basesmuma_reduce_intra_fanin_old
  [A] bcol_ptpcoll_allgather_init
  [A] bcol_ptpcoll_allreduce_init
  [A] bcol_ptpcoll_allreduce_knomial_allgather
  [A] bcol_ptpcoll_allreduce_knomial_allgather_extra
  [A] bcol_ptpcoll_allreduce_narraying_init
  [A] bcol_ptpcoll_allreduce_recursivek_scatter_reduce
  [A] bcol_ptpcoll_allreduce_recursivek_scatter_reduce_allgather_extra_init
  [A] bcol_ptpcoll_allreduce_recursivek_scatter_reduce_allgather_init
  [A] bcol_ptpcoll_allreduce_recursivek_scatter_reduce_extra
  [A] bcol_ptpcoll_k_nomial_allgather_init
  [A] bcol_ptpcoll_k_nomial_allgather_progress
  [A] bcol_ptpcoll_reduce_init
  [A] compute_knomial_allgather_offsets
  [A] mca_btl_base_param_verify
  [A] mca_btl_sm_dump
  [A] mca_btl_vader_alloc
  [A] mca_btl_vader_frag_init
  [A] mca_btl_vader_send
  [A] mca_btl_vader_sendi
  [A] mca_coll_basic_neighbor_allgather
  [A] mca_coll_basic_neighbor_allgatherv
  [A] mca_coll_basic_neighbor_alltoall
  [A] mca_coll_basic_neighbor_alltoallv
  [A] mca_coll_basic_neighbor_alltoallw
  [A] mca_coll_ml_allgather
  [A] mca_coll_ml_allgather_nb
  [A] mca_coll_ml_allreduce
  [A] mca_coll_ml_allreduce_dispatch
  [A] mca_coll_ml_allreduce_dispatch_nb
  [A] mca_coll_ml_allreduce_nb
  [A] mca_coll_ml_reduce
  [A] mca_coll_ml_reduce_nb
  [A] mca_common_sm_local_proc_reorder
  [A] mca_common_sm_module_attach
  [A] mca_common_sm_module_create_and_attach
  [A] mca_common_sm_module_unlink
  [A] mca_mpool_base_tree_fini
  [A] mca_rcache_vma_dump_range
  [A] mca_rcache_vma_tree_dump_range
  [A] mca_rcache_vma_tree_finalize
  [A] mca_sharedfp_individual_assign_globaloffset
  [A] mca_sharedfp_individual_collaborate_data
  [A] mca_sharedfp_individual_component_file_query
  [A] mca_sharedfp_individual_component_file_unquery
  [A] mca_sharedfp_individual_component_init_query
  [A] mca_sharedfp_individual_create_buff
  [A] mca_sharedfp_individual_file_close
  [A] mca_sharedfp_individual_file_open
  [A] mca_sharedfp_individual_get_position
  [A] mca_sharedfp_individual_get_timestamps_and_reclengths
  [A] mca_sharedfp_individual_getoffset
  [A] mca_sharedfp_individual_gettime
  [A] mca_sharedfp_individual_insert_headnode
  [A] mca_sharedfp_individual_insert_metadata
  [A] mca_sharedfp_individual_iread
  [A] mca_sharedfp_individual_iwrite
  [A] mca_sharedfp_individual_module_finalize
  [A] mca_sharedfp_individual_module_init
  [A] mca_sharedfp_individual_read
  [A] mca_sharedfp_individual_read_ordered
  [A] mca_sharedfp_individual_read_ordered_begin
  [A] mca_sharedfp_individual_read_ordered_end
  [A] mca_sharedfp_individual_seek
  [A] mca_sharedfp_individual_sort_timestamps
  [A] mca_sharedfp_individual_write
  [A] mca_sharedfp_individual_write_metadata_file
  [A] mca_sharedfp_individual_write_ordered
  [A] mca_sharedfp_individual_write_ordered_begin
  [A] mca_sharedfp_individual_write_ordered_end
  [A] mca_sharedfp_lockedfile_component_file_query
  [A] mca_sharedfp_lockedfile_component_file_unquery
  [A] mca_sharedfp_lockedfile_component_init_query
  [A] mca_sharedfp_lockedfile_file_close
  [A] mca_sharedfp_lockedfile_file_open
  [A] mca_sharedfp_lockedfile_get_position
  [A] mca_sharedfp_lockedfile_iread
  [A] mca_sharedfp_lockedfile_iwrite
  [A] mca_sharedfp_lockedfile_module_finalize
  [A] mca_sharedfp_lockedfile_module_init
  [A] mca_sharedfp_lockedfile_read
  [A] mca_sharedfp_lockedfile_read_ordered
  [A] mca_sharedfp_lockedfile_read_ordered_begin
  [A] mca_sharedfp_lockedfile_read_ordered_end
  [A] mca_sharedfp_lockedfile_request_position
  [A] mca_sharedfp_lockedfile_seek
  [A] mca_sharedfp_lockedfile_write
  [A] mca_sharedfp_lockedfile_write_ordered
  [A] mca_sharedfp_lockedfile_write_ordered_begin
  [A] mca_sharedfp_lockedfile_write_ordered_end
  [A] mca_sharedfp_sm_component_file_query
  [A] mca_sharedfp_sm_component_file_unquery
  [A] mca_sharedfp_sm_component_init_query
  [A] mca_sharedfp_sm_file_close
  [A] mca_sharedfp_sm_file_open
  [A] mca_sharedfp_sm_get_position
  [A] mca_sharedfp_sm_iread
  [A] mca_sharedfp_sm_iwrite
  [A] mca_sharedfp_sm_module_finalize
  [A] mca_sharedfp_sm_module_init
  [A] mca_sharedfp_sm_read
  [A] mca_sharedfp_sm_read_ordered
  [A] mca_sharedfp_sm_read_ordered_begin
  [A] mca_sharedfp_sm_read_ordered_end
  [A] mca_sharedfp_sm_request_position
  [A] mca_sharedfp_sm_seek
  [A] mca_sharedfp_sm_write
  [A] mca_sharedfp_sm_write_ordered
  [A] mca_sharedfp_sm_write_ordered_begin
  [A] mca_sharedfp_sm_write_ordered_end
  [A] mca_topo_base_cart_map
  [A] mca_topo_base_dist_graph_create
  [A] mca_topo_base_dist_graph_create_adjacent
  [A] mca_topo_base_dist_graph_distribute
  [A] mca_topo_base_dist_graph_neighbors
  [A] mca_topo_base_dist_graph_neighbors_count
  [A] mca_topo_base_graph_map
  [A] mca_topo_base_lazy_init
  [A] mca_vprotocol_base_set_include_list
  [A] ml_coll_hier_allgather_setup
  [A] ml_coll_hier_allreduce_setup_new
  [A] ml_coll_hier_nonblocking_barrier_setup
  [A] mpit_lock
  [A] mpit_unlock
  [A] ompi_coll_libnbc_ineighbor_allgather
  [A] ompi_coll_libnbc_ineighbor_allgatherv
  [A] ompi_coll_libnbc_ineighbor_alltoall
  [A] ompi_coll_libnbc_ineighbor_alltoallv
  [A] ompi_coll_libnbc_ineighbor_alltoallw
  [A] ompi_comm_activate_nb
  [A] ompi_comm_create_group
  [A] ompi_comm_dup_with_info
  [A] ompi_comm_enable
  [A] ompi_comm_idup
  [A] ompi_comm_idup_with_info
  [A] ompi_comm_nextcid_nb
  [A] ompi_comm_request_fini
  [A] ompi_comm_request_get
  [A] ompi_comm_request_init
  [A] ompi_comm_request_return
  [A] ompi_comm_request_schedule_append
  [A] ompi_comm_request_start
  [A] ompi_comm_set_nb
  [A] ompi_datatype_get_elements
  [A] ompi_free_list_resize_mt
  [A] ompi_info_close_components
  [A] ompi_info_register_framework_params
  [A] ompi_info_register_types
  [A] ompi_info_show_ompi_version
  [A] ompi_io_ompio_empty_print_queue
  [A] ompi_io_ompio_full_print_queue
  [A] ompi_io_ompio_initialize_print_queue
  [A] ompi_io_ompio_print_time_info
  [A] ompi_io_ompio_register_print_entry
  [A] ompi_io_ompio_set_print_queue
  [A] ompi_io_ompio_sort_offlen
  [A] ompi_io_ompio_unregister_print_entry
  [A] ompi_mpi_thread_level
  [A] ompi_op_set_java_callback
  [A] ompi_osc_base_sndrcv_op
  [A] ompi_osc_rdma_accumulate
  [A] ompi_osc_rdma_attach
  [A] ompi_osc_rdma_compare_and_swap
  [A] ompi_osc_rdma_complete
  [A] ompi_osc_rdma_control_send_unbuffered
  [A] ompi_osc_rdma_detach
  [A] ompi_osc_rdma_fence
  [A] ompi_osc_rdma_fetch_and_op
  [A] ompi_osc_rdma_flush_all
  [A] ompi_osc_rdma_flush_local
  [A] ompi_osc_rdma_flush_local_all
  [A] ompi_osc_rdma_frag_flush_all
  [A] ompi_osc_rdma_frag_flush_target
  [A] ompi_osc_rdma_frag_start
  [A] ompi_osc_rdma_frag_start_receive
  [A] ompi_osc_rdma_free
  [A] ompi_osc_rdma_get
  [A] ompi_osc_rdma_get_accumulate
  [A] ompi_osc_rdma_get_info
  [A] ompi_osc_rdma_irecv_w_cb
  [A] ompi_osc_rdma_isend_w_cb
  [A] ompi_osc_rdma_lock
  [A] ompi_osc_rdma_lock_all
  [A] ompi_osc_rdma_post
  [A] ompi_osc_rdma_process_flush
  [A] ompi_osc_rdma_process_flush_ack
  [A] ompi_osc_rdma_process_lock
  [A] ompi_osc_rdma_process_lock_ack
  [A] ompi_osc_rdma_process_unlock
  [A] ompi_osc_rdma_process_unlock_ack
  [A] ompi_osc_rdma_progress_pending_acc
  [A] ompi_osc_rdma_put
  [A] ompi_osc_rdma_raccumulate
  [A] ompi_osc_rdma_rget
  [A] ompi_osc_rdma_rget_accumulate
  [A] ompi_osc_rdma_rput
  [A] ompi_osc_rdma_set_info
  [A] ompi_osc_rdma_start
  [A] ompi_osc_rdma_sync
  [A] ompi_osc_rdma_test
  [A] ompi_osc_rdma_unlock
  [A] ompi_osc_rdma_unlock_all
  [A] ompi_osc_rdma_wait
  [A] ompi_osc_sm_accumulate
  [A] ompi_osc_sm_attach
  [A] ompi_osc_sm_compare_and_swap
  [A] ompi_osc_sm_complete
  [A] ompi_osc_sm_detach
  [A] ompi_osc_sm_fence
  [A] ompi_osc_sm_fetch_and_op
  [A] ompi_osc_sm_flush
  [A] ompi_osc_sm_flush_all
  [A] ompi_osc_sm_flush_local
  [A] ompi_osc_sm_flush_local_all
  [A] ompi_osc_sm_free
  [A] ompi_osc_sm_get
  [A] ompi_osc_sm_get_accumulate
  [A] ompi_osc_sm_get_info
  [A] ompi_osc_sm_lock
  [A] ompi_osc_sm_lock_all
  [A] ompi_osc_sm_post
  [A] ompi_osc_sm_put
  [A] ompi_osc_sm_raccumulate
  [A] ompi_osc_sm_rget
  [A] ompi_osc_sm_rget_accumulate
  [A] ompi_osc_sm_rput
  [A] ompi_osc_sm_set_info
  [A] ompi_osc_sm_shared_query
  [A] ompi_osc_sm_start
  [A] ompi_osc_sm_sync
  [A] ompi_osc_sm_test
  [A] ompi_osc_sm_unlock
  [A] ompi_osc_sm_unlock_all
  [A] ompi_osc_sm_wait
  [A] ompi_proc_set_locality
  [A] ompi_rte_abort
  [A] ompi_rte_db_fetch
  [A] ompi_rte_db_fetch_multiple
  [A] ompi_rte_db_fetch_pointer
  [A] ompi_rte_db_remove
  [A] ompi_rte_db_store
  [A] ompi_rte_modex
  [A] ompi_rte_wait_for_debugger
  [A] ompi_win_allocate
  [A] ompi_win_allocate_shared
  [A] ompi_win_create_dynamic
  [A] ompio_io_ompio_file_close
  [A] ompio_io_ompio_file_get_size
  [A] ompio_io_ompio_file_iread_at
  [A] ompio_io_ompio_file_iwrite
  [A] ompio_io_ompio_file_iwrite_at
  [A] ompio_io_ompio_file_open
  [A] ompio_io_ompio_file_read
  [A] ompio_io_ompio_file_read_at
  [A] ompio_io_ompio_file_read_at_all
  [A] ompio_io_ompio_file_read_at_all_begin
  [A] ompio_io_ompio_file_read_at_all_end
  [A] ompio_io_ompio_file_write
  [A] ompio_io_ompio_file_write_at
  [A] ompio_io_ompio_file_write_at_all
  [A] ompio_io_ompio_file_write_at_all_begin
  [A] ompio_io_ompio_file_write_at_all_end
  [A] ompit_opal_to_mpit_error
  [A] ompit_var_type_to_datatype
  [A] osc_rdma_incoming_post

115 Removed variable symbols not referenced by debug info:

  [D] mca_allocator_base_components
  [D] mca_allocator_base_output
  [D] mca_bcol_base_components_opened
  [D] mca_bcol_base_output
  [D] mca_bml_base_already_opened
  [D] mca_bml_base_components_available
  [D] mca_bml_base_output
  [D] mca_btl_base_already_opened
  [D] mca_btl_base_components_opened
  [D] mca_btl_base_output
  [D] mca_coll_base_associative
  [D] mca_coll_base_components_available
  [D] mca_coll_base_components_available_valid
  [D] mca_coll_base_components_opened
  [D] mca_coll_base_components_opened_valid
  [D] mca_coll_base_crossover
  [D] mca_coll_base_output
  [D] mca_coll_ml_lmngr_block_t_class
  [D] mca_coll_self_priority_param
  [D] mca_fbtl_base_components_available
  [D] mca_fbtl_base_components_available_valid
  [D] mca_fbtl_base_components_opened
  [D] mca_fbtl_base_components_opened_valid
  [D] mca_fbtl_base_modules_available
  [D] mca_fbtl_base_modules_available_valid
  [D] mca_fbtl_base_output
  [D] mca_fbtl_base_param
  [D] mca_fcoll
  [D] mca_fcoll_base_components_available
  [D] mca_fcoll_base_components_available_valid
  [D] mca_fcoll_base_components_opened
  [D] mca_fcoll_base_components_opened_valid
  [D] mca_fcoll_base_modules_available
  [D] mca_fcoll_base_modules_available_valid
  [D] mca_fcoll_base_output
  [D] mca_fcoll_base_param
  [D] mca_fcoll_base_selected_component
  [D] mca_fs
  [D] mca_fs_base_components_available
  [D] mca_fs_base_components_available_valid
  [D] mca_fs_base_components_opened
  [D] mca_fs_base_components_opened_valid
  [D] mca_fs_base_modules_available
  [D] mca_fs_base_modules_available_valid
  [D] mca_fs_base_output
  [D] mca_fs_base_param
  [D] mca_fs_base_selected_component
  [D] mca_io_base_components_available
  [D] mca_io_base_components_available_valid
  [D] mca_io_base_components_opened
  [D] mca_io_base_components_opened_valid
  [D] mca_io_base_output
  [D] mca_io_base_param
  [D] mca_mpool_base_components
  [D] mca_mpool_base_output
  [D] mca_osc_pt2pt_component
  [D] mca_pml_base_components_available
  [D] mca_pml_base_output
  [D] mca_rcache_base_components
  [D] mca_rcache_base_output
  [D] mca_sbgp_base_components_opened
  [D] mca_sbgp_base_output
  [D] mca_sharedfp_base_components_available
  [D] mca_sharedfp_base_components_available_valid
  [D] mca_sharedfp_base_components_opened
  [D] mca_sharedfp_base_components_opened_valid
  [D] mca_sharedfp_base_modules_available
  [D] mca_sharedfp_base_modules_available_valid
  [D] mca_sharedfp_base_output
  [D] mca_sharedfp_base_param
  [D] mca_sharedfp_base_selected_component
  [D] mca_sharedfp_dummy_component
  [D] mca_sharedfp_dummy_component_version_string
  [D] mca_topo
  [D] mca_topo_base_components_available
  [D] mca_topo_base_components_available_valid
  [D] mca_topo_base_components_opened
  [D] mca_topo_base_components_opened_valid
  [D] mca_topo_base_modules_available
  [D] mca_topo_base_modules_available_valid
  [D] mca_topo_base_output
  [D] mca_topo_base_param
  [D] mca_topo_base_selected_component
  [D] mca_topo_unity_component
  [D] mca_topo_unity_component_version_string
  [D] mca_vprotocol_base_components_available
  [D] ompi_crcp_base_components_available
  [D] ompi_crcp_base_output
  [D] ompi_datatype_predefined_elem_desc
  [D] ompi_dpm_base_components_available
  [D] ompi_dpm_base_output
  [D] ompi_mpi_keep_peer_hostnames
  [D] ompi_mtl_base_components_opened
  [D] ompi_mtl_base_output
  [D] ompi_op_base_components_available
  [D] ompi_op_base_components_available_valid
  [D] ompi_op_base_components_opened
  [D] ompi_op_base_components_opened_valid
  [D] ompi_op_base_output
  [D] ompi_osc_base_avail_components
  [D] ompi_osc_base_open_components
  [D] ompi_osc_base_output
  [D] ompi_osc_pt2pt_buffer_t_class
  [D] ompi_osc_pt2pt_longreq_t_class
  [D] ompi_osc_pt2pt_module_template
  [D] ompi_osc_pt2pt_pending_lock_t_class
  [D] ompi_osc_pt2pt_replyreq_t_class
  [D] ompi_osc_pt2pt_sendreq_t_class
  [D] ompi_osc_rdma_longreq_t_class
  [D] ompi_osc_rdma_replyreq_t_class
  [D] ompi_osc_rdma_sendreq_t_class
  [D] ompi_pubsub_base_components_available
  [D] ompi_pubsub_base_output
  [D] ompi_pubsub_base_selected_component
  [D] peer_rdma_send_info_t_class

106 Added variable symbols not referenced by debug info:

  [A] MPI_FORTRAN_UNWEIGHTED
  [A] MPI_FORTRAN_WEIGHTS_EMPTY
  [A] bcast_algorithms
  [A] coll_read_time
  [A] coll_write_time
  [A] fragmentation_enable_enum
  [A] initted
  [A] mca_bcol_base_lmngr_block_t_class
  [A] mca_btl_vader
  [A] mca_btl_vader_component
  [A] mca_btl_vader_frag_t_class
  [A] mca_io_ompio_coll_timing_info
  [A] mca_io_ompio_record_offset_info
  [A] mca_io_ompio_sharedfp_lazy_open
  [A] mca_osc_sm_component
  [A] mca_rte_base_static_components
  [A] mca_rte_orte_component
  [A] mca_sharedfp_individual_component
  [A] mca_sharedfp_individual_component_version_string
  [A] mca_sharedfp_individual_priority
  [A] mca_sharedfp_individual_verbose
  [A] mca_sharedfp_lockedfile_component
  [A] mca_sharedfp_lockedfile_component_version_string
  [A] mca_sharedfp_lockedfile_priority
  [A] mca_sharedfp_lockedfile_verbose
  [A] mca_sharedfp_sm_component
  [A] mca_sharedfp_sm_component_version_string
  [A] mca_sharedfp_sm_priority
  [A] mca_sharedfp_sm_verbose
  [A] mca_topo_base_module_t_class
  [A] mca_topo_basic_component
  [A] mca_topo_basic_component_version_string
  [A] mpi_fortran_unweighted
  [A] mpi_fortran_unweighted_
  [A] mpi_fortran_unweighted__
  [A] mpi_fortran_weights_empty
  [A] mpi_fortran_weights_empty_
  [A] mpi_fortran_weights_empty__
  [A] mpit_big_lock
  [A] mpit_init_count
  [A] ompi_allocator_base_framework
  [A] ompi_bcol_base_framework
  [A] ompi_bml_base_framework
  [A] ompi_btl_base_framework
  [A] ompi_coll_base_framework
  [A] ompi_coll_self_priority
  [A] ompi_comm_f_to_c_table
  [A] ompi_comm_request_initialized
  [A] ompi_comm_request_item_t_class
  [A] ompi_comm_request_mutex
  [A] ompi_comm_request_progress_active
  [A] ompi_comm_request_t_class
  [A] ompi_comm_requests
  [A] ompi_comm_requests_active
  [A] ompi_cr_verbosity
  [A] ompi_crcp_base_framework
  [A] ompi_dpm_base_framework
  [A] ompi_enable_timing
  [A] ompi_err_rma_attach
  [A] ompi_err_rma_flavor
  [A] ompi_err_rma_range
  [A] ompi_err_rma_shared
  [A] ompi_fbtl_base_framework
  [A] ompi_fcoll_base_framework
  [A] ompi_fs_base_framework
  [A] ompi_hostname_cutoff
  [A] ompi_info_type_base
  [A] ompi_info_type_ompi
  [A] ompi_io_base_framework
  [A] ompi_mpi_built_with_cuda_support
  [A] ompi_mpi_count
  [A] ompi_mpi_cuda_support
  [A] ompi_mpi_event_tick_rate
  [A] ompi_mpi_have_sparse_group_storage
  [A] ompi_mpi_op_no_op
  [A] ompi_mpi_op_no_op_addr
  [A] ompi_mpi_preconnect_mpi
  [A] ompi_mpi_show_mca_params_string
  [A] ompi_mpi_yield_when_idle
  [A] ompi_mpool_base_framework
  [A] ompi_mtl_base_framework
  [A] ompi_namelist_t_class
  [A] ompi_op_base_framework
  [A] ompi_orte_tracker_t_class
  [A] ompi_osc_base_framework
  [A] ompi_osc_rdma_ddt_buffer_t_class
  [A] ompi_osc_rdma_frag_t_class
  [A] ompi_osc_rdma_no_locks
  [A] ompi_osc_rdma_outstanding_lock_t_class
  [A] ompi_osc_rdma_pending_t_class
  [A] ompi_osc_rdma_request_t_class
  [A] ompi_osc_sm_module_template
  [A] ompi_osc_sm_request_t_class
  [A] ompi_pml_base_bsend_allocator_name
  [A] ompi_pml_base_framework
  [A] ompi_pubsub_base_framework
  [A] ompi_rcache_base_framework
  [A] ompi_rte_base_framework
  [A] ompi_rte_orte_component_version_string
  [A] ompi_rte_orte_direct_modex
  [A] ompi_sbgp_base_framework
  [A] ompi_sharedfp_base_framework
  [A] ompi_topo_base_framework
  [A] ompi_vprotocol_base_framework
  [A] osc_rdma_accumulate_data_t_class
  [A] osc_rdma_pending_acc_t_class

