ELF SONAME changed
Functions changes summary: 2 Removed, 0 Changed, 0 Added functions
Variables changes summary: 5 Removed, 1 Changed (11 filtered out), 2 Added variables
Function symbols changes summary: 819 Removed, 793 Added function symbols not referenced by debug info
Variable symbols changes summary: 302 Removed, 104 Added variable symbols not referenced by debug info

SONAME changed from 'libmpi.so.1' to 'libmpi.so.40'

2 Removed functions:

  [D] 'function void* MPIR_Breakpoint()'    {MPIR_Breakpoint}
  [D] 'function void ompi_debugger_notify_abort(char*)'    {ompi_debugger_notify_abort}

5 Removed variables:

  [D] 'volatile int MPIR_being_debugged'    {MPIR_being_debugged}
  [D] 'char* MPIR_debug_abort_string'    {MPIR_debug_abort_string}
  [D] 'volatile int MPIR_debug_state'    {MPIR_debug_state}
  [D] 'ompi_free_list_item_t* ompi_free_list_item_t_type_force_inclusion'    {ompi_free_list_item_t_type_force_inclusion}
  [D] 'ompi_free_list_t* ompi_free_list_t_type_force_inclusion'    {ompi_free_list_t_type_force_inclusion}

2 Added variables:

  [A] 'opal_free_list_item_t* opal_free_list_item_t_type_force_inclusion'    {opal_free_list_item_t_type_force_inclusion}
  [A] 'opal_free_list_t* opal_free_list_t_type_force_inclusion'    {opal_free_list_t_type_force_inclusion}

1 Changed variable:

  [C] 'char MPIR_dll_name[133]' was changed to 'char MPIR_dll_name[135]' at ompi_debuggers.c:81:1:
    size of symbol changed from 133 to 135
    type of variable changed:
      type name changed from 'char[133]' to 'char[135]'
      array type size changed from 1064 to 1080
      array type subrange 1 changed length from 133 to 135

819 Removed function symbols not referenced by debug info:

  [D] MPI_Address, aliases PMPI_Address
  [D] MPI_Attr_delete
  [D] MPI_Attr_get, aliases PMPI_Attr_get
  [D] MPI_Attr_put, aliases PMPI_Attr_put
  [D] MPI_Errhandler_create
  [D] MPI_Errhandler_get, aliases PMPI_Errhandler_get
  [D] MPI_Errhandler_set
  [D] MPI_Keyval_create, aliases PMPI_Keyval_create
  [D] MPI_Keyval_free, aliases PMPI_Keyval_free
  [D] MPI_Type_extent
  [D] MPI_Type_hindexed
  [D] MPI_Type_hvector
  [D] MPI_Type_lb
  [D] MPI_Type_struct
  [D] MPI_Type_ub, aliases PMPI_Type_ub
  [D] NBC_Init_handle
  [D] NBC_Sched_create
  [D] OMPI_C_MPI_DUP_FN
  [D] OMPI_C_MPI_NULL_COPY_FN
  [D] OMPI_C_MPI_NULL_DELETE_FN
  [D] PMPI_Address
  [D] PMPI_Attr_delete, aliases MPI_Attr_delete
  [D] PMPI_Attr_get
  [D] PMPI_Attr_put
  [D] PMPI_Errhandler_create, aliases MPI_Errhandler_create
  [D] PMPI_Errhandler_get
  [D] PMPI_Errhandler_set, aliases MPI_Errhandler_set
  [D] PMPI_Keyval_create
  [D] PMPI_Keyval_free
  [D] PMPI_Type_extent, aliases MPI_Type_extent
  [D] PMPI_Type_hindexed, aliases MPI_Type_hindexed
  [D] PMPI_Type_hvector, aliases MPI_Type_hvector
  [D] PMPI_Type_lb, aliases MPI_Type_lb
  [D] PMPI_Type_struct, aliases MPI_Type_struct
  [D] PMPI_Type_ub
  [D] base_bcol_basesmuma_exchange_offsets
  [D] base_bcol_basesmuma_setup_ctl_struct
  [D] base_bcol_basesmuma_setup_library_buffers
  [D] bcol_basesmuma_allgather_init
  [D] bcol_basesmuma_allreduce_init
  [D] bcol_basesmuma_allreduce_intra_fanin_fanout
  [D] bcol_basesmuma_allreduce_intra_recursive_doubling
  [D] bcol_basesmuma_bank_init_opti
  [D] bcol_basesmuma_barrier_init
  [D] bcol_basesmuma_bcast
  [D] bcol_basesmuma_bcast_init
  [D] bcol_basesmuma_bcast_k_nomial_anyroot
  [D] bcol_basesmuma_bcast_k_nomial_knownroot
  [D] bcol_basesmuma_fanin_init
  [D] bcol_basesmuma_fanout_init
  [D] bcol_basesmuma_free_buff
  [D] bcol_basesmuma_gather_init
  [D] bcol_basesmuma_get_buff_index
  [D] bcol_basesmuma_k_nomial_allgather_init
  [D] bcol_basesmuma_k_nomial_allgather_progress
  [D] bcol_basesmuma_k_nomial_barrier_init
  [D] bcol_basesmuma_k_nomial_barrier_progress
  [D] bcol_basesmuma_k_nomial_gather_init
  [D] bcol_basesmuma_k_nomial_gather_progress
  [D] bcol_basesmuma_memsync_init
  [D] bcol_basesmuma_progress
  [D] bcol_basesmuma_rd_nb_barrier_init_admin
  [D] bcol_basesmuma_rd_nb_barrier_progress_admin
  [D] bcol_basesmuma_reduce_init
  [D] bcol_basesmuma_reduce_intra_fanin
  [D] bcol_basesmuma_reduce_intra_fanin_old
  [D] bcol_basesmuma_setup_knomial_tree
  [D] bcol_basesmuma_smcm_allgather_connection
  [D] bcol_basesmuma_smcm_create_mmap
  [D] bcol_basesmuma_smcm_mem_reg
  [D] bcol_basesmuma_smcm_reg_mmap
  [D] bcol_ptpcoll_allgather_init
  [D] bcol_ptpcoll_allocate_memory
  [D] bcol_ptpcoll_allreduce_init
  [D] bcol_ptpcoll_allreduce_knomial_allgather
  [D] bcol_ptpcoll_allreduce_knomial_allgather_extra
  [D] bcol_ptpcoll_allreduce_narraying_init
  [D] bcol_ptpcoll_allreduce_recursivek_scatter_reduce
  [D] bcol_ptpcoll_allreduce_recursivek_scatter_reduce_allgather_extra_init
  [D] bcol_ptpcoll_allreduce_recursivek_scatter_reduce_allgather_init
  [D] bcol_ptpcoll_allreduce_recursivek_scatter_reduce_extra
  [D] bcol_ptpcoll_barrier_init
  [D] bcol_ptpcoll_bcast_binomial_scatter_gatther_anyroot
  [D] bcol_ptpcoll_bcast_binomial_scatter_gatther_anyroot_extra
  [D] bcol_ptpcoll_bcast_binomial_scatter_gatther_anyroot_extra_progress
  [D] bcol_ptpcoll_bcast_binomial_scatter_gatther_anyroot_progress
  [D] bcol_ptpcoll_bcast_binomial_scatter_gatther_known_root
  [D] bcol_ptpcoll_bcast_binomial_scatter_gatther_known_root_extra
  [D] bcol_ptpcoll_bcast_binomial_scatter_gatther_known_root_extra_progress
  [D] bcol_ptpcoll_bcast_binomial_scatter_gatther_known_root_progress
  [D] bcol_ptpcoll_bcast_init
  [D] bcol_ptpcoll_bcast_k_nomial_anyroot
  [D] bcol_ptpcoll_bcast_k_nomial_anyroot_progress
  [D] bcol_ptpcoll_bcast_k_nomial_known_root
  [D] bcol_ptpcoll_bcast_k_nomial_known_root_progress
  [D] bcol_ptpcoll_deregister_memory
  [D] bcol_ptpcoll_fanin
  [D] bcol_ptpcoll_fanout
  [D] bcol_ptpcoll_free_memory
  [D] bcol_ptpcoll_k_nomial_allgather_init
  [D] bcol_ptpcoll_k_nomial_allgather_progress
  [D] bcol_ptpcoll_reduce_init
  [D] bcol_ptpcoll_register_memory
  [D] btl_sm_process_pending_sends
  [D] coll_ml_config_init_buffer
  [D] coll_ml_config_yy_create_buffer
  [D] coll_ml_config_yy_delete_buffer
  [D] coll_ml_config_yy_flush_buffer
  [D] coll_ml_config_yy_scan_buffer
  [D] coll_ml_config_yy_scan_bytes
  [D] coll_ml_config_yy_scan_string
  [D] coll_ml_config_yy_switch_to_buffer
  [D] coll_ml_config_yyalloc
  [D] coll_ml_config_yyfree
  [D] coll_ml_config_yyget_debug
  [D] coll_ml_config_yyget_in
  [D] coll_ml_config_yyget_leng
  [D] coll_ml_config_yyget_lineno
  [D] coll_ml_config_yyget_out
  [D] coll_ml_config_yyget_text
  [D] coll_ml_config_yylex
  [D] coll_ml_config_yylex_destroy
  [D] coll_ml_config_yypop_buffer_state
  [D] coll_ml_config_yypush_buffer_state
  [D] coll_ml_config_yyrealloc
  [D] coll_ml_config_yyrestart
  [D] coll_ml_config_yyset_debug
  [D] coll_ml_config_yyset_in
  [D] coll_ml_config_yyset_lineno
  [D] coll_ml_config_yyset_out
  [D] coll_ml_progress_individual_message
  [D] comm_allgather_pml
  [D] comm_allreduce_pml
  [D] comm_bcast_pml
  [D] compute_knomial_allgather_offsets
  [D] find_next_index
  [D] get_contiguous_chunk_size
  [D] get_group_index_and_distance_for_binomial
  [D] get_group_index_and_distance_for_k_nomial
  [D] get_group_index_for_k_nomial
  [D] get_k_nomial_dst_size
  [D] get_k_nomial_src_list
  [D] get_process_id
  [D] mca_allocator_basic_alloc
  [D] mca_allocator_basic_compact
  [D] mca_allocator_basic_component_close
  [D] mca_allocator_basic_component_init
  [D] mca_allocator_basic_component_open
  [D] mca_allocator_basic_finalize
  [D] mca_allocator_basic_free
  [D] mca_allocator_basic_realloc
  [D] mca_allocator_bucket_alloc
  [D] mca_allocator_bucket_alloc_align
  [D] mca_allocator_bucket_alloc_wrapper
  [D] mca_allocator_bucket_cleanup
  [D] mca_allocator_bucket_finalize
  [D] mca_allocator_bucket_free
  [D] mca_allocator_bucket_init
  [D] mca_allocator_bucket_module_close
  [D] mca_allocator_bucket_module_init
  [D] mca_allocator_bucket_module_open
  [D] mca_allocator_bucket_realloc
  [D] mca_allocator_component_lookup
  [D] mca_bcol_base_bcol_fns_table_init
  [D] mca_bcol_base_fn_table_construct
  [D] mca_bcol_base_fn_table_destroy
  [D] mca_bcol_base_init
  [D] mca_bcol_base_set_attributes
  [D] mca_bcol_basesmuma_allocate_sm_ctl_memory
  [D] mca_bcol_basesmuma_comm_query
  [D] mca_bcol_basesmuma_deregister_sm
  [D] mca_bcol_basesmuma_init_query
  [D] mca_bcol_basesmuma_register_sm
  [D] mca_bcol_ptpcoll_comm_query
  [D] mca_bcol_ptpcoll_init_query
  [D] mca_bcol_ptpcoll_memsync_init
  [D] mca_bcol_ptpcoll_register_mca_params
  [D] mca_bcol_ptpcoll_setup_knomial_tree
  [D] mca_btl_base_dump
  [D] mca_btl_base_err
  [D] mca_btl_base_error_no_nics
  [D] mca_btl_base_out
  [D] mca_btl_base_param_register
  [D] mca_btl_base_param_verify
  [D] mca_btl_base_select
  [D] mca_btl_self_add_procs
  [D] mca_btl_self_alloc
  [D] mca_btl_self_component_close
  [D] mca_btl_self_component_init
  [D] mca_btl_self_component_open
  [D] mca_btl_self_del_procs
  [D] mca_btl_self_finalize
  [D] mca_btl_self_free
  [D] mca_btl_self_ft_event
  [D] mca_btl_self_prepare_dst
  [D] mca_btl_self_prepare_src
  [D] mca_btl_self_rdma
  [D] mca_btl_self_send
  [D] mca_btl_sm_add_procs
  [D] mca_btl_sm_alloc
  [D] mca_btl_sm_component_progress
  [D] mca_btl_sm_del_procs
  [D] mca_btl_sm_dump
  [D] mca_btl_sm_finalize
  [D] mca_btl_sm_free
  [D] mca_btl_sm_ft_event
  [D] mca_btl_sm_prepare_src
  [D] mca_btl_sm_register_error_cb
  [D] mca_btl_sm_send
  [D] mca_btl_sm_sendi
  [D] mca_btl_tcp_add_procs
  [D] mca_btl_tcp_alloc
  [D] mca_btl_tcp_component_init
  [D] mca_btl_tcp_del_procs
  [D] mca_btl_tcp_endpoint_accept
  [D] mca_btl_tcp_endpoint_close
  [D] mca_btl_tcp_endpoint_send
  [D] mca_btl_tcp_finalize
  [D] mca_btl_tcp_frag_recv
  [D] mca_btl_tcp_frag_send
  [D] mca_btl_tcp_free
  [D] mca_btl_tcp_ft_event
  [D] mca_btl_tcp_get
  [D] mca_btl_tcp_prepare_dst
  [D] mca_btl_tcp_prepare_src
  [D] mca_btl_tcp_proc_accept
  [D] mca_btl_tcp_proc_create
  [D] mca_btl_tcp_proc_insert
  [D] mca_btl_tcp_proc_lookup
  [D] mca_btl_tcp_proc_remove
  [D] mca_btl_tcp_proc_tosocks
  [D] mca_btl_tcp_put
  [D] mca_btl_tcp_send
  [D] mca_btl_tcp_set_socket_options
  [D] mca_btl_vader_alloc
  [D] mca_btl_vader_frag_init
  [D] mca_btl_vader_send
  [D] mca_btl_vader_sendi
  [D] mca_coll_basic_allgather_intra
  [D] mca_coll_basic_allgatherv_intra
  [D] mca_coll_basic_alltoall_intra
  [D] mca_coll_basic_alltoallv_intra
  [D] mca_coll_basic_barrier_intra_lin
  [D] mca_coll_basic_bcast_lin_intra
  [D] mca_coll_basic_gather_intra
  [D] mca_coll_basic_reduce_lin_intra
  [D] mca_coll_basic_scatter_intra
  [D] mca_coll_hierarch_allgather_tmp
  [D] mca_coll_hierarch_allreduce_intra
  [D] mca_coll_hierarch_allreduce_tmp
  [D] mca_coll_hierarch_barrier_intra
  [D] mca_coll_hierarch_bcast_intra
  [D] mca_coll_hierarch_bcast_tmp
  [D] mca_coll_hierarch_comm_query
  [D] mca_coll_hierarch_ft_event
  [D] mca_coll_hierarch_gather_tmp
  [D] mca_coll_hierarch_get_all_lleaders
  [D] mca_coll_hierarch_get_llcomm
  [D] mca_coll_hierarch_get_llr
  [D] mca_coll_hierarch_init_query
  [D] mca_coll_hierarch_module_enable
  [D] mca_coll_hierarch_reduce_intra
  [D] mca_coll_hierarch_reduce_tmp
  [D] mca_coll_ml_abort_ml
  [D] mca_coll_ml_allgather
  [D] mca_coll_ml_allgather_nb
  [D] mca_coll_ml_alloc_buffer
  [D] mca_coll_ml_allocate_block
  [D] mca_coll_ml_allreduce
  [D] mca_coll_ml_allreduce_dispatch
  [D] mca_coll_ml_allreduce_dispatch_nb
  [D] mca_coll_ml_allreduce_hierarchy_discovery
  [D] mca_coll_ml_allreduce_matrix_init
  [D] mca_coll_ml_allreduce_nb
  [D] mca_coll_ml_barrier_intra
  [D] mca_coll_ml_bcast_sequential_root
  [D] mca_coll_ml_build_filtered_fn_table
  [D] mca_coll_ml_call_types
  [D] mca_coll_ml_check_if_bcol_is_requested
  [D] mca_coll_ml_check_if_bcol_is_used
  [D] mca_coll_ml_comm_query
  [D] mca_coll_ml_config_file_init
  [D] mca_coll_ml_free_block
  [D] mca_coll_ml_fulltree_exclude_basesmsocket_hierarchy_discovery
  [D] mca_coll_ml_fulltree_hierarchy_discovery
  [D] mca_coll_ml_fulltree_iboffload_only_hierarchy_discovery
  [D] mca_coll_ml_fulltree_ptp_only_hierarchy_discovery
  [D] mca_coll_ml_ibarrier_intra
  [D] mca_coll_ml_init_query
  [D] mca_coll_ml_initialize_block
  [D] mca_coll_ml_lmngr_alloc
  [D] mca_coll_ml_lmngr_append_nc
  [D] mca_coll_ml_lmngr_free
  [D] mca_coll_ml_lmngr_reg
  [D] mca_coll_ml_lmngr_tune
  [D] mca_coll_ml_memsync_intra
  [D] mca_coll_ml_pack_reorder_contiguous_data
  [D] mca_coll_ml_pack_reorder_noncontiguous_data
  [D] mca_coll_ml_parallel_bcast
  [D] mca_coll_ml_parallel_bcast_nb
  [D] mca_coll_ml_reduce
  [D] mca_coll_ml_reduce_nb
  [D] mca_coll_ml_register_params
  [D] mca_coll_ml_reset_config
  [D] mca_coll_ml_schedule_alloc
  [D] mca_coll_ml_schedule_init_scratch
  [D] mca_coll_ml_setup_scratch_vals
  [D] mca_common_sm_fini
  [D] mca_common_sm_init
  [D] mca_common_sm_init_group
  [D] mca_common_sm_local_proc_reorder
  [D] mca_common_sm_module_attach
  [D] mca_common_sm_module_create_and_attach
  [D] mca_common_sm_module_unlink
  [D] mca_common_sm_rml_info_bcast
  [D] mca_common_sm_seg_alloc
  [D] mca_fcoll_dynamic_file_read_all_begin
  [D] mca_fcoll_dynamic_file_read_all_end
  [D] mca_fcoll_dynamic_file_write_all_begin
  [D] mca_fcoll_dynamic_file_write_all_end
  [D] mca_fcoll_individual_file_read_all_begin
  [D] mca_fcoll_individual_file_read_all_end
  [D] mca_fcoll_individual_file_write_all_begin
  [D] mca_fcoll_individual_file_write_all_end
  [D] mca_fcoll_static_component_file_query
  [D] mca_fcoll_static_component_file_unquery
  [D] mca_fcoll_static_component_init_query
  [D] mca_fcoll_static_file_read_all
  [D] mca_fcoll_static_file_read_all_begin
  [D] mca_fcoll_static_file_read_all_end
  [D] mca_fcoll_static_file_write_all
  [D] mca_fcoll_static_file_write_all_begin
  [D] mca_fcoll_static_file_write_all_end
  [D] mca_fcoll_static_module_finalize
  [D] mca_fcoll_static_module_init
  [D] mca_fcoll_two_phase_file_read_all_begin
  [D] mca_fcoll_two_phase_file_read_all_end
  [D] mca_fcoll_two_phase_file_write_all_begin
  [D] mca_fcoll_two_phase_file_write_all_end
  [D] mca_fcoll_ylib_component_file_query
  [D] mca_fcoll_ylib_component_file_unquery
  [D] mca_fcoll_ylib_component_init_query
  [D] mca_fcoll_ylib_file_read_all
  [D] mca_fcoll_ylib_file_read_all_begin
  [D] mca_fcoll_ylib_file_read_all_end
  [D] mca_fcoll_ylib_file_write_all
  [D] mca_fcoll_ylib_file_write_all_begin
  [D] mca_fcoll_ylib_file_write_all_end
  [D] mca_fcoll_ylib_module_finalize
  [D] mca_fcoll_ylib_module_init
  [D] mca_fs_ufs_file_close
  [D] mca_fs_ufs_file_delete
  [D] mca_fs_ufs_file_get_size
  [D] mca_fs_ufs_file_set_info
  [D] mca_fs_ufs_file_set_size
  [D] mca_fs_ufs_file_sync
  [D] mca_io_ompio_datatype_is_contiguous
  [D] mca_io_ompio_decode_datatype_external
  [D] mca_io_ompio_file_delete
  [D] mca_io_ompio_file_get_info
  [D] mca_io_ompio_file_set_info
  [D] mca_io_ompio_free_f_io_array
  [D] mca_io_ompio_generate_current_file_view
  [D] mca_io_ompio_generate_io_array
  [D] mca_io_ompio_get_datatype_size
  [D] mca_io_ompio_get_f_aggregator_index
  [D] mca_io_ompio_get_f_comm
  [D] mca_io_ompio_get_f_flags
  [D] mca_io_ompio_get_f_io_array
  [D] mca_io_ompio_get_f_num_of_io_entries
  [D] mca_io_ompio_get_f_procs_in_group
  [D] mca_io_ompio_get_f_procs_per_group
  [D] mca_io_ompio_get_fcoll_dynamic_constant_cbs
  [D] mca_io_ompio_get_fcoll_dynamic_cycle_buffer_size
  [D] mca_io_ompio_get_fcoll_dynamic_num_io_procs
  [D] mca_io_ompio_get_fd
  [D] mca_io_ompio_get_iov_type
  [D] mca_io_ompio_non_contiguous_create_receive_buf
  [D] mca_io_ompio_non_contiguous_create_send_buf
  [D] mca_io_ompio_set_aggregator_props
  [D] mca_io_ompio_set_view_internal
  [D] mca_io_romio_file_close
  [D] mca_io_romio_file_get_amode
  [D] mca_io_romio_file_get_atomicity
  [D] mca_io_romio_file_get_byte_offset
  [D] mca_io_romio_file_get_info
  [D] mca_io_romio_file_get_position
  [D] mca_io_romio_file_get_position_shared
  [D] mca_io_romio_file_get_size
  [D] mca_io_romio_file_get_type_extent
  [D] mca_io_romio_file_get_view
  [D] mca_io_romio_file_iread
  [D] mca_io_romio_file_iread_at
  [D] mca_io_romio_file_iread_shared
  [D] mca_io_romio_file_iwrite
  [D] mca_io_romio_file_iwrite_at
  [D] mca_io_romio_file_iwrite_shared
  [D] mca_io_romio_file_open
  [D] mca_io_romio_file_preallocate
  [D] mca_io_romio_file_read
  [D] mca_io_romio_file_read_all
  [D] mca_io_romio_file_read_all_begin
  [D] mca_io_romio_file_read_all_end
  [D] mca_io_romio_file_read_at
  [D] mca_io_romio_file_read_at_all
  [D] mca_io_romio_file_read_at_all_begin
  [D] mca_io_romio_file_read_at_all_end
  [D] mca_io_romio_file_read_ordered
  [D] mca_io_romio_file_read_ordered_begin
  [D] mca_io_romio_file_read_ordered_end
  [D] mca_io_romio_file_read_shared
  [D] mca_io_romio_file_seek
  [D] mca_io_romio_file_seek_shared
  [D] mca_io_romio_file_set_atomicity
  [D] mca_io_romio_file_set_info
  [D] mca_io_romio_file_set_size
  [D] mca_io_romio_file_set_view
  [D] mca_io_romio_file_sync
  [D] mca_io_romio_file_write
  [D] mca_io_romio_file_write_all
  [D] mca_io_romio_file_write_all_begin
  [D] mca_io_romio_file_write_all_end
  [D] mca_io_romio_file_write_at
  [D] mca_io_romio_file_write_at_all
  [D] mca_io_romio_file_write_at_all_begin
  [D] mca_io_romio_file_write_at_all_end
  [D] mca_io_romio_file_write_ordered
  [D] mca_io_romio_file_write_ordered_begin
  [D] mca_io_romio_file_write_ordered_end
  [D] mca_io_romio_file_write_shared
  [D] mca_mpool_base_alloc
  [D] mca_mpool_base_component_lookup
  [D] mca_mpool_base_free
  [D] mca_mpool_base_init
  [D] mca_mpool_base_mem_cb
  [D] mca_mpool_base_module_create
  [D] mca_mpool_base_module_destroy
  [D] mca_mpool_base_module_lookup
  [D] mca_mpool_base_tree_delete
  [D] mca_mpool_base_tree_find
  [D] mca_mpool_base_tree_fini
  [D] mca_mpool_base_tree_init
  [D] mca_mpool_base_tree_insert
  [D] mca_mpool_base_tree_item_get
  [D] mca_mpool_base_tree_item_put
  [D] mca_mpool_base_tree_node_compare
  [D] mca_mpool_base_tree_print
  [D] mca_mpool_grdma_alloc
  [D] mca_mpool_grdma_deregister
  [D] mca_mpool_grdma_evict
  [D] mca_mpool_grdma_finalize
  [D] mca_mpool_grdma_find
  [D] mca_mpool_grdma_free
  [D] mca_mpool_grdma_ft_event
  [D] mca_mpool_grdma_module_init
  [D] mca_mpool_grdma_realloc
  [D] mca_mpool_grdma_register
  [D] mca_mpool_grdma_release_memory
  [D] mca_mpool_sm_alloc
  [D] mca_mpool_sm_base
  [D] mca_mpool_sm_free
  [D] mca_mpool_sm_ft_event
  [D] mca_mpool_sm_module_init
  [D] mca_mpool_sm_realloc
  [D] mca_pml_bfo_add_comm
  [D] mca_pml_bfo_add_procs
  [D] mca_pml_bfo_check_recv_ctl_completion_status
  [D] mca_pml_bfo_com_btl_comp
  [D] mca_pml_bfo_comm_init_size
  [D] mca_pml_bfo_completion_sendreq_has_error
  [D] mca_pml_bfo_del_comm
  [D] mca_pml_bfo_del_procs
  [D] mca_pml_bfo_dump
  [D] mca_pml_bfo_enable
  [D] mca_pml_bfo_error_handler
  [D] mca_pml_bfo_failover_error_handler
  [D] mca_pml_bfo_find_recvreq_eager_bml_btl
  [D] mca_pml_bfo_find_recvreq_rdma_bml_btl
  [D] mca_pml_bfo_find_sendreq_eager_bml_btl
  [D] mca_pml_bfo_find_sendreq_rdma_bml_btl
  [D] mca_pml_bfo_ft_event
  [D] mca_pml_bfo_get_request
  [D] mca_pml_bfo_improbe
  [D] mca_pml_bfo_imrecv
  [D] mca_pml_bfo_iprobe
  [D] mca_pml_bfo_irecv
  [D] mca_pml_bfo_irecv_init
  [D] mca_pml_bfo_is_duplicate_fin
  [D] mca_pml_bfo_is_duplicate_msg
  [D] mca_pml_bfo_isend
  [D] mca_pml_bfo_isend_init
  [D] mca_pml_bfo_map_out_btl
  [D] mca_pml_bfo_mprobe
  [D] mca_pml_bfo_mrecv
  [D] mca_pml_bfo_probe
  [D] mca_pml_bfo_process_pending_packets
  [D] mca_pml_bfo_process_pending_rdma
  [D] mca_pml_bfo_progress
  [D] mca_pml_bfo_rdma_btls
  [D] mca_pml_bfo_rdma_pipeline_btls
  [D] mca_pml_bfo_recv
  [D] mca_pml_bfo_recv_frag_callback_ack
  [D] mca_pml_bfo_recv_frag_callback_fin
  [D] mca_pml_bfo_recv_frag_callback_frag
  [D] mca_pml_bfo_recv_frag_callback_match
  [D] mca_pml_bfo_recv_frag_callback_put
  [D] mca_pml_bfo_recv_frag_callback_recverrnotify
  [D] mca_pml_bfo_recv_frag_callback_rget
  [D] mca_pml_bfo_recv_frag_callback_rndv
  [D] mca_pml_bfo_recv_frag_callback_rndvrestartack
  [D] mca_pml_bfo_recv_frag_callback_rndvrestartnack
  [D] mca_pml_bfo_recv_frag_callback_rndvrestartnotify
  [D] mca_pml_bfo_recv_req_start
  [D] mca_pml_bfo_recv_request_ack_send_btl
  [D] mca_pml_bfo_recv_request_get_frag
  [D] mca_pml_bfo_recv_request_matched_probe
  [D] mca_pml_bfo_recv_request_process_pending
  [D] mca_pml_bfo_recv_request_progress_frag
  [D] mca_pml_bfo_recv_request_progress_match
  [D] mca_pml_bfo_recv_request_progress_rget
  [D] mca_pml_bfo_recv_request_progress_rndv
  [D] mca_pml_bfo_recv_request_recverrnotify
  [D] mca_pml_bfo_recv_request_reset
  [D] mca_pml_bfo_recv_request_rndvrestartack
  [D] mca_pml_bfo_recv_request_rndvrestartnack
  [D] mca_pml_bfo_recv_request_schedule_once
  [D] mca_pml_bfo_recv_restart_completion
  [D] mca_pml_bfo_register_callbacks
  [D] mca_pml_bfo_repost_fin
  [D] mca_pml_bfo_repost_match_fragment
  [D] mca_pml_bfo_rndv_completion_status_error
  [D] mca_pml_bfo_rndvrestartnotify_completion
  [D] mca_pml_bfo_seg_alloc
  [D] mca_pml_bfo_seg_free
  [D] mca_pml_bfo_send
  [D] mca_pml_bfo_send_ctl_completion_status_error
  [D] mca_pml_bfo_send_fin
  [D] mca_pml_bfo_send_request_copy_in_out
  [D] mca_pml_bfo_send_request_process_pending
  [D] mca_pml_bfo_send_request_put
  [D] mca_pml_bfo_send_request_put_frag
  [D] mca_pml_bfo_send_request_restart
  [D] mca_pml_bfo_send_request_rndvrestartnotify
  [D] mca_pml_bfo_send_request_schedule_once
  [D] mca_pml_bfo_send_request_start_buffered
  [D] mca_pml_bfo_send_request_start_copy
  [D] mca_pml_bfo_send_request_start_prepare
  [D] mca_pml_bfo_send_request_start_rdma
  [D] mca_pml_bfo_send_request_start_rndv
  [D] mca_pml_bfo_start
  [D] mca_pml_bfo_update_eager_bml_btl_recv_ctl
  [D] mca_pml_bfo_update_rndv_fields
  [D] mca_pml_cm_improbe
  [D] mca_pml_cm_imrecv
  [D] mca_pml_cm_iprobe
  [D] mca_pml_cm_irecv
  [D] mca_pml_cm_irecv_init
  [D] mca_pml_cm_isend
  [D] mca_pml_cm_isend_init
  [D] mca_pml_cm_mprobe
  [D] mca_pml_cm_mrecv
  [D] mca_pml_cm_probe
  [D] mca_pml_cm_recv
  [D] mca_pml_cm_send
  [D] mca_rcache_base_module_create
  [D] mca_rcache_vma_clean
  [D] mca_rcache_vma_delete
  [D] mca_rcache_vma_destroy
  [D] mca_rcache_vma_dump_range
  [D] mca_rcache_vma_finalize
  [D] mca_rcache_vma_find
  [D] mca_rcache_vma_find_all
  [D] mca_rcache_vma_insert
  [D] mca_rcache_vma_module_init
  [D] mca_rcache_vma_tree_delete
  [D] mca_rcache_vma_tree_dump_range
  [D] mca_rcache_vma_tree_finalize
  [D] mca_rcache_vma_tree_find
  [D] mca_rcache_vma_tree_find_all
  [D] mca_rcache_vma_tree_init
  [D] mca_rcache_vma_tree_insert
  [D] mca_sbgp_base_init
  [D] mca_select_bcol_function
  [D] ml_coll_barrier_constant_group_data_setup
  [D] ml_coll_hier_allgather_setup
  [D] ml_coll_hier_allreduce_setup
  [D] ml_coll_hier_allreduce_setup_new
  [D] ml_coll_hier_barrier_setup
  [D] ml_coll_hier_bcast_setup
  [D] ml_coll_hier_nonblocking_barrier_setup
  [D] ml_coll_hier_reduce_setup
  [D] ml_coll_memsync_setup
  [D] ml_coll_schedule_setup
  [D] ml_coll_up_and_down_hier_setup
  [D] mpit_lock
  [D] mpit_unlock
  [D] netpatterns_base_err
  [D] netpatterns_free_recursive_doubling_tree_node
  [D] netpatterns_init
  [D] netpatterns_register_mca_params
  [D] netpatterns_setup_multinomial_tree
  [D] netpatterns_setup_narray_knomial_tree
  [D] netpatterns_setup_narray_tree
  [D] netpatterns_setup_narray_tree_contigous_ranks
  [D] netpatterns_setup_recursive_doubling_n_tree_node
  [D] netpatterns_setup_recursive_doubling_tree_node
  [D] netpatterns_setup_recursive_knomial_allgather_tree_node
  [D] netpatterns_setup_recursive_knomial_tree_node
  [D] ompi_attr_get_fortran_mpi1
  [D] ompi_attr_get_fortran_mpi2
  [D] ompi_attr_set_fortran_mpi1
  [D] ompi_attr_set_fortran_mpi2
  [D] ompi_coll_tuned_allgather_intra_basic_linear
  [D] ompi_coll_tuned_allgather_intra_bruck
  [D] ompi_coll_tuned_allgather_intra_do_forced
  [D] ompi_coll_tuned_allgather_intra_neighborexchange
  [D] ompi_coll_tuned_allgather_intra_recursivedoubling
  [D] ompi_coll_tuned_allgather_intra_ring
  [D] ompi_coll_tuned_allgather_intra_two_procs
  [D] ompi_coll_tuned_allgatherv_intra_basic_default
  [D] ompi_coll_tuned_allgatherv_intra_bruck
  [D] ompi_coll_tuned_allgatherv_intra_do_forced
  [D] ompi_coll_tuned_allgatherv_intra_neighborexchange
  [D] ompi_coll_tuned_allgatherv_intra_ring
  [D] ompi_coll_tuned_allgatherv_intra_two_procs
  [D] ompi_coll_tuned_allreduce_intra_basic_linear
  [D] ompi_coll_tuned_allreduce_intra_do_forced
  [D] ompi_coll_tuned_allreduce_intra_nonoverlapping
  [D] ompi_coll_tuned_allreduce_intra_recursivedoubling
  [D] ompi_coll_tuned_allreduce_intra_ring
  [D] ompi_coll_tuned_allreduce_intra_ring_segmented
  [D] ompi_coll_tuned_alltoall_intra_basic_linear
  [D] ompi_coll_tuned_alltoall_intra_bruck
  [D] ompi_coll_tuned_alltoall_intra_do_forced
  [D] ompi_coll_tuned_alltoall_intra_linear_sync
  [D] ompi_coll_tuned_alltoall_intra_pairwise
  [D] ompi_coll_tuned_alltoall_intra_two_procs
  [D] ompi_coll_tuned_alltoallv_intra_basic_linear
  [D] ompi_coll_tuned_alltoallv_intra_do_forced
  [D] ompi_coll_tuned_alltoallv_intra_pairwise
  [D] ompi_coll_tuned_barrier_intra_bruck
  [D] ompi_coll_tuned_barrier_intra_do_forced
  [D] ompi_coll_tuned_barrier_intra_doublering
  [D] ompi_coll_tuned_barrier_intra_recursivedoubling
  [D] ompi_coll_tuned_barrier_intra_tree
  [D] ompi_coll_tuned_barrier_intra_two_procs
  [D] ompi_coll_tuned_bcast_intra_basic_linear
  [D] ompi_coll_tuned_bcast_intra_binomial
  [D] ompi_coll_tuned_bcast_intra_bintree
  [D] ompi_coll_tuned_bcast_intra_chain
  [D] ompi_coll_tuned_bcast_intra_do_forced
  [D] ompi_coll_tuned_bcast_intra_generic
  [D] ompi_coll_tuned_bcast_intra_pipeline
  [D] ompi_coll_tuned_bcast_intra_split_bintree
  [D] ompi_coll_tuned_gather_intra_basic_linear
  [D] ompi_coll_tuned_gather_intra_binomial
  [D] ompi_coll_tuned_gather_intra_do_forced
  [D] ompi_coll_tuned_gather_intra_linear_sync
  [D] ompi_coll_tuned_reduce_generic
  [D] ompi_coll_tuned_reduce_intra_basic_linear
  [D] ompi_coll_tuned_reduce_intra_binary
  [D] ompi_coll_tuned_reduce_intra_binomial
  [D] ompi_coll_tuned_reduce_intra_chain
  [D] ompi_coll_tuned_reduce_intra_do_forced
  [D] ompi_coll_tuned_reduce_intra_in_order_binary
  [D] ompi_coll_tuned_reduce_intra_pipeline
  [D] ompi_coll_tuned_reduce_scatter_intra_basic_recursivehalving
  [D] ompi_coll_tuned_reduce_scatter_intra_do_forced
  [D] ompi_coll_tuned_reduce_scatter_intra_nonoverlapping
  [D] ompi_coll_tuned_reduce_scatter_intra_ring
  [D] ompi_coll_tuned_scatter_intra_basic_linear
  [D] ompi_coll_tuned_scatter_intra_binomial
  [D] ompi_coll_tuned_scatter_intra_do_forced
  [D] ompi_coll_tuned_sendrecv_actual
  [D] ompi_coll_tuned_sendrecv_actual_localcompleted
  [D] ompi_coll_tuned_topo_build_bmtree
  [D] ompi_coll_tuned_topo_build_chain
  [D] ompi_coll_tuned_topo_build_in_order_bintree
  [D] ompi_coll_tuned_topo_build_in_order_bmtree
  [D] ompi_coll_tuned_topo_build_tree
  [D] ompi_coll_tuned_topo_destroy_tree
  [D] ompi_coll_tuned_topo_dump_tree
  [D] ompi_comm_link_function
  [D] ompi_comm_reg_finalize
  [D] ompi_comm_reg_init
  [D] ompi_dpm_base_disconnect_init
  [D] ompi_dpm_base_disconnect_waitall
  [D] ompi_dpm_base_dyn_finalize
  [D] ompi_dpm_base_dyn_init
  [D] ompi_dpm_base_mark_dyncomm
  [D] ompi_dpm_base_null_close_port
  [D] ompi_dpm_base_null_connect_accept
  [D] ompi_dpm_base_null_disconnect
  [D] ompi_dpm_base_null_dyn_finalize
  [D] ompi_dpm_base_null_dyn_init
  [D] ompi_dpm_base_null_mark_dyncomm
  [D] ompi_dpm_base_null_open_port
  [D] ompi_dpm_base_null_parse_port
  [D] ompi_dpm_base_null_route_to_port
  [D] ompi_dpm_base_null_spawn
  [D] ompi_dpm_base_select
  [D] ompi_errhandler_runtime_callback
  [D] ompi_fortran_argv_f2c
  [D] ompi_free_list_grow
  [D] ompi_free_list_init_ex
  [D] ompi_free_list_init_ex_new
  [D] ompi_free_list_resize_mt
  [D] ompi_group_get_proc_ptr
  [D] ompi_info_finalize
  [D] ompi_info_init
  [D] ompi_info_value_to_bool
  [D] ompi_info_value_to_int
  [D] ompi_io_ompio_allgather_array
  [D] ompi_io_ompio_allgatherv_array
  [D] ompi_io_ompio_bcast_array
  [D] ompi_io_ompio_break_file_view
  [D] ompi_io_ompio_decode_datatype
  [D] ompi_io_ompio_distribute_file_view
  [D] ompi_io_ompio_empty_print_queue
  [D] ompi_io_ompio_full_print_queue
  [D] ompi_io_ompio_gather_array
  [D] ompi_io_ompio_gather_data
  [D] ompi_io_ompio_gatherv_array
  [D] ompi_io_ompio_initialize_print_queue
  [D] ompi_io_ompio_print_time_info
  [D] ompi_io_ompio_register_print_entry
  [D] ompi_io_ompio_scatter_data
  [D] ompi_io_ompio_scatterv_array
  [D] ompi_io_ompio_set_aggregator_props
  [D] ompi_io_ompio_set_explicit_offset
  [D] ompi_io_ompio_set_file_defaults
  [D] ompi_io_ompio_set_print_queue
  [D] ompi_io_ompio_sort
  [D] ompi_io_ompio_sort_iovec
  [D] ompi_io_ompio_unregister_print_entry
  [D] ompi_modex_recv
  [D] ompi_modex_recv_key_value
  [D] ompi_modex_recv_pointer
  [D] ompi_modex_recv_string
  [D] ompi_modex_recv_string_pointer
  [D] ompi_modex_send
  [D] ompi_modex_send_key_value
  [D] ompi_modex_send_string
  [D] ompi_osc_rdma_complete
  [D] ompi_osc_rdma_component_irecv
  [D] ompi_osc_rdma_component_isend
  [D] ompi_osc_rdma_control_send
  [D] ompi_osc_rdma_control_send_unbuffered
  [D] ompi_osc_rdma_fence
  [D] ompi_osc_rdma_frag_flush_all
  [D] ompi_osc_rdma_frag_flush_target
  [D] ompi_osc_rdma_frag_start
  [D] ompi_osc_rdma_frag_start_receive
  [D] ompi_osc_rdma_get_info
  [D] ompi_osc_rdma_irecv_w_cb
  [D] ompi_osc_rdma_isend_w_cb
  [D] ompi_osc_rdma_lock
  [D] ompi_osc_rdma_lock_all
  [D] ompi_osc_rdma_post
  [D] ompi_osc_rdma_process_flush
  [D] ompi_osc_rdma_process_flush_ack
  [D] ompi_osc_rdma_process_lock
  [D] ompi_osc_rdma_process_lock_ack
  [D] ompi_osc_rdma_process_unlock
  [D] ompi_osc_rdma_process_unlock_ack
  [D] ompi_osc_rdma_progress_pending_acc
  [D] ompi_osc_rdma_set_info
  [D] ompi_osc_rdma_start
  [D] ompi_osc_rdma_test
  [D] ompi_osc_rdma_unlock
  [D] ompi_osc_rdma_unlock_all
  [D] ompi_osc_rdma_wait
  [D] ompi_proc_set_locality
  [D] ompi_pubsub_base_null_lookup
  [D] ompi_pubsub_base_null_publish
  [D] ompi_pubsub_base_null_unpublish
  [D] ompi_pubsub_base_select
  [D] ompi_rb_tree_construct
  [D] ompi_rb_tree_delete
  [D] ompi_rb_tree_destroy
  [D] ompi_rb_tree_destruct
  [D] ompi_rb_tree_find_with
  [D] ompi_rb_tree_init
  [D] ompi_rb_tree_insert
  [D] ompi_rb_tree_size
  [D] ompi_rb_tree_traverse
  [D] ompi_request_persistent_proc_null_free
  [D] ompi_rte_db_fetch
  [D] ompi_rte_db_fetch_multiple
  [D] ompi_rte_db_fetch_pointer
  [D] ompi_rte_db_remove
  [D] ompi_rte_db_store
  [D] ompi_rte_modex
  [D] ompi_warn_fork
  [D] ompio_io_ompio_file_close
  [D] ompio_io_ompio_file_get_size
  [D] ompio_io_ompio_file_iread_at
  [D] ompio_io_ompio_file_iwrite
  [D] ompio_io_ompio_file_iwrite_at
  [D] ompio_io_ompio_file_open
  [D] ompio_io_ompio_file_read
  [D] ompio_io_ompio_file_read_at
  [D] ompio_io_ompio_file_read_at_all
  [D] ompio_io_ompio_file_read_at_all_begin
  [D] ompio_io_ompio_file_read_at_all_end
  [D] ompio_io_ompio_file_write
  [D] ompio_io_ompio_file_write_at
  [D] ompio_io_ompio_file_write_at_all
  [D] ompio_io_ompio_file_write_at_all_begin
  [D] ompio_io_ompio_file_write_at_all_end
  [D] osc_rdma_incoming_post
  [D] pml_v_output_close
  [D] pml_v_output_open
  [D] pow_k_calc
  [D] pow_sm_k
  [D] read_find_next_index
  [D] read_get_process_id
  [D] read_local_heap_sort
  [D] roundup_to_power_radix

793 Added function symbols not referenced by debug info:

  [A] ADIOI_Fill_send_buffer
  [A] ADIOI_Fill_user_buffer
  [A] ADIOI_Flatten_and_find
  [A] ADIOI_IO_Thread_Func
  [A] ADIOI_Icalc_others_req
  [A] ADIOI_Icalc_others_req_fini
  [A] ADIOI_Icalc_others_req_main
  [A] ADIOI_Info_check_and_install_enabled
  [A] ADIOI_Info_check_and_install_int
  [A] ADIOI_Info_check_and_install_str
  [A] ADIOI_Info_check_and_install_true
  [A] ADIOI_Info_print_keyvals
  [A] ADIOI_OneSidedCleanup
  [A] ADIOI_OneSidedReadAggregation
  [A] ADIOI_OneSidedWriteAggregation
  [A] ADIOI_P2PContigReadAggregation
  [A] ADIOI_P2PContigWriteAggregation
  [A] ADIOI_Type_create_hindexed_x
  [A] ADIOI_Type_get_contents
  [A] ADIOI_Type_get_envelope
  [A] MPIOI_File_iread_all
  [A] MPIOI_File_iwrite_all
  [A] MPIX_Allgather_init
  [A] MPIX_Allgatherv_init
  [A] MPIX_Allreduce_init
  [A] MPIX_Alltoall_init, aliases PMPIX_Alltoall_init
  [A] MPIX_Alltoallv_init
  [A] MPIX_Alltoallw_init
  [A] MPIX_Barrier_init, aliases PMPIX_Barrier_init
  [A] MPIX_Bcast_init
  [A] MPIX_Exscan_init
  [A] MPIX_Gather_init
  [A] MPIX_Gatherv_init
  [A] MPIX_Neighbor_allgather_init
  [A] MPIX_Neighbor_allgatherv_init
  [A] MPIX_Neighbor_alltoall_init
  [A] MPIX_Neighbor_alltoallv_init
  [A] MPIX_Neighbor_alltoallw_init
  [A] MPIX_Query_cuda_support
  [A] MPIX_Reduce_init
  [A] MPIX_Reduce_scatter_block_init
  [A] MPIX_Reduce_scatter_init
  [A] MPIX_Scan_init, aliases PMPIX_Scan_init
  [A] MPIX_Scatter_init
  [A] MPIX_Scatterv_init
  [A] MPI_AINT_ADD_F90
  [A] MPI_AINT_DIFF_F90
  [A] MPI_File_iread_all
  [A] MPI_File_iread_at_all, aliases PMPI_File_iread_at_all
  [A] MPI_File_iwrite_all
  [A] MPI_File_iwrite_at_all, aliases PMPI_File_iwrite_at_all
  [A] MPI_T_category_get_index
  [A] MPI_T_cvar_get_index
  [A] MPI_T_pvar_get_index
  [A] NBC_Return_handle
  [A] NBC_Sched_local_recv
  [A] NBC_Sched_local_send
  [A] NBC_Schedule_request
  [A] OMPI_Affinity_str
  [A] PMPIX_Allgather_init, aliases MPIX_Allgather_init
  [A] PMPIX_Allgatherv_init, aliases MPIX_Allgatherv_init
  [A] PMPIX_Allreduce_init, aliases MPIX_Allreduce_init
  [A] PMPIX_Alltoall_init
  [A] PMPIX_Alltoallv_init, aliases MPIX_Alltoallv_init
  [A] PMPIX_Alltoallw_init, aliases MPIX_Alltoallw_init
  [A] PMPIX_Barrier_init
  [A] PMPIX_Bcast_init, aliases MPIX_Bcast_init
  [A] PMPIX_Exscan_init, aliases MPIX_Exscan_init
  [A] PMPIX_Gather_init, aliases MPIX_Gather_init
  [A] PMPIX_Gatherv_init, aliases MPIX_Gatherv_init
  [A] PMPIX_Neighbor_allgather_init, aliases MPIX_Neighbor_allgather_init
  [A] PMPIX_Neighbor_allgatherv_init, aliases MPIX_Neighbor_allgatherv_init
  [A] PMPIX_Neighbor_alltoall_init, aliases MPIX_Neighbor_alltoall_init
  [A] PMPIX_Neighbor_alltoallv_init, aliases MPIX_Neighbor_alltoallv_init
  [A] PMPIX_Neighbor_alltoallw_init, aliases MPIX_Neighbor_alltoallw_init
  [A] PMPIX_Reduce_init, aliases MPIX_Reduce_init
  [A] PMPIX_Reduce_scatter_block_init, aliases MPIX_Reduce_scatter_block_init
  [A] PMPIX_Reduce_scatter_init, aliases MPIX_Reduce_scatter_init
  [A] PMPIX_Scan_init
  [A] PMPIX_Scatter_init, aliases MPIX_Scatter_init
  [A] PMPIX_Scatterv_init, aliases MPIX_Scatterv_init
  [A] PMPI_File_iread_all, aliases MPI_File_iread_all
  [A] PMPI_File_iread_at_all
  [A] PMPI_File_iwrite_all, aliases MPI_File_iwrite_all
  [A] PMPI_File_iwrite_at_all
  [A] PMPI_T_category_get_index, aliases MPI_T_category_get_index
  [A] PMPI_T_cvar_get_index, aliases MPI_T_cvar_get_index
  [A] PMPI_T_pvar_get_index, aliases MPI_T_pvar_get_index
  [A] PQ_adjustElementKey
  [A] PQ_adjustKey
  [A] PQ_decreaseElementKey
  [A] PQ_decreaseKey
  [A] PQ_delete
  [A] PQ_deleteElement
  [A] PQ_deleteMax
  [A] PQ_deleteMaxElement
  [A] PQ_exit
  [A] PQ_findMaxElement
  [A] PQ_findMaxKey
  [A] PQ_free
  [A] PQ_increaseElementKey
  [A] PQ_increaseKey
  [A] PQ_init
  [A] PQ_insert
  [A] PQ_insertElement
  [A] PQ_isEmpty
  [A] add_edge_3
  [A] add_to_bucket
  [A] add_to_list
  [A] adjacency_asc
  [A] adjacency_dsc
  [A] aggregate_obj_weight
  [A] algo
  [A] allocate_vertex
  [A] allocate_vertex2
  [A] append_frag_to_ordered_list
  [A] balancing
  [A] bottom_up_build_tree_from_topology
  [A] bucket_grouping
  [A] bucket_id
  [A] build_cost_matrix
  [A] build_level_topology
  [A] build_p_vector
  [A] build_synthetic_proc_id
  [A] built_pivot_tree
  [A] check_bucket
  [A] check_cantmatch_for_match
  [A] check_constraints
  [A] choose
  [A] clone_tree
  [A] complete_aff_mat
  [A] complete_obj_weight
  [A] complete_tab_node
  [A] compute_gain
  [A] compute_nb_leaves_from_level
  [A] compute_weighted_degree
  [A] create_dumb_tree
  [A] create_work
  [A] delete_group_list
  [A] depth_first
  [A] destruction
  [A] dfs
  [A] display_bucket
  [A] display_bucket_list
  [A] display_grouping
  [A] display_node
  [A] display_pivots
  [A] display_selection
  [A] display_sol
  [A] display_sol_sum_com
  [A] display_tab
  [A] display_tab_group
  [A] distance
  [A] eval_cost
  [A] eval_cost2
  [A] eval_grouping
  [A] eval_sol
  [A] exchange
  [A] fast_group
  [A] fast_grouping
  [A] fiboTreeConsolidate
  [A] fiboTreeDel
  [A] fiboTreeExit
  [A] fiboTreeFree
  [A] fiboTreeInit
  [A] fiboTreeMin
  [A] fill_buckets
  [A] fill_tab
  [A] free_affinity_mat
  [A] free_bucket
  [A] free_bucket_list
  [A] free_const_tab
  [A] free_constraint_tree
  [A] free_list_child
  [A] free_non_constraint_tree
  [A] free_tab_bucket
  [A] free_tab_child
  [A] free_tab_com_mat
  [A] free_tab_double
  [A] free_tab_int
  [A] free_tab_local_vertices
  [A] gain_exchange
  [A] generate_random_sol
  [A] genrand_int31
  [A] genrand_int32
  [A] genrand_real1
  [A] genrand_real2
  [A] genrand_real3
  [A] genrand_res53
  [A] get_local_topo_with_hwloc
  [A] get_nb_threads
  [A] get_time
  [A] group_list_asc
  [A] group_list_dsc
  [A] group_list_id
  [A] group_nodes
  [A] hash_asc
  [A] hwloc_to_tm
  [A] in_tab
  [A] independent_groups
  [A] independent_tab
  [A] init_by_array
  [A] init_genrand
  [A] init_mat
  [A] initialization
  [A] intCIV_exit
  [A] intCIV_get
  [A] intCIV_init
  [A] intCIV_isInitialized
  [A] intCIV_set
  [A] int_cmp_inc
  [A] is_power_of_2
  [A] kPartitioning
  [A] kpartition
  [A] kpartition_build_level_topology
  [A] kpartition_build_tree_from_topology
  [A] kpartition_greedy
  [A] kpartition_greedy2
  [A] list_all_possible_groups
  [A] list_to_tab
  [A] map_MPIPP
  [A] map_Packed
  [A] map_RR
  [A] map_topology
  [A] mca_coll_base_alltoall_intra_basic_inplace
  [A] mca_coll_base_alltoallv_intra_basic_inplace
  [A] mca_coll_base_reduce_local
  [A] mca_coll_sync_bcast
  [A] mca_coll_sync_comm_query
  [A] mca_coll_sync_exscan
  [A] mca_coll_sync_ft_event
  [A] mca_coll_sync_gather
  [A] mca_coll_sync_gatherv
  [A] mca_coll_sync_init_query
  [A] mca_coll_sync_module_enable
  [A] mca_coll_sync_reduce
  [A] mca_coll_sync_reduce_scatter
  [A] mca_coll_sync_scan
  [A] mca_coll_sync_scatter
  [A] mca_coll_sync_scatterv
  [A] mca_common_monitoring_add_procs
  [A] mca_common_monitoring_coll_a2a
  [A] mca_common_monitoring_coll_a2o
  [A] mca_common_monitoring_coll_cache_name
  [A] mca_common_monitoring_coll_finalize
  [A] mca_common_monitoring_coll_flush
  [A] mca_common_monitoring_coll_flush_all
  [A] mca_common_monitoring_coll_get_a2a_count
  [A] mca_common_monitoring_coll_get_a2a_size
  [A] mca_common_monitoring_coll_get_a2o_count
  [A] mca_common_monitoring_coll_get_a2o_size
  [A] mca_common_monitoring_coll_get_o2a_count
  [A] mca_common_monitoring_coll_get_o2a_size
  [A] mca_common_monitoring_coll_messages_notify
  [A] mca_common_monitoring_coll_new
  [A] mca_common_monitoring_coll_o2a
  [A] mca_common_monitoring_coll_release
  [A] mca_common_monitoring_coll_reset
  [A] mca_common_monitoring_finalize
  [A] mca_common_monitoring_init
  [A] mca_common_monitoring_record_coll
  [A] mca_common_monitoring_record_osc
  [A] mca_common_monitoring_record_pml
  [A] mca_common_monitoring_register
  [A] mca_common_ompio_build_io_array
  [A] mca_common_ompio_cart_based_grouping
  [A] mca_common_ompio_create_groups
  [A] mca_common_ompio_create_incomplete_file_handle
  [A] mca_common_ompio_decode_datatype
  [A] mca_common_ompio_empty_print_queue
  [A] mca_common_ompio_file_close
  [A] mca_common_ompio_file_delete
  [A] mca_common_ompio_file_get_position
  [A] mca_common_ompio_file_get_size
  [A] mca_common_ompio_file_iread
  [A] mca_common_ompio_file_iread_at
  [A] mca_common_ompio_file_iread_at_all
  [A] mca_common_ompio_file_iwrite
  [A] mca_common_ompio_file_iwrite_at
  [A] mca_common_ompio_file_iwrite_at_all
  [A] mca_common_ompio_file_open
  [A] mca_common_ompio_file_read
  [A] mca_common_ompio_file_read_at
  [A] mca_common_ompio_file_read_at_all
  [A] mca_common_ompio_file_write
  [A] mca_common_ompio_file_write_at
  [A] mca_common_ompio_file_write_at_all
  [A] mca_common_ompio_finalize_initial_grouping
  [A] mca_common_ompio_finalize_split
  [A] mca_common_ompio_forced_grouping
  [A] mca_common_ompio_full_print_queue
  [A] mca_common_ompio_fview_based_grouping
  [A] mca_common_ompio_initialize_print_queue
  [A] mca_common_ompio_merge_groups
  [A] mca_common_ompio_merge_initial_groups
  [A] mca_common_ompio_prepare_to_group
  [A] mca_common_ompio_print_time_info
  [A] mca_common_ompio_progress
  [A] mca_common_ompio_register_print_entry
  [A] mca_common_ompio_register_progress
  [A] mca_common_ompio_request_alloc
  [A] mca_common_ompio_request_fini
  [A] mca_common_ompio_request_init
  [A] mca_common_ompio_retain_initial_groups
  [A] mca_common_ompio_set_aggregator_props
  [A] mca_common_ompio_set_callbacks
  [A] mca_common_ompio_set_explicit_offset
  [A] mca_common_ompio_set_file_defaults
  [A] mca_common_ompio_set_view
  [A] mca_common_ompio_simple_grouping
  [A] mca_common_ompio_split_a_group
  [A] mca_common_ompio_split_initial_groups
  [A] mca_common_ompio_unregister_print_entry
  [A] mca_fbtl_posix_lock
  [A] mca_fbtl_posix_progress
  [A] mca_fbtl_posix_request_free
  [A] mca_fbtl_posix_unlock
  [A] mca_fcoll_base_component_lookup
  [A] mca_fcoll_dynamic_gen2_break_file_view
  [A] mca_fcoll_dynamic_gen2_component_file_query
  [A] mca_fcoll_dynamic_gen2_component_file_unquery
  [A] mca_fcoll_dynamic_gen2_component_init_query
  [A] mca_fcoll_dynamic_gen2_file_read_all
  [A] mca_fcoll_dynamic_gen2_file_write_all
  [A] mca_fcoll_dynamic_gen2_get_configuration
  [A] mca_fcoll_dynamic_gen2_module_finalize
  [A] mca_fcoll_dynamic_gen2_module_init
  [A] mca_fcoll_dynamic_gen2_split_iov_array
  [A] mca_fcoll_vulcan_break_file_view
  [A] mca_fcoll_vulcan_component_file_query
  [A] mca_fcoll_vulcan_component_file_unquery
  [A] mca_fcoll_vulcan_component_init_query
  [A] mca_fcoll_vulcan_file_read_all
  [A] mca_fcoll_vulcan_file_write_all
  [A] mca_fcoll_vulcan_get_configuration
  [A] mca_fcoll_vulcan_module_finalize
  [A] mca_fcoll_vulcan_module_init
  [A] mca_fcoll_vulcan_split_iov_array
  [A] mca_fs_base_file_close
  [A] mca_fs_base_file_delete
  [A] mca_fs_base_file_get_size
  [A] mca_fs_base_file_set_size
  [A] mca_fs_base_file_sync
  [A] mca_fs_base_get_fstype
  [A] mca_io_ompio_file_iread_all
  [A] mca_io_ompio_file_iread_at_all
  [A] mca_io_ompio_file_iwrite_all
  [A] mca_io_ompio_file_iwrite_at_all
  [A] mca_io_ompio_get_mca_parameter_value
  [A] mca_io_romio321_file_close
  [A] mca_io_romio321_file_get_amode
  [A] mca_io_romio321_file_get_atomicity
  [A] mca_io_romio321_file_get_byte_offset
  [A] mca_io_romio321_file_get_info
  [A] mca_io_romio321_file_get_position
  [A] mca_io_romio321_file_get_position_shared
  [A] mca_io_romio321_file_get_size
  [A] mca_io_romio321_file_get_type_extent
  [A] mca_io_romio321_file_get_view
  [A] mca_io_romio321_file_iread
  [A] mca_io_romio321_file_iread_all
  [A] mca_io_romio321_file_iread_at
  [A] mca_io_romio321_file_iread_at_all
  [A] mca_io_romio321_file_iread_shared
  [A] mca_io_romio321_file_iwrite
  [A] mca_io_romio321_file_iwrite_all
  [A] mca_io_romio321_file_iwrite_at
  [A] mca_io_romio321_file_iwrite_at_all
  [A] mca_io_romio321_file_iwrite_shared
  [A] mca_io_romio321_file_open
  [A] mca_io_romio321_file_preallocate
  [A] mca_io_romio321_file_read
  [A] mca_io_romio321_file_read_all
  [A] mca_io_romio321_file_read_all_begin
  [A] mca_io_romio321_file_read_all_end
  [A] mca_io_romio321_file_read_at
  [A] mca_io_romio321_file_read_at_all
  [A] mca_io_romio321_file_read_at_all_begin
  [A] mca_io_romio321_file_read_at_all_end
  [A] mca_io_romio321_file_read_ordered
  [A] mca_io_romio321_file_read_ordered_begin
  [A] mca_io_romio321_file_read_ordered_end
  [A] mca_io_romio321_file_read_shared
  [A] mca_io_romio321_file_seek
  [A] mca_io_romio321_file_seek_shared
  [A] mca_io_romio321_file_set_atomicity
  [A] mca_io_romio321_file_set_info
  [A] mca_io_romio321_file_set_size
  [A] mca_io_romio321_file_set_view
  [A] mca_io_romio321_file_sync
  [A] mca_io_romio321_file_write
  [A] mca_io_romio321_file_write_all
  [A] mca_io_romio321_file_write_all_begin
  [A] mca_io_romio321_file_write_all_end
  [A] mca_io_romio321_file_write_at
  [A] mca_io_romio321_file_write_at_all
  [A] mca_io_romio321_file_write_at_all_begin
  [A] mca_io_romio321_file_write_at_all_end
  [A] mca_io_romio321_file_write_ordered
  [A] mca_io_romio321_file_write_ordered_begin
  [A] mca_io_romio321_file_write_ordered_end
  [A] mca_io_romio321_file_write_shared
  [A] mca_io_romio_dist_MPI_File_iread_all
  [A] mca_io_romio_dist_MPI_File_iread_at_all
  [A] mca_io_romio_dist_MPI_File_iwrite_all
  [A] mca_io_romio_dist_MPI_File_iwrite_at_all
  [A] mca_pml_ob1_dump_cant_match
  [A] mca_pml_ob1_enable_progress
  [A] mca_pml_ob1_rdma_pipeline_btls_count
  [A] mca_topo_base_neighbor_count
  [A] mca_topo_treematch_dist_graph_create
  [A] memory_allocation
  [A] mpi_aint_add_f90
  [A] mpi_aint_add_f90_
  [A] mpi_aint_add_f90__
  [A] mpi_aint_diff_f90
  [A] mpi_aint_diff_f90_
  [A] mpi_aint_diff_f90__
  [A] mpiext_pcollreq_dummy
  [A] nb_leaves
  [A] nb_lines
  [A] nb_processing_units
  [A] new_affinity_mat
  [A] new_group_list
  [A] nextGain
  [A] next_bucket_elem
  [A] old_bucket_id
  [A] ompi_attr_get_aint
  [A] ompi_attr_get_fint
  [A] ompi_attr_set_aint
  [A] ompi_attr_set_fint
  [A] ompi_attr_set_int
  [A] ompi_coll_base_allgather_intra_basic_linear
  [A] ompi_coll_base_allgather_intra_bruck
  [A] ompi_coll_base_allgather_intra_neighborexchange
  [A] ompi_coll_base_allgather_intra_recursivedoubling
  [A] ompi_coll_base_allgather_intra_ring
  [A] ompi_coll_base_allgather_intra_two_procs
  [A] ompi_coll_base_allgatherv_intra_basic_default
  [A] ompi_coll_base_allgatherv_intra_bruck
  [A] ompi_coll_base_allgatherv_intra_neighborexchange
  [A] ompi_coll_base_allgatherv_intra_ring
  [A] ompi_coll_base_allgatherv_intra_two_procs
  [A] ompi_coll_base_allreduce_intra_basic_linear
  [A] ompi_coll_base_allreduce_intra_nonoverlapping
  [A] ompi_coll_base_allreduce_intra_recursivedoubling
  [A] ompi_coll_base_allreduce_intra_redscat_allgather
  [A] ompi_coll_base_allreduce_intra_ring
  [A] ompi_coll_base_allreduce_intra_ring_segmented
  [A] ompi_coll_base_alltoall_intra_basic_linear
  [A] ompi_coll_base_alltoall_intra_bruck
  [A] ompi_coll_base_alltoall_intra_linear_sync
  [A] ompi_coll_base_alltoall_intra_pairwise
  [A] ompi_coll_base_alltoall_intra_two_procs
  [A] ompi_coll_base_alltoallv_intra_basic_linear
  [A] ompi_coll_base_alltoallv_intra_pairwise
  [A] ompi_coll_base_barrier_intra_basic_linear
  [A] ompi_coll_base_barrier_intra_bruck
  [A] ompi_coll_base_barrier_intra_doublering
  [A] ompi_coll_base_barrier_intra_recursivedoubling
  [A] ompi_coll_base_barrier_intra_tree
  [A] ompi_coll_base_barrier_intra_two_procs
  [A] ompi_coll_base_bcast_intra_basic_linear
  [A] ompi_coll_base_bcast_intra_binomial
  [A] ompi_coll_base_bcast_intra_bintree
  [A] ompi_coll_base_bcast_intra_chain
  [A] ompi_coll_base_bcast_intra_generic
  [A] ompi_coll_base_bcast_intra_knomial
  [A] ompi_coll_base_bcast_intra_pipeline
  [A] ompi_coll_base_bcast_intra_scatter_allgather
  [A] ompi_coll_base_bcast_intra_scatter_allgather_ring
  [A] ompi_coll_base_bcast_intra_split_bintree
  [A] ompi_coll_base_comm_get_reqs
  [A] ompi_coll_base_exscan_intra_linear
  [A] ompi_coll_base_exscan_intra_recursivedoubling
  [A] ompi_coll_base_gather_intra_basic_linear
  [A] ompi_coll_base_gather_intra_binomial
  [A] ompi_coll_base_gather_intra_linear_sync
  [A] ompi_coll_base_reduce_generic
  [A] ompi_coll_base_reduce_intra_basic_linear
  [A] ompi_coll_base_reduce_intra_binary
  [A] ompi_coll_base_reduce_intra_binomial
  [A] ompi_coll_base_reduce_intra_chain
  [A] ompi_coll_base_reduce_intra_in_order_binary
  [A] ompi_coll_base_reduce_intra_pipeline
  [A] ompi_coll_base_reduce_intra_redscat_gather
  [A] ompi_coll_base_reduce_scatter_block_basic_linear
  [A] ompi_coll_base_reduce_scatter_block_intra_butterfly
  [A] ompi_coll_base_reduce_scatter_block_intra_recursivedoubling
  [A] ompi_coll_base_reduce_scatter_block_intra_recursivehalving
  [A] ompi_coll_base_reduce_scatter_intra_basic_recursivehalving
  [A] ompi_coll_base_reduce_scatter_intra_butterfly
  [A] ompi_coll_base_reduce_scatter_intra_nonoverlapping
  [A] ompi_coll_base_reduce_scatter_intra_ring
  [A] ompi_coll_base_scan_intra_linear
  [A] ompi_coll_base_scan_intra_recursivedoubling
  [A] ompi_coll_base_scatter_intra_basic_linear
  [A] ompi_coll_base_scatter_intra_binomial
  [A] ompi_coll_base_sendrecv_actual
  [A] ompi_coll_base_topo_build_bmtree
  [A] ompi_coll_base_topo_build_chain
  [A] ompi_coll_base_topo_build_in_order_bintree
  [A] ompi_coll_base_topo_build_in_order_bmtree
  [A] ompi_coll_base_topo_build_kmtree
  [A] ompi_coll_base_topo_build_tree
  [A] ompi_coll_base_topo_destroy_tree
  [A] ompi_coll_base_topo_dump_tree
  [A] ompi_coll_libnbc_allgather_init
  [A] ompi_coll_libnbc_allgather_inter_init
  [A] ompi_coll_libnbc_allgatherv_init
  [A] ompi_coll_libnbc_allgatherv_inter_init
  [A] ompi_coll_libnbc_allreduce_init
  [A] ompi_coll_libnbc_allreduce_inter_init
  [A] ompi_coll_libnbc_alltoall_init
  [A] ompi_coll_libnbc_alltoall_inter_init
  [A] ompi_coll_libnbc_alltoallv_init
  [A] ompi_coll_libnbc_alltoallv_inter_init
  [A] ompi_coll_libnbc_alltoallw_init
  [A] ompi_coll_libnbc_alltoallw_inter_init
  [A] ompi_coll_libnbc_barrier_init
  [A] ompi_coll_libnbc_barrier_inter_init
  [A] ompi_coll_libnbc_bcast_init
  [A] ompi_coll_libnbc_bcast_inter_init
  [A] ompi_coll_libnbc_exscan_init
  [A] ompi_coll_libnbc_gather_init
  [A] ompi_coll_libnbc_gather_inter_init
  [A] ompi_coll_libnbc_gatherv_init
  [A] ompi_coll_libnbc_gatherv_inter_init
  [A] ompi_coll_libnbc_neighbor_allgather_init
  [A] ompi_coll_libnbc_neighbor_allgatherv_init
  [A] ompi_coll_libnbc_neighbor_alltoall_init
  [A] ompi_coll_libnbc_neighbor_alltoallv_init
  [A] ompi_coll_libnbc_neighbor_alltoallw_init
  [A] ompi_coll_libnbc_reduce_init
  [A] ompi_coll_libnbc_reduce_inter_init
  [A] ompi_coll_libnbc_reduce_scatter_block_init
  [A] ompi_coll_libnbc_reduce_scatter_block_inter_init
  [A] ompi_coll_libnbc_reduce_scatter_init
  [A] ompi_coll_libnbc_reduce_scatter_inter_init
  [A] ompi_coll_libnbc_scan_init
  [A] ompi_coll_libnbc_scatter_init
  [A] ompi_coll_libnbc_scatter_inter_init
  [A] ompi_coll_libnbc_scatterv_init
  [A] ompi_coll_libnbc_scatterv_inter_init
  [A] ompi_coll_tuned_exscan_intra_check_forced_init
  [A] ompi_coll_tuned_exscan_intra_dec_dynamic
  [A] ompi_coll_tuned_exscan_intra_do_this
  [A] ompi_coll_tuned_reduce_scatter_block_intra_check_forced_init
  [A] ompi_coll_tuned_reduce_scatter_block_intra_dec_dynamic
  [A] ompi_coll_tuned_reduce_scatter_block_intra_dec_fixed
  [A] ompi_coll_tuned_reduce_scatter_block_intra_do_this
  [A] ompi_coll_tuned_scan_intra_check_forced_init
  [A] ompi_coll_tuned_scan_intra_dec_dynamic
  [A] ompi_coll_tuned_scan_intra_do_this
  [A] ompi_comm_allgather_pml
  [A] ompi_comm_allreduce_pml
  [A] ompi_comm_assert_subscribe
  [A] ompi_comm_bcast_pml
  [A] ompi_datatype_duplicate
  [A] ompi_datatype_pack_external
  [A] ompi_datatype_pack_external_size
  [A] ompi_datatype_unpack_external
  [A] ompi_dpm_close_port
  [A] ompi_dpm_connect_accept
  [A] ompi_dpm_disconnect
  [A] ompi_dpm_dyn_finalize
  [A] ompi_dpm_dyn_init
  [A] ompi_dpm_finalize
  [A] ompi_dpm_init
  [A] ompi_dpm_mark_dyncomm
  [A] ompi_dpm_open_port
  [A] ompi_dpm_spawn
  [A] ompi_errhandler_callback
  [A] ompi_errhandler_registration_callback
  [A] ompi_fcoll_base_coll_allgather_array
  [A] ompi_fcoll_base_coll_allgatherv_array
  [A] ompi_fcoll_base_coll_bcast_array
  [A] ompi_fcoll_base_coll_gather_array
  [A] ompi_fcoll_base_coll_gatherv_array
  [A] ompi_fcoll_base_coll_scatterv_array
  [A] ompi_fcoll_base_sort_iovec
  [A] ompi_fortran_argv_blank_f2c
  [A] ompi_fortran_argv_count_f2c
  [A] ompi_group_allocate_plist_w_procs
  [A] ompi_group_get_proc_ptr_raw
  [A] ompi_group_have_remote_peers
  [A] ompi_hook_base_deregister_callbacks
  [A] ompi_hook_base_mpi_finalize_bottom
  [A] ompi_hook_base_mpi_finalize_top
  [A] ompi_hook_base_mpi_finalized_bottom
  [A] ompi_hook_base_mpi_finalized_top
  [A] ompi_hook_base_mpi_init_bottom
  [A] ompi_hook_base_mpi_init_error
  [A] ompi_hook_base_mpi_init_thread_bottom
  [A] ompi_hook_base_mpi_init_thread_top
  [A] ompi_hook_base_mpi_init_top
  [A] ompi_hook_base_mpi_init_top_post_opal
  [A] ompi_hook_base_mpi_initialized_bottom
  [A] ompi_hook_base_mpi_initialized_top
  [A] ompi_hook_base_register_callbacks
  [A] ompi_info_dup_mpistandard
  [A] ompi_info_get_nkeys
  [A] ompi_info_get_value_enum
  [A] ompi_info_set_value_enum
  [A] ompi_interlib_declare
  [A] ompi_mirror_perm
  [A] ompi_mpi_dynamics_disable
  [A] ompi_mpi_dynamics_finalize
  [A] ompi_mpi_dynamics_is_enabled
  [A] ompi_mpiinfo_finalize
  [A] ompi_mpiinfo_init
  [A] ompi_mpit_lock
  [A] ompi_mpit_unlock
  [A] ompi_netpatterns_base_err
  [A] ompi_netpatterns_cleanup_narray_knomial_tree
  [A] ompi_netpatterns_cleanup_recursive_doubling_tree_node
  [A] ompi_netpatterns_cleanup_recursive_knomial_allgather_tree_node
  [A] ompi_netpatterns_cleanup_recursive_knomial_tree_node
  [A] ompi_netpatterns_init
  [A] ompi_netpatterns_register_mca_params
  [A] ompi_netpatterns_setup_multinomial_tree
  [A] ompi_netpatterns_setup_narray_knomial_tree
  [A] ompi_netpatterns_setup_narray_tree
  [A] ompi_netpatterns_setup_narray_tree_contigous_ranks
  [A] ompi_netpatterns_setup_recursive_doubling_n_tree_node
  [A] ompi_netpatterns_setup_recursive_doubling_tree_node
  [A] ompi_netpatterns_setup_recursive_knomial_allgather_tree_node
  [A] ompi_netpatterns_setup_recursive_knomial_tree_node
  [A] ompi_osc_get_data_blocking
  [A] ompi_osc_module_add_peer
  [A] ompi_osc_pt2pt_accumulate
  [A] ompi_osc_pt2pt_attach
  [A] ompi_osc_pt2pt_compare_and_swap
  [A] ompi_osc_pt2pt_complete
  [A] ompi_osc_pt2pt_component_irecv
  [A] ompi_osc_pt2pt_control_send
  [A] ompi_osc_pt2pt_control_send_unbuffered
  [A] ompi_osc_pt2pt_detach
  [A] ompi_osc_pt2pt_fence
  [A] ompi_osc_pt2pt_fetch_and_op
  [A] ompi_osc_pt2pt_flush
  [A] ompi_osc_pt2pt_flush_all
  [A] ompi_osc_pt2pt_flush_local
  [A] ompi_osc_pt2pt_flush_local_all
  [A] ompi_osc_pt2pt_frag_flush_all
  [A] ompi_osc_pt2pt_frag_flush_pending
  [A] ompi_osc_pt2pt_frag_flush_pending_all
  [A] ompi_osc_pt2pt_frag_flush_target
  [A] ompi_osc_pt2pt_frag_start
  [A] ompi_osc_pt2pt_frag_start_receive
  [A] ompi_osc_pt2pt_free
  [A] ompi_osc_pt2pt_get
  [A] ompi_osc_pt2pt_get_accumulate
  [A] ompi_osc_pt2pt_get_info
  [A] ompi_osc_pt2pt_irecv_w_cb
  [A] ompi_osc_pt2pt_isend_w_cb
  [A] ompi_osc_pt2pt_lock
  [A] ompi_osc_pt2pt_lock_all
  [A] ompi_osc_pt2pt_lock_remote
  [A] ompi_osc_pt2pt_post
  [A] ompi_osc_pt2pt_process_flush
  [A] ompi_osc_pt2pt_process_flush_ack
  [A] ompi_osc_pt2pt_process_lock
  [A] ompi_osc_pt2pt_process_lock_ack
  [A] ompi_osc_pt2pt_process_receive
  [A] ompi_osc_pt2pt_process_unlock
  [A] ompi_osc_pt2pt_process_unlock_ack
  [A] ompi_osc_pt2pt_progress_pending_acc
  [A] ompi_osc_pt2pt_put
  [A] ompi_osc_pt2pt_raccumulate
  [A] ompi_osc_pt2pt_rget
  [A] ompi_osc_pt2pt_rget_accumulate
  [A] ompi_osc_pt2pt_rput
  [A] ompi_osc_pt2pt_set_info
  [A] ompi_osc_pt2pt_start
  [A] ompi_osc_pt2pt_sync
  [A] ompi_osc_pt2pt_sync_allocate
  [A] ompi_osc_pt2pt_sync_pscw_peer
  [A] ompi_osc_pt2pt_sync_return
  [A] ompi_osc_pt2pt_test
  [A] ompi_osc_pt2pt_unlock
  [A] ompi_osc_pt2pt_unlock_all
  [A] ompi_osc_pt2pt_wait
  [A] ompi_osc_rdma_atomic_complete
  [A] ompi_osc_rdma_complete_atomic
  [A] ompi_osc_rdma_demand_lock_peer
  [A] ompi_osc_rdma_fence_atomic
  [A] ompi_osc_rdma_find_dynamic_region
  [A] ompi_osc_rdma_lock_all_atomic
  [A] ompi_osc_rdma_lock_atomic
  [A] ompi_osc_rdma_new_peer
  [A] ompi_osc_rdma_peer_btl_endpoint
  [A] ompi_osc_rdma_peer_lookup
  [A] ompi_osc_rdma_post_atomic
  [A] ompi_osc_rdma_put_contig
  [A] ompi_osc_rdma_start_atomic
  [A] ompi_osc_rdma_sync_allocate
  [A] ompi_osc_rdma_sync_pscw_peer
  [A] ompi_osc_rdma_sync_return
  [A] ompi_osc_rdma_test_atomic
  [A] ompi_osc_rdma_unlock_all_atomic
  [A] ompi_osc_rdma_unlock_atomic
  [A] ompi_osc_rdma_wait_atomic
  [A] ompi_pml_v_output_close
  [A] ompi_pml_v_output_open
  [A] ompi_proc_complete_init_single
  [A] ompi_proc_find_and_add
  [A] ompi_proc_for_name
  [A] ompi_proc_get_allocated
  [A] ompi_proc_lookup
  [A] ompi_proc_world_size
  [A] ompi_request_persistent_noop_create
  [A] ompi_rounddown
  [A] ompi_roundup_to_power_radix
  [A] ompi_rte_connect_accept_support
  [A] ompi_spc_cycles_to_usecs
  [A] ompi_spc_events_init
  [A] ompi_spc_fini
  [A] ompi_spc_init
  [A] ompi_spc_record
  [A] ompi_spc_timer_start
  [A] ompi_spc_timer_stop
  [A] ompi_spc_update_watermark
  [A] ompi_spc_user_or_mpi
  [A] optimize_arity
  [A] osc_pt2pt_incoming_complete
  [A] osc_pt2pt_incoming_post
  [A] partial_aggregate_aff_mat
  [A] partial_sort
  [A] partial_update_val
  [A] print_1D_tab
  [A] recurs_select_independent_groups
  [A] select_independent_groups
  [A] select_independent_groups_by_largest_index
  [A] select_max
  [A] set_deb_tab_child
  [A] set_node
  [A] split_com_mat
  [A] split_constraints
  [A] split_vertices
  [A] submit_work
  [A] super_fast_grouping
  [A] symetric
  [A] tab_cmp
  [A] terminate_thread_pool
  [A] test_independent_groups
  [A] test_main
  [A] tgt_to_tm
  [A] time_diff
  [A] tm_build_affinity_mat
  [A] tm_build_synthetic_topology
  [A] tm_build_tree_from_topology
  [A] tm_calloc
  [A] tm_close_verbose_file
  [A] tm_compute_mapping
  [A] tm_display_arity
  [A] tm_display_other_heuristics
  [A] tm_display_solution
  [A] tm_display_topology
  [A] tm_enable_oversubscribing
  [A] tm_finalize
  [A] tm_free
  [A] tm_free_affinity_mat
  [A] tm_free_solution
  [A] tm_free_topology
  [A] tm_free_tree
  [A] tm_get_exhaustive_search_flag
  [A] tm_get_verbose_level
  [A] tm_get_verbose_output
  [A] tm_load_aff_mat
  [A] tm_load_topology
  [A] tm_malloc
  [A] tm_mem_check
  [A] tm_open_verbose_file
  [A] tm_optimize_topology
  [A] tm_realloc
  [A] tm_set_exhaustive_search_flag
  [A] tm_set_max_nb_threads
  [A] tm_set_verbose_level
  [A] tm_topology_add_binding_constraints
  [A] tm_topology_set_binding_constraints
  [A] topo_nb_proc
  [A] topology_arity_cpy
  [A] topology_constraints_cpy
  [A] topology_cost_cpy
  [A] topology_numbering_cpy
  [A] topology_to_arch
  [A] try_add_edge
  [A] update_comm_speed
  [A] update_val
  [A] wait_work_completion
  [A] weighted_degree_asc
  [A] weighted_degree_dsc

302 Removed variable symbols not referenced by debug info:

  [D] MPI_FORTRAN_ARGVS_NULL
  [D] MPI_FORTRAN_ARGV_NULL
  [D] MPI_FORTRAN_BOTTOM
  [D] MPI_FORTRAN_ERRCODES_IGNORE
  [D] MPI_FORTRAN_IN_PLACE
  [D] MPI_FORTRAN_STATUSES_IGNORE
  [D] MPI_FORTRAN_STATUS_IGNORE
  [D] MPI_FORTRAN_UNWEIGHTED
  [D] MPI_FORTRAN_WEIGHTS_EMPTY
  [D] bcast_algorithms
  [D] bcol_base_network_context_t_class
  [D] bcol_basesmuma_smcm_mmap_t_class
  [D] bcol_basesmuma_smcm_proc_item_t_class
  [D] bcol_mpool_compatibility
  [D] bcol_mpool_index
  [D] coll_ml_config_parse_done
  [D] coll_ml_config_string
  [D] coll_ml_config_yy_flex_debug
  [D] coll_ml_config_yyin
  [D] coll_ml_config_yyleng
  [D] coll_ml_config_yylineno
  [D] coll_ml_config_yynewlines
  [D] coll_ml_config_yyout
  [D] coll_ml_config_yytext
  [D] coll_read_time
  [D] coll_write_time
  [D] fragmentation_enable_enum
  [D] initted
  [D] list_data_t_class
  [D] mca_allocator_base_static_components
  [D] mca_allocator_basic_component
  [D] mca_allocator_basic_segment_t_class
  [D] mca_allocator_bucket_component
  [D] mca_bcol_base_coll_fn_desc_t_class
  [D] mca_bcol_base_components_in_use
  [D] mca_bcol_base_lmngr_block_t_class
  [D] mca_bcol_base_module_t_class
  [D] mca_bcol_base_static_components
  [D] mca_bcol_basesmuma_component
  [D] mca_bcol_basesmuma_component_version_string
  [D] mca_bcol_basesmuma_module_t_class
  [D] mca_bcol_ptpcoll_collreq_t_class
  [D] mca_bcol_ptpcoll_component
  [D] mca_bcol_ptpcoll_component_version_string
  [D] mca_bcol_ptpcoll_module_t_class
  [D] mca_btl_base_active_message_trigger
  [D] mca_btl_base_descriptor_t_class
  [D] mca_btl_base_exclude
  [D] mca_btl_base_include
  [D] mca_btl_base_modules_initialized
  [D] mca_btl_base_selected_module_t_class
  [D] mca_btl_base_static_components
  [D] mca_btl_base_thread_multiple_override
  [D] mca_btl_base_verbose
  [D] mca_btl_base_warn_component_unused
  [D] mca_btl_self
  [D] mca_btl_self_component
  [D] mca_btl_self_frag_eager_t_class
  [D] mca_btl_self_frag_rdma_t_class
  [D] mca_btl_self_frag_send_t_class
  [D] mca_btl_sm
  [D] mca_btl_sm_component
  [D] mca_btl_sm_frag1_t_class
  [D] mca_btl_sm_frag2_t_class
  [D] mca_btl_sm_user_t_class
  [D] mca_btl_tcp_component
  [D] mca_btl_tcp_endpoint_t_class
  [D] mca_btl_tcp_event_t_class
  [D] mca_btl_tcp_frag_eager_t_class
  [D] mca_btl_tcp_frag_max_t_class
  [D] mca_btl_tcp_frag_t_class
  [D] mca_btl_tcp_frag_user_t_class
  [D] mca_btl_tcp_module
  [D] mca_btl_tcp_proc_t_class
  [D] mca_btl_vader
  [D] mca_btl_vader_component
  [D] mca_btl_vader_frag_t_class
  [D] mca_coll_hierarch_bcast_alg_param
  [D] mca_coll_hierarch_component
  [D] mca_coll_hierarch_component_version_string
  [D] mca_coll_hierarch_detection_alg_param
  [D] mca_coll_hierarch_ignore_sm_param
  [D] mca_coll_hierarch_module_t_class
  [D] mca_coll_hierarch_priority_param
  [D] mca_coll_hierarch_segsize_param
  [D] mca_coll_hierarch_use_rdma_param
  [D] mca_coll_hierarch_verbose_param
  [D] mca_coll_ml_bcol_list_item_t_class
  [D] mca_coll_ml_collective_operation_progress_t_class
  [D] mca_coll_ml_component
  [D] mca_coll_ml_component_version_string
  [D] mca_coll_ml_descriptor_t_class
  [D] mca_coll_ml_fragment_t_class
  [D] mca_coll_ml_lmngr_t_class
  [D] mca_coll_ml_module_t_class
  [D] mca_common_sm_module_t_class
  [D] mca_dpm_base_static_components
  [D] mca_dpm_orte_component
  [D] mca_fcoll_dynamic_constant_cbs
  [D] mca_fcoll_dynamic_cycle_buffer_size
  [D] mca_fcoll_dynamic_num_io_procs
  [D] mca_fcoll_individual_constant_cbs
  [D] mca_fcoll_individual_cycle_buffer_size
  [D] mca_fcoll_static_component
  [D] mca_fcoll_static_component_version_string
  [D] mca_fcoll_static_constant_cbs
  [D] mca_fcoll_static_cycle_buffer_size
  [D] mca_fcoll_static_num_io_procs
  [D] mca_fcoll_static_priority
  [D] mca_fcoll_two_phase_constant_cbs
  [D] mca_fcoll_two_phase_cycle_buffer_size
  [D] mca_fcoll_two_phase_num_io_procs
  [D] mca_fcoll_ylib_blocks_per_cycle
  [D] mca_fcoll_ylib_component
  [D] mca_fcoll_ylib_component_version_string
  [D] mca_fcoll_ylib_num_io_procs
  [D] mca_fcoll_ylib_priority
  [D] mca_fcoll_ylib_stripe_size
  [D] mca_io_ompio_pending_requests
  [D] mca_io_ompio_sharedfp_lazy_open
  [D] mca_io_romio_component
  [D] mca_io_romio_component_version_string
  [D] mca_io_romio_module
  [D] mca_io_romio_mutex
  [D] mca_mpool_base_modules
  [D] mca_mpool_base_page_size
  [D] mca_mpool_base_page_size_log
  [D] mca_mpool_base_registration_t_class
  [D] mca_mpool_base_selected_module_t_class
  [D] mca_mpool_base_static_components
  [D] mca_mpool_base_tree
  [D] mca_mpool_base_tree_item_free_list
  [D] mca_mpool_base_tree_item_t_class
  [D] mca_mpool_base_used_mem_hooks
  [D] mca_mpool_grdma_component
  [D] mca_mpool_grdma_pool_t_class
  [D] mca_mpool_sm_component
  [D] mca_pml_bfo
  [D] mca_pml_bfo_buffer_t_class
  [D] mca_pml_bfo_comm_t_class
  [D] mca_pml_bfo_component
  [D] mca_pml_bfo_output
  [D] mca_pml_bfo_pckt_pending_t_class
  [D] mca_pml_bfo_rdma_frag_t_class
  [D] mca_pml_bfo_recv_frag_t_class
  [D] mca_pml_bfo_recv_request_t_class
  [D] mca_pml_bfo_send_range_t_class
  [D] mca_pml_bfo_send_request_t_class
  [D] mca_pubsub_base_static_components
  [D] mca_pubsub_orte_component
  [D] mca_rcache_base_modules
  [D] mca_rcache_base_selected_module_t_class
  [D] mca_rcache_base_static_components
  [D] mca_rcache_vma_component
  [D] mca_rcache_vma_reg_list_item_t_class
  [D] mca_rcache_vma_t_class
  [D] mca_sbgp_base_components_in_use
  [D] mca_sbgp_base_components_in_use_inited
  [D] mca_sbgp_base_module_t_class
  [D] mca_sbgp_base_static_components
  [D] mca_sbgp_basesmsocket_component
  [D] mca_sbgp_basesmsocket_component_version_string
  [D] mca_sbgp_basesmsocket_module_t_class
  [D] mca_sbgp_basesmuma_component
  [D] mca_sbgp_basesmuma_component_version_string
  [D] mca_sbgp_basesmuma_module_t_class
  [D] mca_sbgp_p2p_component
  [D] mca_sbgp_p2p_component_version_string
  [D] mca_sbgp_p2p_module_t_class
  [D] memory_buffer_index
  [D] mpi_fortran_argv_null
  [D] mpi_fortran_argv_null__
  [D] mpi_fortran_argvs_null
  [D] mpi_fortran_argvs_null__
  [D] mpi_fortran_bottom
  [D] mpi_fortran_bottom__
  [D] mpi_fortran_errcodes_ignore
  [D] mpi_fortran_errcodes_ignore__
  [D] mpi_fortran_in_place
  [D] mpi_fortran_in_place__
  [D] mpi_fortran_status_ignore
  [D] mpi_fortran_status_ignore__
  [D] mpi_fortran_statuses_ignore
  [D] mpi_fortran_statuses_ignore__
  [D] mpi_fortran_unweighted
  [D] mpi_fortran_unweighted__
  [D] mpi_fortran_weights_empty
  [D] mpi_fortran_weights_empty__
  [D] mpit_big_lock
  [D] mpit_init_count
  [D] netpatterns_base_verbose
  [D] ompi_allocator_base_framework
  [D] ompi_bcol_base_framework
  [D] ompi_bcol_bcols_string
  [D] ompi_btl_base_framework
  [D] ompi_coll_tuned_preallocate_memory_comm_size_limit
  [D] ompi_comm_reg_t_class
  [D] ompi_comm_request_mutex
  [D] ompi_comm_requests
  [D] ompi_comm_requests_active
  [D] ompi_datatype_dfd
  [D] ompi_dpm
  [D] ompi_dpm_base_framework
  [D] ompi_dpm_base_selected_component
  [D] ompi_dpm_orte_module
  [D] ompi_err_access
  [D] ompi_err_amode
  [D] ompi_err_arg
  [D] ompi_err_assert
  [D] ompi_err_bad_file
  [D] ompi_err_base
  [D] ompi_err_buffer
  [D] ompi_err_comm
  [D] ompi_err_conversion
  [D] ompi_err_count
  [D] ompi_err_dims
  [D] ompi_err_disp
  [D] ompi_err_dup_datarep
  [D] ompi_err_file
  [D] ompi_err_file_exists
  [D] ompi_err_file_in_use
  [D] ompi_err_group
  [D] ompi_err_in_status
  [D] ompi_err_info
  [D] ompi_err_info_key
  [D] ompi_err_info_nokey
  [D] ompi_err_info_value
  [D] ompi_err_intern
  [D] ompi_err_io
  [D] ompi_err_keyval
  [D] ompi_err_locktype
  [D] ompi_err_name
  [D] ompi_err_no_mem
  [D] ompi_err_no_space
  [D] ompi_err_no_such_file
  [D] ompi_err_not_same
  [D] ompi_err_op
  [D] ompi_err_other
  [D] ompi_err_pending
  [D] ompi_err_port
  [D] ompi_err_quota
  [D] ompi_err_rank
  [D] ompi_err_read_only
  [D] ompi_err_request
  [D] ompi_err_rma_attach
  [D] ompi_err_rma_conflict
  [D] ompi_err_rma_flavor
  [D] ompi_err_rma_range
  [D] ompi_err_rma_shared
  [D] ompi_err_rma_sync
  [D] ompi_err_root
  [D] ompi_err_service
  [D] ompi_err_size
  [D] ompi_err_spawn
  [D] ompi_err_tag
  [D] ompi_err_topology
  [D] ompi_err_truncate
  [D] ompi_err_type
  [D] ompi_err_unsupported_datarep
  [D] ompi_err_unsupported_operation
  [D] ompi_err_win
  [D] ompi_free_list_item_t_class
  [D] ompi_free_list_t_class
  [D] ompi_hostname_cutoff
  [D] ompi_info_entry_t_class
  [D] ompi_mpi_abort_delay
  [D] ompi_mpi_abort_print_stack
  [D] ompi_mpi_built_with_cuda_support
  [D] ompi_mpi_cuda_support
  [D] ompi_mpi_finalized
  [D] ompi_mpi_init_started
  [D] ompi_mpi_initialized
  [D] ompi_mpi_leave_pinned
  [D] ompi_mpi_leave_pinned_pipeline
  [D] ompi_mpool_base_framework
  [D] ompi_orte_tracker_t_class
  [D] ompi_osc_rdma_ddt_buffer_t_class
  [D] ompi_osc_rdma_module_template
  [D] ompi_osc_rdma_no_locks
  [D] ompi_osc_rdma_outstanding_lock_t_class
  [D] ompi_osc_rdma_pending_lock_t_class
  [D] ompi_osc_rdma_pending_t_class
  [D] ompi_osc_sm_request_t_class
  [D] ompi_pubsub
  [D] ompi_pubsub_base_framework
  [D] ompi_pubsub_orte_module
  [D] ompi_rb_tree_node_t_class
  [D] ompi_rb_tree_t_class
  [D] ompi_rcache_base_framework
  [D] ompi_request_completed
  [D] ompi_request_cond
  [D] ompi_request_failed
  [D] ompi_request_lock
  [D] ompi_request_waiting
  [D] ompi_rte_orte_direct_modex
  [D] ompi_sbgp_base_framework
  [D] ompi_sbgp_subgroups_string
  [D] ompi_success
  [D] ompi_warn_on_fork
  [D] osc_rdma_accumulate_data_t_class
  [D] osc_rdma_pending_acc_t_class
  [D] sbgp_base_component_keyval_t_class

104 Added variable symbols not referenced by debug info:

  [A] NBC_Schedule_class
  [A] comm
  [A] common_monitoring_translation_ht
  [A] fbtl_posix_max_aio_active_reqs
  [A] gpfsmpio_onesided_always_rmw
  [A] gpfsmpio_onesided_no_rmw
  [A] gpfsmpio_read_aggmethod
  [A] gpfsmpio_write_aggmethod
  [A] libnbc_ibcast_skip_dt_decision
  [A] mca_bml_lock
  [A] mca_coll_base_comm_t_class
  [A] mca_coll_sync_component
  [A] mca_coll_sync_component_version_string
  [A] mca_coll_sync_module_t_class
  [A] mca_common_monitoring_current_state
  [A] mca_common_monitoring_enabled
  [A] mca_common_monitoring_output_stream_id
  [A] mca_common_ompio_pending_requests
  [A] mca_common_ompio_progress_is_registered
  [A] mca_fcoll_dynamic_gen2_component
  [A] mca_fcoll_dynamic_gen2_component_version_string
  [A] mca_fcoll_dynamic_gen2_num_groups
  [A] mca_fcoll_dynamic_gen2_priority
  [A] mca_fcoll_dynamic_gen2_write_chunksize
  [A] mca_fcoll_vulcan_async_io
  [A] mca_fcoll_vulcan_component
  [A] mca_fcoll_vulcan_component_version_string
  [A] mca_fcoll_vulcan_num_groups
  [A] mca_fcoll_vulcan_priority
  [A] mca_fcoll_vulcan_write_chunksize
  [A] mca_fs_ufs_lock_algorithm
  [A] mca_hook_base_static_components
  [A] mca_io_ompio_aggregators_cutoff_threshold
  [A] mca_io_ompio_grouping_option
  [A] mca_io_ompio_max_aggregators_ratio
  [A] mca_io_ompio_num_aggregators
  [A] mca_io_ompio_overwrite_amode
  [A] mca_io_ompio_verbose_info_parsing
  [A] mca_io_romio321_component
  [A] mca_io_romio321_component_version_string
  [A] mca_io_romio321_module
  [A] mca_io_romio321_mutex
  [A] mca_monitoring_coll_data_t_class
  [A] mca_ompio_request_t_class
  [A] mca_osc_pt2pt_component
  [A] mca_pml_bsend_addr
  [A] mca_pml_bsend_base
  [A] mca_pml_bsend_userbase
  [A] mca_pml_ob1_comm_proc_t_class
  [A] mca_pml_ob1_matching_protection
  [A] mca_pml_ob1_recvreq
  [A] mca_pml_ob1_sendreq
  [A] mca_sharedfp_individual_usage_counter
  [A] mca_topo_base_comm_cart_2_2_0_t_class
  [A] mca_topo_base_comm_dist_graph_2_2_0_t_class
  [A] mca_topo_base_comm_graph_2_2_0_t_class
  [A] mca_topo_treematch_component
  [A] mca_topo_treematch_component_version_string
  [A] mca_topo_treematch_module_t_class
  [A] mpi_t_enabled
  [A] mpi_t_offset
  [A] ompi_add_procs_cutoff
  [A] ompi_async_mpi_finalize
  [A] ompi_async_mpi_init
  [A] ompi_coll_tuned_alltoall_intermediate_msg
  [A] ompi_coll_tuned_alltoall_small_msg
  [A] ompi_comm_allreduce_context_t_class
  [A] ompi_comm_cid_context_t_class
  [A] ompi_comm_idup_with_info_context_t_class
  [A] ompi_hook_base_framework
  [A] ompi_mpi_dynamics_enabled
  [A] ompi_mpi_file_bootstrap_mutex
  [A] ompi_mpi_ompio_bootstrap_mutex
  [A] ompi_mpi_spc_attach_string
  [A] ompi_mpi_spc_dump_enabled
  [A] ompi_mpi_state
  [A] ompi_mpit_big_lock
  [A] ompi_mpit_init_count
  [A] ompi_netpatterns_base_verbose
  [A] ompi_osc_pt2pt_ddt_buffer_t_class
  [A] ompi_osc_pt2pt_frag_t_class
  [A] ompi_osc_pt2pt_module_template
  [A] ompi_osc_pt2pt_no_locks
  [A] ompi_osc_pt2pt_peer_t_class
  [A] ompi_osc_pt2pt_pending_lock_t_class
  [A] ompi_osc_pt2pt_pending_t_class
  [A] ompi_osc_pt2pt_receive_t_class
  [A] ompi_osc_pt2pt_request_t_class
  [A] ompi_osc_pt2pt_sync_t_class
  [A] ompi_osc_rdma_module_rdma_template
  [A] ompi_osc_rdma_peer_basic_t_class
  [A] ompi_osc_rdma_peer_dynamic_t_class
  [A] ompi_osc_rdma_peer_extended_t_class
  [A] ompi_osc_rdma_peer_t_class
  [A] ompi_osc_rdma_pending_op_t_class
  [A] ompi_osc_rdma_sync_t_class
  [A] ompi_proc_list
  [A] ompi_rte_initialized
  [A] ompi_win_accumulate_ops
  [A] ompi_win_accumulate_order
  [A] ompi_wtime_time_origin
  [A] osc_pt2pt_accumulate_data_t_class
  [A] osc_pt2pt_pending_acc_t_class
  [A] sys_clock_freq_mhz

