ELF SONAME changed
Functions changes summary: 1 Removed, 0 Changed, 1 Added functions
Variables changes summary: 2 Removed, 1 Changed (8 filtered out), 2 Added variables
Function symbols changes summary: 657 Removed, 1191 Added function symbols not referenced by debug info
Variable symbols changes summary: 112 Removed, 359 Added variable symbols not referenced by debug info

SONAME changed from 'libmpi.so.20' to 'libmpi.so.1'

1 Removed function:

  [D] 'function void ompi_debugger_setup_dlls()'    {ompi_debugger_setup_dlls}

1 Added function:

  [A] 'function void ompi_wait_for_debugger()'    {ompi_wait_for_debugger}

2 Removed variables:

  [D] 'opal_free_list_item_t* opal_free_list_item_t_type_force_inclusion'    {opal_free_list_item_t_type_force_inclusion}
  [D] 'opal_free_list_t* opal_free_list_t_type_force_inclusion'    {opal_free_list_t_type_force_inclusion}

2 Added variables:

  [A] 'ompi_free_list_item_t* ompi_free_list_item_t_type_force_inclusion'    {ompi_free_list_item_t_type_force_inclusion}
  [A] 'ompi_free_list_t* ompi_free_list_t_type_force_inclusion'    {ompi_free_list_t_type_force_inclusion}

1 Changed variable:

  [C] 'char MPIR_dll_name[135]' was changed to 'char MPIR_dll_name[133]' at ompi_debuggers.c:82:1:
    size of symbol changed from 135 to 133
    type of variable changed:
      type name changed from 'char[135]' to 'char[133]'
      array type size changed from 1080 to 1064
      array type subrange 1 changed length from 135 to 133

657 Removed function symbols not referenced by debug info:

  [D] ADIOI_Err_create_code
  [D] ADIOI_IO_Thread_Func
  [D] ADIOI_Info_check_and_install_enabled
  [D] ADIOI_Info_check_and_install_int
  [D] ADIOI_Info_check_and_install_str
  [D] ADIOI_Info_check_and_install_true
  [D] ADIOI_Info_print_keyvals
  [D] ADIOI_P2PContigReadAggregation
  [D] ADIOI_P2PContigWriteAggregation
  [D] ADIOI_Type_create_hindexed_x
  [D] MPIU_datatype_full_size
  [D] MPIU_external32_buffer_setup
  [D] MPIU_read_external32_conversion_fn
  [D] MPIU_write_external32_conversion_fn
  [D] MPIX_Query_cuda_support
  [D] MPI_AINT_ADD_F90
  [D] MPI_AINT_DIFF_F90
  [D] MPI_Comm_create_group
  [D] MPI_Comm_dup_with_info
  [D] MPI_Comm_get_info
  [D] MPI_Comm_idup, aliases PMPI_Comm_idup
  [D] MPI_Comm_set_info
  [D] MPI_Compare_and_swap
  [D] MPI_Dist_graph_create
  [D] MPI_Dist_graph_create_adjacent
  [D] MPI_Dist_graph_neighbors
  [D] MPI_Dist_graph_neighbors_count, aliases PMPI_Dist_graph_neighbors_count
  [D] MPI_Fetch_and_op, aliases PMPI_Fetch_and_op
  [D] MPI_File_iread_all
  [D] MPI_File_iread_at_all, aliases PMPI_File_iread_at_all
  [D] MPI_File_iwrite_all
  [D] MPI_File_iwrite_at_all, aliases PMPI_File_iwrite_at_all
  [D] MPI_Get_accumulate
  [D] MPI_Get_elements_x, aliases PMPI_Get_elements_x
  [D] MPI_Ineighbor_allgather, aliases PMPI_Ineighbor_allgather
  [D] MPI_Ineighbor_allgatherv
  [D] MPI_Ineighbor_alltoall, aliases PMPI_Ineighbor_alltoall
  [D] MPI_Ineighbor_alltoallv, aliases PMPI_Ineighbor_alltoallv
  [D] MPI_Ineighbor_alltoallw, aliases PMPI_Ineighbor_alltoallw
  [D] MPI_Neighbor_allgather
  [D] MPI_Neighbor_allgatherv, aliases PMPI_Neighbor_allgatherv
  [D] MPI_Neighbor_alltoall, aliases PMPI_Neighbor_alltoall
  [D] MPI_Neighbor_alltoallv, aliases PMPI_Neighbor_alltoallv
  [D] MPI_Neighbor_alltoallw, aliases PMPI_Neighbor_alltoallw
  [D] MPI_Raccumulate
  [D] MPI_Rget
  [D] MPI_Rget_accumulate
  [D] MPI_Rput
  [D] MPI_Status_set_elements_x
  [D] MPI_T_category_changed, aliases PMPI_T_category_changed
  [D] MPI_T_category_get_categories
  [D] MPI_T_category_get_cvars
  [D] MPI_T_category_get_index
  [D] MPI_T_category_get_info
  [D] MPI_T_category_get_num
  [D] MPI_T_category_get_pvars, aliases PMPI_T_category_get_pvars
  [D] MPI_T_cvar_get_index
  [D] MPI_T_cvar_get_info
  [D] MPI_T_cvar_get_num, aliases PMPI_T_cvar_get_num
  [D] MPI_T_cvar_handle_alloc
  [D] MPI_T_cvar_handle_free
  [D] MPI_T_cvar_read, aliases PMPI_T_cvar_read
  [D] MPI_T_cvar_write, aliases PMPI_T_cvar_write
  [D] MPI_T_enum_get_info
  [D] MPI_T_enum_get_item, aliases PMPI_T_enum_get_item
  [D] MPI_T_finalize, aliases PMPI_T_finalize
  [D] MPI_T_init_thread
  [D] MPI_T_pvar_get_index
  [D] MPI_T_pvar_get_info
  [D] MPI_T_pvar_get_num
  [D] MPI_T_pvar_handle_alloc
  [D] MPI_T_pvar_handle_free, aliases PMPI_T_pvar_handle_free
  [D] MPI_T_pvar_read, aliases PMPI_T_pvar_read
  [D] MPI_T_pvar_readreset
  [D] MPI_T_pvar_reset
  [D] MPI_T_pvar_session_create
  [D] MPI_T_pvar_session_free, aliases PMPI_T_pvar_session_free
  [D] MPI_T_pvar_start
  [D] MPI_T_pvar_stop
  [D] MPI_T_pvar_write, aliases PMPI_T_pvar_write
  [D] MPI_Type_get_extent_x
  [D] MPI_Type_get_true_extent_x
  [D] MPI_Type_size_x, aliases PMPI_Type_size_x
  [D] MPI_Win_allocate, aliases PMPI_Win_allocate
  [D] MPI_Win_allocate_shared
  [D] MPI_Win_attach, aliases PMPI_Win_attach
  [D] MPI_Win_create_dynamic, aliases PMPI_Win_create_dynamic
  [D] MPI_Win_detach
  [D] MPI_Win_flush, aliases PMPI_Win_flush
  [D] MPI_Win_flush_all
  [D] MPI_Win_flush_local
  [D] MPI_Win_flush_local_all, aliases PMPI_Win_flush_local_all
  [D] MPI_Win_get_info, aliases PMPI_Win_get_info
  [D] MPI_Win_lock_all
  [D] MPI_Win_set_info
  [D] MPI_Win_shared_query
  [D] MPI_Win_sync, aliases PMPI_Win_sync
  [D] MPI_Win_unlock_all
  [D] NBC_Comm_neighbors
  [D] NBC_Comm_neighbors_count
  [D] NBC_Return_handle
  [D] OMPI_Affinity_str
  [D] PMPI_Comm_create_group, aliases MPI_Comm_create_group
  [D] PMPI_Comm_dup_with_info, aliases MPI_Comm_dup_with_info
  [D] PMPI_Comm_get_info, aliases MPI_Comm_get_info
  [D] PMPI_Comm_idup
  [D] PMPI_Comm_set_info, aliases MPI_Comm_set_info
  [D] PMPI_Compare_and_swap, aliases MPI_Compare_and_swap
  [D] PMPI_Dist_graph_create, aliases MPI_Dist_graph_create
  [D] PMPI_Dist_graph_create_adjacent, aliases MPI_Dist_graph_create_adjacent
  [D] PMPI_Dist_graph_neighbors, aliases MPI_Dist_graph_neighbors
  [D] PMPI_Dist_graph_neighbors_count
  [D] PMPI_Fetch_and_op
  [D] PMPI_File_iread_all, aliases MPI_File_iread_all
  [D] PMPI_File_iread_at_all
  [D] PMPI_File_iwrite_all, aliases MPI_File_iwrite_all
  [D] PMPI_File_iwrite_at_all
  [D] PMPI_Get_accumulate, aliases MPI_Get_accumulate
  [D] PMPI_Get_elements_x
  [D] PMPI_Ineighbor_allgather
  [D] PMPI_Ineighbor_allgatherv, aliases MPI_Ineighbor_allgatherv
  [D] PMPI_Ineighbor_alltoall
  [D] PMPI_Ineighbor_alltoallv
  [D] PMPI_Ineighbor_alltoallw
  [D] PMPI_Neighbor_allgather, aliases MPI_Neighbor_allgather
  [D] PMPI_Neighbor_allgatherv
  [D] PMPI_Neighbor_alltoall
  [D] PMPI_Neighbor_alltoallv
  [D] PMPI_Neighbor_alltoallw
  [D] PMPI_Raccumulate, aliases MPI_Raccumulate
  [D] PMPI_Rget, aliases MPI_Rget
  [D] PMPI_Rget_accumulate, aliases MPI_Rget_accumulate
  [D] PMPI_Rput, aliases MPI_Rput
  [D] PMPI_Status_set_elements_x, aliases MPI_Status_set_elements_x
  [D] PMPI_T_category_changed
  [D] PMPI_T_category_get_categories, aliases MPI_T_category_get_categories
  [D] PMPI_T_category_get_cvars, aliases MPI_T_category_get_cvars
  [D] PMPI_T_category_get_index, aliases MPI_T_category_get_index
  [D] PMPI_T_category_get_info, aliases MPI_T_category_get_info
  [D] PMPI_T_category_get_num, aliases MPI_T_category_get_num
  [D] PMPI_T_category_get_pvars
  [D] PMPI_T_cvar_get_index, aliases MPI_T_cvar_get_index
  [D] PMPI_T_cvar_get_info, aliases MPI_T_cvar_get_info
  [D] PMPI_T_cvar_get_num
  [D] PMPI_T_cvar_handle_alloc, aliases MPI_T_cvar_handle_alloc
  [D] PMPI_T_cvar_handle_free, aliases MPI_T_cvar_handle_free
  [D] PMPI_T_cvar_read
  [D] PMPI_T_cvar_write
  [D] PMPI_T_enum_get_info, aliases MPI_T_enum_get_info
  [D] PMPI_T_enum_get_item
  [D] PMPI_T_finalize
  [D] PMPI_T_init_thread, aliases MPI_T_init_thread
  [D] PMPI_T_pvar_get_index, aliases MPI_T_pvar_get_index
  [D] PMPI_T_pvar_get_info, aliases MPI_T_pvar_get_info
  [D] PMPI_T_pvar_get_num, aliases MPI_T_pvar_get_num
  [D] PMPI_T_pvar_handle_alloc, aliases MPI_T_pvar_handle_alloc
  [D] PMPI_T_pvar_handle_free
  [D] PMPI_T_pvar_read
  [D] PMPI_T_pvar_readreset, aliases MPI_T_pvar_readreset
  [D] PMPI_T_pvar_reset, aliases MPI_T_pvar_reset
  [D] PMPI_T_pvar_session_create, aliases MPI_T_pvar_session_create
  [D] PMPI_T_pvar_session_free
  [D] PMPI_T_pvar_start, aliases MPI_T_pvar_start
  [D] PMPI_T_pvar_stop, aliases MPI_T_pvar_stop
  [D] PMPI_T_pvar_write
  [D] PMPI_Type_get_extent_x, aliases MPI_Type_get_extent_x
  [D] PMPI_Type_get_true_extent_x, aliases MPI_Type_get_true_extent_x
  [D] PMPI_Type_size_x
  [D] PMPI_Win_allocate
  [D] PMPI_Win_allocate_shared, aliases MPI_Win_allocate_shared
  [D] PMPI_Win_attach
  [D] PMPI_Win_create_dynamic
  [D] PMPI_Win_detach, aliases MPI_Win_detach
  [D] PMPI_Win_flush
  [D] PMPI_Win_flush_all, aliases MPI_Win_flush_all
  [D] PMPI_Win_flush_local, aliases MPI_Win_flush_local
  [D] PMPI_Win_flush_local_all
  [D] PMPI_Win_get_info
  [D] PMPI_Win_lock_all, aliases MPI_Win_lock_all
  [D] PMPI_Win_set_info, aliases MPI_Win_set_info
  [D] PMPI_Win_shared_query, aliases MPI_Win_shared_query
  [D] PMPI_Win_sync
  [D] PMPI_Win_unlock_all, aliases MPI_Win_unlock_all
  [D] coll_base_comm_get_reqs
  [D] mca_coll_base_alltoall_intra_basic_inplace
  [D] mca_coll_base_alltoallv_intra_basic_inplace
  [D] mca_coll_basic_neighbor_allgather
  [D] mca_coll_basic_neighbor_allgatherv
  [D] mca_coll_basic_neighbor_alltoall
  [D] mca_coll_basic_neighbor_alltoallv
  [D] mca_coll_basic_neighbor_alltoallw
  [D] mca_fbtl_posix_progress
  [D] mca_fbtl_posix_request_free
  [D] mca_fs_base_get_fstype
  [D] mca_io_ompio_build_io_array
  [D] mca_io_ompio_cart_based_grouping
  [D] mca_io_ompio_component_progress
  [D] mca_io_ompio_file_iread_all
  [D] mca_io_ompio_file_iread_at_all
  [D] mca_io_ompio_file_iwrite_all
  [D] mca_io_ompio_file_iwrite_at_all
  [D] mca_io_ompio_finalize_initial_grouping
  [D] mca_io_ompio_fview_based_grouping
  [D] mca_io_ompio_get_bytes_per_agg
  [D] mca_io_ompio_get_num_aggregators
  [D] mca_io_ompio_simple_grouping
  [D] mca_io_romio314_dist_MPIR_Status_set_bytes
  [D] mca_io_romio314_dist_MPI_File_close
  [D] mca_io_romio314_dist_MPI_File_delete
  [D] mca_io_romio314_dist_MPI_File_get_amode
  [D] mca_io_romio314_dist_MPI_File_get_atomicity
  [D] mca_io_romio314_dist_MPI_File_get_byte_offset
  [D] mca_io_romio314_dist_MPI_File_get_group
  [D] mca_io_romio314_dist_MPI_File_get_info
  [D] mca_io_romio314_dist_MPI_File_get_position
  [D] mca_io_romio314_dist_MPI_File_get_position_shared
  [D] mca_io_romio314_dist_MPI_File_get_size
  [D] mca_io_romio314_dist_MPI_File_get_type_extent
  [D] mca_io_romio314_dist_MPI_File_get_view
  [D] mca_io_romio314_dist_MPI_File_iread
  [D] mca_io_romio314_dist_MPI_File_iread_at
  [D] mca_io_romio314_dist_MPI_File_iread_shared
  [D] mca_io_romio314_dist_MPI_File_iwrite
  [D] mca_io_romio314_dist_MPI_File_iwrite_at
  [D] mca_io_romio314_dist_MPI_File_iwrite_shared
  [D] mca_io_romio314_dist_MPI_File_open
  [D] mca_io_romio314_dist_MPI_File_preallocate
  [D] mca_io_romio314_dist_MPI_File_read
  [D] mca_io_romio314_dist_MPI_File_read_all
  [D] mca_io_romio314_dist_MPI_File_read_all_begin
  [D] mca_io_romio314_dist_MPI_File_read_all_end
  [D] mca_io_romio314_dist_MPI_File_read_at
  [D] mca_io_romio314_dist_MPI_File_read_at_all
  [D] mca_io_romio314_dist_MPI_File_read_at_all_begin
  [D] mca_io_romio314_dist_MPI_File_read_at_all_end
  [D] mca_io_romio314_dist_MPI_File_read_ordered
  [D] mca_io_romio314_dist_MPI_File_read_ordered_begin
  [D] mca_io_romio314_dist_MPI_File_read_ordered_end
  [D] mca_io_romio314_dist_MPI_File_read_shared
  [D] mca_io_romio314_dist_MPI_File_seek
  [D] mca_io_romio314_dist_MPI_File_seek_shared
  [D] mca_io_romio314_dist_MPI_File_set_atomicity
  [D] mca_io_romio314_dist_MPI_File_set_info
  [D] mca_io_romio314_dist_MPI_File_set_size
  [D] mca_io_romio314_dist_MPI_File_set_view
  [D] mca_io_romio314_dist_MPI_File_sync
  [D] mca_io_romio314_dist_MPI_File_write
  [D] mca_io_romio314_dist_MPI_File_write_all
  [D] mca_io_romio314_dist_MPI_File_write_all_begin
  [D] mca_io_romio314_dist_MPI_File_write_all_end
  [D] mca_io_romio314_dist_MPI_File_write_at
  [D] mca_io_romio314_dist_MPI_File_write_at_all
  [D] mca_io_romio314_dist_MPI_File_write_at_all_begin
  [D] mca_io_romio314_dist_MPI_File_write_at_all_end
  [D] mca_io_romio314_dist_MPI_File_write_ordered
  [D] mca_io_romio314_dist_MPI_File_write_ordered_begin
  [D] mca_io_romio314_dist_MPI_File_write_ordered_end
  [D] mca_io_romio314_dist_MPI_File_write_shared
  [D] mca_io_romio314_dist_MPI_Register_datarep
  [D] mca_io_romio314_file_close
  [D] mca_io_romio314_file_get_amode
  [D] mca_io_romio314_file_get_atomicity
  [D] mca_io_romio314_file_get_byte_offset
  [D] mca_io_romio314_file_get_info
  [D] mca_io_romio314_file_get_position
  [D] mca_io_romio314_file_get_position_shared
  [D] mca_io_romio314_file_get_size
  [D] mca_io_romio314_file_get_type_extent
  [D] mca_io_romio314_file_get_view
  [D] mca_io_romio314_file_iread
  [D] mca_io_romio314_file_iread_at
  [D] mca_io_romio314_file_iread_shared
  [D] mca_io_romio314_file_iwrite
  [D] mca_io_romio314_file_iwrite_at
  [D] mca_io_romio314_file_iwrite_shared
  [D] mca_io_romio314_file_open
  [D] mca_io_romio314_file_preallocate
  [D] mca_io_romio314_file_read
  [D] mca_io_romio314_file_read_all
  [D] mca_io_romio314_file_read_all_begin
  [D] mca_io_romio314_file_read_all_end
  [D] mca_io_romio314_file_read_at
  [D] mca_io_romio314_file_read_at_all
  [D] mca_io_romio314_file_read_at_all_begin
  [D] mca_io_romio314_file_read_at_all_end
  [D] mca_io_romio314_file_read_ordered
  [D] mca_io_romio314_file_read_ordered_begin
  [D] mca_io_romio314_file_read_ordered_end
  [D] mca_io_romio314_file_read_shared
  [D] mca_io_romio314_file_seek
  [D] mca_io_romio314_file_seek_shared
  [D] mca_io_romio314_file_set_atomicity
  [D] mca_io_romio314_file_set_info
  [D] mca_io_romio314_file_set_size
  [D] mca_io_romio314_file_set_view
  [D] mca_io_romio314_file_sync
  [D] mca_io_romio314_file_write
  [D] mca_io_romio314_file_write_all
  [D] mca_io_romio314_file_write_all_begin
  [D] mca_io_romio314_file_write_all_end
  [D] mca_io_romio314_file_write_at
  [D] mca_io_romio314_file_write_at_all
  [D] mca_io_romio314_file_write_at_all_begin
  [D] mca_io_romio314_file_write_at_all_end
  [D] mca_io_romio314_file_write_ordered
  [D] mca_io_romio314_file_write_ordered_begin
  [D] mca_io_romio314_file_write_ordered_end
  [D] mca_io_romio314_file_write_shared
  [D] mca_sharedfp_individual_assign_globaloffset
  [D] mca_sharedfp_individual_collaborate_data
  [D] mca_sharedfp_individual_component_file_query
  [D] mca_sharedfp_individual_component_file_unquery
  [D] mca_sharedfp_individual_component_init_query
  [D] mca_sharedfp_individual_create_buff
  [D] mca_sharedfp_individual_file_close
  [D] mca_sharedfp_individual_file_open
  [D] mca_sharedfp_individual_get_position
  [D] mca_sharedfp_individual_get_timestamps_and_reclengths
  [D] mca_sharedfp_individual_getoffset
  [D] mca_sharedfp_individual_gettime
  [D] mca_sharedfp_individual_insert_headnode
  [D] mca_sharedfp_individual_insert_metadata
  [D] mca_sharedfp_individual_iread
  [D] mca_sharedfp_individual_iwrite
  [D] mca_sharedfp_individual_module_finalize
  [D] mca_sharedfp_individual_module_init
  [D] mca_sharedfp_individual_read
  [D] mca_sharedfp_individual_read_ordered
  [D] mca_sharedfp_individual_read_ordered_begin
  [D] mca_sharedfp_individual_read_ordered_end
  [D] mca_sharedfp_individual_seek
  [D] mca_sharedfp_individual_sort_timestamps
  [D] mca_sharedfp_individual_write
  [D] mca_sharedfp_individual_write_metadata_file
  [D] mca_sharedfp_individual_write_ordered
  [D] mca_sharedfp_individual_write_ordered_begin
  [D] mca_sharedfp_individual_write_ordered_end
  [D] mca_sharedfp_lockedfile_component_file_query
  [D] mca_sharedfp_lockedfile_component_file_unquery
  [D] mca_sharedfp_lockedfile_component_init_query
  [D] mca_sharedfp_lockedfile_file_close
  [D] mca_sharedfp_lockedfile_file_open
  [D] mca_sharedfp_lockedfile_get_position
  [D] mca_sharedfp_lockedfile_iread
  [D] mca_sharedfp_lockedfile_iwrite
  [D] mca_sharedfp_lockedfile_module_finalize
  [D] mca_sharedfp_lockedfile_module_init
  [D] mca_sharedfp_lockedfile_read
  [D] mca_sharedfp_lockedfile_read_ordered
  [D] mca_sharedfp_lockedfile_read_ordered_begin
  [D] mca_sharedfp_lockedfile_read_ordered_end
  [D] mca_sharedfp_lockedfile_request_position
  [D] mca_sharedfp_lockedfile_seek
  [D] mca_sharedfp_lockedfile_write
  [D] mca_sharedfp_lockedfile_write_ordered
  [D] mca_sharedfp_lockedfile_write_ordered_begin
  [D] mca_sharedfp_lockedfile_write_ordered_end
  [D] mca_sharedfp_sm_component_file_query
  [D] mca_sharedfp_sm_component_file_unquery
  [D] mca_sharedfp_sm_component_init_query
  [D] mca_sharedfp_sm_file_close
  [D] mca_sharedfp_sm_file_open
  [D] mca_sharedfp_sm_get_position
  [D] mca_sharedfp_sm_iread
  [D] mca_sharedfp_sm_iwrite
  [D] mca_sharedfp_sm_module_finalize
  [D] mca_sharedfp_sm_module_init
  [D] mca_sharedfp_sm_read
  [D] mca_sharedfp_sm_read_ordered
  [D] mca_sharedfp_sm_read_ordered_begin
  [D] mca_sharedfp_sm_read_ordered_end
  [D] mca_sharedfp_sm_request_position
  [D] mca_sharedfp_sm_seek
  [D] mca_sharedfp_sm_write
  [D] mca_sharedfp_sm_write_ordered
  [D] mca_sharedfp_sm_write_ordered_begin
  [D] mca_sharedfp_sm_write_ordered_end
  [D] mca_topo_base_cart_map
  [D] mca_topo_base_dist_graph_create
  [D] mca_topo_base_dist_graph_create_adjacent
  [D] mca_topo_base_dist_graph_distribute
  [D] mca_topo_base_dist_graph_neighbors
  [D] mca_topo_base_dist_graph_neighbors_count
  [D] mca_topo_base_graph_map
  [D] mca_topo_base_lazy_init
  [D] mca_vprotocol_base_set_include_list
  [D] mpi_aint_add_f90
  [D] mpi_aint_add_f90_
  [D] mpi_aint_add_f90__
  [D] mpi_aint_diff_f90
  [D] mpi_aint_diff_f90_
  [D] mpi_aint_diff_f90__
  [D] mpit_lock
  [D] mpit_unlock
  [D] netpatterns_cleanup_narray_knomial_tree
  [D] netpatterns_cleanup_recursive_doubling_tree_node
  [D] netpatterns_cleanup_recursive_knomial_allgather_tree_node
  [D] netpatterns_cleanup_recursive_knomial_tree_node
  [D] ompi_coll_base_allgather_intra_basic_linear
  [D] ompi_coll_base_allgather_intra_bruck
  [D] ompi_coll_base_allgather_intra_neighborexchange
  [D] ompi_coll_base_allgather_intra_recursivedoubling
  [D] ompi_coll_base_allgather_intra_ring
  [D] ompi_coll_base_allgather_intra_two_procs
  [D] ompi_coll_base_allgatherv_intra_basic_default
  [D] ompi_coll_base_allgatherv_intra_bruck
  [D] ompi_coll_base_allgatherv_intra_neighborexchange
  [D] ompi_coll_base_allgatherv_intra_ring
  [D] ompi_coll_base_allgatherv_intra_two_procs
  [D] ompi_coll_base_allreduce_intra_basic_linear
  [D] ompi_coll_base_allreduce_intra_nonoverlapping
  [D] ompi_coll_base_allreduce_intra_recursivedoubling
  [D] ompi_coll_base_allreduce_intra_ring
  [D] ompi_coll_base_allreduce_intra_ring_segmented
  [D] ompi_coll_base_alltoall_intra_basic_linear
  [D] ompi_coll_base_alltoall_intra_bruck
  [D] ompi_coll_base_alltoall_intra_linear_sync
  [D] ompi_coll_base_alltoall_intra_pairwise
  [D] ompi_coll_base_alltoall_intra_two_procs
  [D] ompi_coll_base_alltoallv_intra_basic_linear
  [D] ompi_coll_base_alltoallv_intra_pairwise
  [D] ompi_coll_base_barrier_intra_basic_linear
  [D] ompi_coll_base_barrier_intra_bruck
  [D] ompi_coll_base_barrier_intra_doublering
  [D] ompi_coll_base_barrier_intra_recursivedoubling
  [D] ompi_coll_base_barrier_intra_tree
  [D] ompi_coll_base_barrier_intra_two_procs
  [D] ompi_coll_base_bcast_intra_basic_linear
  [D] ompi_coll_base_bcast_intra_binomial
  [D] ompi_coll_base_bcast_intra_bintree
  [D] ompi_coll_base_bcast_intra_chain
  [D] ompi_coll_base_bcast_intra_generic
  [D] ompi_coll_base_bcast_intra_pipeline
  [D] ompi_coll_base_bcast_intra_split_bintree
  [D] ompi_coll_base_gather_intra_basic_linear
  [D] ompi_coll_base_gather_intra_binomial
  [D] ompi_coll_base_gather_intra_linear_sync
  [D] ompi_coll_base_reduce_generic
  [D] ompi_coll_base_reduce_intra_basic_linear
  [D] ompi_coll_base_reduce_intra_binary
  [D] ompi_coll_base_reduce_intra_binomial
  [D] ompi_coll_base_reduce_intra_chain
  [D] ompi_coll_base_reduce_intra_in_order_binary
  [D] ompi_coll_base_reduce_intra_pipeline
  [D] ompi_coll_base_reduce_scatter_intra_basic_recursivehalving
  [D] ompi_coll_base_reduce_scatter_intra_nonoverlapping
  [D] ompi_coll_base_reduce_scatter_intra_ring
  [D] ompi_coll_base_scatter_intra_basic_linear
  [D] ompi_coll_base_scatter_intra_binomial
  [D] ompi_coll_base_sendrecv_nonzero_actual
  [D] ompi_coll_base_topo_build_bmtree
  [D] ompi_coll_base_topo_build_chain
  [D] ompi_coll_base_topo_build_in_order_bintree
  [D] ompi_coll_base_topo_build_in_order_bmtree
  [D] ompi_coll_base_topo_build_tree
  [D] ompi_coll_base_topo_destroy_tree
  [D] ompi_coll_base_topo_dump_tree
  [D] ompi_coll_libnbc_ineighbor_allgather
  [D] ompi_coll_libnbc_ineighbor_allgatherv
  [D] ompi_coll_libnbc_ineighbor_alltoall
  [D] ompi_coll_libnbc_ineighbor_alltoallv
  [D] ompi_coll_libnbc_ineighbor_alltoallw
  [D] ompi_comm_activate_nb
  [D] ompi_comm_create_group
  [D] ompi_comm_dup_with_info
  [D] ompi_comm_enable
  [D] ompi_comm_idup
  [D] ompi_comm_idup_with_info
  [D] ompi_comm_neighbors
  [D] ompi_comm_neighbors_count
  [D] ompi_comm_nextcid_nb
  [D] ompi_comm_request_fini
  [D] ompi_comm_request_get
  [D] ompi_comm_request_init
  [D] ompi_comm_request_return
  [D] ompi_comm_request_schedule_append
  [D] ompi_comm_request_start
  [D] ompi_comm_set_nb
  [D] ompi_datatype_duplicate
  [D] ompi_datatype_get_elements
  [D] ompi_dpm_close_port
  [D] ompi_dpm_connect_accept
  [D] ompi_dpm_disconnect
  [D] ompi_dpm_dyn_finalize
  [D] ompi_dpm_dyn_init
  [D] ompi_dpm_finalize
  [D] ompi_dpm_init
  [D] ompi_dpm_mark_dyncomm
  [D] ompi_dpm_open_port
  [D] ompi_dpm_spawn
  [D] ompi_group_allocate_plist_w_procs
  [D] ompi_group_get_proc_ptr_raw
  [D] ompi_group_have_remote_peers
  [D] ompi_info_close_components
  [D] ompi_info_get_value_enum
  [D] ompi_info_register_framework_params
  [D] ompi_info_register_types
  [D] ompi_info_set_value_enum
  [D] ompi_info_show_ompi_version
  [D] ompi_io_ompio_empty_print_queue
  [D] ompi_io_ompio_full_print_queue
  [D] ompi_io_ompio_initialize_print_queue
  [D] ompi_io_ompio_print_time_info
  [D] ompi_io_ompio_register_print_entry
  [D] ompi_io_ompio_set_print_queue
  [D] ompi_io_ompio_sort_offlen
  [D] ompi_io_ompio_unregister_print_entry
  [D] ompi_mpi_thread_level
  [D] ompi_op_set_java_callback
  [D] ompi_osc_base_sndrcv_op
  [D] ompi_osc_get_data_blocking
  [D] ompi_osc_module_add_peer
  [D] ompi_osc_pt2pt_accumulate
  [D] ompi_osc_pt2pt_attach
  [D] ompi_osc_pt2pt_compare_and_swap
  [D] ompi_osc_pt2pt_complete
  [D] ompi_osc_pt2pt_control_send_unbuffered
  [D] ompi_osc_pt2pt_detach
  [D] ompi_osc_pt2pt_fence
  [D] ompi_osc_pt2pt_fetch_and_op
  [D] ompi_osc_pt2pt_flush
  [D] ompi_osc_pt2pt_flush_all
  [D] ompi_osc_pt2pt_flush_local
  [D] ompi_osc_pt2pt_flush_local_all
  [D] ompi_osc_pt2pt_frag_flush_all
  [D] ompi_osc_pt2pt_frag_flush_target
  [D] ompi_osc_pt2pt_frag_start
  [D] ompi_osc_pt2pt_frag_start_receive
  [D] ompi_osc_pt2pt_free
  [D] ompi_osc_pt2pt_get
  [D] ompi_osc_pt2pt_get_accumulate
  [D] ompi_osc_pt2pt_get_info
  [D] ompi_osc_pt2pt_irecv_w_cb
  [D] ompi_osc_pt2pt_isend_w_cb
  [D] ompi_osc_pt2pt_lock
  [D] ompi_osc_pt2pt_lock_all
  [D] ompi_osc_pt2pt_post
  [D] ompi_osc_pt2pt_process_flush
  [D] ompi_osc_pt2pt_process_flush_ack
  [D] ompi_osc_pt2pt_process_lock
  [D] ompi_osc_pt2pt_process_lock_ack
  [D] ompi_osc_pt2pt_process_unlock
  [D] ompi_osc_pt2pt_process_unlock_ack
  [D] ompi_osc_pt2pt_progress_pending_acc
  [D] ompi_osc_pt2pt_put
  [D] ompi_osc_pt2pt_raccumulate
  [D] ompi_osc_pt2pt_rget
  [D] ompi_osc_pt2pt_rget_accumulate
  [D] ompi_osc_pt2pt_rput
  [D] ompi_osc_pt2pt_set_info
  [D] ompi_osc_pt2pt_start
  [D] ompi_osc_pt2pt_sync
  [D] ompi_osc_pt2pt_sync_allocate
  [D] ompi_osc_pt2pt_sync_pscw_peer
  [D] ompi_osc_pt2pt_sync_return
  [D] ompi_osc_pt2pt_test
  [D] ompi_osc_pt2pt_unlock
  [D] ompi_osc_pt2pt_unlock_all
  [D] ompi_osc_pt2pt_wait
  [D] ompi_osc_rdma_accumulate
  [D] ompi_osc_rdma_atomic_complete
  [D] ompi_osc_rdma_attach
  [D] ompi_osc_rdma_compare_and_swap
  [D] ompi_osc_rdma_complete_atomic
  [D] ompi_osc_rdma_detach
  [D] ompi_osc_rdma_fence_atomic
  [D] ompi_osc_rdma_fetch_and_op
  [D] ompi_osc_rdma_find_dynamic_region
  [D] ompi_osc_rdma_flush_all
  [D] ompi_osc_rdma_flush_local
  [D] ompi_osc_rdma_flush_local_all
  [D] ompi_osc_rdma_free
  [D] ompi_osc_rdma_get
  [D] ompi_osc_rdma_get_accumulate
  [D] ompi_osc_rdma_lock_all_atomic
  [D] ompi_osc_rdma_lock_atomic
  [D] ompi_osc_rdma_new_peer
  [D] ompi_osc_rdma_peer_aggregate_flush
  [D] ompi_osc_rdma_peer_btl_endpoint
  [D] ompi_osc_rdma_peer_lookup
  [D] ompi_osc_rdma_post_atomic
  [D] ompi_osc_rdma_put
  [D] ompi_osc_rdma_raccumulate
  [D] ompi_osc_rdma_rget
  [D] ompi_osc_rdma_rget_accumulate
  [D] ompi_osc_rdma_rput
  [D] ompi_osc_rdma_start_atomic
  [D] ompi_osc_rdma_sync
  [D] ompi_osc_rdma_sync_allocate
  [D] ompi_osc_rdma_sync_pscw_peer
  [D] ompi_osc_rdma_sync_return
  [D] ompi_osc_rdma_test_atomic
  [D] ompi_osc_rdma_unlock_all_atomic
  [D] ompi_osc_rdma_unlock_atomic
  [D] ompi_osc_rdma_wait_atomic
  [D] ompi_osc_sm_accumulate
  [D] ompi_osc_sm_attach
  [D] ompi_osc_sm_compare_and_swap
  [D] ompi_osc_sm_complete
  [D] ompi_osc_sm_detach
  [D] ompi_osc_sm_fence
  [D] ompi_osc_sm_fetch_and_op
  [D] ompi_osc_sm_flush
  [D] ompi_osc_sm_flush_all
  [D] ompi_osc_sm_flush_local
  [D] ompi_osc_sm_flush_local_all
  [D] ompi_osc_sm_free
  [D] ompi_osc_sm_get
  [D] ompi_osc_sm_get_accumulate
  [D] ompi_osc_sm_get_info
  [D] ompi_osc_sm_lock
  [D] ompi_osc_sm_lock_all
  [D] ompi_osc_sm_post
  [D] ompi_osc_sm_put
  [D] ompi_osc_sm_raccumulate
  [D] ompi_osc_sm_rget
  [D] ompi_osc_sm_rget_accumulate
  [D] ompi_osc_sm_rput
  [D] ompi_osc_sm_set_info
  [D] ompi_osc_sm_shared_query
  [D] ompi_osc_sm_start
  [D] ompi_osc_sm_sync
  [D] ompi_osc_sm_test
  [D] ompi_osc_sm_unlock
  [D] ompi_osc_sm_unlock_all
  [D] ompi_osc_sm_wait
  [D] ompi_proc_complete_init_single
  [D] ompi_proc_find_and_add
  [D] ompi_proc_for_name
  [D] ompi_proc_get_allocated
  [D] ompi_proc_lookup
  [D] ompi_proc_world_size
  [D] ompi_rte_abort
  [D] ompi_rte_wait_for_debugger
  [D] ompi_win_allocate
  [D] ompi_win_allocate_shared
  [D] ompi_win_create_dynamic
  [D] ompio_io_ompio_file_close
  [D] ompio_io_ompio_file_get_position
  [D] ompio_io_ompio_file_get_size
  [D] ompio_io_ompio_file_iread
  [D] ompio_io_ompio_file_iread_at
  [D] ompio_io_ompio_file_iread_at_all
  [D] ompio_io_ompio_file_iwrite
  [D] ompio_io_ompio_file_iwrite_at
  [D] ompio_io_ompio_file_iwrite_at_all
  [D] ompio_io_ompio_file_open
  [D] ompio_io_ompio_file_read
  [D] ompio_io_ompio_file_read_at
  [D] ompio_io_ompio_file_read_at_all
  [D] ompio_io_ompio_file_write
  [D] ompio_io_ompio_file_write_at
  [D] ompio_io_ompio_file_write_at_all
  [D] ompit_opal_to_mpit_error
  [D] ompit_var_type_to_datatype
  [D] osc_pt2pt_incoming_complete
  [D] osc_pt2pt_incoming_post

1191 Added function symbols not referenced by debug info:

  [A] ADIOI_NFS_SetInfo
  [A] ADIOI_TESTFS_Get_shared_fp
  [A] ADIOI_TESTFS_Set_shared_fp
  [A] NBC_Sched_create
  [A] base_bcol_basesmuma_exchange_offsets
  [A] base_bcol_basesmuma_setup_ctl_struct
  [A] base_bcol_basesmuma_setup_library_buffers
  [A] bcol_basesmuma_bank_init_opti
  [A] bcol_basesmuma_barrier_init
  [A] bcol_basesmuma_bcast
  [A] bcol_basesmuma_bcast_init
  [A] bcol_basesmuma_bcast_k_nomial_anyroot
  [A] bcol_basesmuma_bcast_k_nomial_knownroot
  [A] bcol_basesmuma_fanin_init
  [A] bcol_basesmuma_fanout_init
  [A] bcol_basesmuma_free_buff
  [A] bcol_basesmuma_get_buff_index
  [A] bcol_basesmuma_k_nomial_barrier_init
  [A] bcol_basesmuma_k_nomial_barrier_progress
  [A] bcol_basesmuma_memsync_init
  [A] bcol_basesmuma_progress
  [A] bcol_basesmuma_rd_nb_barrier_init_admin
  [A] bcol_basesmuma_rd_nb_barrier_progress_admin
  [A] bcol_basesmuma_setup_knomial_tree
  [A] bcol_basesmuma_smcm_allgather_connection
  [A] bcol_basesmuma_smcm_create_mmap
  [A] bcol_basesmuma_smcm_mem_reg
  [A] bcol_basesmuma_smcm_reg_mmap
  [A] bcol_ptpcoll_allocate_memory
  [A] bcol_ptpcoll_barrier_init
  [A] bcol_ptpcoll_bcast_binomial_scatter_gatther_anyroot
  [A] bcol_ptpcoll_bcast_binomial_scatter_gatther_anyroot_extra
  [A] bcol_ptpcoll_bcast_binomial_scatter_gatther_anyroot_extra_progress
  [A] bcol_ptpcoll_bcast_binomial_scatter_gatther_anyroot_progress
  [A] bcol_ptpcoll_bcast_binomial_scatter_gatther_known_root
  [A] bcol_ptpcoll_bcast_binomial_scatter_gatther_known_root_extra
  [A] bcol_ptpcoll_bcast_binomial_scatter_gatther_known_root_extra_progress
  [A] bcol_ptpcoll_bcast_binomial_scatter_gatther_known_root_progress
  [A] bcol_ptpcoll_bcast_init
  [A] bcol_ptpcoll_bcast_k_nomial_anyroot
  [A] bcol_ptpcoll_bcast_k_nomial_anyroot_progress
  [A] bcol_ptpcoll_bcast_k_nomial_known_root
  [A] bcol_ptpcoll_bcast_k_nomial_known_root_progress
  [A] bcol_ptpcoll_deregister_memory
  [A] bcol_ptpcoll_fanin
  [A] bcol_ptpcoll_fanout
  [A] bcol_ptpcoll_free_memory
  [A] bcol_ptpcoll_register_memory
  [A] btl_sm_process_pending_sends
  [A] coll_ml_config_init_buffer
  [A] coll_ml_config_yy_create_buffer
  [A] coll_ml_config_yy_delete_buffer
  [A] coll_ml_config_yy_flush_buffer
  [A] coll_ml_config_yy_scan_buffer
  [A] coll_ml_config_yy_scan_bytes
  [A] coll_ml_config_yy_scan_string
  [A] coll_ml_config_yy_switch_to_buffer
  [A] coll_ml_config_yyalloc
  [A] coll_ml_config_yyfree
  [A] coll_ml_config_yyget_debug
  [A] coll_ml_config_yyget_in
  [A] coll_ml_config_yyget_leng
  [A] coll_ml_config_yyget_lineno
  [A] coll_ml_config_yyget_out
  [A] coll_ml_config_yyget_text
  [A] coll_ml_config_yylex
  [A] coll_ml_config_yylex_destroy
  [A] coll_ml_config_yypop_buffer_state
  [A] coll_ml_config_yypush_buffer_state
  [A] coll_ml_config_yyrealloc
  [A] coll_ml_config_yyrestart
  [A] coll_ml_config_yyset_debug
  [A] coll_ml_config_yyset_in
  [A] coll_ml_config_yyset_lineno
  [A] coll_ml_config_yyset_out
  [A] coll_ml_progress_individual_message
  [A] get_contiguous_chunk_size
  [A] get_group_index_and_distance_for_binomial
  [A] get_group_index_and_distance_for_k_nomial
  [A] get_group_index_for_k_nomial
  [A] get_k_nomial_dst_size
  [A] get_k_nomial_src_list
  [A] mca_allocator_base_close
  [A] mca_allocator_base_open
  [A] mca_allocator_basic_alloc
  [A] mca_allocator_basic_compact
  [A] mca_allocator_basic_component_close
  [A] mca_allocator_basic_component_init
  [A] mca_allocator_basic_component_open
  [A] mca_allocator_basic_finalize
  [A] mca_allocator_basic_free
  [A] mca_allocator_basic_realloc
  [A] mca_allocator_bucket_alloc
  [A] mca_allocator_bucket_alloc_align
  [A] mca_allocator_bucket_alloc_wrapper
  [A] mca_allocator_bucket_cleanup
  [A] mca_allocator_bucket_finalize
  [A] mca_allocator_bucket_free
  [A] mca_allocator_bucket_init
  [A] mca_allocator_bucket_module_close
  [A] mca_allocator_bucket_module_init
  [A] mca_allocator_bucket_module_open
  [A] mca_allocator_bucket_realloc
  [A] mca_allocator_component_lookup
  [A] mca_bcol_base_bcol_fns_table_init
  [A] mca_bcol_base_close
  [A] mca_bcol_base_fn_table_construct
  [A] mca_bcol_base_fn_table_destroy
  [A] mca_bcol_base_init
  [A] mca_bcol_base_open
  [A] mca_bcol_base_set_attributes
  [A] mca_bcol_basesmuma_allocate_sm_ctl_memory
  [A] mca_bcol_basesmuma_comm_query
  [A] mca_bcol_basesmuma_deregister_sm
  [A] mca_bcol_basesmuma_init_query
  [A] mca_bcol_basesmuma_register_sm
  [A] mca_bcol_ptpcoll_comm_query
  [A] mca_bcol_ptpcoll_init_query
  [A] mca_bcol_ptpcoll_memsync_init
  [A] mca_bcol_ptpcoll_register_mca_params
  [A] mca_bcol_ptpcoll_setup_knomial_tree
  [A] mca_bml_base_close
  [A] mca_bml_base_ft_event
  [A] mca_bml_base_open
  [A] mca_bml_r2_ft_event
  [A] mca_btl_base_close
  [A] mca_btl_base_dump
  [A] mca_btl_base_err
  [A] mca_btl_base_error_no_nics
  [A] mca_btl_base_open
  [A] mca_btl_base_out
  [A] mca_btl_base_param_register
  [A] mca_btl_base_select
  [A] mca_btl_self_add_procs
  [A] mca_btl_self_alloc
  [A] mca_btl_self_component_close
  [A] mca_btl_self_component_init
  [A] mca_btl_self_component_open
  [A] mca_btl_self_del_procs
  [A] mca_btl_self_finalize
  [A] mca_btl_self_free
  [A] mca_btl_self_ft_event
  [A] mca_btl_self_prepare_dst
  [A] mca_btl_self_prepare_src
  [A] mca_btl_self_rdma
  [A] mca_btl_self_send
  [A] mca_btl_sm_add_procs
  [A] mca_btl_sm_alloc
  [A] mca_btl_sm_component_progress
  [A] mca_btl_sm_del_procs
  [A] mca_btl_sm_finalize
  [A] mca_btl_sm_free
  [A] mca_btl_sm_ft_event
  [A] mca_btl_sm_prepare_src
  [A] mca_btl_sm_register_error_cb
  [A] mca_btl_sm_send
  [A] mca_btl_sm_sendi
  [A] mca_btl_tcp_add_procs
  [A] mca_btl_tcp_alloc
  [A] mca_btl_tcp_component_init
  [A] mca_btl_tcp_del_procs
  [A] mca_btl_tcp_endpoint_accept
  [A] mca_btl_tcp_endpoint_close
  [A] mca_btl_tcp_endpoint_send
  [A] mca_btl_tcp_finalize
  [A] mca_btl_tcp_frag_recv
  [A] mca_btl_tcp_frag_send
  [A] mca_btl_tcp_free
  [A] mca_btl_tcp_ft_event
  [A] mca_btl_tcp_get
  [A] mca_btl_tcp_prepare_dst
  [A] mca_btl_tcp_prepare_src
  [A] mca_btl_tcp_proc_accept
  [A] mca_btl_tcp_proc_create
  [A] mca_btl_tcp_proc_insert
  [A] mca_btl_tcp_proc_lookup
  [A] mca_btl_tcp_proc_remove
  [A] mca_btl_tcp_proc_tosocks
  [A] mca_btl_tcp_put
  [A] mca_btl_tcp_send
  [A] mca_btl_tcp_set_socket_options
  [A] mca_coll_base_close
  [A] mca_coll_base_open
  [A] mca_coll_basic_allgather_intra
  [A] mca_coll_basic_allgatherv_intra
  [A] mca_coll_basic_alltoall_intra
  [A] mca_coll_basic_alltoallv_intra
  [A] mca_coll_basic_barrier_intra_lin
  [A] mca_coll_basic_bcast_lin_intra
  [A] mca_coll_basic_ft_event
  [A] mca_coll_basic_gather_intra
  [A] mca_coll_basic_reduce_lin_intra
  [A] mca_coll_basic_scatter_intra
  [A] mca_coll_hierarch_allgather_tmp
  [A] mca_coll_hierarch_allreduce_intra
  [A] mca_coll_hierarch_allreduce_tmp
  [A] mca_coll_hierarch_barrier_intra
  [A] mca_coll_hierarch_bcast_intra
  [A] mca_coll_hierarch_bcast_tmp
  [A] mca_coll_hierarch_comm_query
  [A] mca_coll_hierarch_ft_event
  [A] mca_coll_hierarch_gather_tmp
  [A] mca_coll_hierarch_get_all_lleaders
  [A] mca_coll_hierarch_get_llcomm
  [A] mca_coll_hierarch_get_llr
  [A] mca_coll_hierarch_init_query
  [A] mca_coll_hierarch_module_enable
  [A] mca_coll_hierarch_reduce_intra
  [A] mca_coll_hierarch_reduce_tmp
  [A] mca_coll_ml_abort_ml
  [A] mca_coll_ml_alloc_buffer
  [A] mca_coll_ml_allocate_block
  [A] mca_coll_ml_allreduce_hierarchy_discovery
  [A] mca_coll_ml_allreduce_matrix_init
  [A] mca_coll_ml_barrier_intra
  [A] mca_coll_ml_bcast_sequential_root
  [A] mca_coll_ml_build_filtered_fn_table
  [A] mca_coll_ml_call_types
  [A] mca_coll_ml_check_if_bcol_is_requested
  [A] mca_coll_ml_check_if_bcol_is_used
  [A] mca_coll_ml_comm_query
  [A] mca_coll_ml_config_file_init
  [A] mca_coll_ml_free_block
  [A] mca_coll_ml_fulltree_exclude_basesmsocket_hierarchy_discovery
  [A] mca_coll_ml_fulltree_hierarchy_discovery
  [A] mca_coll_ml_fulltree_iboffload_only_hierarchy_discovery
  [A] mca_coll_ml_fulltree_ptp_only_hierarchy_discovery
  [A] mca_coll_ml_ibarrier_intra
  [A] mca_coll_ml_init_query
  [A] mca_coll_ml_initialize_block
  [A] mca_coll_ml_lmngr_alloc
  [A] mca_coll_ml_lmngr_append_nc
  [A] mca_coll_ml_lmngr_free
  [A] mca_coll_ml_lmngr_reg
  [A] mca_coll_ml_lmngr_tune
  [A] mca_coll_ml_memsync_intra
  [A] mca_coll_ml_pack_reorder_contiguous_data
  [A] mca_coll_ml_pack_reorder_noncontiguous_data
  [A] mca_coll_ml_parallel_bcast
  [A] mca_coll_ml_parallel_bcast_nb
  [A] mca_coll_ml_register_params
  [A] mca_coll_ml_reset_config
  [A] mca_coll_ml_schedule_alloc
  [A] mca_coll_ml_schedule_init_scratch
  [A] mca_coll_ml_setup_scratch_vals
  [A] mca_coll_self_ft_event
  [A] mca_coll_sm_ft_event
  [A] mca_coll_tuned_ft_event
  [A] mca_common_sm_fini
  [A] mca_common_sm_init
  [A] mca_common_sm_init_group
  [A] mca_common_sm_rml_info_bcast
  [A] mca_common_sm_seg_alloc
  [A] mca_fbtl_base_close
  [A] mca_fbtl_base_open
  [A] mca_fcoll_base_close
  [A] mca_fcoll_base_open
  [A] mca_fcoll_dynamic_file_read_all_begin
  [A] mca_fcoll_dynamic_file_read_all_end
  [A] mca_fcoll_dynamic_file_write_all_begin
  [A] mca_fcoll_dynamic_file_write_all_end
  [A] mca_fcoll_individual_file_read_all_begin
  [A] mca_fcoll_individual_file_read_all_end
  [A] mca_fcoll_individual_file_write_all_begin
  [A] mca_fcoll_individual_file_write_all_end
  [A] mca_fcoll_static_file_read_all_begin
  [A] mca_fcoll_static_file_read_all_end
  [A] mca_fcoll_static_file_write_all_begin
  [A] mca_fcoll_static_file_write_all_end
  [A] mca_fcoll_two_phase_file_read_all_begin
  [A] mca_fcoll_two_phase_file_read_all_end
  [A] mca_fcoll_two_phase_file_write_all_begin
  [A] mca_fcoll_two_phase_file_write_all_end
  [A] mca_fcoll_ylib_component_file_query
  [A] mca_fcoll_ylib_component_file_unquery
  [A] mca_fcoll_ylib_component_init_query
  [A] mca_fcoll_ylib_file_read_all
  [A] mca_fcoll_ylib_file_read_all_begin
  [A] mca_fcoll_ylib_file_read_all_end
  [A] mca_fcoll_ylib_file_write_all
  [A] mca_fcoll_ylib_file_write_all_begin
  [A] mca_fcoll_ylib_file_write_all_end
  [A] mca_fcoll_ylib_module_finalize
  [A] mca_fcoll_ylib_module_init
  [A] mca_fs_base_close
  [A] mca_fs_base_open
  [A] mca_fs_ufs_file_set_info
  [A] mca_io_base_close
  [A] mca_io_base_open
  [A] mca_io_ompio_datatype_is_contiguous
  [A] mca_io_ompio_decode_datatype_external
  [A] mca_io_ompio_free_f_io_array
  [A] mca_io_ompio_generate_current_file_view
  [A] mca_io_ompio_generate_io_array
  [A] mca_io_ompio_get_datatype_size
  [A] mca_io_ompio_get_f_aggregator_index
  [A] mca_io_ompio_get_f_comm
  [A] mca_io_ompio_get_f_flags
  [A] mca_io_ompio_get_f_io_array
  [A] mca_io_ompio_get_f_num_of_io_entries
  [A] mca_io_ompio_get_f_procs_in_group
  [A] mca_io_ompio_get_f_procs_per_group
  [A] mca_io_ompio_get_fcoll_dynamic_constant_cbs
  [A] mca_io_ompio_get_fcoll_dynamic_cycle_buffer_size
  [A] mca_io_ompio_get_fcoll_dynamic_num_io_procs
  [A] mca_io_ompio_get_fd
  [A] mca_io_ompio_get_iov_type
  [A] mca_io_ompio_non_contiguous_create_receive_buf
  [A] mca_io_ompio_non_contiguous_create_send_buf
  [A] mca_io_ompio_set_aggregator_props
  [A] mca_io_romio_dist_MPIR_Status_set_bytes
  [A] mca_io_romio_dist_MPI_File_close
  [A] mca_io_romio_dist_MPI_File_delete
  [A] mca_io_romio_dist_MPI_File_get_amode
  [A] mca_io_romio_dist_MPI_File_get_atomicity
  [A] mca_io_romio_dist_MPI_File_get_byte_offset
  [A] mca_io_romio_dist_MPI_File_get_errhandler
  [A] mca_io_romio_dist_MPI_File_get_group
  [A] mca_io_romio_dist_MPI_File_get_info
  [A] mca_io_romio_dist_MPI_File_get_position
  [A] mca_io_romio_dist_MPI_File_get_position_shared
  [A] mca_io_romio_dist_MPI_File_get_size
  [A] mca_io_romio_dist_MPI_File_get_type_extent
  [A] mca_io_romio_dist_MPI_File_get_view
  [A] mca_io_romio_dist_MPI_File_iread
  [A] mca_io_romio_dist_MPI_File_iread_at
  [A] mca_io_romio_dist_MPI_File_iread_shared
  [A] mca_io_romio_dist_MPI_File_iwrite
  [A] mca_io_romio_dist_MPI_File_iwrite_at
  [A] mca_io_romio_dist_MPI_File_iwrite_shared
  [A] mca_io_romio_dist_MPI_File_open
  [A] mca_io_romio_dist_MPI_File_preallocate
  [A] mca_io_romio_dist_MPI_File_read
  [A] mca_io_romio_dist_MPI_File_read_all
  [A] mca_io_romio_dist_MPI_File_read_all_begin
  [A] mca_io_romio_dist_MPI_File_read_all_end
  [A] mca_io_romio_dist_MPI_File_read_at
  [A] mca_io_romio_dist_MPI_File_read_at_all
  [A] mca_io_romio_dist_MPI_File_read_at_all_begin
  [A] mca_io_romio_dist_MPI_File_read_at_all_end
  [A] mca_io_romio_dist_MPI_File_read_ordered
  [A] mca_io_romio_dist_MPI_File_read_ordered_begin
  [A] mca_io_romio_dist_MPI_File_read_ordered_end
  [A] mca_io_romio_dist_MPI_File_read_shared
  [A] mca_io_romio_dist_MPI_File_seek
  [A] mca_io_romio_dist_MPI_File_seek_shared
  [A] mca_io_romio_dist_MPI_File_set_atomicity
  [A] mca_io_romio_dist_MPI_File_set_errhandler
  [A] mca_io_romio_dist_MPI_File_set_info
  [A] mca_io_romio_dist_MPI_File_set_size
  [A] mca_io_romio_dist_MPI_File_set_view
  [A] mca_io_romio_dist_MPI_File_sync
  [A] mca_io_romio_dist_MPI_File_write
  [A] mca_io_romio_dist_MPI_File_write_all
  [A] mca_io_romio_dist_MPI_File_write_all_begin
  [A] mca_io_romio_dist_MPI_File_write_all_end
  [A] mca_io_romio_dist_MPI_File_write_at
  [A] mca_io_romio_dist_MPI_File_write_at_all
  [A] mca_io_romio_dist_MPI_File_write_at_all_begin
  [A] mca_io_romio_dist_MPI_File_write_at_all_end
  [A] mca_io_romio_dist_MPI_File_write_ordered
  [A] mca_io_romio_dist_MPI_File_write_ordered_begin
  [A] mca_io_romio_dist_MPI_File_write_ordered_end
  [A] mca_io_romio_dist_MPI_File_write_shared
  [A] mca_io_romio_dist_MPI_Register_datarep
  [A] mca_io_romio_file_close
  [A] mca_io_romio_file_get_amode
  [A] mca_io_romio_file_get_atomicity
  [A] mca_io_romio_file_get_byte_offset
  [A] mca_io_romio_file_get_info
  [A] mca_io_romio_file_get_position
  [A] mca_io_romio_file_get_position_shared
  [A] mca_io_romio_file_get_size
  [A] mca_io_romio_file_get_type_extent
  [A] mca_io_romio_file_get_view
  [A] mca_io_romio_file_iread
  [A] mca_io_romio_file_iread_at
  [A] mca_io_romio_file_iread_shared
  [A] mca_io_romio_file_iwrite
  [A] mca_io_romio_file_iwrite_at
  [A] mca_io_romio_file_iwrite_shared
  [A] mca_io_romio_file_open
  [A] mca_io_romio_file_preallocate
  [A] mca_io_romio_file_read
  [A] mca_io_romio_file_read_all
  [A] mca_io_romio_file_read_all_begin
  [A] mca_io_romio_file_read_all_end
  [A] mca_io_romio_file_read_at
  [A] mca_io_romio_file_read_at_all
  [A] mca_io_romio_file_read_at_all_begin
  [A] mca_io_romio_file_read_at_all_end
  [A] mca_io_romio_file_read_ordered
  [A] mca_io_romio_file_read_ordered_begin
  [A] mca_io_romio_file_read_ordered_end
  [A] mca_io_romio_file_read_shared
  [A] mca_io_romio_file_seek
  [A] mca_io_romio_file_seek_shared
  [A] mca_io_romio_file_set_atomicity
  [A] mca_io_romio_file_set_info
  [A] mca_io_romio_file_set_size
  [A] mca_io_romio_file_set_view
  [A] mca_io_romio_file_sync
  [A] mca_io_romio_file_write
  [A] mca_io_romio_file_write_all
  [A] mca_io_romio_file_write_all_begin
  [A] mca_io_romio_file_write_all_end
  [A] mca_io_romio_file_write_at
  [A] mca_io_romio_file_write_at_all
  [A] mca_io_romio_file_write_at_all_begin
  [A] mca_io_romio_file_write_at_all_end
  [A] mca_io_romio_file_write_ordered
  [A] mca_io_romio_file_write_ordered_begin
  [A] mca_io_romio_file_write_ordered_end
  [A] mca_io_romio_file_write_shared
  [A] mca_mpool_base_alloc
  [A] mca_mpool_base_close
  [A] mca_mpool_base_component_lookup
  [A] mca_mpool_base_free
  [A] mca_mpool_base_init
  [A] mca_mpool_base_mem_cb
  [A] mca_mpool_base_module_create
  [A] mca_mpool_base_module_destroy
  [A] mca_mpool_base_module_lookup
  [A] mca_mpool_base_open
  [A] mca_mpool_base_tree_delete
  [A] mca_mpool_base_tree_find
  [A] mca_mpool_base_tree_init
  [A] mca_mpool_base_tree_insert
  [A] mca_mpool_base_tree_item_get
  [A] mca_mpool_base_tree_item_put
  [A] mca_mpool_base_tree_node_compare
  [A] mca_mpool_base_tree_print
  [A] mca_mpool_grdma_alloc
  [A] mca_mpool_grdma_deregister
  [A] mca_mpool_grdma_evict
  [A] mca_mpool_grdma_finalize
  [A] mca_mpool_grdma_find
  [A] mca_mpool_grdma_free
  [A] mca_mpool_grdma_ft_event
  [A] mca_mpool_grdma_module_init
  [A] mca_mpool_grdma_realloc
  [A] mca_mpool_grdma_register
  [A] mca_mpool_grdma_release_memory
  [A] mca_mpool_sm_alloc
  [A] mca_mpool_sm_base
  [A] mca_mpool_sm_free
  [A] mca_mpool_sm_ft_event
  [A] mca_mpool_sm_module_init
  [A] mca_mpool_sm_realloc
  [A] mca_pml_base_close
  [A] mca_pml_base_ft_event
  [A] mca_pml_base_open
  [A] mca_pml_bfo_add_comm
  [A] mca_pml_bfo_add_procs
  [A] mca_pml_bfo_check_recv_ctl_completion_status
  [A] mca_pml_bfo_com_btl_comp
  [A] mca_pml_bfo_comm_init_size
  [A] mca_pml_bfo_completion_sendreq_has_error
  [A] mca_pml_bfo_del_comm
  [A] mca_pml_bfo_del_procs
  [A] mca_pml_bfo_dump
  [A] mca_pml_bfo_enable
  [A] mca_pml_bfo_error_handler
  [A] mca_pml_bfo_failover_error_handler
  [A] mca_pml_bfo_find_recvreq_eager_bml_btl
  [A] mca_pml_bfo_find_recvreq_rdma_bml_btl
  [A] mca_pml_bfo_find_sendreq_eager_bml_btl
  [A] mca_pml_bfo_find_sendreq_rdma_bml_btl
  [A] mca_pml_bfo_ft_event
  [A] mca_pml_bfo_get_request
  [A] mca_pml_bfo_improbe
  [A] mca_pml_bfo_imrecv
  [A] mca_pml_bfo_iprobe
  [A] mca_pml_bfo_irecv
  [A] mca_pml_bfo_irecv_init
  [A] mca_pml_bfo_is_duplicate_fin
  [A] mca_pml_bfo_is_duplicate_msg
  [A] mca_pml_bfo_isend
  [A] mca_pml_bfo_isend_init
  [A] mca_pml_bfo_map_out_btl
  [A] mca_pml_bfo_mprobe
  [A] mca_pml_bfo_mrecv
  [A] mca_pml_bfo_probe
  [A] mca_pml_bfo_process_pending_packets
  [A] mca_pml_bfo_process_pending_rdma
  [A] mca_pml_bfo_progress
  [A] mca_pml_bfo_rdma_btls
  [A] mca_pml_bfo_rdma_pipeline_btls
  [A] mca_pml_bfo_recv
  [A] mca_pml_bfo_recv_frag_callback_ack
  [A] mca_pml_bfo_recv_frag_callback_fin
  [A] mca_pml_bfo_recv_frag_callback_frag
  [A] mca_pml_bfo_recv_frag_callback_match
  [A] mca_pml_bfo_recv_frag_callback_put
  [A] mca_pml_bfo_recv_frag_callback_recverrnotify
  [A] mca_pml_bfo_recv_frag_callback_rget
  [A] mca_pml_bfo_recv_frag_callback_rndv
  [A] mca_pml_bfo_recv_frag_callback_rndvrestartack
  [A] mca_pml_bfo_recv_frag_callback_rndvrestartnack
  [A] mca_pml_bfo_recv_frag_callback_rndvrestartnotify
  [A] mca_pml_bfo_recv_req_start
  [A] mca_pml_bfo_recv_request_ack_send_btl
  [A] mca_pml_bfo_recv_request_get_frag
  [A] mca_pml_bfo_recv_request_matched_probe
  [A] mca_pml_bfo_recv_request_process_pending
  [A] mca_pml_bfo_recv_request_progress_frag
  [A] mca_pml_bfo_recv_request_progress_match
  [A] mca_pml_bfo_recv_request_progress_rget
  [A] mca_pml_bfo_recv_request_progress_rndv
  [A] mca_pml_bfo_recv_request_recverrnotify
  [A] mca_pml_bfo_recv_request_reset
  [A] mca_pml_bfo_recv_request_rndvrestartack
  [A] mca_pml_bfo_recv_request_rndvrestartnack
  [A] mca_pml_bfo_recv_request_schedule_once
  [A] mca_pml_bfo_recv_restart_completion
  [A] mca_pml_bfo_register_callbacks
  [A] mca_pml_bfo_repost_fin
  [A] mca_pml_bfo_repost_match_fragment
  [A] mca_pml_bfo_rndv_completion_status_error
  [A] mca_pml_bfo_rndvrestartnotify_completion
  [A] mca_pml_bfo_seg_alloc
  [A] mca_pml_bfo_seg_free
  [A] mca_pml_bfo_send
  [A] mca_pml_bfo_send_ctl_completion_status_error
  [A] mca_pml_bfo_send_fin
  [A] mca_pml_bfo_send_request_copy_in_out
  [A] mca_pml_bfo_send_request_process_pending
  [A] mca_pml_bfo_send_request_put
  [A] mca_pml_bfo_send_request_put_frag
  [A] mca_pml_bfo_send_request_restart
  [A] mca_pml_bfo_send_request_rndvrestartnotify
  [A] mca_pml_bfo_send_request_schedule_once
  [A] mca_pml_bfo_send_request_start_buffered
  [A] mca_pml_bfo_send_request_start_copy
  [A] mca_pml_bfo_send_request_start_prepare
  [A] mca_pml_bfo_send_request_start_rdma
  [A] mca_pml_bfo_send_request_start_rndv
  [A] mca_pml_bfo_start
  [A] mca_pml_bfo_update_eager_bml_btl_recv_ctl
  [A] mca_pml_bfo_update_rndv_fields
  [A] mca_pml_cm_improbe
  [A] mca_pml_cm_imrecv
  [A] mca_pml_cm_iprobe
  [A] mca_pml_cm_irecv
  [A] mca_pml_cm_irecv_init
  [A] mca_pml_cm_isend
  [A] mca_pml_cm_isend_init
  [A] mca_pml_cm_mprobe
  [A] mca_pml_cm_mrecv
  [A] mca_pml_cm_probe
  [A] mca_pml_cm_recv
  [A] mca_pml_cm_send
  [A] mca_pml_ob1_ft_event
  [A] mca_rcache_base_close
  [A] mca_rcache_base_module_create
  [A] mca_rcache_base_open
  [A] mca_rcache_vma_clean
  [A] mca_rcache_vma_delete
  [A] mca_rcache_vma_destroy
  [A] mca_rcache_vma_finalize
  [A] mca_rcache_vma_find
  [A] mca_rcache_vma_find_all
  [A] mca_rcache_vma_insert
  [A] mca_rcache_vma_module_init
  [A] mca_rcache_vma_tree_delete
  [A] mca_rcache_vma_tree_find
  [A] mca_rcache_vma_tree_find_all
  [A] mca_rcache_vma_tree_init
  [A] mca_rcache_vma_tree_insert
  [A] mca_sbgp_base_close
  [A] mca_sbgp_base_init
  [A] mca_sbgp_base_open
  [A] mca_select_bcol_function
  [A] mca_sharedfp_base_close
  [A] mca_sharedfp_base_open
  [A] mca_sharedfp_dummy_component_file_query
  [A] mca_sharedfp_dummy_component_file_unquery
  [A] mca_sharedfp_dummy_component_init_query
  [A] mca_sharedfp_dummy_module_finalize
  [A] mca_sharedfp_dummy_module_init
  [A] mca_sharedfp_dummy_seek
  [A] mca_sharedfp_dummy_update
  [A] mca_topo_base_close
  [A] mca_topo_base_comm_unselect
  [A] mca_topo_base_open
  [A] mca_topo_unity_cart_map
  [A] mca_topo_unity_component_comm_query
  [A] mca_topo_unity_component_comm_unquery
  [A] mca_topo_unity_component_init_query
  [A] mca_topo_unity_graph_map
  [A] mca_topo_unity_module_finalize
  [A] mca_topo_unity_module_init
  [A] mca_vprotocol_base_close
  [A] mca_vprotocol_base_open
  [A] ml_coll_barrier_constant_group_data_setup
  [A] ml_coll_hier_allreduce_setup
  [A] ml_coll_hier_barrier_setup
  [A] ml_coll_hier_bcast_setup
  [A] ml_coll_hier_reduce_setup
  [A] ml_coll_memsync_setup
  [A] ml_coll_schedule_setup
  [A] ml_coll_up_and_down_hier_setup
  [A] netpatterns_free_recursive_doubling_tree_node
  [A] ompi_coll_tuned_allgather_intra_basic_linear
  [A] ompi_coll_tuned_allgather_intra_bruck
  [A] ompi_coll_tuned_allgather_intra_neighborexchange
  [A] ompi_coll_tuned_allgather_intra_recursivedoubling
  [A] ompi_coll_tuned_allgather_intra_ring
  [A] ompi_coll_tuned_allgather_intra_two_procs
  [A] ompi_coll_tuned_allgatherv_intra_basic_default
  [A] ompi_coll_tuned_allgatherv_intra_bruck
  [A] ompi_coll_tuned_allgatherv_intra_neighborexchange
  [A] ompi_coll_tuned_allgatherv_intra_ring
  [A] ompi_coll_tuned_allgatherv_intra_two_procs
  [A] ompi_coll_tuned_allreduce_intra_basic_linear
  [A] ompi_coll_tuned_allreduce_intra_nonoverlapping
  [A] ompi_coll_tuned_allreduce_intra_recursivedoubling
  [A] ompi_coll_tuned_allreduce_intra_ring
  [A] ompi_coll_tuned_allreduce_intra_ring_segmented
  [A] ompi_coll_tuned_alltoall_intra_basic_linear
  [A] ompi_coll_tuned_alltoall_intra_bruck
  [A] ompi_coll_tuned_alltoall_intra_linear_sync
  [A] ompi_coll_tuned_alltoall_intra_pairwise
  [A] ompi_coll_tuned_alltoall_intra_two_procs
  [A] ompi_coll_tuned_alltoallv_intra_basic_linear
  [A] ompi_coll_tuned_alltoallv_intra_pairwise
  [A] ompi_coll_tuned_barrier_intra_bruck
  [A] ompi_coll_tuned_barrier_intra_doublering
  [A] ompi_coll_tuned_barrier_intra_recursivedoubling
  [A] ompi_coll_tuned_barrier_intra_tree
  [A] ompi_coll_tuned_barrier_intra_two_procs
  [A] ompi_coll_tuned_bcast_intra_basic_linear
  [A] ompi_coll_tuned_bcast_intra_binomial
  [A] ompi_coll_tuned_bcast_intra_bintree
  [A] ompi_coll_tuned_bcast_intra_chain
  [A] ompi_coll_tuned_bcast_intra_generic
  [A] ompi_coll_tuned_bcast_intra_pipeline
  [A] ompi_coll_tuned_bcast_intra_split_bintree
  [A] ompi_coll_tuned_gather_intra_basic_linear
  [A] ompi_coll_tuned_gather_intra_binomial
  [A] ompi_coll_tuned_gather_intra_linear_sync
  [A] ompi_coll_tuned_reduce_generic
  [A] ompi_coll_tuned_reduce_intra_basic_linear
  [A] ompi_coll_tuned_reduce_intra_binary
  [A] ompi_coll_tuned_reduce_intra_binomial
  [A] ompi_coll_tuned_reduce_intra_chain
  [A] ompi_coll_tuned_reduce_intra_in_order_binary
  [A] ompi_coll_tuned_reduce_intra_pipeline
  [A] ompi_coll_tuned_reduce_scatter_intra_basic_recursivehalving
  [A] ompi_coll_tuned_reduce_scatter_intra_nonoverlapping
  [A] ompi_coll_tuned_reduce_scatter_intra_ring
  [A] ompi_coll_tuned_scatter_intra_basic_linear
  [A] ompi_coll_tuned_scatter_intra_binomial
  [A] ompi_coll_tuned_sendrecv_actual
  [A] ompi_coll_tuned_sendrecv_actual_localcompleted
  [A] ompi_coll_tuned_topo_build_bmtree
  [A] ompi_coll_tuned_topo_build_chain
  [A] ompi_coll_tuned_topo_build_in_order_bintree
  [A] ompi_coll_tuned_topo_build_in_order_bmtree
  [A] ompi_coll_tuned_topo_build_tree
  [A] ompi_coll_tuned_topo_destroy_tree
  [A] ompi_coll_tuned_topo_dump_tree
  [A] ompi_cr_coord
  [A] ompi_cr_finalize
  [A] ompi_cr_init
  [A] ompi_crcp_base_close
  [A] ompi_crcp_base_module_finalize
  [A] ompi_crcp_base_module_init
  [A] ompi_crcp_base_none_btl_add_procs
  [A] ompi_crcp_base_none_btl_alloc
  [A] ompi_crcp_base_none_btl_del_procs
  [A] ompi_crcp_base_none_btl_dump
  [A] ompi_crcp_base_none_btl_finalize
  [A] ompi_crcp_base_none_btl_free
  [A] ompi_crcp_base_none_btl_ft_event
  [A] ompi_crcp_base_none_btl_get
  [A] ompi_crcp_base_none_btl_prepare_dst
  [A] ompi_crcp_base_none_btl_prepare_src
  [A] ompi_crcp_base_none_btl_put
  [A] ompi_crcp_base_none_btl_register
  [A] ompi_crcp_base_none_btl_send
  [A] ompi_crcp_base_none_close
  [A] ompi_crcp_base_none_open
  [A] ompi_crcp_base_none_pml_add_comm
  [A] ompi_crcp_base_none_pml_add_procs
  [A] ompi_crcp_base_none_pml_del_comm
  [A] ompi_crcp_base_none_pml_del_procs
  [A] ompi_crcp_base_none_pml_dump
  [A] ompi_crcp_base_none_pml_enable
  [A] ompi_crcp_base_none_pml_ft_event
  [A] ompi_crcp_base_none_pml_iprobe
  [A] ompi_crcp_base_none_pml_irecv
  [A] ompi_crcp_base_none_pml_irecv_init
  [A] ompi_crcp_base_none_pml_isend
  [A] ompi_crcp_base_none_pml_isend_init
  [A] ompi_crcp_base_none_pml_probe
  [A] ompi_crcp_base_none_pml_progress
  [A] ompi_crcp_base_none_pml_recv
  [A] ompi_crcp_base_none_pml_send
  [A] ompi_crcp_base_none_pml_start
  [A] ompi_crcp_base_none_query
  [A] ompi_crcp_base_none_quiesce_end
  [A] ompi_crcp_base_none_quiesce_start
  [A] ompi_crcp_base_none_request_complete
  [A] ompi_crcp_base_open
  [A] ompi_crcp_base_quiesce_end
  [A] ompi_crcp_base_quiesce_start
  [A] ompi_crcp_base_select
  [A] ompi_dpm_base_close
  [A] ompi_dpm_base_disconnect_init
  [A] ompi_dpm_base_disconnect_waitall
  [A] ompi_dpm_base_dyn_finalize
  [A] ompi_dpm_base_dyn_init
  [A] ompi_dpm_base_mark_dyncomm
  [A] ompi_dpm_base_null_close_port
  [A] ompi_dpm_base_null_connect_accept
  [A] ompi_dpm_base_null_disconnect
  [A] ompi_dpm_base_null_dyn_finalize
  [A] ompi_dpm_base_null_dyn_init
  [A] ompi_dpm_base_null_mark_dyncomm
  [A] ompi_dpm_base_null_open_port
  [A] ompi_dpm_base_null_parse_port
  [A] ompi_dpm_base_null_route_to_port
  [A] ompi_dpm_base_null_spawn
  [A] ompi_dpm_base_open
  [A] ompi_dpm_base_select
  [A] ompi_free_list_grow
  [A] ompi_free_list_init_ex
  [A] ompi_free_list_init_ex_new
  [A] ompi_free_list_resize
  [A] ompi_group_get_proc_ptr
  [A] ompi_modex_recv
  [A] ompi_modex_recv_key_value
  [A] ompi_modex_recv_pointer
  [A] ompi_modex_recv_string
  [A] ompi_modex_recv_string_pointer
  [A] ompi_modex_send
  [A] ompi_modex_send_key_value
  [A] ompi_modex_send_string
  [A] ompi_mtl_base_close
  [A] ompi_mtl_base_open
  [A] ompi_op_base_3buff_band_byte
  [A] ompi_op_base_3buff_band_fortran_integer
  [A] ompi_op_base_3buff_band_fortran_integer1
  [A] ompi_op_base_3buff_band_fortran_integer2
  [A] ompi_op_base_3buff_band_fortran_integer4
  [A] ompi_op_base_3buff_band_fortran_integer8
  [A] ompi_op_base_3buff_band_int16_t
  [A] ompi_op_base_3buff_band_int32_t
  [A] ompi_op_base_3buff_band_int64_t
  [A] ompi_op_base_3buff_band_int8_t
  [A] ompi_op_base_3buff_band_uint16_t
  [A] ompi_op_base_3buff_band_uint32_t
  [A] ompi_op_base_3buff_band_uint64_t
  [A] ompi_op_base_3buff_band_uint8_t
  [A] ompi_op_base_3buff_bor_byte
  [A] ompi_op_base_3buff_bor_fortran_integer
  [A] ompi_op_base_3buff_bor_fortran_integer1
  [A] ompi_op_base_3buff_bor_fortran_integer2
  [A] ompi_op_base_3buff_bor_fortran_integer4
  [A] ompi_op_base_3buff_bor_fortran_integer8
  [A] ompi_op_base_3buff_bor_int16_t
  [A] ompi_op_base_3buff_bor_int32_t
  [A] ompi_op_base_3buff_bor_int64_t
  [A] ompi_op_base_3buff_bor_int8_t
  [A] ompi_op_base_3buff_bor_uint16_t
  [A] ompi_op_base_3buff_bor_uint32_t
  [A] ompi_op_base_3buff_bor_uint64_t
  [A] ompi_op_base_3buff_bor_uint8_t
  [A] ompi_op_base_3buff_bxor_byte
  [A] ompi_op_base_3buff_bxor_fortran_integer
  [A] ompi_op_base_3buff_bxor_fortran_integer1
  [A] ompi_op_base_3buff_bxor_fortran_integer2
  [A] ompi_op_base_3buff_bxor_fortran_integer4
  [A] ompi_op_base_3buff_bxor_fortran_integer8
  [A] ompi_op_base_3buff_bxor_int16_t
  [A] ompi_op_base_3buff_bxor_int32_t
  [A] ompi_op_base_3buff_bxor_int64_t
  [A] ompi_op_base_3buff_bxor_int8_t
  [A] ompi_op_base_3buff_bxor_uint16_t
  [A] ompi_op_base_3buff_bxor_uint32_t
  [A] ompi_op_base_3buff_bxor_uint64_t
  [A] ompi_op_base_3buff_bxor_uint8_t
  [A] ompi_op_base_3buff_land_bool
  [A] ompi_op_base_3buff_land_fortran_logical
  [A] ompi_op_base_3buff_land_int16_t
  [A] ompi_op_base_3buff_land_int32_t
  [A] ompi_op_base_3buff_land_int64_t
  [A] ompi_op_base_3buff_land_int8_t
  [A] ompi_op_base_3buff_land_uint16_t
  [A] ompi_op_base_3buff_land_uint32_t
  [A] ompi_op_base_3buff_land_uint64_t
  [A] ompi_op_base_3buff_land_uint8_t
  [A] ompi_op_base_3buff_lor_bool
  [A] ompi_op_base_3buff_lor_fortran_logical
  [A] ompi_op_base_3buff_lor_int16_t
  [A] ompi_op_base_3buff_lor_int32_t
  [A] ompi_op_base_3buff_lor_int64_t
  [A] ompi_op_base_3buff_lor_int8_t
  [A] ompi_op_base_3buff_lor_uint16_t
  [A] ompi_op_base_3buff_lor_uint32_t
  [A] ompi_op_base_3buff_lor_uint64_t
  [A] ompi_op_base_3buff_lor_uint8_t
  [A] ompi_op_base_3buff_lxor_bool
  [A] ompi_op_base_3buff_lxor_fortran_logical
  [A] ompi_op_base_3buff_lxor_int16_t
  [A] ompi_op_base_3buff_lxor_int32_t
  [A] ompi_op_base_3buff_lxor_int64_t
  [A] ompi_op_base_3buff_lxor_int8_t
  [A] ompi_op_base_3buff_lxor_uint16_t
  [A] ompi_op_base_3buff_lxor_uint32_t
  [A] ompi_op_base_3buff_lxor_uint64_t
  [A] ompi_op_base_3buff_lxor_uint8_t
  [A] ompi_op_base_3buff_max_double
  [A] ompi_op_base_3buff_max_float
  [A] ompi_op_base_3buff_max_fortran_double_precision
  [A] ompi_op_base_3buff_max_fortran_integer
  [A] ompi_op_base_3buff_max_fortran_integer1
  [A] ompi_op_base_3buff_max_fortran_integer2
  [A] ompi_op_base_3buff_max_fortran_integer4
  [A] ompi_op_base_3buff_max_fortran_integer8
  [A] ompi_op_base_3buff_max_fortran_real
  [A] ompi_op_base_3buff_max_fortran_real16
  [A] ompi_op_base_3buff_max_fortran_real4
  [A] ompi_op_base_3buff_max_fortran_real8
  [A] ompi_op_base_3buff_max_int16_t
  [A] ompi_op_base_3buff_max_int32_t
  [A] ompi_op_base_3buff_max_int64_t
  [A] ompi_op_base_3buff_max_int8_t
  [A] ompi_op_base_3buff_max_long_double
  [A] ompi_op_base_3buff_max_uint16_t
  [A] ompi_op_base_3buff_max_uint32_t
  [A] ompi_op_base_3buff_max_uint64_t
  [A] ompi_op_base_3buff_max_uint8_t
  [A] ompi_op_base_3buff_maxloc_2double_precision
  [A] ompi_op_base_3buff_maxloc_2int
  [A] ompi_op_base_3buff_maxloc_2integer
  [A] ompi_op_base_3buff_maxloc_2real
  [A] ompi_op_base_3buff_maxloc_double_int
  [A] ompi_op_base_3buff_maxloc_float_int
  [A] ompi_op_base_3buff_maxloc_long_double_int
  [A] ompi_op_base_3buff_maxloc_long_int
  [A] ompi_op_base_3buff_maxloc_short_int
  [A] ompi_op_base_3buff_min_double
  [A] ompi_op_base_3buff_min_float
  [A] ompi_op_base_3buff_min_fortran_double_precision
  [A] ompi_op_base_3buff_min_fortran_integer
  [A] ompi_op_base_3buff_min_fortran_integer1
  [A] ompi_op_base_3buff_min_fortran_integer2
  [A] ompi_op_base_3buff_min_fortran_integer4
  [A] ompi_op_base_3buff_min_fortran_integer8
  [A] ompi_op_base_3buff_min_fortran_real
  [A] ompi_op_base_3buff_min_fortran_real16
  [A] ompi_op_base_3buff_min_fortran_real4
  [A] ompi_op_base_3buff_min_fortran_real8
  [A] ompi_op_base_3buff_min_int16_t
  [A] ompi_op_base_3buff_min_int32_t
  [A] ompi_op_base_3buff_min_int64_t
  [A] ompi_op_base_3buff_min_int8_t
  [A] ompi_op_base_3buff_min_long_double
  [A] ompi_op_base_3buff_min_uint16_t
  [A] ompi_op_base_3buff_min_uint32_t
  [A] ompi_op_base_3buff_min_uint64_t
  [A] ompi_op_base_3buff_min_uint8_t
  [A] ompi_op_base_3buff_minloc_2double_precision
  [A] ompi_op_base_3buff_minloc_2int
  [A] ompi_op_base_3buff_minloc_2integer
  [A] ompi_op_base_3buff_minloc_2real
  [A] ompi_op_base_3buff_minloc_double_int
  [A] ompi_op_base_3buff_minloc_float_int
  [A] ompi_op_base_3buff_minloc_long_double_int
  [A] ompi_op_base_3buff_minloc_long_int
  [A] ompi_op_base_3buff_minloc_short_int
  [A] ompi_op_base_3buff_prod_double
  [A] ompi_op_base_3buff_prod_float
  [A] ompi_op_base_3buff_prod_fortran_complex
  [A] ompi_op_base_3buff_prod_fortran_complex16
  [A] ompi_op_base_3buff_prod_fortran_complex32
  [A] ompi_op_base_3buff_prod_fortran_complex8
  [A] ompi_op_base_3buff_prod_fortran_double_complex
  [A] ompi_op_base_3buff_prod_fortran_double_precision
  [A] ompi_op_base_3buff_prod_fortran_integer
  [A] ompi_op_base_3buff_prod_fortran_integer1
  [A] ompi_op_base_3buff_prod_fortran_integer2
  [A] ompi_op_base_3buff_prod_fortran_integer4
  [A] ompi_op_base_3buff_prod_fortran_integer8
  [A] ompi_op_base_3buff_prod_fortran_real
  [A] ompi_op_base_3buff_prod_fortran_real16
  [A] ompi_op_base_3buff_prod_fortran_real4
  [A] ompi_op_base_3buff_prod_fortran_real8
  [A] ompi_op_base_3buff_prod_int16_t
  [A] ompi_op_base_3buff_prod_int32_t
  [A] ompi_op_base_3buff_prod_int64_t
  [A] ompi_op_base_3buff_prod_int8_t
  [A] ompi_op_base_3buff_prod_long_double
  [A] ompi_op_base_3buff_prod_uint16_t
  [A] ompi_op_base_3buff_prod_uint32_t
  [A] ompi_op_base_3buff_prod_uint64_t
  [A] ompi_op_base_3buff_prod_uint8_t
  [A] ompi_op_base_3buff_sum_double
  [A] ompi_op_base_3buff_sum_float
  [A] ompi_op_base_3buff_sum_fortran_complex
  [A] ompi_op_base_3buff_sum_fortran_complex16
  [A] ompi_op_base_3buff_sum_fortran_complex32
  [A] ompi_op_base_3buff_sum_fortran_complex8
  [A] ompi_op_base_3buff_sum_fortran_double_complex
  [A] ompi_op_base_3buff_sum_fortran_double_precision
  [A] ompi_op_base_3buff_sum_fortran_integer
  [A] ompi_op_base_3buff_sum_fortran_integer1
  [A] ompi_op_base_3buff_sum_fortran_integer2
  [A] ompi_op_base_3buff_sum_fortran_integer4
  [A] ompi_op_base_3buff_sum_fortran_integer8
  [A] ompi_op_base_3buff_sum_fortran_real
  [A] ompi_op_base_3buff_sum_fortran_real16
  [A] ompi_op_base_3buff_sum_fortran_real4
  [A] ompi_op_base_3buff_sum_fortran_real8
  [A] ompi_op_base_3buff_sum_int16_t
  [A] ompi_op_base_3buff_sum_int32_t
  [A] ompi_op_base_3buff_sum_int64_t
  [A] ompi_op_base_3buff_sum_int8_t
  [A] ompi_op_base_3buff_sum_long_double
  [A] ompi_op_base_3buff_sum_uint16_t
  [A] ompi_op_base_3buff_sum_uint32_t
  [A] ompi_op_base_3buff_sum_uint64_t
  [A] ompi_op_base_3buff_sum_uint8_t
  [A] ompi_op_base_band_byte
  [A] ompi_op_base_band_fortran_integer
  [A] ompi_op_base_band_fortran_integer1
  [A] ompi_op_base_band_fortran_integer2
  [A] ompi_op_base_band_fortran_integer4
  [A] ompi_op_base_band_fortran_integer8
  [A] ompi_op_base_band_int16_t
  [A] ompi_op_base_band_int32_t
  [A] ompi_op_base_band_int64_t
  [A] ompi_op_base_band_int8_t
  [A] ompi_op_base_band_uint16_t
  [A] ompi_op_base_band_uint32_t
  [A] ompi_op_base_band_uint64_t
  [A] ompi_op_base_band_uint8_t
  [A] ompi_op_base_bor_byte
  [A] ompi_op_base_bor_fortran_integer
  [A] ompi_op_base_bor_fortran_integer1
  [A] ompi_op_base_bor_fortran_integer2
  [A] ompi_op_base_bor_fortran_integer4
  [A] ompi_op_base_bor_fortran_integer8
  [A] ompi_op_base_bor_int16_t
  [A] ompi_op_base_bor_int32_t
  [A] ompi_op_base_bor_int64_t
  [A] ompi_op_base_bor_int8_t
  [A] ompi_op_base_bor_uint16_t
  [A] ompi_op_base_bor_uint32_t
  [A] ompi_op_base_bor_uint64_t
  [A] ompi_op_base_bor_uint8_t
  [A] ompi_op_base_bxor_byte
  [A] ompi_op_base_bxor_fortran_integer
  [A] ompi_op_base_bxor_fortran_integer1
  [A] ompi_op_base_bxor_fortran_integer2
  [A] ompi_op_base_bxor_fortran_integer4
  [A] ompi_op_base_bxor_fortran_integer8
  [A] ompi_op_base_bxor_int16_t
  [A] ompi_op_base_bxor_int32_t
  [A] ompi_op_base_bxor_int64_t
  [A] ompi_op_base_bxor_int8_t
  [A] ompi_op_base_bxor_uint16_t
  [A] ompi_op_base_bxor_uint32_t
  [A] ompi_op_base_bxor_uint64_t
  [A] ompi_op_base_bxor_uint8_t
  [A] ompi_op_base_close
  [A] ompi_op_base_land_bool
  [A] ompi_op_base_land_fortran_logical
  [A] ompi_op_base_land_int16_t
  [A] ompi_op_base_land_int32_t
  [A] ompi_op_base_land_int64_t
  [A] ompi_op_base_land_int8_t
  [A] ompi_op_base_land_uint16_t
  [A] ompi_op_base_land_uint32_t
  [A] ompi_op_base_land_uint64_t
  [A] ompi_op_base_land_uint8_t
  [A] ompi_op_base_lor_bool
  [A] ompi_op_base_lor_fortran_logical
  [A] ompi_op_base_lor_int16_t
  [A] ompi_op_base_lor_int32_t
  [A] ompi_op_base_lor_int64_t
  [A] ompi_op_base_lor_int8_t
  [A] ompi_op_base_lor_uint16_t
  [A] ompi_op_base_lor_uint32_t
  [A] ompi_op_base_lor_uint64_t
  [A] ompi_op_base_lor_uint8_t
  [A] ompi_op_base_lxor_bool
  [A] ompi_op_base_lxor_fortran_logical
  [A] ompi_op_base_lxor_int16_t
  [A] ompi_op_base_lxor_int32_t
  [A] ompi_op_base_lxor_int64_t
  [A] ompi_op_base_lxor_int8_t
  [A] ompi_op_base_lxor_uint16_t
  [A] ompi_op_base_lxor_uint32_t
  [A] ompi_op_base_lxor_uint64_t
  [A] ompi_op_base_lxor_uint8_t
  [A] ompi_op_base_max_double
  [A] ompi_op_base_max_float
  [A] ompi_op_base_max_fortran_double_precision
  [A] ompi_op_base_max_fortran_integer
  [A] ompi_op_base_max_fortran_integer1
  [A] ompi_op_base_max_fortran_integer2
  [A] ompi_op_base_max_fortran_integer4
  [A] ompi_op_base_max_fortran_integer8
  [A] ompi_op_base_max_fortran_real
  [A] ompi_op_base_max_fortran_real16
  [A] ompi_op_base_max_fortran_real4
  [A] ompi_op_base_max_fortran_real8
  [A] ompi_op_base_max_int16_t
  [A] ompi_op_base_max_int32_t
  [A] ompi_op_base_max_int64_t
  [A] ompi_op_base_max_int8_t
  [A] ompi_op_base_max_long_double
  [A] ompi_op_base_max_uint16_t
  [A] ompi_op_base_max_uint32_t
  [A] ompi_op_base_max_uint64_t
  [A] ompi_op_base_max_uint8_t
  [A] ompi_op_base_maxloc_2double_precision
  [A] ompi_op_base_maxloc_2int
  [A] ompi_op_base_maxloc_2integer
  [A] ompi_op_base_maxloc_2real
  [A] ompi_op_base_maxloc_double_int
  [A] ompi_op_base_maxloc_float_int
  [A] ompi_op_base_maxloc_long_double_int
  [A] ompi_op_base_maxloc_long_int
  [A] ompi_op_base_maxloc_short_int
  [A] ompi_op_base_min_double
  [A] ompi_op_base_min_float
  [A] ompi_op_base_min_fortran_double_precision
  [A] ompi_op_base_min_fortran_integer
  [A] ompi_op_base_min_fortran_integer1
  [A] ompi_op_base_min_fortran_integer2
  [A] ompi_op_base_min_fortran_integer4
  [A] ompi_op_base_min_fortran_integer8
  [A] ompi_op_base_min_fortran_real
  [A] ompi_op_base_min_fortran_real16
  [A] ompi_op_base_min_fortran_real4
  [A] ompi_op_base_min_fortran_real8
  [A] ompi_op_base_min_int16_t
  [A] ompi_op_base_min_int32_t
  [A] ompi_op_base_min_int64_t
  [A] ompi_op_base_min_int8_t
  [A] ompi_op_base_min_long_double
  [A] ompi_op_base_min_uint16_t
  [A] ompi_op_base_min_uint32_t
  [A] ompi_op_base_min_uint64_t
  [A] ompi_op_base_min_uint8_t
  [A] ompi_op_base_minloc_2double_precision
  [A] ompi_op_base_minloc_2int
  [A] ompi_op_base_minloc_2integer
  [A] ompi_op_base_minloc_2real
  [A] ompi_op_base_minloc_double_int
  [A] ompi_op_base_minloc_float_int
  [A] ompi_op_base_minloc_long_double_int
  [A] ompi_op_base_minloc_long_int
  [A] ompi_op_base_minloc_short_int
  [A] ompi_op_base_open
  [A] ompi_op_base_prod_double
  [A] ompi_op_base_prod_float
  [A] ompi_op_base_prod_fortran_complex
  [A] ompi_op_base_prod_fortran_complex16
  [A] ompi_op_base_prod_fortran_complex32
  [A] ompi_op_base_prod_fortran_complex8
  [A] ompi_op_base_prod_fortran_double_complex
  [A] ompi_op_base_prod_fortran_double_precision
  [A] ompi_op_base_prod_fortran_integer
  [A] ompi_op_base_prod_fortran_integer1
  [A] ompi_op_base_prod_fortran_integer2
  [A] ompi_op_base_prod_fortran_integer4
  [A] ompi_op_base_prod_fortran_integer8
  [A] ompi_op_base_prod_fortran_real
  [A] ompi_op_base_prod_fortran_real16
  [A] ompi_op_base_prod_fortran_real4
  [A] ompi_op_base_prod_fortran_real8
  [A] ompi_op_base_prod_int16_t
  [A] ompi_op_base_prod_int32_t
  [A] ompi_op_base_prod_int64_t
  [A] ompi_op_base_prod_int8_t
  [A] ompi_op_base_prod_long_double
  [A] ompi_op_base_prod_uint16_t
  [A] ompi_op_base_prod_uint32_t
  [A] ompi_op_base_prod_uint64_t
  [A] ompi_op_base_prod_uint8_t
  [A] ompi_op_base_sum_double
  [A] ompi_op_base_sum_float
  [A] ompi_op_base_sum_fortran_complex
  [A] ompi_op_base_sum_fortran_complex16
  [A] ompi_op_base_sum_fortran_complex32
  [A] ompi_op_base_sum_fortran_complex8
  [A] ompi_op_base_sum_fortran_double_complex
  [A] ompi_op_base_sum_fortran_double_precision
  [A] ompi_op_base_sum_fortran_integer
  [A] ompi_op_base_sum_fortran_integer1
  [A] ompi_op_base_sum_fortran_integer2
  [A] ompi_op_base_sum_fortran_integer4
  [A] ompi_op_base_sum_fortran_integer8
  [A] ompi_op_base_sum_fortran_real
  [A] ompi_op_base_sum_fortran_real16
  [A] ompi_op_base_sum_fortran_real4
  [A] ompi_op_base_sum_fortran_real8
  [A] ompi_op_base_sum_int16_t
  [A] ompi_op_base_sum_int32_t
  [A] ompi_op_base_sum_int64_t
  [A] ompi_op_base_sum_int8_t
  [A] ompi_op_base_sum_long_double
  [A] ompi_op_base_sum_uint16_t
  [A] ompi_op_base_sum_uint32_t
  [A] ompi_op_base_sum_uint64_t
  [A] ompi_op_base_sum_uint8_t
  [A] ompi_osc_base_close
  [A] ompi_osc_base_open
  [A] ompi_osc_pt2pt_component_finalize
  [A] ompi_osc_pt2pt_component_init
  [A] ompi_osc_pt2pt_component_isend
  [A] ompi_osc_pt2pt_component_query
  [A] ompi_osc_pt2pt_component_select
  [A] ompi_osc_pt2pt_module_accumulate
  [A] ompi_osc_pt2pt_module_complete
  [A] ompi_osc_pt2pt_module_fence
  [A] ompi_osc_pt2pt_module_free
  [A] ompi_osc_pt2pt_module_get
  [A] ompi_osc_pt2pt_module_lock
  [A] ompi_osc_pt2pt_module_post
  [A] ompi_osc_pt2pt_module_put
  [A] ompi_osc_pt2pt_module_start
  [A] ompi_osc_pt2pt_module_test
  [A] ompi_osc_pt2pt_module_unlock
  [A] ompi_osc_pt2pt_module_wait
  [A] ompi_osc_pt2pt_passive_lock
  [A] ompi_osc_pt2pt_passive_unlock
  [A] ompi_osc_pt2pt_passive_unlock_complete
  [A] ompi_osc_pt2pt_replyreq_alloc_init
  [A] ompi_osc_pt2pt_replyreq_recv
  [A] ompi_osc_pt2pt_replyreq_send
  [A] ompi_osc_pt2pt_sendreq_alloc_init
  [A] ompi_osc_pt2pt_sendreq_recv_accum
  [A] ompi_osc_pt2pt_sendreq_recv_put
  [A] ompi_osc_pt2pt_sendreq_send
  [A] ompi_osc_rdma_component_finalize
  [A] ompi_osc_rdma_component_init
  [A] ompi_osc_rdma_component_irecv
  [A] ompi_osc_rdma_component_isend
  [A] ompi_osc_rdma_component_query
  [A] ompi_osc_rdma_component_select
  [A] ompi_osc_rdma_control_send
  [A] ompi_osc_rdma_module_accumulate
  [A] ompi_osc_rdma_module_complete
  [A] ompi_osc_rdma_module_fence
  [A] ompi_osc_rdma_module_free
  [A] ompi_osc_rdma_module_get
  [A] ompi_osc_rdma_module_lock
  [A] ompi_osc_rdma_module_post
  [A] ompi_osc_rdma_module_put
  [A] ompi_osc_rdma_module_start
  [A] ompi_osc_rdma_module_test
  [A] ompi_osc_rdma_module_unlock
  [A] ompi_osc_rdma_module_wait
  [A] ompi_osc_rdma_passive_lock
  [A] ompi_osc_rdma_passive_unlock
  [A] ompi_osc_rdma_passive_unlock_complete
  [A] ompi_osc_rdma_peer_info_free
  [A] ompi_osc_rdma_rdma_ack_send
  [A] ompi_osc_rdma_replyreq_alloc_init
  [A] ompi_osc_rdma_replyreq_recv
  [A] ompi_osc_rdma_replyreq_send
  [A] ompi_osc_rdma_sendreq_alloc_init
  [A] ompi_osc_rdma_sendreq_recv_accum
  [A] ompi_osc_rdma_sendreq_recv_put
  [A] ompi_osc_rdma_sendreq_send
  [A] ompi_pubsub_base_close
  [A] ompi_pubsub_base_null_lookup
  [A] ompi_pubsub_base_null_publish
  [A] ompi_pubsub_base_null_unpublish
  [A] ompi_pubsub_base_open
  [A] ompi_pubsub_base_select
  [A] ompi_rb_tree_construct
  [A] ompi_rb_tree_delete
  [A] ompi_rb_tree_destroy
  [A] ompi_rb_tree_destruct
  [A] ompi_rb_tree_find_with
  [A] ompi_rb_tree_init
  [A] ompi_rb_tree_insert
  [A] ompi_rb_tree_size
  [A] ompi_rb_tree_traverse
  [A] ompi_topo_create
  [A] ompi_warn_fork
  [A] pow_k_calc
  [A] pow_sm_k
  [A] reg_int

112 Removed variable symbols not referenced by debug info:

  [D] NBC_Schedule_class
  [D] __malloc_initialize_hook
  [D] coll_base_allgatherv_algorithms
  [D] coll_read_time
  [D] coll_write_time
  [D] fbtl_posix_max_aio_active_reqs
  [D] mca_bml_lock
  [D] mca_coll_base_comm_t_class
  [D] mca_io_ompio_coll_timing_info
  [D] mca_io_ompio_grouping_option
  [D] mca_io_ompio_num_aggregators
  [D] mca_io_ompio_progress_is_registered
  [D] mca_io_ompio_record_offset_info
  [D] mca_io_ompio_sharedfp_lazy_open
  [D] mca_io_romio314_component
  [D] mca_io_romio314_component_version_string
  [D] mca_io_romio314_module
  [D] mca_io_romio314_mutex
  [D] mca_ompio_request_t_class
  [D] mca_osc_sm_component
  [D] mca_pml_ob1_comm_proc_t_class
  [D] mca_pml_ob1_matching_protection
  [D] mca_pml_ob1_recvreq
  [D] mca_pml_ob1_sendreq
  [D] mca_rte_base_static_components
  [D] mca_rte_orte_component
  [D] mca_sharedfp_individual_component
  [D] mca_sharedfp_individual_component_version_string
  [D] mca_sharedfp_individual_priority
  [D] mca_sharedfp_individual_verbose
  [D] mca_sharedfp_lockedfile_component
  [D] mca_sharedfp_lockedfile_component_version_string
  [D] mca_sharedfp_lockedfile_priority
  [D] mca_sharedfp_lockedfile_verbose
  [D] mca_sharedfp_sm_component
  [D] mca_sharedfp_sm_component_version_string
  [D] mca_sharedfp_sm_priority
  [D] mca_sharedfp_sm_verbose
  [D] mca_topo_base_comm_cart_2_2_0_t_class
  [D] mca_topo_base_comm_dist_graph_2_2_0_t_class
  [D] mca_topo_base_comm_graph_2_2_0_t_class
  [D] mca_topo_base_module_t_class
  [D] mca_topo_basic_component
  [D] mca_topo_basic_component_version_string
  [D] mpi_fortran_unweighted_
  [D] mpi_fortran_weights_empty_
  [D] mpit_big_lock
  [D] mpit_init_count
  [D] ompi_add_procs_cutoff
  [D] ompi_bml_base_framework
  [D] ompi_coll_base_framework
  [D] ompi_coll_self_priority
  [D] ompi_coll_tuned_alltoall_intermediate_msg
  [D] ompi_coll_tuned_alltoall_small_msg
  [D] ompi_comm_f_to_c_table
  [D] ompi_comm_request_initialized
  [D] ompi_comm_request_item_t_class
  [D] ompi_comm_request_progress_active
  [D] ompi_comm_request_t_class
  [D] ompi_enable_timing
  [D] ompi_enable_timing_ext
  [D] ompi_fbtl_base_framework
  [D] ompi_fcoll_base_framework
  [D] ompi_fs_base_framework
  [D] ompi_info_type_base
  [D] ompi_info_type_ompi
  [D] ompi_io_base_framework
  [D] ompi_mpi_bootstrap_mutex
  [D] ompi_mpi_count
  [D] ompi_mpi_dynamics_enabled
  [D] ompi_mpi_event_tick_rate
  [D] ompi_mpi_finalize_started
  [D] ompi_mpi_have_sparse_group_storage
  [D] ompi_mpi_op_no_op
  [D] ompi_mpi_op_no_op_addr
  [D] ompi_mpi_preconnect_mpi
  [D] ompi_mpi_show_mca_params_string
  [D] ompi_mpi_yield_when_idle
  [D] ompi_mtl_base_framework
  [D] ompi_namelist_t_class
  [D] ompi_op_base_framework
  [D] ompi_orte_tracker_t_class
  [D] ompi_osc_base_framework
  [D] ompi_osc_pt2pt_ddt_buffer_t_class
  [D] ompi_osc_pt2pt_frag_t_class
  [D] ompi_osc_pt2pt_no_locks
  [D] ompi_osc_pt2pt_peer_t_class
  [D] ompi_osc_pt2pt_pending_t_class
  [D] ompi_osc_pt2pt_request_t_class
  [D] ompi_osc_pt2pt_sync_t_class
  [D] ompi_osc_rdma_aggregation_t_class
  [D] ompi_osc_rdma_frag_t_class
  [D] ompi_osc_rdma_module_rdma_template
  [D] ompi_osc_rdma_peer_basic_t_class
  [D] ompi_osc_rdma_peer_dynamic_t_class
  [D] ompi_osc_rdma_peer_extended_t_class
  [D] ompi_osc_rdma_peer_t_class
  [D] ompi_osc_rdma_request_t_class
  [D] ompi_osc_rdma_sync_t_class
  [D] ompi_osc_sm_module_template
  [D] ompi_pml_base_bsend_allocator_name
  [D] ompi_pml_base_framework
  [D] ompi_proc_list
  [D] ompi_rte_base_framework
  [D] ompi_rte_initialized
  [D] ompi_rte_orte_component_version_string
  [D] ompi_sharedfp_base_framework
  [D] ompi_topo_base_framework
  [D] ompi_vprotocol_base_framework
  [D] ompi_win_accumulate_ops
  [D] osc_pt2pt_accumulate_data_t_class
  [D] osc_pt2pt_pending_acc_t_class

359 Added variable symbols not referenced by debug info:

  [A] MPI_FORTRAN_ARGVS_NULL
  [A] MPI_FORTRAN_ARGV_NULL
  [A] MPI_FORTRAN_BOTTOM
  [A] MPI_FORTRAN_ERRCODES_IGNORE
  [A] MPI_FORTRAN_IN_PLACE
  [A] MPI_FORTRAN_STATUSES_IGNORE
  [A] MPI_FORTRAN_STATUS_IGNORE
  [A] bcol_base_network_context_t_class
  [A] bcol_basesmuma_smcm_mmap_t_class
  [A] bcol_basesmuma_smcm_proc_item_t_class
  [A] bcol_mpool_compatibility
  [A] bcol_mpool_index
  [A] coll_ml_config_parse_done
  [A] coll_ml_config_string
  [A] coll_ml_config_yy_flex_debug
  [A] coll_ml_config_yyin
  [A] coll_ml_config_yyleng
  [A] coll_ml_config_yylineno
  [A] coll_ml_config_yynewlines
  [A] coll_ml_config_yyout
  [A] coll_ml_config_yytext
  [A] list_data_t_class
  [A] mca_allocator_base_components
  [A] mca_allocator_base_output
  [A] mca_allocator_base_static_components
  [A] mca_allocator_basic_component
  [A] mca_allocator_basic_segment_t_class
  [A] mca_allocator_bucket_component
  [A] mca_bcol_base_coll_fn_desc_t_class
  [A] mca_bcol_base_components_in_use
  [A] mca_bcol_base_components_opened
  [A] mca_bcol_base_module_t_class
  [A] mca_bcol_base_output
  [A] mca_bcol_base_static_components
  [A] mca_bcol_basesmuma_component
  [A] mca_bcol_basesmuma_component_version_string
  [A] mca_bcol_basesmuma_module_t_class
  [A] mca_bcol_ptpcoll_collreq_t_class
  [A] mca_bcol_ptpcoll_component
  [A] mca_bcol_ptpcoll_component_version_string
  [A] mca_bcol_ptpcoll_module_t_class
  [A] mca_bml_base_already_opened
  [A] mca_bml_base_components_available
  [A] mca_bml_base_output
  [A] mca_btl_base_active_message_trigger
  [A] mca_btl_base_already_opened
  [A] mca_btl_base_components_opened
  [A] mca_btl_base_descriptor_t_class
  [A] mca_btl_base_exclude
  [A] mca_btl_base_include
  [A] mca_btl_base_modules_initialized
  [A] mca_btl_base_output
  [A] mca_btl_base_selected_module_t_class
  [A] mca_btl_base_static_components
  [A] mca_btl_base_thread_multiple_override
  [A] mca_btl_base_verbose
  [A] mca_btl_base_warn_component_unused
  [A] mca_btl_self
  [A] mca_btl_self_component
  [A] mca_btl_self_frag_eager_t_class
  [A] mca_btl_self_frag_rdma_t_class
  [A] mca_btl_self_frag_send_t_class
  [A] mca_btl_sm
  [A] mca_btl_sm_component
  [A] mca_btl_sm_frag1_t_class
  [A] mca_btl_sm_frag2_t_class
  [A] mca_btl_sm_user_t_class
  [A] mca_btl_tcp_component
  [A] mca_btl_tcp_endpoint_t_class
  [A] mca_btl_tcp_event_t_class
  [A] mca_btl_tcp_frag_eager_t_class
  [A] mca_btl_tcp_frag_max_t_class
  [A] mca_btl_tcp_frag_t_class
  [A] mca_btl_tcp_frag_user_t_class
  [A] mca_btl_tcp_module
  [A] mca_btl_tcp_proc_t_class
  [A] mca_coll_base_associative
  [A] mca_coll_base_components_available
  [A] mca_coll_base_components_available_valid
  [A] mca_coll_base_components_opened
  [A] mca_coll_base_components_opened_valid
  [A] mca_coll_base_crossover
  [A] mca_coll_base_output
  [A] mca_coll_hierarch_bcast_alg_param
  [A] mca_coll_hierarch_component
  [A] mca_coll_hierarch_component_version_string
  [A] mca_coll_hierarch_detection_alg_param
  [A] mca_coll_hierarch_ignore_sm_param
  [A] mca_coll_hierarch_module_t_class
  [A] mca_coll_hierarch_priority_param
  [A] mca_coll_hierarch_segsize_param
  [A] mca_coll_hierarch_use_rdma_param
  [A] mca_coll_hierarch_verbose_param
  [A] mca_coll_ml_bcol_list_item_t_class
  [A] mca_coll_ml_collective_operation_progress_t_class
  [A] mca_coll_ml_component
  [A] mca_coll_ml_component_version_string
  [A] mca_coll_ml_descriptor_t_class
  [A] mca_coll_ml_fragment_t_class
  [A] mca_coll_ml_lmngr_block_t_class
  [A] mca_coll_ml_lmngr_t_class
  [A] mca_coll_ml_module_t_class
  [A] mca_coll_self_priority_param
  [A] mca_common_sm_module_t_class
  [A] mca_crcp_base_static_components
  [A] mca_dpm_base_static_components
  [A] mca_dpm_orte_component
  [A] mca_fbtl_base_components_available
  [A] mca_fbtl_base_components_available_valid
  [A] mca_fbtl_base_components_opened
  [A] mca_fbtl_base_components_opened_valid
  [A] mca_fbtl_base_modules_available
  [A] mca_fbtl_base_modules_available_valid
  [A] mca_fbtl_base_output
  [A] mca_fbtl_base_param
  [A] mca_fcoll
  [A] mca_fcoll_base_components_available
  [A] mca_fcoll_base_components_available_valid
  [A] mca_fcoll_base_components_opened
  [A] mca_fcoll_base_components_opened_valid
  [A] mca_fcoll_base_modules_available
  [A] mca_fcoll_base_modules_available_valid
  [A] mca_fcoll_base_output
  [A] mca_fcoll_base_param
  [A] mca_fcoll_base_selected_component
  [A] mca_fcoll_dynamic_constant_cbs
  [A] mca_fcoll_dynamic_cycle_buffer_size
  [A] mca_fcoll_dynamic_num_io_procs
  [A] mca_fcoll_individual_constant_cbs
  [A] mca_fcoll_individual_cycle_buffer_size
  [A] mca_fcoll_static_constant_cbs
  [A] mca_fcoll_static_cycle_buffer_size
  [A] mca_fcoll_static_num_io_procs
  [A] mca_fcoll_two_phase_constant_cbs
  [A] mca_fcoll_two_phase_cycle_buffer_size
  [A] mca_fcoll_two_phase_num_io_procs
  [A] mca_fcoll_ylib_blocks_per_cycle
  [A] mca_fcoll_ylib_component
  [A] mca_fcoll_ylib_component_version_string
  [A] mca_fcoll_ylib_num_io_procs
  [A] mca_fcoll_ylib_priority
  [A] mca_fcoll_ylib_stripe_size
  [A] mca_fs
  [A] mca_fs_base_components_available
  [A] mca_fs_base_components_available_valid
  [A] mca_fs_base_components_opened
  [A] mca_fs_base_components_opened_valid
  [A] mca_fs_base_modules_available
  [A] mca_fs_base_modules_available_valid
  [A] mca_fs_base_output
  [A] mca_fs_base_param
  [A] mca_fs_base_selected_component
  [A] mca_io_base_components_available
  [A] mca_io_base_components_available_valid
  [A] mca_io_base_components_opened
  [A] mca_io_base_components_opened_valid
  [A] mca_io_base_output
  [A] mca_io_base_param
  [A] mca_io_romio_component
  [A] mca_io_romio_component_version_string
  [A] mca_io_romio_module
  [A] mca_io_romio_mutex
  [A] mca_mpool_base_components
  [A] mca_mpool_base_modules
  [A] mca_mpool_base_output
  [A] mca_mpool_base_page_size
  [A] mca_mpool_base_page_size_log
  [A] mca_mpool_base_registration_t_class
  [A] mca_mpool_base_selected_module_t_class
  [A] mca_mpool_base_static_components
  [A] mca_mpool_base_tree
  [A] mca_mpool_base_tree_item_free_list
  [A] mca_mpool_base_tree_item_t_class
  [A] mca_mpool_base_used_mem_hooks
  [A] mca_mpool_grdma_component
  [A] mca_mpool_grdma_pool_t_class
  [A] mca_mpool_sm_component
  [A] mca_pml_base_components_available
  [A] mca_pml_base_output
  [A] mca_pml_bfo
  [A] mca_pml_bfo_buffer_t_class
  [A] mca_pml_bfo_comm_t_class
  [A] mca_pml_bfo_component
  [A] mca_pml_bfo_output
  [A] mca_pml_bfo_pckt_pending_t_class
  [A] mca_pml_bfo_rdma_frag_t_class
  [A] mca_pml_bfo_recv_frag_t_class
  [A] mca_pml_bfo_recv_request_t_class
  [A] mca_pml_bfo_send_range_t_class
  [A] mca_pml_bfo_send_request_t_class
  [A] mca_pubsub_base_static_components
  [A] mca_pubsub_orte_component
  [A] mca_rcache_base_components
  [A] mca_rcache_base_modules
  [A] mca_rcache_base_output
  [A] mca_rcache_base_selected_module_t_class
  [A] mca_rcache_base_static_components
  [A] mca_rcache_vma_component
  [A] mca_rcache_vma_reg_list_item_t_class
  [A] mca_rcache_vma_t_class
  [A] mca_sbgp_base_components_in_use
  [A] mca_sbgp_base_components_in_use_inited
  [A] mca_sbgp_base_components_opened
  [A] mca_sbgp_base_module_t_class
  [A] mca_sbgp_base_output
  [A] mca_sbgp_base_static_components
  [A] mca_sbgp_basesmsocket_component
  [A] mca_sbgp_basesmsocket_component_version_string
  [A] mca_sbgp_basesmsocket_module_t_class
  [A] mca_sbgp_basesmuma_component
  [A] mca_sbgp_basesmuma_component_version_string
  [A] mca_sbgp_basesmuma_module_t_class
  [A] mca_sbgp_p2p_component
  [A] mca_sbgp_p2p_component_version_string
  [A] mca_sbgp_p2p_module_t_class
  [A] mca_sharedfp_base_components_available
  [A] mca_sharedfp_base_components_available_valid
  [A] mca_sharedfp_base_components_opened
  [A] mca_sharedfp_base_components_opened_valid
  [A] mca_sharedfp_base_modules_available
  [A] mca_sharedfp_base_modules_available_valid
  [A] mca_sharedfp_base_output
  [A] mca_sharedfp_base_param
  [A] mca_sharedfp_base_selected_component
  [A] mca_sharedfp_dummy_component
  [A] mca_sharedfp_dummy_component_version_string
  [A] mca_topo
  [A] mca_topo_base_components_available
  [A] mca_topo_base_components_available_valid
  [A] mca_topo_base_components_opened
  [A] mca_topo_base_components_opened_valid
  [A] mca_topo_base_modules_available
  [A] mca_topo_base_modules_available_valid
  [A] mca_topo_base_output
  [A] mca_topo_base_param
  [A] mca_topo_base_selected_component
  [A] mca_topo_unity_component
  [A] mca_topo_unity_component_version_string
  [A] mca_vprotocol_base_components_available
  [A] memory_buffer_index
  [A] mpi_fortran_argv_null
  [A] mpi_fortran_argv_null__
  [A] mpi_fortran_argvs_null
  [A] mpi_fortran_argvs_null__
  [A] mpi_fortran_bottom
  [A] mpi_fortran_bottom__
  [A] mpi_fortran_errcodes_ignore
  [A] mpi_fortran_errcodes_ignore__
  [A] mpi_fortran_in_place
  [A] mpi_fortran_in_place__
  [A] mpi_fortran_status_ignore
  [A] mpi_fortran_status_ignore__
  [A] mpi_fortran_statuses_ignore
  [A] mpi_fortran_statuses_ignore__
  [A] ompi_bcol_bcols_string
  [A] ompi_coll_tuned_preallocate_memory_comm_size_limit
  [A] ompi_cr_output
  [A] ompi_crcp
  [A] ompi_crcp_base_btl_state_t_class
  [A] ompi_crcp_base_components_available
  [A] ompi_crcp_base_output
  [A] ompi_crcp_base_pml_state_t_class
  [A] ompi_crcp_base_selected_component
  [A] ompi_datatype_predefined_elem_desc
  [A] ompi_dpm
  [A] ompi_dpm_base_components_available
  [A] ompi_dpm_base_output
  [A] ompi_dpm_base_selected_component
  [A] ompi_dpm_orte_module
  [A] ompi_err_access
  [A] ompi_err_amode
  [A] ompi_err_arg
  [A] ompi_err_assert
  [A] ompi_err_bad_file
  [A] ompi_err_base
  [A] ompi_err_buffer
  [A] ompi_err_comm
  [A] ompi_err_conversion
  [A] ompi_err_count
  [A] ompi_err_dims
  [A] ompi_err_disp
  [A] ompi_err_dup_datarep
  [A] ompi_err_file
  [A] ompi_err_file_exists
  [A] ompi_err_file_in_use
  [A] ompi_err_group
  [A] ompi_err_in_status
  [A] ompi_err_info
  [A] ompi_err_info_key
  [A] ompi_err_info_nokey
  [A] ompi_err_info_value
  [A] ompi_err_intern
  [A] ompi_err_io
  [A] ompi_err_keyval
  [A] ompi_err_locktype
  [A] ompi_err_name
  [A] ompi_err_no_mem
  [A] ompi_err_no_space
  [A] ompi_err_no_such_file
  [A] ompi_err_not_same
  [A] ompi_err_op
  [A] ompi_err_other
  [A] ompi_err_pending
  [A] ompi_err_port
  [A] ompi_err_quota
  [A] ompi_err_rank
  [A] ompi_err_read_only
  [A] ompi_err_request
  [A] ompi_err_rma_conflict
  [A] ompi_err_rma_sync
  [A] ompi_err_root
  [A] ompi_err_service
  [A] ompi_err_size
  [A] ompi_err_spawn
  [A] ompi_err_tag
  [A] ompi_err_topology
  [A] ompi_err_truncate
  [A] ompi_err_type
  [A] ompi_err_unsupported_datarep
  [A] ompi_err_unsupported_operation
  [A] ompi_err_win
  [A] ompi_free_list_item_t_class
  [A] ompi_free_list_t_class
  [A] ompi_mpi_abort_delay
  [A] ompi_mpi_abort_print_stack
  [A] ompi_mpi_keep_peer_hostnames
  [A] ompi_mpi_leave_pinned
  [A] ompi_mpi_leave_pinned_pipeline
  [A] ompi_mtl_base_components_opened
  [A] ompi_mtl_base_output
  [A] ompi_op_base_components_available
  [A] ompi_op_base_components_available_valid
  [A] ompi_op_base_components_opened
  [A] ompi_op_base_components_opened_valid
  [A] ompi_op_base_output
  [A] ompi_osc_base_avail_components
  [A] ompi_osc_base_open_components
  [A] ompi_osc_base_output
  [A] ompi_osc_pt2pt_buffer_t_class
  [A] ompi_osc_pt2pt_longreq_t_class
  [A] ompi_osc_pt2pt_replyreq_t_class
  [A] ompi_osc_pt2pt_sendreq_t_class
  [A] ompi_osc_rdma_longreq_t_class
  [A] ompi_osc_rdma_module_template
  [A] ompi_osc_rdma_pending_lock_t_class
  [A] ompi_osc_rdma_replyreq_t_class
  [A] ompi_osc_rdma_sendreq_t_class
  [A] ompi_pubsub
  [A] ompi_pubsub_base_components_available
  [A] ompi_pubsub_base_output
  [A] ompi_pubsub_base_selected_component
  [A] ompi_pubsub_orte_module
  [A] ompi_rb_tree_node_t_class
  [A] ompi_rb_tree_t_class
  [A] ompi_sbgp_subgroups_string
  [A] ompi_success
  [A] ompi_warn_on_fork
  [A] peer_rdma_send_info_t_class
  [A] sbgp_base_component_keyval_t_class

