Functions changes summary: 0 Removed, 0 Changed, 0 Added function
Variables changes summary: 0 Removed, 0 Changed (7 filtered out), 0 Added variables
Function symbols changes summary: 30 Removed, 3 Added function symbols not referenced by debug info
Variable symbols changes summary: 17 Removed, 7 Added variable symbols not referenced by debug info

30 Removed function symbols not referenced by debug info:

  [D] NBC_Sched_local_recv
  [D] NBC_Sched_local_send
  [D] mca_coll_sync_bcast
  [D] mca_coll_sync_comm_query
  [D] mca_coll_sync_exscan
  [D] mca_coll_sync_gather
  [D] mca_coll_sync_gatherv
  [D] mca_coll_sync_init_query
  [D] mca_coll_sync_module_enable
  [D] mca_coll_sync_reduce
  [D] mca_coll_sync_reduce_scatter
  [D] mca_coll_sync_scan
  [D] mca_coll_sync_scatter
  [D] mca_coll_sync_scatterv
  [D] mca_fcoll_dynamic_gen2_break_file_view
  [D] mca_fcoll_dynamic_gen2_component_file_query
  [D] mca_fcoll_dynamic_gen2_component_file_unquery
  [D] mca_fcoll_dynamic_gen2_component_init_query
  [D] mca_fcoll_dynamic_gen2_file_read_all
  [D] mca_fcoll_dynamic_gen2_file_write_all
  [D] mca_fcoll_dynamic_gen2_get_configuration
  [D] mca_fcoll_dynamic_gen2_module_finalize
  [D] mca_fcoll_dynamic_gen2_module_init
  [D] mca_fcoll_dynamic_gen2_split_iov_array
  [D] mca_pml_ob1_rdma_pipeline_btls_count
  [D] ompi_datatype_pack_external
  [D] ompi_datatype_pack_external_size
  [D] ompi_datatype_unpack_external
  [D] ompi_osc_pt2pt_lock_remote
  [D] ompi_osc_pt2pt_process_receive

3 Added function symbols not referenced by debug info:

  [A] ompi_comm_link_function
  [A] ompi_comm_reg_finalize
  [A] ompi_comm_reg_init

17 Removed variable symbols not referenced by debug info:

  [D] libnbc_ibcast_skip_dt_decision
  [D] mca_coll_sync_component
  [D] mca_coll_sync_component_version_string
  [D] mca_coll_sync_module_t_class
  [D] mca_fcoll_dynamic_gen2_component
  [D] mca_fcoll_dynamic_gen2_component_version_string
  [D] mca_fcoll_dynamic_gen2_num_groups
  [D] mca_fcoll_dynamic_gen2_priority
  [D] mca_fcoll_dynamic_gen2_write_chunksize
  [D] mca_pml_bsend_addr
  [D] mca_pml_bsend_base
  [D] mca_pml_bsend_userbase
  [D] ompi_comm_allreduce_context_t_class
  [D] ompi_comm_cid_context_t_class
  [D] ompi_comm_idup_with_info_context_t_class
  [D] ompi_osc_pt2pt_receive_t_class
  [D] ompi_win_accumulate_order

7 Added variable symbols not referenced by debug info:

  [A] __malloc_initialize_hook
  [A] ompi_comm_reg_t_class
  [A] ompi_request_completed
  [A] ompi_request_cond
  [A] ompi_request_failed
  [A] ompi_request_lock
  [A] ompi_request_waiting

