ELF SONAME changed
Functions changes summary: 2 Removed, 0 Changed, 1 Added functions
Variables changes summary: 3 Removed, 2 Changed (7 filtered out), 2 Added variables
Function symbols changes summary: 1422 Removed, 210 Added function symbols not referenced by debug info
Variable symbols changes summary: 326 Removed, 119 Added variable symbols not referenced by debug info

SONAME changed from 'libmpi.so.20' to 'libmpi.so.0'

2 Removed functions:

  [D] 'function void* MPIR_Breakpoint()'    {MPIR_Breakpoint}
  [D] 'function void ompi_debugger_setup_dlls()'    {ompi_debugger_setup_dlls}

1 Added function:

  [A] 'function void ompi_wait_for_debugger()'    {ompi_wait_for_debugger}

3 Removed variables:

  [D] 'opal_datatype_t* opal_datatype_t_type_force_inclusion'    {opal_datatype_t_type_force_inclusion}
  [D] 'opal_free_list_item_t* opal_free_list_item_t_type_force_inclusion'    {opal_free_list_item_t_type_force_inclusion}
  [D] 'opal_free_list_t* opal_free_list_t_type_force_inclusion'    {opal_free_list_t_type_force_inclusion}

2 Added variables:

  [A] 'ompi_free_list_item_t* ompi_free_list_item_t_type_force_inclusion'    {ompi_free_list_item_t_type_force_inclusion}
  [A] 'ompi_free_list_t* ompi_free_list_t_type_force_inclusion'    {ompi_free_list_t_type_force_inclusion}

2 Changed variables:

  [C] 'char MPIR_dll_name[135]' was changed to 'char MPIR_dll_name[133]' at ompi_debuggers.c:81:1:
    size of symbol changed from 135 to 133
    type of variable changed:
      type name changed from 'char[135]' to 'char[133]'
      array type size changed from 1080 to 1064
      array type subrange 1 changed length from 135 to 133

  [C] 'ompi_status_public_t* ompi_status_public_t_type_force_inclusion' was changed at ompi_debuggers.c:122:1:
    type of variable changed:
      in pointed to type 'struct ompi_status_public_t' at mpi.h:221:1:
        type size changed from 192 to 160 (in bits)
        1 data member deletion:
          'size_t ompi_status_public_t::_ucount', at offset 128 (in bits) at mpi.h:362:1
        1 data member insertion:
          'int ompi_status_public_t::_count', at offset 96 (in bits) at mpi.h:225:1
        1 data member change:
          'int ompi_status_public_t::_cancelled' offset changed from 96 to 128 (in bits) (by +32 bits)

1422 Removed function symbols not referenced by debug info:

  [D] ADIOI_Add_contig_flattened
  [D] ADIOI_Agg_idx
  [D] ADIOI_Build_agg_reqs
  [D] ADIOI_Build_client_pre_req
  [D] ADIOI_Build_client_req
  [D] ADIOI_Build_client_reqs
  [D] ADIOI_Calc_bounds
  [D] ADIOI_Calc_file_realms
  [D] ADIOI_Calc_file_realms_aar
  [D] ADIOI_Calc_file_realms_fsize
  [D] ADIOI_Calc_file_realms_user_size
  [D] ADIOI_Create_fr_simpletype
  [D] ADIOI_Datatype_iscontig
  [D] ADIOI_Err_create_code
  [D] ADIOI_Exch_file_views
  [D] ADIOI_FAILSAFE_OpenColl
  [D] ADIOI_GEN_Feature
  [D] ADIOI_GEN_OpenColl
  [D] ADIOI_GEN_aio_query_fn
  [D] ADIOI_Heap_create
  [D] ADIOI_Heap_extract_min
  [D] ADIOI_Heap_free
  [D] ADIOI_Heap_insert
  [D] ADIOI_Heap_merge
  [D] ADIOI_IOFiletype
  [D] ADIOI_IOStridedColl
  [D] ADIOI_IO_Thread_Func
  [D] ADIOI_Info_check_and_install_enabled
  [D] ADIOI_Info_check_and_install_int
  [D] ADIOI_Info_check_and_install_str
  [D] ADIOI_Info_check_and_install_true
  [D] ADIOI_Info_print_keyvals
  [D] ADIOI_NFS_Feature
  [D] ADIOI_P2PContigReadAggregation
  [D] ADIOI_P2PContigWriteAggregation
  [D] ADIOI_Print_flatlist_node
  [D] ADIOI_SCALEABLE_OpenColl
  [D] ADIOI_Type_create_hindexed_x
  [D] ADIOI_Verify_fr
  [D] ADIOI_incorporate_system_hints
  [D] ADIOI_init_view_state
  [D] MPIR_MPIOInit
  [D] MPIU_datatype_full_size
  [D] MPIU_external32_buffer_setup
  [D] MPIU_read_external32_conversion_fn
  [D] MPIU_write_external32_conversion_fn
  [D] MPIX_Query_cuda_support
  [D] MPI_AINT_ADD_F90
  [D] MPI_AINT_DIFF_F90
  [D] MPI_Comm_create_group
  [D] MPI_Comm_dup_with_info
  [D] MPI_Comm_get_info
  [D] MPI_Comm_idup, aliases PMPI_Comm_idup
  [D] MPI_Comm_set_info
  [D] MPI_Comm_split_type
  [D] MPI_Compare_and_swap
  [D] MPI_Dist_graph_create
  [D] MPI_Dist_graph_create_adjacent
  [D] MPI_Dist_graph_neighbors
  [D] MPI_Dist_graph_neighbors_count, aliases PMPI_Dist_graph_neighbors_count
  [D] MPI_Fetch_and_op, aliases PMPI_Fetch_and_op
  [D] MPI_File_iread_all
  [D] MPI_File_iread_at_all, aliases PMPI_File_iread_at_all
  [D] MPI_File_iwrite_all
  [D] MPI_File_iwrite_at_all, aliases PMPI_File_iwrite_at_all
  [D] MPI_Get_accumulate
  [D] MPI_Get_elements_x, aliases PMPI_Get_elements_x
  [D] MPI_Get_library_version, aliases PMPI_Get_library_version
  [D] MPI_Iallgather
  [D] MPI_Iallgatherv
  [D] MPI_Iallreduce
  [D] MPI_Ialltoall
  [D] MPI_Ialltoallv, aliases PMPI_Ialltoallv
  [D] MPI_Ialltoallw, aliases PMPI_Ialltoallw
  [D] MPI_Ibarrier
  [D] MPI_Ibcast
  [D] MPI_Iexscan, aliases PMPI_Iexscan
  [D] MPI_Igather
  [D] MPI_Igatherv, aliases PMPI_Igatherv
  [D] MPI_Improbe, aliases PMPI_Improbe
  [D] MPI_Imrecv, aliases PMPI_Imrecv
  [D] MPI_Ineighbor_allgather, aliases PMPI_Ineighbor_allgather
  [D] MPI_Ineighbor_allgatherv
  [D] MPI_Ineighbor_alltoall, aliases PMPI_Ineighbor_alltoall
  [D] MPI_Ineighbor_alltoallv, aliases PMPI_Ineighbor_alltoallv
  [D] MPI_Ineighbor_alltoallw, aliases PMPI_Ineighbor_alltoallw
  [D] MPI_Ireduce
  [D] MPI_Ireduce_scatter
  [D] MPI_Ireduce_scatter_block
  [D] MPI_Iscan
  [D] MPI_Iscatter, aliases PMPI_Iscatter
  [D] MPI_Iscatterv
  [D] MPI_Message_c2f, aliases PMPI_Message_c2f
  [D] MPI_Message_f2c
  [D] MPI_Mprobe
  [D] MPI_Mrecv, aliases PMPI_Mrecv
  [D] MPI_Neighbor_allgather
  [D] MPI_Neighbor_allgatherv, aliases PMPI_Neighbor_allgatherv
  [D] MPI_Neighbor_alltoall, aliases PMPI_Neighbor_alltoall
  [D] MPI_Neighbor_alltoallv, aliases PMPI_Neighbor_alltoallv
  [D] MPI_Neighbor_alltoallw, aliases PMPI_Neighbor_alltoallw
  [D] MPI_Op_commutative, aliases PMPI_Op_commutative
  [D] MPI_Raccumulate
  [D] MPI_Reduce_local
  [D] MPI_Reduce_scatter_block, aliases PMPI_Reduce_scatter_block
  [D] MPI_Rget
  [D] MPI_Rget_accumulate
  [D] MPI_Rput
  [D] MPI_Status_set_elements_x
  [D] MPI_T_category_changed, aliases PMPI_T_category_changed
  [D] MPI_T_category_get_categories
  [D] MPI_T_category_get_cvars
  [D] MPI_T_category_get_index
  [D] MPI_T_category_get_info
  [D] MPI_T_category_get_num
  [D] MPI_T_category_get_pvars, aliases PMPI_T_category_get_pvars
  [D] MPI_T_cvar_get_index
  [D] MPI_T_cvar_get_info
  [D] MPI_T_cvar_get_num, aliases PMPI_T_cvar_get_num
  [D] MPI_T_cvar_handle_alloc
  [D] MPI_T_cvar_handle_free
  [D] MPI_T_cvar_read, aliases PMPI_T_cvar_read
  [D] MPI_T_cvar_write, aliases PMPI_T_cvar_write
  [D] MPI_T_enum_get_info
  [D] MPI_T_enum_get_item, aliases PMPI_T_enum_get_item
  [D] MPI_T_finalize, aliases PMPI_T_finalize
  [D] MPI_T_init_thread
  [D] MPI_T_pvar_get_index
  [D] MPI_T_pvar_get_info
  [D] MPI_T_pvar_get_num
  [D] MPI_T_pvar_handle_alloc
  [D] MPI_T_pvar_handle_free, aliases PMPI_T_pvar_handle_free
  [D] MPI_T_pvar_read, aliases PMPI_T_pvar_read
  [D] MPI_T_pvar_readreset
  [D] MPI_T_pvar_reset
  [D] MPI_T_pvar_session_create
  [D] MPI_T_pvar_session_free, aliases PMPI_T_pvar_session_free
  [D] MPI_T_pvar_start
  [D] MPI_T_pvar_stop
  [D] MPI_T_pvar_write, aliases PMPI_T_pvar_write
  [D] MPI_Type_create_hindexed_block, aliases PMPI_Type_create_hindexed_block
  [D] MPI_Type_get_extent_x
  [D] MPI_Type_get_true_extent_x
  [D] MPI_Type_size_x, aliases PMPI_Type_size_x
  [D] MPI_Win_allocate, aliases PMPI_Win_allocate
  [D] MPI_Win_allocate_shared
  [D] MPI_Win_attach, aliases PMPI_Win_attach
  [D] MPI_Win_create_dynamic, aliases PMPI_Win_create_dynamic
  [D] MPI_Win_detach
  [D] MPI_Win_flush, aliases PMPI_Win_flush
  [D] MPI_Win_flush_all
  [D] MPI_Win_flush_local
  [D] MPI_Win_flush_local_all, aliases PMPI_Win_flush_local_all
  [D] MPI_Win_get_info, aliases PMPI_Win_get_info
  [D] MPI_Win_lock_all
  [D] MPI_Win_set_info
  [D] MPI_Win_shared_query
  [D] MPI_Win_sync, aliases PMPI_Win_sync
  [D] MPI_Win_unlock_all
  [D] NBC_Comm_neighbors
  [D] NBC_Comm_neighbors_count
  [D] NBC_Init_comm
  [D] NBC_Init_handle
  [D] NBC_Progress
  [D] NBC_Return_handle
  [D] NBC_Sched_barrier
  [D] NBC_Sched_commit
  [D] NBC_Sched_copy
  [D] NBC_Sched_local_recv
  [D] NBC_Sched_local_send
  [D] NBC_Sched_op
  [D] NBC_Sched_recv
  [D] NBC_Sched_send
  [D] NBC_Sched_unpack
  [D] NBC_Start
  [D] OMPI_Affinity_str
  [D] PMPI_Comm_create_group, aliases MPI_Comm_create_group
  [D] PMPI_Comm_dup_with_info, aliases MPI_Comm_dup_with_info
  [D] PMPI_Comm_get_info, aliases MPI_Comm_get_info
  [D] PMPI_Comm_idup
  [D] PMPI_Comm_set_info, aliases MPI_Comm_set_info
  [D] PMPI_Comm_split_type, aliases MPI_Comm_split_type
  [D] PMPI_Compare_and_swap, aliases MPI_Compare_and_swap
  [D] PMPI_Dist_graph_create, aliases MPI_Dist_graph_create
  [D] PMPI_Dist_graph_create_adjacent, aliases MPI_Dist_graph_create_adjacent
  [D] PMPI_Dist_graph_neighbors, aliases MPI_Dist_graph_neighbors
  [D] PMPI_Dist_graph_neighbors_count
  [D] PMPI_Fetch_and_op
  [D] PMPI_File_iread_all, aliases MPI_File_iread_all
  [D] PMPI_File_iread_at_all
  [D] PMPI_File_iwrite_all, aliases MPI_File_iwrite_all
  [D] PMPI_File_iwrite_at_all
  [D] PMPI_Get_accumulate, aliases MPI_Get_accumulate
  [D] PMPI_Get_elements_x
  [D] PMPI_Get_library_version
  [D] PMPI_Iallgather, aliases MPI_Iallgather
  [D] PMPI_Iallgatherv, aliases MPI_Iallgatherv
  [D] PMPI_Iallreduce, aliases MPI_Iallreduce
  [D] PMPI_Ialltoall, aliases MPI_Ialltoall
  [D] PMPI_Ialltoallv
  [D] PMPI_Ialltoallw
  [D] PMPI_Ibarrier, aliases MPI_Ibarrier
  [D] PMPI_Ibcast, aliases MPI_Ibcast
  [D] PMPI_Iexscan
  [D] PMPI_Igather, aliases MPI_Igather
  [D] PMPI_Igatherv
  [D] PMPI_Improbe
  [D] PMPI_Imrecv
  [D] PMPI_Ineighbor_allgather
  [D] PMPI_Ineighbor_allgatherv, aliases MPI_Ineighbor_allgatherv
  [D] PMPI_Ineighbor_alltoall
  [D] PMPI_Ineighbor_alltoallv
  [D] PMPI_Ineighbor_alltoallw
  [D] PMPI_Ireduce, aliases MPI_Ireduce
  [D] PMPI_Ireduce_scatter, aliases MPI_Ireduce_scatter
  [D] PMPI_Ireduce_scatter_block, aliases MPI_Ireduce_scatter_block
  [D] PMPI_Iscan, aliases MPI_Iscan
  [D] PMPI_Iscatter
  [D] PMPI_Iscatterv, aliases MPI_Iscatterv
  [D] PMPI_Message_c2f
  [D] PMPI_Message_f2c, aliases MPI_Message_f2c
  [D] PMPI_Mprobe, aliases MPI_Mprobe
  [D] PMPI_Mrecv
  [D] PMPI_Neighbor_allgather, aliases MPI_Neighbor_allgather
  [D] PMPI_Neighbor_allgatherv
  [D] PMPI_Neighbor_alltoall
  [D] PMPI_Neighbor_alltoallv
  [D] PMPI_Neighbor_alltoallw
  [D] PMPI_Op_commutative
  [D] PMPI_Raccumulate, aliases MPI_Raccumulate
  [D] PMPI_Reduce_local, aliases MPI_Reduce_local
  [D] PMPI_Reduce_scatter_block
  [D] PMPI_Rget, aliases MPI_Rget
  [D] PMPI_Rget_accumulate, aliases MPI_Rget_accumulate
  [D] PMPI_Rput, aliases MPI_Rput
  [D] PMPI_Status_set_elements_x, aliases MPI_Status_set_elements_x
  [D] PMPI_T_category_changed
  [D] PMPI_T_category_get_categories, aliases MPI_T_category_get_categories
  [D] PMPI_T_category_get_cvars, aliases MPI_T_category_get_cvars
  [D] PMPI_T_category_get_index, aliases MPI_T_category_get_index
  [D] PMPI_T_category_get_info, aliases MPI_T_category_get_info
  [D] PMPI_T_category_get_num, aliases MPI_T_category_get_num
  [D] PMPI_T_category_get_pvars
  [D] PMPI_T_cvar_get_index, aliases MPI_T_cvar_get_index
  [D] PMPI_T_cvar_get_info, aliases MPI_T_cvar_get_info
  [D] PMPI_T_cvar_get_num
  [D] PMPI_T_cvar_handle_alloc, aliases MPI_T_cvar_handle_alloc
  [D] PMPI_T_cvar_handle_free, aliases MPI_T_cvar_handle_free
  [D] PMPI_T_cvar_read
  [D] PMPI_T_cvar_write
  [D] PMPI_T_enum_get_info, aliases MPI_T_enum_get_info
  [D] PMPI_T_enum_get_item
  [D] PMPI_T_finalize
  [D] PMPI_T_init_thread, aliases MPI_T_init_thread
  [D] PMPI_T_pvar_get_index, aliases MPI_T_pvar_get_index
  [D] PMPI_T_pvar_get_info, aliases MPI_T_pvar_get_info
  [D] PMPI_T_pvar_get_num, aliases MPI_T_pvar_get_num
  [D] PMPI_T_pvar_handle_alloc, aliases MPI_T_pvar_handle_alloc
  [D] PMPI_T_pvar_handle_free
  [D] PMPI_T_pvar_read
  [D] PMPI_T_pvar_readreset, aliases MPI_T_pvar_readreset
  [D] PMPI_T_pvar_reset, aliases MPI_T_pvar_reset
  [D] PMPI_T_pvar_session_create, aliases MPI_T_pvar_session_create
  [D] PMPI_T_pvar_session_free
  [D] PMPI_T_pvar_start, aliases MPI_T_pvar_start
  [D] PMPI_T_pvar_stop, aliases MPI_T_pvar_stop
  [D] PMPI_T_pvar_write
  [D] PMPI_Type_create_hindexed_block
  [D] PMPI_Type_get_extent_x, aliases MPI_Type_get_extent_x
  [D] PMPI_Type_get_true_extent_x, aliases MPI_Type_get_true_extent_x
  [D] PMPI_Type_size_x
  [D] PMPI_Win_allocate
  [D] PMPI_Win_allocate_shared, aliases MPI_Win_allocate_shared
  [D] PMPI_Win_attach
  [D] PMPI_Win_create_dynamic
  [D] PMPI_Win_detach, aliases MPI_Win_detach
  [D] PMPI_Win_flush
  [D] PMPI_Win_flush_all, aliases MPI_Win_flush_all
  [D] PMPI_Win_flush_local, aliases MPI_Win_flush_local
  [D] PMPI_Win_flush_local_all
  [D] PMPI_Win_get_info
  [D] PMPI_Win_lock_all, aliases MPI_Win_lock_all
  [D] PMPI_Win_set_info, aliases MPI_Win_set_info
  [D] PMPI_Win_shared_query, aliases MPI_Win_shared_query
  [D] PMPI_Win_sync
  [D] PMPI_Win_unlock_all, aliases MPI_Win_unlock_all
  [D] coll_base_comm_get_reqs
  [D] comm_allgather_pml
  [D] comm_allreduce_pml
  [D] comm_bcast_pml
  [D] dict_destroy
  [D] dict_int_cmp
  [D] dict_itor_destroy
  [D] dict_long_cmp
  [D] dict_ptr_cmp
  [D] dict_set_free
  [D] dict_set_malloc
  [D] dict_str_cmp
  [D] dict_uint_cmp
  [D] dict_ulong_cmp
  [D] find_next_index
  [D] get_process_id
  [D] hb_dict_itor_new
  [D] hb_dict_new
  [D] hb_itor_cdata
  [D] hb_itor_data
  [D] hb_itor_destroy
  [D] hb_itor_first
  [D] hb_itor_invalidate
  [D] hb_itor_key
  [D] hb_itor_last
  [D] hb_itor_new
  [D] hb_itor_next
  [D] hb_itor_nextn
  [D] hb_itor_prev
  [D] hb_itor_prevn
  [D] hb_itor_search
  [D] hb_itor_set_data
  [D] hb_itor_valid
  [D] hb_tree_count
  [D] hb_tree_csearch
  [D] hb_tree_destroy
  [D] hb_tree_empty
  [D] hb_tree_height
  [D] hb_tree_insert
  [D] hb_tree_max
  [D] hb_tree_mheight
  [D] hb_tree_min
  [D] hb_tree_new
  [D] hb_tree_pathlen
  [D] hb_tree_probe
  [D] hb_tree_remove
  [D] hb_tree_search
  [D] hb_tree_walk
  [D] mca_bml_r2_component_close
  [D] mca_bml_r2_component_fini
  [D] mca_bml_r2_component_init
  [D] mca_bml_r2_component_open
  [D] mca_bml_r2_finalize
  [D] mca_coll_base_alltoall_intra_basic_inplace
  [D] mca_coll_base_alltoallv_intra_basic_inplace
  [D] mca_coll_base_comm_select
  [D] mca_coll_base_comm_unselect
  [D] mca_coll_base_find_available
  [D] mca_coll_basic_allgather_inter
  [D] mca_coll_basic_allgatherv_inter
  [D] mca_coll_basic_allreduce_inter
  [D] mca_coll_basic_allreduce_intra
  [D] mca_coll_basic_alltoall_inter
  [D] mca_coll_basic_alltoallv_inter
  [D] mca_coll_basic_alltoallw_inter
  [D] mca_coll_basic_alltoallw_intra
  [D] mca_coll_basic_barrier_inter_lin
  [D] mca_coll_basic_barrier_intra_log
  [D] mca_coll_basic_bcast_lin_inter
  [D] mca_coll_basic_bcast_log_inter
  [D] mca_coll_basic_bcast_log_intra
  [D] mca_coll_basic_comm_query
  [D] mca_coll_basic_exscan_inter
  [D] mca_coll_basic_exscan_intra
  [D] mca_coll_basic_gather_inter
  [D] mca_coll_basic_gatherv_inter
  [D] mca_coll_basic_gatherv_intra
  [D] mca_coll_basic_init_query
  [D] mca_coll_basic_module_enable
  [D] mca_coll_basic_neighbor_allgather
  [D] mca_coll_basic_neighbor_allgatherv
  [D] mca_coll_basic_neighbor_alltoall
  [D] mca_coll_basic_neighbor_alltoallv
  [D] mca_coll_basic_neighbor_alltoallw
  [D] mca_coll_basic_reduce_lin_inter
  [D] mca_coll_basic_reduce_log_inter
  [D] mca_coll_basic_reduce_log_intra
  [D] mca_coll_basic_reduce_scatter_block_inter
  [D] mca_coll_basic_reduce_scatter_block_intra
  [D] mca_coll_basic_reduce_scatter_inter
  [D] mca_coll_basic_reduce_scatter_intra
  [D] mca_coll_basic_scan_intra
  [D] mca_coll_basic_scatter_inter
  [D] mca_coll_basic_scatterv_inter
  [D] mca_coll_basic_scatterv_intra
  [D] mca_coll_inter_allgather_inter
  [D] mca_coll_inter_allgatherv_inter
  [D] mca_coll_inter_allreduce_inter
  [D] mca_coll_inter_bcast_inter
  [D] mca_coll_inter_comm_query
  [D] mca_coll_inter_gather_inter
  [D] mca_coll_inter_gatherv_inter
  [D] mca_coll_inter_init_query
  [D] mca_coll_inter_module_enable
  [D] mca_coll_inter_reduce_inter
  [D] mca_coll_inter_scatter_inter
  [D] mca_coll_inter_scatterv_inter
  [D] mca_coll_self_allgather_intra
  [D] mca_coll_self_allgatherv_intra
  [D] mca_coll_self_allreduce_intra
  [D] mca_coll_self_alltoall_intra
  [D] mca_coll_self_alltoallv_intra
  [D] mca_coll_self_alltoallw_intra
  [D] mca_coll_self_barrier_intra
  [D] mca_coll_self_bcast_intra
  [D] mca_coll_self_comm_query
  [D] mca_coll_self_exscan_intra
  [D] mca_coll_self_gather_intra
  [D] mca_coll_self_gatherv_intra
  [D] mca_coll_self_init_query
  [D] mca_coll_self_module_enable
  [D] mca_coll_self_reduce_intra
  [D] mca_coll_self_reduce_scatter_intra
  [D] mca_coll_self_scan_intra
  [D] mca_coll_self_scatter_intra
  [D] mca_coll_self_scatterv_intra
  [D] mca_coll_sm_allreduce_intra
  [D] mca_coll_sm_barrier_intra
  [D] mca_coll_sm_bcast_intra
  [D] mca_coll_sm_comm_query
  [D] mca_coll_sm_init_query
  [D] mca_coll_sm_reduce_intra
  [D] mca_coll_sync_bcast
  [D] mca_coll_sync_comm_query
  [D] mca_coll_sync_exscan
  [D] mca_coll_sync_gather
  [D] mca_coll_sync_gatherv
  [D] mca_coll_sync_init_query
  [D] mca_coll_sync_module_enable
  [D] mca_coll_sync_reduce
  [D] mca_coll_sync_reduce_scatter
  [D] mca_coll_sync_scan
  [D] mca_coll_sync_scatter
  [D] mca_coll_sync_scatterv
  [D] mca_fbtl_base_file_select
  [D] mca_fbtl_base_file_unselect
  [D] mca_fbtl_base_find_available
  [D] mca_fbtl_posix_component_file_query
  [D] mca_fbtl_posix_component_file_unquery
  [D] mca_fbtl_posix_component_init_query
  [D] mca_fbtl_posix_ipreadv
  [D] mca_fbtl_posix_ipwritev
  [D] mca_fbtl_posix_module_finalize
  [D] mca_fbtl_posix_module_init
  [D] mca_fbtl_posix_preadv
  [D] mca_fbtl_posix_progress
  [D] mca_fbtl_posix_pwritev
  [D] mca_fbtl_posix_request_free
  [D] mca_fcoll_base_file_select
  [D] mca_fcoll_base_file_unselect
  [D] mca_fcoll_base_find_available
  [D] mca_fcoll_base_query_table
  [D] mca_fcoll_dynamic_component_file_query
  [D] mca_fcoll_dynamic_component_file_unquery
  [D] mca_fcoll_dynamic_component_init_query
  [D] mca_fcoll_dynamic_file_read_all
  [D] mca_fcoll_dynamic_file_write_all
  [D] mca_fcoll_dynamic_gen2_break_file_view
  [D] mca_fcoll_dynamic_gen2_component_file_query
  [D] mca_fcoll_dynamic_gen2_component_file_unquery
  [D] mca_fcoll_dynamic_gen2_component_init_query
  [D] mca_fcoll_dynamic_gen2_file_read_all
  [D] mca_fcoll_dynamic_gen2_file_write_all
  [D] mca_fcoll_dynamic_gen2_get_configuration
  [D] mca_fcoll_dynamic_gen2_module_finalize
  [D] mca_fcoll_dynamic_gen2_module_init
  [D] mca_fcoll_dynamic_gen2_split_iov_array
  [D] mca_fcoll_dynamic_module_finalize
  [D] mca_fcoll_dynamic_module_init
  [D] mca_fcoll_individual_component_file_query
  [D] mca_fcoll_individual_component_file_unquery
  [D] mca_fcoll_individual_component_init_query
  [D] mca_fcoll_individual_file_read_all
  [D] mca_fcoll_individual_file_write_all
  [D] mca_fcoll_individual_module_finalize
  [D] mca_fcoll_individual_module_init
  [D] mca_fcoll_static_component_file_query
  [D] mca_fcoll_static_component_file_unquery
  [D] mca_fcoll_static_component_init_query
  [D] mca_fcoll_static_file_read_all
  [D] mca_fcoll_static_file_write_all
  [D] mca_fcoll_static_module_finalize
  [D] mca_fcoll_static_module_init
  [D] mca_fcoll_two_phase_calc_aggregator
  [D] mca_fcoll_two_phase_calc_my_requests
  [D] mca_fcoll_two_phase_calc_others_requests
  [D] mca_fcoll_two_phase_component_file_query
  [D] mca_fcoll_two_phase_component_file_unquery
  [D] mca_fcoll_two_phase_component_init_query
  [D] mca_fcoll_two_phase_domain_partition
  [D] mca_fcoll_two_phase_file_read_all
  [D] mca_fcoll_two_phase_file_write_all
  [D] mca_fcoll_two_phase_module_finalize
  [D] mca_fcoll_two_phase_module_init
  [D] mca_fs_base_file_select
  [D] mca_fs_base_file_unselect
  [D] mca_fs_base_find_available
  [D] mca_fs_base_get_fstype
  [D] mca_fs_base_get_parent_dir
  [D] mca_fs_ufs_component_file_query
  [D] mca_fs_ufs_component_file_unquery
  [D] mca_fs_ufs_component_init_query
  [D] mca_fs_ufs_file_close
  [D] mca_fs_ufs_file_delete
  [D] mca_fs_ufs_file_get_size
  [D] mca_fs_ufs_file_open
  [D] mca_fs_ufs_file_set_size
  [D] mca_fs_ufs_file_sync
  [D] mca_fs_ufs_module_finalize
  [D] mca_fs_ufs_module_init
  [D] mca_io_ompio_build_io_array
  [D] mca_io_ompio_cart_based_grouping
  [D] mca_io_ompio_component_progress
  [D] mca_io_ompio_file_close
  [D] mca_io_ompio_file_delete
  [D] mca_io_ompio_file_get_amode
  [D] mca_io_ompio_file_get_atomicity
  [D] mca_io_ompio_file_get_byte_offset
  [D] mca_io_ompio_file_get_info
  [D] mca_io_ompio_file_get_position
  [D] mca_io_ompio_file_get_position_shared
  [D] mca_io_ompio_file_get_size
  [D] mca_io_ompio_file_get_type_extent
  [D] mca_io_ompio_file_get_view
  [D] mca_io_ompio_file_iread
  [D] mca_io_ompio_file_iread_all
  [D] mca_io_ompio_file_iread_at
  [D] mca_io_ompio_file_iread_at_all
  [D] mca_io_ompio_file_iread_shared
  [D] mca_io_ompio_file_iwrite
  [D] mca_io_ompio_file_iwrite_all
  [D] mca_io_ompio_file_iwrite_at
  [D] mca_io_ompio_file_iwrite_at_all
  [D] mca_io_ompio_file_iwrite_shared
  [D] mca_io_ompio_file_open
  [D] mca_io_ompio_file_preallocate
  [D] mca_io_ompio_file_read
  [D] mca_io_ompio_file_read_all
  [D] mca_io_ompio_file_read_all_begin
  [D] mca_io_ompio_file_read_all_end
  [D] mca_io_ompio_file_read_at
  [D] mca_io_ompio_file_read_at_all
  [D] mca_io_ompio_file_read_at_all_begin
  [D] mca_io_ompio_file_read_at_all_end
  [D] mca_io_ompio_file_read_ordered
  [D] mca_io_ompio_file_read_ordered_begin
  [D] mca_io_ompio_file_read_ordered_end
  [D] mca_io_ompio_file_read_shared
  [D] mca_io_ompio_file_seek
  [D] mca_io_ompio_file_seek_shared
  [D] mca_io_ompio_file_set_atomicity
  [D] mca_io_ompio_file_set_info
  [D] mca_io_ompio_file_set_size
  [D] mca_io_ompio_file_set_view
  [D] mca_io_ompio_file_sync
  [D] mca_io_ompio_file_write
  [D] mca_io_ompio_file_write_all
  [D] mca_io_ompio_file_write_all_begin
  [D] mca_io_ompio_file_write_all_end
  [D] mca_io_ompio_file_write_at
  [D] mca_io_ompio_file_write_at_all
  [D] mca_io_ompio_file_write_at_all_begin
  [D] mca_io_ompio_file_write_at_all_end
  [D] mca_io_ompio_file_write_ordered
  [D] mca_io_ompio_file_write_ordered_begin
  [D] mca_io_ompio_file_write_ordered_end
  [D] mca_io_ompio_file_write_shared
  [D] mca_io_ompio_finalize_initial_grouping
  [D] mca_io_ompio_fview_based_grouping
  [D] mca_io_ompio_get_bytes_per_agg
  [D] mca_io_ompio_get_num_aggregators
  [D] mca_io_ompio_set_view_internal
  [D] mca_io_ompio_simple_grouping
  [D] mca_io_romio314_dist_MPIR_Status_set_bytes
  [D] mca_io_romio314_dist_MPI_File_close
  [D] mca_io_romio314_dist_MPI_File_delete
  [D] mca_io_romio314_dist_MPI_File_get_amode
  [D] mca_io_romio314_dist_MPI_File_get_atomicity
  [D] mca_io_romio314_dist_MPI_File_get_byte_offset
  [D] mca_io_romio314_dist_MPI_File_get_group
  [D] mca_io_romio314_dist_MPI_File_get_info
  [D] mca_io_romio314_dist_MPI_File_get_position
  [D] mca_io_romio314_dist_MPI_File_get_position_shared
  [D] mca_io_romio314_dist_MPI_File_get_size
  [D] mca_io_romio314_dist_MPI_File_get_type_extent
  [D] mca_io_romio314_dist_MPI_File_get_view
  [D] mca_io_romio314_dist_MPI_File_iread
  [D] mca_io_romio314_dist_MPI_File_iread_at
  [D] mca_io_romio314_dist_MPI_File_iread_shared
  [D] mca_io_romio314_dist_MPI_File_iwrite
  [D] mca_io_romio314_dist_MPI_File_iwrite_at
  [D] mca_io_romio314_dist_MPI_File_iwrite_shared
  [D] mca_io_romio314_dist_MPI_File_open
  [D] mca_io_romio314_dist_MPI_File_preallocate
  [D] mca_io_romio314_dist_MPI_File_read
  [D] mca_io_romio314_dist_MPI_File_read_all
  [D] mca_io_romio314_dist_MPI_File_read_all_begin
  [D] mca_io_romio314_dist_MPI_File_read_all_end
  [D] mca_io_romio314_dist_MPI_File_read_at
  [D] mca_io_romio314_dist_MPI_File_read_at_all
  [D] mca_io_romio314_dist_MPI_File_read_at_all_begin
  [D] mca_io_romio314_dist_MPI_File_read_at_all_end
  [D] mca_io_romio314_dist_MPI_File_read_ordered
  [D] mca_io_romio314_dist_MPI_File_read_ordered_begin
  [D] mca_io_romio314_dist_MPI_File_read_ordered_end
  [D] mca_io_romio314_dist_MPI_File_read_shared
  [D] mca_io_romio314_dist_MPI_File_seek
  [D] mca_io_romio314_dist_MPI_File_seek_shared
  [D] mca_io_romio314_dist_MPI_File_set_atomicity
  [D] mca_io_romio314_dist_MPI_File_set_info
  [D] mca_io_romio314_dist_MPI_File_set_size
  [D] mca_io_romio314_dist_MPI_File_set_view
  [D] mca_io_romio314_dist_MPI_File_sync
  [D] mca_io_romio314_dist_MPI_File_write
  [D] mca_io_romio314_dist_MPI_File_write_all
  [D] mca_io_romio314_dist_MPI_File_write_all_begin
  [D] mca_io_romio314_dist_MPI_File_write_all_end
  [D] mca_io_romio314_dist_MPI_File_write_at
  [D] mca_io_romio314_dist_MPI_File_write_at_all
  [D] mca_io_romio314_dist_MPI_File_write_at_all_begin
  [D] mca_io_romio314_dist_MPI_File_write_at_all_end
  [D] mca_io_romio314_dist_MPI_File_write_ordered
  [D] mca_io_romio314_dist_MPI_File_write_ordered_begin
  [D] mca_io_romio314_dist_MPI_File_write_ordered_end
  [D] mca_io_romio314_dist_MPI_File_write_shared
  [D] mca_io_romio314_dist_MPI_Register_datarep
  [D] mca_io_romio314_file_close
  [D] mca_io_romio314_file_get_amode
  [D] mca_io_romio314_file_get_atomicity
  [D] mca_io_romio314_file_get_byte_offset
  [D] mca_io_romio314_file_get_info
  [D] mca_io_romio314_file_get_position
  [D] mca_io_romio314_file_get_position_shared
  [D] mca_io_romio314_file_get_size
  [D] mca_io_romio314_file_get_type_extent
  [D] mca_io_romio314_file_get_view
  [D] mca_io_romio314_file_iread
  [D] mca_io_romio314_file_iread_at
  [D] mca_io_romio314_file_iread_shared
  [D] mca_io_romio314_file_iwrite
  [D] mca_io_romio314_file_iwrite_at
  [D] mca_io_romio314_file_iwrite_shared
  [D] mca_io_romio314_file_open
  [D] mca_io_romio314_file_preallocate
  [D] mca_io_romio314_file_read
  [D] mca_io_romio314_file_read_all
  [D] mca_io_romio314_file_read_all_begin
  [D] mca_io_romio314_file_read_all_end
  [D] mca_io_romio314_file_read_at
  [D] mca_io_romio314_file_read_at_all
  [D] mca_io_romio314_file_read_at_all_begin
  [D] mca_io_romio314_file_read_at_all_end
  [D] mca_io_romio314_file_read_ordered
  [D] mca_io_romio314_file_read_ordered_begin
  [D] mca_io_romio314_file_read_ordered_end
  [D] mca_io_romio314_file_read_shared
  [D] mca_io_romio314_file_seek
  [D] mca_io_romio314_file_seek_shared
  [D] mca_io_romio314_file_set_atomicity
  [D] mca_io_romio314_file_set_info
  [D] mca_io_romio314_file_set_size
  [D] mca_io_romio314_file_set_view
  [D] mca_io_romio314_file_sync
  [D] mca_io_romio314_file_write
  [D] mca_io_romio314_file_write_all
  [D] mca_io_romio314_file_write_all_begin
  [D] mca_io_romio314_file_write_all_end
  [D] mca_io_romio314_file_write_at
  [D] mca_io_romio314_file_write_at_all
  [D] mca_io_romio314_file_write_at_all_begin
  [D] mca_io_romio314_file_write_at_all_end
  [D] mca_io_romio314_file_write_ordered
  [D] mca_io_romio314_file_write_ordered_begin
  [D] mca_io_romio314_file_write_ordered_end
  [D] mca_io_romio314_file_write_shared
  [D] mca_pml_base_bsend_attach
  [D] mca_pml_base_bsend_detach
  [D] mca_pml_cm_add_comm
  [D] mca_pml_cm_add_procs
  [D] mca_pml_cm_cancel
  [D] mca_pml_cm_del_comm
  [D] mca_pml_cm_del_procs
  [D] mca_pml_cm_dump
  [D] mca_pml_cm_enable
  [D] mca_pml_cm_recv_request_completion
  [D] mca_pml_cm_send_request_completion
  [D] mca_pml_cm_start
  [D] mca_pml_ob1_add_comm
  [D] mca_pml_ob1_add_procs
  [D] mca_pml_ob1_com_btl_comp
  [D] mca_pml_ob1_comm_init_size
  [D] mca_pml_ob1_del_comm
  [D] mca_pml_ob1_del_procs
  [D] mca_pml_ob1_dump
  [D] mca_pml_ob1_enable
  [D] mca_pml_ob1_error_handler
  [D] mca_pml_ob1_improbe
  [D] mca_pml_ob1_imrecv
  [D] mca_pml_ob1_iprobe
  [D] mca_pml_ob1_irecv
  [D] mca_pml_ob1_irecv_init
  [D] mca_pml_ob1_isend
  [D] mca_pml_ob1_isend_init
  [D] mca_pml_ob1_mprobe
  [D] mca_pml_ob1_mrecv
  [D] mca_pml_ob1_probe
  [D] mca_pml_ob1_process_pending_packets
  [D] mca_pml_ob1_process_pending_rdma
  [D] mca_pml_ob1_progress
  [D] mca_pml_ob1_rdma_btls
  [D] mca_pml_ob1_rdma_pipeline_btls
  [D] mca_pml_ob1_rdma_pipeline_btls_count
  [D] mca_pml_ob1_recv
  [D] mca_pml_ob1_recv_frag_callback_ack
  [D] mca_pml_ob1_recv_frag_callback_fin
  [D] mca_pml_ob1_recv_frag_callback_frag
  [D] mca_pml_ob1_recv_frag_callback_match
  [D] mca_pml_ob1_recv_frag_callback_put
  [D] mca_pml_ob1_recv_frag_callback_rget
  [D] mca_pml_ob1_recv_frag_callback_rndv
  [D] mca_pml_ob1_recv_req_start
  [D] mca_pml_ob1_recv_request_ack_send_btl
  [D] mca_pml_ob1_recv_request_get_frag
  [D] mca_pml_ob1_recv_request_matched_probe
  [D] mca_pml_ob1_recv_request_process_pending
  [D] mca_pml_ob1_recv_request_progress_frag
  [D] mca_pml_ob1_recv_request_progress_match
  [D] mca_pml_ob1_recv_request_progress_rget
  [D] mca_pml_ob1_recv_request_progress_rndv
  [D] mca_pml_ob1_recv_request_schedule_once
  [D] mca_pml_ob1_seg_alloc
  [D] mca_pml_ob1_seg_free
  [D] mca_pml_ob1_send
  [D] mca_pml_ob1_send_fin
  [D] mca_pml_ob1_send_request_copy_in_out
  [D] mca_pml_ob1_send_request_process_pending
  [D] mca_pml_ob1_send_request_put
  [D] mca_pml_ob1_send_request_put_frag
  [D] mca_pml_ob1_send_request_schedule_once
  [D] mca_pml_ob1_send_request_start_buffered
  [D] mca_pml_ob1_send_request_start_copy
  [D] mca_pml_ob1_send_request_start_prepare
  [D] mca_pml_ob1_send_request_start_rdma
  [D] mca_pml_ob1_send_request_start_rndv
  [D] mca_pml_ob1_start
  [D] mca_sharedfp_base_file_select
  [D] mca_sharedfp_base_file_unselect
  [D] mca_sharedfp_base_find_available
  [D] mca_sharedfp_individual_assign_globaloffset
  [D] mca_sharedfp_individual_collaborate_data
  [D] mca_sharedfp_individual_component_file_query
  [D] mca_sharedfp_individual_component_file_unquery
  [D] mca_sharedfp_individual_component_init_query
  [D] mca_sharedfp_individual_create_buff
  [D] mca_sharedfp_individual_file_close
  [D] mca_sharedfp_individual_file_open
  [D] mca_sharedfp_individual_get_position
  [D] mca_sharedfp_individual_get_timestamps_and_reclengths
  [D] mca_sharedfp_individual_getoffset
  [D] mca_sharedfp_individual_gettime
  [D] mca_sharedfp_individual_insert_headnode
  [D] mca_sharedfp_individual_insert_metadata
  [D] mca_sharedfp_individual_iread
  [D] mca_sharedfp_individual_iwrite
  [D] mca_sharedfp_individual_module_finalize
  [D] mca_sharedfp_individual_module_init
  [D] mca_sharedfp_individual_read
  [D] mca_sharedfp_individual_read_ordered
  [D] mca_sharedfp_individual_read_ordered_begin
  [D] mca_sharedfp_individual_read_ordered_end
  [D] mca_sharedfp_individual_seek
  [D] mca_sharedfp_individual_sort_timestamps
  [D] mca_sharedfp_individual_write
  [D] mca_sharedfp_individual_write_metadata_file
  [D] mca_sharedfp_individual_write_ordered
  [D] mca_sharedfp_individual_write_ordered_begin
  [D] mca_sharedfp_individual_write_ordered_end
  [D] mca_sharedfp_lockedfile_component_file_query
  [D] mca_sharedfp_lockedfile_component_file_unquery
  [D] mca_sharedfp_lockedfile_component_init_query
  [D] mca_sharedfp_lockedfile_file_close
  [D] mca_sharedfp_lockedfile_file_open
  [D] mca_sharedfp_lockedfile_get_position
  [D] mca_sharedfp_lockedfile_iread
  [D] mca_sharedfp_lockedfile_iwrite
  [D] mca_sharedfp_lockedfile_module_finalize
  [D] mca_sharedfp_lockedfile_module_init
  [D] mca_sharedfp_lockedfile_read
  [D] mca_sharedfp_lockedfile_read_ordered
  [D] mca_sharedfp_lockedfile_read_ordered_begin
  [D] mca_sharedfp_lockedfile_read_ordered_end
  [D] mca_sharedfp_lockedfile_request_position
  [D] mca_sharedfp_lockedfile_seek
  [D] mca_sharedfp_lockedfile_write
  [D] mca_sharedfp_lockedfile_write_ordered
  [D] mca_sharedfp_lockedfile_write_ordered_begin
  [D] mca_sharedfp_lockedfile_write_ordered_end
  [D] mca_sharedfp_sm_component_file_query
  [D] mca_sharedfp_sm_component_file_unquery
  [D] mca_sharedfp_sm_component_init_query
  [D] mca_sharedfp_sm_file_close
  [D] mca_sharedfp_sm_file_open
  [D] mca_sharedfp_sm_get_position
  [D] mca_sharedfp_sm_iread
  [D] mca_sharedfp_sm_iwrite
  [D] mca_sharedfp_sm_module_finalize
  [D] mca_sharedfp_sm_module_init
  [D] mca_sharedfp_sm_read
  [D] mca_sharedfp_sm_read_ordered
  [D] mca_sharedfp_sm_read_ordered_begin
  [D] mca_sharedfp_sm_read_ordered_end
  [D] mca_sharedfp_sm_request_position
  [D] mca_sharedfp_sm_seek
  [D] mca_sharedfp_sm_write
  [D] mca_sharedfp_sm_write_ordered
  [D] mca_sharedfp_sm_write_ordered_begin
  [D] mca_sharedfp_sm_write_ordered_end
  [D] mca_topo_base_cart_map
  [D] mca_topo_base_comm_select
  [D] mca_topo_base_dist_graph_create
  [D] mca_topo_base_dist_graph_create_adjacent
  [D] mca_topo_base_dist_graph_distribute
  [D] mca_topo_base_dist_graph_neighbors
  [D] mca_topo_base_dist_graph_neighbors_count
  [D] mca_topo_base_find_available
  [D] mca_topo_base_graph_map
  [D] mca_topo_base_lazy_init
  [D] mca_vprotocol_base_set_include_list
  [D] mca_vprotocol_pessimist_add_comm
  [D] mca_vprotocol_pessimist_add_procs
  [D] mca_vprotocol_pessimist_del_comm
  [D] mca_vprotocol_pessimist_del_procs
  [D] mca_vprotocol_pessimist_dump
  [D] mca_vprotocol_pessimist_enable
  [D] mca_vprotocol_pessimist_iprobe
  [D] mca_vprotocol_pessimist_irecv
  [D] mca_vprotocol_pessimist_isend
  [D] mca_vprotocol_pessimist_probe
  [D] mca_vprotocol_pessimist_recv
  [D] mca_vprotocol_pessimist_request_free
  [D] mca_vprotocol_pessimist_send
  [D] mca_vprotocol_pessimist_test
  [D] mca_vprotocol_pessimist_test_all
  [D] mca_vprotocol_pessimist_test_any
  [D] mca_vprotocol_pessimist_test_some
  [D] mca_vprotocol_pessimist_wait_any
  [D] mca_vprotocol_pessimist_wait_some
  [D] mpi_aint_add_f90
  [D] mpi_aint_add_f90_
  [D] mpi_aint_add_f90__
  [D] mpi_aint_diff_f90
  [D] mpi_aint_diff_f90_
  [D] mpi_aint_diff_f90__
  [D] mpit_lock
  [D] mpit_unlock
  [D] netpatterns_base_err
  [D] netpatterns_cleanup_narray_knomial_tree
  [D] netpatterns_cleanup_recursive_doubling_tree_node
  [D] netpatterns_cleanup_recursive_knomial_allgather_tree_node
  [D] netpatterns_cleanup_recursive_knomial_tree_node
  [D] netpatterns_init
  [D] netpatterns_register_mca_params
  [D] netpatterns_setup_multinomial_tree
  [D] netpatterns_setup_narray_knomial_tree
  [D] netpatterns_setup_narray_tree
  [D] netpatterns_setup_narray_tree_contigous_ranks
  [D] netpatterns_setup_recursive_doubling_n_tree_node
  [D] netpatterns_setup_recursive_doubling_tree_node
  [D] netpatterns_setup_recursive_knomial_allgather_tree_node
  [D] netpatterns_setup_recursive_knomial_tree_node
  [D] ompi_attr_copy_all
  [D] ompi_attr_create_keyval_aint
  [D] ompi_attr_create_keyval_fint
  [D] ompi_attr_create_predefined
  [D] ompi_attr_delete
  [D] ompi_attr_delete_all
  [D] ompi_attr_finalize
  [D] ompi_attr_free_keyval
  [D] ompi_attr_free_predefined
  [D] ompi_attr_get_c
  [D] ompi_attr_init
  [D] ompi_attr_set_c
  [D] ompi_coll_base_allgather_intra_basic_linear
  [D] ompi_coll_base_allgather_intra_bruck
  [D] ompi_coll_base_allgather_intra_neighborexchange
  [D] ompi_coll_base_allgather_intra_recursivedoubling
  [D] ompi_coll_base_allgather_intra_ring
  [D] ompi_coll_base_allgather_intra_two_procs
  [D] ompi_coll_base_allgatherv_intra_basic_default
  [D] ompi_coll_base_allgatherv_intra_bruck
  [D] ompi_coll_base_allgatherv_intra_neighborexchange
  [D] ompi_coll_base_allgatherv_intra_ring
  [D] ompi_coll_base_allgatherv_intra_two_procs
  [D] ompi_coll_base_allreduce_intra_basic_linear
  [D] ompi_coll_base_allreduce_intra_nonoverlapping
  [D] ompi_coll_base_allreduce_intra_recursivedoubling
  [D] ompi_coll_base_allreduce_intra_ring
  [D] ompi_coll_base_allreduce_intra_ring_segmented
  [D] ompi_coll_base_alltoall_intra_basic_linear
  [D] ompi_coll_base_alltoall_intra_bruck
  [D] ompi_coll_base_alltoall_intra_linear_sync
  [D] ompi_coll_base_alltoall_intra_pairwise
  [D] ompi_coll_base_alltoall_intra_two_procs
  [D] ompi_coll_base_alltoallv_intra_basic_linear
  [D] ompi_coll_base_alltoallv_intra_pairwise
  [D] ompi_coll_base_barrier_intra_basic_linear
  [D] ompi_coll_base_barrier_intra_bruck
  [D] ompi_coll_base_barrier_intra_doublering
  [D] ompi_coll_base_barrier_intra_recursivedoubling
  [D] ompi_coll_base_barrier_intra_tree
  [D] ompi_coll_base_barrier_intra_two_procs
  [D] ompi_coll_base_bcast_intra_basic_linear
  [D] ompi_coll_base_bcast_intra_binomial
  [D] ompi_coll_base_bcast_intra_bintree
  [D] ompi_coll_base_bcast_intra_chain
  [D] ompi_coll_base_bcast_intra_generic
  [D] ompi_coll_base_bcast_intra_pipeline
  [D] ompi_coll_base_bcast_intra_split_bintree
  [D] ompi_coll_base_gather_intra_basic_linear
  [D] ompi_coll_base_gather_intra_binomial
  [D] ompi_coll_base_gather_intra_linear_sync
  [D] ompi_coll_base_reduce_generic
  [D] ompi_coll_base_reduce_intra_basic_linear
  [D] ompi_coll_base_reduce_intra_binary
  [D] ompi_coll_base_reduce_intra_binomial
  [D] ompi_coll_base_reduce_intra_chain
  [D] ompi_coll_base_reduce_intra_in_order_binary
  [D] ompi_coll_base_reduce_intra_pipeline
  [D] ompi_coll_base_reduce_scatter_intra_basic_recursivehalving
  [D] ompi_coll_base_reduce_scatter_intra_nonoverlapping
  [D] ompi_coll_base_reduce_scatter_intra_ring
  [D] ompi_coll_base_scatter_intra_basic_linear
  [D] ompi_coll_base_scatter_intra_binomial
  [D] ompi_coll_base_sendrecv_nonzero_actual
  [D] ompi_coll_base_topo_build_bmtree
  [D] ompi_coll_base_topo_build_chain
  [D] ompi_coll_base_topo_build_in_order_bintree
  [D] ompi_coll_base_topo_build_in_order_bmtree
  [D] ompi_coll_base_topo_build_tree
  [D] ompi_coll_base_topo_destroy_tree
  [D] ompi_coll_base_topo_dump_tree
  [D] ompi_coll_libnbc_iallgather
  [D] ompi_coll_libnbc_iallgather_inter
  [D] ompi_coll_libnbc_iallgatherv
  [D] ompi_coll_libnbc_iallgatherv_inter
  [D] ompi_coll_libnbc_iallreduce
  [D] ompi_coll_libnbc_iallreduce_inter
  [D] ompi_coll_libnbc_ialltoall
  [D] ompi_coll_libnbc_ialltoall_inter
  [D] ompi_coll_libnbc_ialltoallv
  [D] ompi_coll_libnbc_ialltoallv_inter
  [D] ompi_coll_libnbc_ialltoallw
  [D] ompi_coll_libnbc_ialltoallw_inter
  [D] ompi_coll_libnbc_ibarrier
  [D] ompi_coll_libnbc_ibarrier_inter
  [D] ompi_coll_libnbc_ibcast
  [D] ompi_coll_libnbc_ibcast_inter
  [D] ompi_coll_libnbc_iexscan
  [D] ompi_coll_libnbc_igather
  [D] ompi_coll_libnbc_igather_inter
  [D] ompi_coll_libnbc_igatherv
  [D] ompi_coll_libnbc_igatherv_inter
  [D] ompi_coll_libnbc_ineighbor_allgather
  [D] ompi_coll_libnbc_ineighbor_allgatherv
  [D] ompi_coll_libnbc_ineighbor_alltoall
  [D] ompi_coll_libnbc_ineighbor_alltoallv
  [D] ompi_coll_libnbc_ineighbor_alltoallw
  [D] ompi_coll_libnbc_ireduce
  [D] ompi_coll_libnbc_ireduce_inter
  [D] ompi_coll_libnbc_ireduce_scatter
  [D] ompi_coll_libnbc_ireduce_scatter_block
  [D] ompi_coll_libnbc_ireduce_scatter_block_inter
  [D] ompi_coll_libnbc_ireduce_scatter_inter
  [D] ompi_coll_libnbc_iscan
  [D] ompi_coll_libnbc_iscatter
  [D] ompi_coll_libnbc_iscatter_inter
  [D] ompi_coll_libnbc_iscatterv
  [D] ompi_coll_libnbc_iscatterv_inter
  [D] ompi_coll_libnbc_progress
  [D] ompi_coll_sm_lazy_enable
  [D] ompi_coll_tuned_allgather_intra_check_forced_init
  [D] ompi_coll_tuned_allgather_intra_dec_dynamic
  [D] ompi_coll_tuned_allgather_intra_dec_fixed
  [D] ompi_coll_tuned_allgather_intra_do_forced
  [D] ompi_coll_tuned_allgather_intra_do_this
  [D] ompi_coll_tuned_allgatherv_intra_check_forced_init
  [D] ompi_coll_tuned_allgatherv_intra_dec_dynamic
  [D] ompi_coll_tuned_allgatherv_intra_dec_fixed
  [D] ompi_coll_tuned_allgatherv_intra_do_forced
  [D] ompi_coll_tuned_allgatherv_intra_do_this
  [D] ompi_coll_tuned_allreduce_intra_check_forced_init
  [D] ompi_coll_tuned_allreduce_intra_dec_dynamic
  [D] ompi_coll_tuned_allreduce_intra_dec_fixed
  [D] ompi_coll_tuned_allreduce_intra_do_forced
  [D] ompi_coll_tuned_allreduce_intra_do_this
  [D] ompi_coll_tuned_alltoall_intra_check_forced_init
  [D] ompi_coll_tuned_alltoall_intra_dec_dynamic
  [D] ompi_coll_tuned_alltoall_intra_dec_fixed
  [D] ompi_coll_tuned_alltoall_intra_do_forced
  [D] ompi_coll_tuned_alltoall_intra_do_this
  [D] ompi_coll_tuned_alltoallv_intra_check_forced_init
  [D] ompi_coll_tuned_alltoallv_intra_dec_dynamic
  [D] ompi_coll_tuned_alltoallv_intra_dec_fixed
  [D] ompi_coll_tuned_alltoallv_intra_do_forced
  [D] ompi_coll_tuned_alltoallv_intra_do_this
  [D] ompi_coll_tuned_barrier_intra_check_forced_init
  [D] ompi_coll_tuned_barrier_intra_dec_dynamic
  [D] ompi_coll_tuned_barrier_intra_dec_fixed
  [D] ompi_coll_tuned_barrier_intra_do_forced
  [D] ompi_coll_tuned_barrier_intra_do_this
  [D] ompi_coll_tuned_bcast_intra_check_forced_init
  [D] ompi_coll_tuned_bcast_intra_dec_dynamic
  [D] ompi_coll_tuned_bcast_intra_dec_fixed
  [D] ompi_coll_tuned_bcast_intra_do_forced
  [D] ompi_coll_tuned_bcast_intra_do_this
  [D] ompi_coll_tuned_comm_query
  [D] ompi_coll_tuned_dump_alg_rule
  [D] ompi_coll_tuned_dump_all_rules
  [D] ompi_coll_tuned_dump_com_rule
  [D] ompi_coll_tuned_dump_msg_rule
  [D] ompi_coll_tuned_free_all_rules
  [D] ompi_coll_tuned_free_coms_in_alg_rule
  [D] ompi_coll_tuned_free_msg_rules_in_com_rule
  [D] ompi_coll_tuned_gather_intra_check_forced_init
  [D] ompi_coll_tuned_gather_intra_dec_dynamic
  [D] ompi_coll_tuned_gather_intra_dec_fixed
  [D] ompi_coll_tuned_gather_intra_do_forced
  [D] ompi_coll_tuned_gather_intra_do_this
  [D] ompi_coll_tuned_get_com_rule_ptr
  [D] ompi_coll_tuned_get_target_method_params
  [D] ompi_coll_tuned_init_query
  [D] ompi_coll_tuned_mk_alg_rules
  [D] ompi_coll_tuned_mk_com_rules
  [D] ompi_coll_tuned_mk_msg_rules
  [D] ompi_coll_tuned_read_rules_config_file
  [D] ompi_coll_tuned_reduce_intra_check_forced_init
  [D] ompi_coll_tuned_reduce_intra_dec_dynamic
  [D] ompi_coll_tuned_reduce_intra_dec_fixed
  [D] ompi_coll_tuned_reduce_intra_do_forced
  [D] ompi_coll_tuned_reduce_intra_do_this
  [D] ompi_coll_tuned_reduce_scatter_intra_check_forced_init
  [D] ompi_coll_tuned_reduce_scatter_intra_dec_dynamic
  [D] ompi_coll_tuned_reduce_scatter_intra_dec_fixed
  [D] ompi_coll_tuned_reduce_scatter_intra_do_forced
  [D] ompi_coll_tuned_reduce_scatter_intra_do_this
  [D] ompi_coll_tuned_scatter_intra_check_forced_init
  [D] ompi_coll_tuned_scatter_intra_dec_dynamic
  [D] ompi_coll_tuned_scatter_intra_dec_fixed
  [D] ompi_coll_tuned_scatter_intra_do_forced
  [D] ompi_coll_tuned_scatter_intra_do_this
  [D] ompi_comm_activate_nb
  [D] ompi_comm_allocate
  [D] ompi_comm_cid_init
  [D] ompi_comm_compare
  [D] ompi_comm_create
  [D] ompi_comm_create_group
  [D] ompi_comm_determine_first
  [D] ompi_comm_dump
  [D] ompi_comm_dup_fn_f, aliases mpi_comm_dup_fn, MPI_COMM_DUP_FN, mpi_comm_dup_fn_, mpi_comm_dup_fn__
  [D] ompi_comm_dup_with_info
  [D] ompi_comm_enable
  [D] ompi_comm_finalize
  [D] ompi_comm_get_rprocs
  [D] ompi_comm_idup
  [D] ompi_comm_idup_with_info
  [D] ompi_comm_init
  [D] ompi_comm_neighbors
  [D] ompi_comm_neighbors_count
  [D] ompi_comm_nextcid_nb
  [D] ompi_comm_null_copy_fn_f
  [D] ompi_comm_null_delete_fn_f, aliases mpi_comm_null_delete_fn__, MPI_COMM_NULL_DELETE_FN, mpi_comm_null_delete_fn
  [D] ompi_comm_overlapping_groups
  [D] ompi_comm_request_fini
  [D] ompi_comm_request_get
  [D] ompi_comm_request_init
  [D] ompi_comm_request_return
  [D] ompi_comm_request_schedule_append
  [D] ompi_comm_request_start
  [D] ompi_comm_set_name
  [D] ompi_comm_set_nb
  [D] ompi_comm_split_type
  [D] ompi_datatype_copy_args
  [D] ompi_datatype_create
  [D] ompi_datatype_create_contiguous
  [D] ompi_datatype_create_darray
  [D] ompi_datatype_create_from_packed_description
  [D] ompi_datatype_create_hindexed
  [D] ompi_datatype_create_hindexed_block
  [D] ompi_datatype_create_hvector
  [D] ompi_datatype_create_indexed
  [D] ompi_datatype_create_indexed_block
  [D] ompi_datatype_create_struct
  [D] ompi_datatype_create_subarray
  [D] ompi_datatype_create_vector
  [D] ompi_datatype_default_convertors_fini
  [D] ompi_datatype_default_convertors_init
  [D] ompi_datatype_destroy
  [D] ompi_datatype_dump
  [D] ompi_datatype_duplicate
  [D] ompi_datatype_finalize
  [D] ompi_datatype_get_args
  [D] ompi_datatype_get_elements
  [D] ompi_datatype_get_pack_description
  [D] ompi_datatype_get_single_predefined_type_from_args
  [D] ompi_datatype_init
  [D] ompi_datatype_match_size
  [D] ompi_datatype_pack_description_length
  [D] ompi_datatype_pack_external
  [D] ompi_datatype_pack_external_size
  [D] ompi_datatype_print_args
  [D] ompi_datatype_release_args
  [D] ompi_datatype_set_args
  [D] ompi_datatype_sndrcv
  [D] ompi_datatype_unpack_external
  [D] ompi_dpm_close_port
  [D] ompi_dpm_connect_accept
  [D] ompi_dpm_disconnect
  [D] ompi_dpm_dyn_finalize
  [D] ompi_dpm_dyn_init
  [D] ompi_dpm_finalize
  [D] ompi_dpm_init
  [D] ompi_dpm_mark_dyncomm
  [D] ompi_dpm_open_port
  [D] ompi_dpm_spawn
  [D] ompi_dup_fn_f, aliases mpi_dup_fn_, mpi_dup_fn__
  [D] ompi_errcode_intern_finalize
  [D] ompi_errcode_intern_init
  [D] ompi_errhandler_finalize
  [D] ompi_errhandler_init
  [D] ompi_errhandler_request_invoke
  [D] ompi_errhandler_runtime_callback
  [D] ompi_file_close
  [D] ompi_file_finalize
  [D] ompi_file_init
  [D] ompi_file_open
  [D] ompi_group_allocate_bmap
  [D] ompi_group_allocate_plist_w_procs
  [D] ompi_group_allocate_sporadic
  [D] ompi_group_allocate_strided
  [D] ompi_group_calc_bmap
  [D] ompi_group_calc_plist
  [D] ompi_group_calc_sporadic
  [D] ompi_group_calc_strided
  [D] ompi_group_compare
  [D] ompi_group_difference
  [D] ompi_group_div_ceil
  [D] ompi_group_dump
  [D] ompi_group_excl
  [D] ompi_group_finalize
  [D] ompi_group_free
  [D] ompi_group_get_proc_ptr_raw
  [D] ompi_group_have_remote_peers
  [D] ompi_group_incl
  [D] ompi_group_incl_bmap
  [D] ompi_group_incl_plist
  [D] ompi_group_incl_spor
  [D] ompi_group_incl_strided
  [D] ompi_group_init
  [D] ompi_group_intersection
  [D] ompi_group_minloc
  [D] ompi_group_range_excl
  [D] ompi_group_range_incl
  [D] ompi_group_translate_ranks_bmap
  [D] ompi_group_translate_ranks_bmap_reverse
  [D] ompi_group_translate_ranks_sporadic
  [D] ompi_group_translate_ranks_sporadic_reverse
  [D] ompi_group_translate_ranks_strided
  [D] ompi_group_translate_ranks_strided_reverse
  [D] ompi_group_union
  [D] ompi_info_close_components
  [D] ompi_info_delete
  [D] ompi_info_dup
  [D] ompi_info_finalize
  [D] ompi_info_free
  [D] ompi_info_get_nthkey
  [D] ompi_info_get_value_enum
  [D] ompi_info_init
  [D] ompi_info_register_framework_params
  [D] ompi_info_register_types
  [D] ompi_info_set
  [D] ompi_info_set_value_enum
  [D] ompi_info_show_ompi_version
  [D] ompi_info_value_to_int
  [D] ompi_init_preconnect_mpi
  [D] ompi_io_ompio_allgather_array
  [D] ompi_io_ompio_allgatherv_array
  [D] ompi_io_ompio_bcast_array
  [D] ompi_io_ompio_break_file_view
  [D] ompi_io_ompio_decode_datatype
  [D] ompi_io_ompio_distribute_file_view
  [D] ompi_io_ompio_empty_print_queue
  [D] ompi_io_ompio_full_print_queue
  [D] ompi_io_ompio_gather_array
  [D] ompi_io_ompio_gather_data
  [D] ompi_io_ompio_gatherv_array
  [D] ompi_io_ompio_generate_current_file_view
  [D] ompi_io_ompio_initialize_print_queue
  [D] ompi_io_ompio_print_time_info
  [D] ompi_io_ompio_register_print_entry
  [D] ompi_io_ompio_scatter_data
  [D] ompi_io_ompio_scatterv_array
  [D] ompi_io_ompio_set_aggregator_props
  [D] ompi_io_ompio_set_explicit_offset
  [D] ompi_io_ompio_set_file_defaults
  [D] ompi_io_ompio_set_print_queue
  [D] ompi_io_ompio_sort
  [D] ompi_io_ompio_sort_iovec
  [D] ompi_io_ompio_sort_offlen
  [D] ompi_io_ompio_unregister_print_entry
  [D] ompi_message_finalize
  [D] ompi_message_init
  [D] ompi_mpi_abort
  [D] ompi_mpi_errclass_add
  [D] ompi_mpi_errcode_add
  [D] ompi_mpi_errcode_finalize
  [D] ompi_mpi_errcode_init
  [D] ompi_mpi_errnum_add_string
  [D] ompi_mpi_finalize
  [D] ompi_mpi_init
  [D] ompi_mpi_thread_level
  [D] ompi_mpiext_fini
  [D] ompi_mpiext_init
  [D] ompi_null_copy_fn_f, aliases mpi_null_copy_fn_, MPI_NULL_COPY_FN
  [D] ompi_null_delete_fn_f, aliases mpi_null_delete_fn__
  [D] ompi_op_base_find_available
  [D] ompi_op_base_op_select
  [D] ompi_op_create_user
  [D] ompi_op_finalize
  [D] ompi_op_init
  [D] ompi_op_set_java_callback
  [D] ompi_osc_base_finalize
  [D] ompi_osc_base_find_available
  [D] ompi_osc_base_select
  [D] ompi_osc_base_sndrcv_op
  [D] ompi_osc_get_data_blocking
  [D] ompi_osc_module_add_peer
  [D] ompi_osc_pt2pt_accumulate
  [D] ompi_osc_pt2pt_attach
  [D] ompi_osc_pt2pt_compare_and_swap
  [D] ompi_osc_pt2pt_complete
  [D] ompi_osc_pt2pt_component_irecv
  [D] ompi_osc_pt2pt_control_send
  [D] ompi_osc_pt2pt_control_send_unbuffered
  [D] ompi_osc_pt2pt_detach
  [D] ompi_osc_pt2pt_fence
  [D] ompi_osc_pt2pt_fetch_and_op
  [D] ompi_osc_pt2pt_flush
  [D] ompi_osc_pt2pt_flush_all
  [D] ompi_osc_pt2pt_flush_local
  [D] ompi_osc_pt2pt_flush_local_all
  [D] ompi_osc_pt2pt_frag_flush_all
  [D] ompi_osc_pt2pt_frag_flush_target
  [D] ompi_osc_pt2pt_frag_start
  [D] ompi_osc_pt2pt_frag_start_receive
  [D] ompi_osc_pt2pt_free
  [D] ompi_osc_pt2pt_get
  [D] ompi_osc_pt2pt_get_accumulate
  [D] ompi_osc_pt2pt_get_info
  [D] ompi_osc_pt2pt_irecv_w_cb
  [D] ompi_osc_pt2pt_isend_w_cb
  [D] ompi_osc_pt2pt_lock
  [D] ompi_osc_pt2pt_lock_all
  [D] ompi_osc_pt2pt_lock_remote
  [D] ompi_osc_pt2pt_post
  [D] ompi_osc_pt2pt_process_flush
  [D] ompi_osc_pt2pt_process_flush_ack
  [D] ompi_osc_pt2pt_process_lock
  [D] ompi_osc_pt2pt_process_lock_ack
  [D] ompi_osc_pt2pt_process_receive
  [D] ompi_osc_pt2pt_process_unlock
  [D] ompi_osc_pt2pt_process_unlock_ack
  [D] ompi_osc_pt2pt_progress_pending_acc
  [D] ompi_osc_pt2pt_put
  [D] ompi_osc_pt2pt_raccumulate
  [D] ompi_osc_pt2pt_rget
  [D] ompi_osc_pt2pt_rget_accumulate
  [D] ompi_osc_pt2pt_rput
  [D] ompi_osc_pt2pt_set_info
  [D] ompi_osc_pt2pt_start
  [D] ompi_osc_pt2pt_sync
  [D] ompi_osc_pt2pt_sync_allocate
  [D] ompi_osc_pt2pt_sync_pscw_peer
  [D] ompi_osc_pt2pt_sync_return
  [D] ompi_osc_pt2pt_test
  [D] ompi_osc_pt2pt_unlock
  [D] ompi_osc_pt2pt_unlock_all
  [D] ompi_osc_pt2pt_wait
  [D] ompi_osc_rdma_accumulate
  [D] ompi_osc_rdma_atomic_complete
  [D] ompi_osc_rdma_attach
  [D] ompi_osc_rdma_compare_and_swap
  [D] ompi_osc_rdma_complete_atomic
  [D] ompi_osc_rdma_detach
  [D] ompi_osc_rdma_fence_atomic
  [D] ompi_osc_rdma_fetch_and_op
  [D] ompi_osc_rdma_find_dynamic_region
  [D] ompi_osc_rdma_flush
  [D] ompi_osc_rdma_flush_all
  [D] ompi_osc_rdma_flush_local
  [D] ompi_osc_rdma_flush_local_all
  [D] ompi_osc_rdma_free
  [D] ompi_osc_rdma_get
  [D] ompi_osc_rdma_get_accumulate
  [D] ompi_osc_rdma_lock_all_atomic
  [D] ompi_osc_rdma_lock_atomic
  [D] ompi_osc_rdma_new_peer
  [D] ompi_osc_rdma_peer_aggregate_flush
  [D] ompi_osc_rdma_peer_btl_endpoint
  [D] ompi_osc_rdma_peer_lookup
  [D] ompi_osc_rdma_post_atomic
  [D] ompi_osc_rdma_put
  [D] ompi_osc_rdma_raccumulate
  [D] ompi_osc_rdma_rget
  [D] ompi_osc_rdma_rget_accumulate
  [D] ompi_osc_rdma_rput
  [D] ompi_osc_rdma_start_atomic
  [D] ompi_osc_rdma_sync
  [D] ompi_osc_rdma_sync_allocate
  [D] ompi_osc_rdma_sync_pscw_peer
  [D] ompi_osc_rdma_sync_return
  [D] ompi_osc_rdma_test_atomic
  [D] ompi_osc_rdma_unlock_all_atomic
  [D] ompi_osc_rdma_unlock_atomic
  [D] ompi_osc_rdma_wait_atomic
  [D] ompi_osc_sm_accumulate
  [D] ompi_osc_sm_attach
  [D] ompi_osc_sm_compare_and_swap
  [D] ompi_osc_sm_complete
  [D] ompi_osc_sm_detach
  [D] ompi_osc_sm_fence
  [D] ompi_osc_sm_fetch_and_op
  [D] ompi_osc_sm_flush
  [D] ompi_osc_sm_flush_all
  [D] ompi_osc_sm_flush_local
  [D] ompi_osc_sm_flush_local_all
  [D] ompi_osc_sm_free
  [D] ompi_osc_sm_get
  [D] ompi_osc_sm_get_accumulate
  [D] ompi_osc_sm_get_info
  [D] ompi_osc_sm_lock
  [D] ompi_osc_sm_lock_all
  [D] ompi_osc_sm_post
  [D] ompi_osc_sm_put
  [D] ompi_osc_sm_raccumulate
  [D] ompi_osc_sm_rget
  [D] ompi_osc_sm_rget_accumulate
  [D] ompi_osc_sm_rput
  [D] ompi_osc_sm_set_info
  [D] ompi_osc_sm_shared_query
  [D] ompi_osc_sm_start
  [D] ompi_osc_sm_sync
  [D] ompi_osc_sm_test
  [D] ompi_osc_sm_unlock
  [D] ompi_osc_sm_unlock_all
  [D] ompi_osc_sm_wait
  [D] ompi_proc_complete_init
  [D] ompi_proc_complete_init_single
  [D] ompi_proc_find_and_add
  [D] ompi_proc_for_name
  [D] ompi_proc_get_allocated
  [D] ompi_proc_lookup
  [D] ompi_proc_world_size
  [D] ompi_request_default_test
  [D] ompi_request_default_test_all
  [D] ompi_request_default_test_any
  [D] ompi_request_default_test_some
  [D] ompi_request_default_wait
  [D] ompi_request_default_wait_all
  [D] ompi_request_default_wait_any
  [D] ompi_request_default_wait_some
  [D] ompi_request_finalize
  [D] ompi_request_init
  [D] ompi_rte_abort
  [D] ompi_rte_wait_for_debugger
  [D] ompi_set_group_rank
  [D] ompi_show_all_mca_params
  [D] ompi_type_dup_fn_f, aliases mpi_type_dup_fn, MPI_TYPE_DUP_FN
  [D] ompi_type_null_copy_fn_f
  [D] ompi_type_null_delete_fn_f, aliases mpi_type_null_delete_fn__, mpi_type_null_delete_fn
  [D] ompi_win_allocate
  [D] ompi_win_allocate_shared
  [D] ompi_win_create
  [D] ompi_win_create_dynamic
  [D] ompi_win_dup_fn_f, aliases mpi_win_dup_fn, mpi_win_dup_fn__, mpi_win_dup_fn_, MPI_WIN_DUP_FN
  [D] ompi_win_finalize
  [D] ompi_win_free
  [D] ompi_win_get_name
  [D] ompi_win_group
  [D] ompi_win_init
  [D] ompi_win_null_copy_fn_f
  [D] ompi_win_null_delete_fn_f, aliases MPI_WIN_NULL_DELETE_FN, mpi_win_null_delete_fn__
  [D] ompi_win_set_name
  [D] ompio_io_ompio_file_close
  [D] ompio_io_ompio_file_get_position
  [D] ompio_io_ompio_file_get_size
  [D] ompio_io_ompio_file_iread
  [D] ompio_io_ompio_file_iread_at
  [D] ompio_io_ompio_file_iread_at_all
  [D] ompio_io_ompio_file_iwrite
  [D] ompio_io_ompio_file_iwrite_at
  [D] ompio_io_ompio_file_iwrite_at_all
  [D] ompio_io_ompio_file_open
  [D] ompio_io_ompio_file_read
  [D] ompio_io_ompio_file_read_at
  [D] ompio_io_ompio_file_read_at_all
  [D] ompio_io_ompio_file_write
  [D] ompio_io_ompio_file_write_at
  [D] ompio_io_ompio_file_write_at_all
  [D] ompit_opal_to_mpit_error
  [D] ompit_var_type_to_datatype
  [D] osc_pt2pt_incoming_complete
  [D] osc_pt2pt_incoming_post
  [D] pml_v_output_close
  [D] pml_v_output_open
  [D] read_find_next_index
  [D] read_get_process_id
  [D] read_local_heap_sort
  [D] roundup_to_power_radix
  [D] two_phase_heap_merge
  [D] vprotocol_pessimist_delivery_replay
  [D] vprotocol_pessimist_event_logger_connect
  [D] vprotocol_pessimist_event_logger_disconnect
  [D] vprotocol_pessimist_matching_replay
  [D] vprotocol_pessimist_sender_based_alloc
  [D] vprotocol_pessimist_sender_based_finalize
  [D] vprotocol_pessimist_sender_based_init

210 Added function symbols not referenced by debug info:

  [A] ADIOI_Flatten_copy_type
  [A] ADIOI_NFS_SetInfo
  [A] ADIOI_TESTFS_Get_shared_fp
  [A] ADIOI_TESTFS_Set_shared_fp
  [A] mca_allocator_base_close
  [A] mca_allocator_base_open
  [A] mca_allocator_component_lookup
  [A] mca_bml_base_close
  [A] mca_bml_base_ft_event
  [A] mca_bml_base_open
  [A] mca_btl_base_close
  [A] mca_btl_base_dump
  [A] mca_btl_base_err
  [A] mca_btl_base_error_no_nics
  [A] mca_btl_base_open
  [A] mca_btl_base_out
  [A] mca_btl_base_param_register
  [A] mca_btl_base_select
  [A] mca_coll_base_close
  [A] mca_coll_base_open
  [A] mca_common_sm_mmap_fini
  [A] mca_common_sm_mmap_init
  [A] mca_common_sm_mmap_seg_alloc
  [A] mca_io_base_close
  [A] mca_io_base_component_add
  [A] mca_io_base_component_del
  [A] mca_io_base_component_finalize
  [A] mca_io_base_component_init
  [A] mca_io_base_component_run_progress
  [A] mca_io_base_open
  [A] mca_io_base_request_free
  [A] mca_io_base_request_progress_add
  [A] mca_io_base_request_progress_del
  [A] mca_io_base_request_return
  [A] mca_io_romio_dist_MPI_File_close
  [A] mca_io_romio_dist_MPI_File_delete
  [A] mca_io_romio_dist_MPI_File_get_amode
  [A] mca_io_romio_dist_MPI_File_get_atomicity
  [A] mca_io_romio_dist_MPI_File_get_byte_offset
  [A] mca_io_romio_dist_MPI_File_get_errhandler
  [A] mca_io_romio_dist_MPI_File_get_group
  [A] mca_io_romio_dist_MPI_File_get_info
  [A] mca_io_romio_dist_MPI_File_get_position
  [A] mca_io_romio_dist_MPI_File_get_position_shared
  [A] mca_io_romio_dist_MPI_File_get_size
  [A] mca_io_romio_dist_MPI_File_get_type_extent
  [A] mca_io_romio_dist_MPI_File_get_view
  [A] mca_io_romio_dist_MPI_File_iread
  [A] mca_io_romio_dist_MPI_File_iread_at
  [A] mca_io_romio_dist_MPI_File_iread_shared
  [A] mca_io_romio_dist_MPI_File_iwrite
  [A] mca_io_romio_dist_MPI_File_iwrite_at
  [A] mca_io_romio_dist_MPI_File_iwrite_shared
  [A] mca_io_romio_dist_MPI_File_open
  [A] mca_io_romio_dist_MPI_File_preallocate
  [A] mca_io_romio_dist_MPI_File_read
  [A] mca_io_romio_dist_MPI_File_read_all
  [A] mca_io_romio_dist_MPI_File_read_all_begin
  [A] mca_io_romio_dist_MPI_File_read_all_end
  [A] mca_io_romio_dist_MPI_File_read_at
  [A] mca_io_romio_dist_MPI_File_read_at_all
  [A] mca_io_romio_dist_MPI_File_read_at_all_begin
  [A] mca_io_romio_dist_MPI_File_read_at_all_end
  [A] mca_io_romio_dist_MPI_File_read_ordered
  [A] mca_io_romio_dist_MPI_File_read_ordered_begin
  [A] mca_io_romio_dist_MPI_File_read_ordered_end
  [A] mca_io_romio_dist_MPI_File_read_shared
  [A] mca_io_romio_dist_MPI_File_seek
  [A] mca_io_romio_dist_MPI_File_seek_shared
  [A] mca_io_romio_dist_MPI_File_set_atomicity
  [A] mca_io_romio_dist_MPI_File_set_errhandler
  [A] mca_io_romio_dist_MPI_File_set_info
  [A] mca_io_romio_dist_MPI_File_set_size
  [A] mca_io_romio_dist_MPI_File_set_view
  [A] mca_io_romio_dist_MPI_File_sync
  [A] mca_io_romio_dist_MPI_File_write
  [A] mca_io_romio_dist_MPI_File_write_all
  [A] mca_io_romio_dist_MPI_File_write_all_begin
  [A] mca_io_romio_dist_MPI_File_write_all_end
  [A] mca_io_romio_dist_MPI_File_write_at
  [A] mca_io_romio_dist_MPI_File_write_at_all
  [A] mca_io_romio_dist_MPI_File_write_at_all_begin
  [A] mca_io_romio_dist_MPI_File_write_at_all_end
  [A] mca_io_romio_dist_MPI_File_write_ordered
  [A] mca_io_romio_dist_MPI_File_write_ordered_begin
  [A] mca_io_romio_dist_MPI_File_write_ordered_end
  [A] mca_io_romio_dist_MPI_File_write_shared
  [A] mca_io_romio_dist_MPI_Register_datarep
  [A] mca_mpool_base_alloc
  [A] mca_mpool_base_close
  [A] mca_mpool_base_component_lookup
  [A] mca_mpool_base_free
  [A] mca_mpool_base_init
  [A] mca_mpool_base_module_create
  [A] mca_mpool_base_module_destroy
  [A] mca_mpool_base_module_lookup
  [A] mca_mpool_base_open
  [A] mca_mpool_base_tree_node_compare
  [A] mca_pml_base_close
  [A] mca_pml_base_ft_event
  [A] mca_pml_base_open
  [A] mca_rcache_base_close
  [A] mca_rcache_base_module_create
  [A] mca_rcache_base_open
  [A] mca_topo_base_close
  [A] mca_topo_base_open
  [A] mca_vprotocol_base_close
  [A] mca_vprotocol_base_open
  [A] mpi_comm_dup_fn_f, aliases mpi_comm_dup_fn
  [A] mpi_comm_null_copy_fn_f, aliases mpi_comm_null_copy_fn_, mpi_comm_null_copy_fn, MPI_COMM_NULL_COPY_FN
  [A] mpi_comm_null_delete_fn_f
  [A] mpi_dup_fn_f, aliases mpi_dup_fn_, mpi_dup_fn
  [A] mpi_null_copy_fn_f, aliases mpi_null_copy_fn
  [A] mpi_null_delete_fn_f, aliases mpi_null_delete_fn, mpi_null_delete_fn_
  [A] mpi_type_dup_fn_f, aliases MPI_TYPE_DUP_FN, mpi_type_dup_fn_
  [A] mpi_type_null_copy_fn_f, aliases mpi_type_null_copy_fn, mpi_type_null_copy_fn_, MPI_TYPE_NULL_COPY_FN
  [A] mpi_type_null_delete_fn_f
  [A] mpi_win_dup_fn_f, aliases MPI_WIN_DUP_FN, mpi_win_dup_fn
  [A] mpi_win_null_copy_fn_f, aliases MPI_WIN_NULL_COPY_FN, mpi_win_null_copy_fn, mpi_win_null_copy_fn_
  [A] mpi_win_null_delete_fn_f, aliases mpi_win_null_delete_fn_, mpi_win_null_delete_fn, MPI_WIN_NULL_DELETE_FN
  [A] ompi_bitmap_clear_all_bits
  [A] ompi_bitmap_clear_bit
  [A] ompi_bitmap_find_and_set_first_unset_bit
  [A] ompi_bitmap_init
  [A] ompi_bitmap_is_set_bit
  [A] ompi_bitmap_set_all_bits
  [A] ompi_bitmap_set_bit
  [A] ompi_comm_link_function
  [A] ompi_convertor_clone
  [A] ompi_convertor_create
  [A] ompi_convertor_dump
  [A] ompi_convertor_generic_simple_position
  [A] ompi_convertor_pack
  [A] ompi_convertor_prepare_for_recv
  [A] ompi_convertor_prepare_for_send
  [A] ompi_convertor_set_position_nocheck
  [A] ompi_convertor_unpack
  [A] ompi_cr_coord
  [A] ompi_cr_finalize
  [A] ompi_cr_init
  [A] ompi_crcp_base_close
  [A] ompi_crcp_base_open
  [A] ompi_crcp_base_select
  [A] ompi_ddt_add
  [A] ompi_ddt_commit
  [A] ompi_ddt_copy_args
  [A] ompi_ddt_copy_content_same_ddt
  [A] ompi_ddt_create_contiguous
  [A] ompi_ddt_create_from_packed_description
  [A] ompi_ddt_create_hindexed
  [A] ompi_ddt_create_hvector
  [A] ompi_ddt_create_indexed
  [A] ompi_ddt_create_indexed_block
  [A] ompi_ddt_create_resized
  [A] ompi_ddt_create_struct
  [A] ompi_ddt_create_vector
  [A] ompi_ddt_destroy
  [A] ompi_ddt_dump
  [A] ompi_ddt_dump_stack
  [A] ompi_ddt_duplicate
  [A] ompi_ddt_finalize
  [A] ompi_ddt_get_args
  [A] ompi_ddt_get_element_count
  [A] ompi_ddt_get_pack_description
  [A] ompi_ddt_init
  [A] ompi_ddt_match_size
  [A] ompi_ddt_pack_description_length
  [A] ompi_ddt_print_args
  [A] ompi_ddt_release_args
  [A] ompi_ddt_set_args
  [A] ompi_ddt_set_element_count
  [A] ompi_ddt_sndrcv
  [A] ompi_dpm_base_close
  [A] ompi_dpm_base_disconnect_init
  [A] ompi_dpm_base_disconnect_waitall
  [A] ompi_dpm_base_dyn_finalize
  [A] ompi_dpm_base_dyn_init
  [A] ompi_dpm_base_mark_dyncomm
  [A] ompi_dpm_base_open
  [A] ompi_dpm_base_select
  [A] ompi_free_list_grow
  [A] ompi_free_list_init_ex
  [A] ompi_free_list_init_ex_new
  [A] ompi_free_list_resize
  [A] ompi_group_get_proc_ptr
  [A] ompi_modex_recv
  [A] ompi_modex_recv_string
  [A] ompi_modex_send
  [A] ompi_modex_send_string
  [A] ompi_mtl_base_close
  [A] ompi_mtl_base_open
  [A] ompi_osc_base_close
  [A] ompi_osc_base_open
  [A] ompi_proc_set_arch
  [A] ompi_pubsub_base_close
  [A] ompi_pubsub_base_null_lookup
  [A] ompi_pubsub_base_null_publish
  [A] ompi_pubsub_base_null_unpublish
  [A] ompi_pubsub_base_open
  [A] ompi_pubsub_base_select
  [A] ompi_rb_tree_construct
  [A] ompi_rb_tree_delete
  [A] ompi_rb_tree_destroy
  [A] ompi_rb_tree_destruct
  [A] ompi_rb_tree_find_with
  [A] ompi_rb_tree_init
  [A] ompi_rb_tree_insert
  [A] ompi_rb_tree_size
  [A] ompi_rb_tree_traverse
  [A] ompi_warn_fork

326 Removed variable symbols not referenced by debug info:

  [D] ADIOI_cb_config_list_keyval
  [D] ADIOI_syshints
  [D] ADIO_same_amode
  [D] NBC_Schedule_class
  [D] _dict_free
  [D] _dict_malloc
  [D] coll_base_allgatherv_algorithms
  [D] coll_read_time
  [D] coll_write_time
  [D] fbtl_posix_max_aio_active_reqs
  [D] libnbc_ibcast_skip_dt_decision
  [D] mca_bml_base_static_components
  [D] mca_bml_lock
  [D] mca_bml_r2
  [D] mca_coll_base_comm_t_class
  [D] mca_coll_base_static_components
  [D] mca_coll_basic_component_version_string
  [D] mca_coll_basic_crossover
  [D] mca_coll_basic_module_t_class
  [D] mca_coll_basic_priority
  [D] mca_coll_inter_component_version_string
  [D] mca_coll_inter_module_t_class
  [D] mca_coll_inter_priority_param
  [D] mca_coll_inter_verbose_param
  [D] mca_coll_libnbc_component
  [D] mca_coll_libnbc_component_version_string
  [D] mca_coll_self_component_version_string
  [D] mca_coll_self_module_t_class
  [D] mca_coll_sm_component_version_string
  [D] mca_coll_sm_module_t_class
  [D] mca_coll_sm_one
  [D] mca_coll_sync_component
  [D] mca_coll_sync_component_version_string
  [D] mca_coll_sync_module_t_class
  [D] mca_coll_tuned_module_t_class
  [D] mca_fbtl
  [D] mca_fbtl_base_selected_component
  [D] mca_fbtl_base_static_components
  [D] mca_fbtl_posix_component
  [D] mca_fbtl_posix_component_version_string
  [D] mca_fbtl_posix_priority
  [D] mca_fcoll_base_static_components
  [D] mca_fcoll_dynamic_component
  [D] mca_fcoll_dynamic_component_version_string
  [D] mca_fcoll_dynamic_gen2_component
  [D] mca_fcoll_dynamic_gen2_component_version_string
  [D] mca_fcoll_dynamic_gen2_num_groups
  [D] mca_fcoll_dynamic_gen2_priority
  [D] mca_fcoll_dynamic_gen2_write_chunksize
  [D] mca_fcoll_dynamic_priority
  [D] mca_fcoll_individual_component
  [D] mca_fcoll_individual_component_version_string
  [D] mca_fcoll_individual_priority
  [D] mca_fcoll_static_component
  [D] mca_fcoll_static_component_version_string
  [D] mca_fcoll_static_priority
  [D] mca_fcoll_two_phase_component
  [D] mca_fcoll_two_phase_component_version_string
  [D] mca_fcoll_two_phase_priority
  [D] mca_fs_base_static_components
  [D] mca_fs_ufs_component
  [D] mca_fs_ufs_component_version_string
  [D] mca_fs_ufs_priority
  [D] mca_io_base_static_components
  [D] mca_io_ompio_bytes_per_agg
  [D] mca_io_ompio_coll_timing_info
  [D] mca_io_ompio_component
  [D] mca_io_ompio_component_version_string
  [D] mca_io_ompio_cycle_buffer_size
  [D] mca_io_ompio_grouping_option
  [D] mca_io_ompio_module
  [D] mca_io_ompio_mutex
  [D] mca_io_ompio_num_aggregators
  [D] mca_io_ompio_pending_requests
  [D] mca_io_ompio_progress_is_registered
  [D] mca_io_ompio_record_offset_info
  [D] mca_io_ompio_sharedfp_lazy_open
  [D] mca_io_romio314_component
  [D] mca_io_romio314_component_version_string
  [D] mca_io_romio314_module
  [D] mca_io_romio314_mutex
  [D] mca_mtl_base_static_components
  [D] mca_ompio_request_t_class
  [D] mca_op_base_static_components
  [D] mca_osc_base_static_components
  [D] mca_osc_sm_component
  [D] mca_pml_base_static_components
  [D] mca_pml_bsend_addr
  [D] mca_pml_bsend_base
  [D] mca_pml_bsend_userbase
  [D] mca_pml_cm_hvy_recv_request_t_class
  [D] mca_pml_cm_hvy_send_request_t_class
  [D] mca_pml_cm_request_t_class
  [D] mca_pml_cm_send_request_t_class
  [D] mca_pml_cm_thin_recv_request_t_class
  [D] mca_pml_cm_thin_send_request_t_class
  [D] mca_pml_ob1
  [D] mca_pml_ob1_buffer_t_class
  [D] mca_pml_ob1_comm_proc_t_class
  [D] mca_pml_ob1_comm_t_class
  [D] mca_pml_ob1_matching_protection
  [D] mca_pml_ob1_output
  [D] mca_pml_ob1_pckt_pending_t_class
  [D] mca_pml_ob1_rdma_frag_t_class
  [D] mca_pml_ob1_recv_frag_t_class
  [D] mca_pml_ob1_recv_request_t_class
  [D] mca_pml_ob1_recvreq
  [D] mca_pml_ob1_send_range_t_class
  [D] mca_pml_ob1_send_request_t_class
  [D] mca_pml_ob1_sendreq
  [D] mca_rte_base_static_components
  [D] mca_rte_orte_component
  [D] mca_sharedfp
  [D] mca_sharedfp_base_static_components
  [D] mca_sharedfp_individual_component
  [D] mca_sharedfp_individual_component_version_string
  [D] mca_sharedfp_individual_priority
  [D] mca_sharedfp_individual_verbose
  [D] mca_sharedfp_lockedfile_component
  [D] mca_sharedfp_lockedfile_component_version_string
  [D] mca_sharedfp_lockedfile_priority
  [D] mca_sharedfp_lockedfile_verbose
  [D] mca_sharedfp_sm_component
  [D] mca_sharedfp_sm_component_version_string
  [D] mca_sharedfp_sm_priority
  [D] mca_sharedfp_sm_verbose
  [D] mca_topo_base_comm_cart_2_2_0_t_class
  [D] mca_topo_base_comm_dist_graph_2_2_0_t_class
  [D] mca_topo_base_comm_graph_2_2_0_t_class
  [D] mca_topo_base_module_t_class
  [D] mca_topo_base_static_components
  [D] mca_topo_basic_component
  [D] mca_topo_basic_component_version_string
  [D] mca_vprotocol_base_static_components
  [D] mca_vprotocol_pessimist_recv_request_t_class
  [D] mca_vprotocol_pessimist_send_request_t_class
  [D] mpi_fortran_unweighted_
  [D] mpi_fortran_weights_empty_
  [D] mpit_big_lock
  [D] mpit_init_count
  [D] netpatterns_base_verbose
  [D] ompi_add_procs_cutoff
  [D] ompi_bml_base_framework
  [D] ompi_coll_base_framework
  [D] ompi_coll_libnbc_module_t_class
  [D] ompi_coll_libnbc_request_t_class
  [D] ompi_coll_self_priority
  [D] ompi_coll_tuned_alltoall_intermediate_msg
  [D] ompi_coll_tuned_alltoall_small_msg
  [D] ompi_coll_tuned_component_version_string
  [D] ompi_coll_tuned_dynamic_rules_filename
  [D] ompi_coll_tuned_forced_max_algorithms
  [D] ompi_coll_tuned_forced_params
  [D] ompi_coll_tuned_init_chain_fanout
  [D] ompi_coll_tuned_init_max_requests
  [D] ompi_coll_tuned_init_tree_fanout
  [D] ompi_coll_tuned_priority
  [D] ompi_coll_tuned_stream
  [D] ompi_coll_tuned_use_dynamic_rules
  [D] ompi_comm_allreduce_context_t_class
  [D] ompi_comm_cid_context_t_class
  [D] ompi_comm_f_to_c_table
  [D] ompi_comm_idup_with_info_context_t_class
  [D] ompi_comm_num_dyncomm
  [D] ompi_comm_request_initialized
  [D] ompi_comm_request_item_t_class
  [D] ompi_comm_request_progress_active
  [D] ompi_comm_request_t_class
  [D] ompi_datatype_basicDatatypes
  [D] ompi_datatype_dfd
  [D] ompi_datatype_external32_arch_id
  [D] ompi_datatype_f_to_c_table
  [D] ompi_datatype_number_of_predefined_data
  [D] ompi_enable_timing
  [D] ompi_enable_timing_ext
  [D] ompi_errcode_intern_t_class
  [D] ompi_errhandler_t_class
  [D] ompi_fbtl_base_framework
  [D] ompi_fcoll_base_framework
  [D] ompi_file_f_to_c_table
  [D] ompi_file_t_class
  [D] ompi_fs_base_framework
  [D] ompi_info_f_to_c_table
  [D] ompi_info_type_base
  [D] ompi_info_type_ompi
  [D] ompi_io_base_framework
  [D] ompi_message_f_to_c_table
  [D] ompi_message_free_list
  [D] ompi_message_no_proc
  [D] ompi_message_null
  [D] ompi_message_t_class
  [D] ompi_mpi_2dblprec_addr
  [D] ompi_mpi_2integer_addr
  [D] ompi_mpi_2real_addr
  [D] ompi_mpi_aint
  [D] ompi_mpi_bootstrap_mutex
  [D] ompi_mpi_c_bool
  [D] ompi_mpi_c_complex
  [D] ompi_mpi_c_double_complex
  [D] ompi_mpi_c_float_complex
  [D] ompi_mpi_c_long_double_complex
  [D] ompi_mpi_character_addr
  [D] ompi_mpi_comm_null_addr
  [D] ompi_mpi_comm_self_addr
  [D] ompi_mpi_comm_world_addr
  [D] ompi_mpi_complex16_addr
  [D] ompi_mpi_complex32_addr
  [D] ompi_mpi_complex8_addr
  [D] ompi_mpi_count
  [D] ompi_mpi_cplex_addr
  [D] ompi_mpi_dblcplex_addr
  [D] ompi_mpi_dblprec_addr
  [D] ompi_mpi_dynamics_enabled
  [D] ompi_mpi_errcode_t_class
  [D] ompi_mpi_errhandler_null_addr
  [D] ompi_mpi_errors_are_fatal_addr
  [D] ompi_mpi_errors_return_addr
  [D] ompi_mpi_errors_throw_exceptions_addr
  [D] ompi_mpi_event_tick_rate
  [D] ompi_mpi_f90_complex_hashtable
  [D] ompi_mpi_f90_integer_hashtable
  [D] ompi_mpi_f90_real_hashtable
  [D] ompi_mpi_file_null_addr
  [D] ompi_mpi_finalize_started
  [D] ompi_mpi_group_empty_addr
  [D] ompi_mpi_group_null_addr
  [D] ompi_mpi_have_sparse_group_storage
  [D] ompi_mpi_info_env
  [D] ompi_mpi_info_null_addr
  [D] ompi_mpi_init_started
  [D] ompi_mpi_int16_t
  [D] ompi_mpi_int32_t
  [D] ompi_mpi_int64_t
  [D] ompi_mpi_int8_t
  [D] ompi_mpi_integer16_addr
  [D] ompi_mpi_integer1_addr
  [D] ompi_mpi_integer2_addr
  [D] ompi_mpi_integer4_addr
  [D] ompi_mpi_integer8_addr
  [D] ompi_mpi_integer_addr
  [D] ompi_mpi_keep_fqdn_hostnames
  [D] ompi_mpi_logical
  [D] ompi_mpi_logical1_addr
  [D] ompi_mpi_logical2_addr
  [D] ompi_mpi_logical4_addr
  [D] ompi_mpi_logical8_addr
  [D] ompi_mpi_logical_addr
  [D] ompi_mpi_offset
  [D] ompi_mpi_op_band_addr
  [D] ompi_mpi_op_bor_addr
  [D] ompi_mpi_op_bxor_addr
  [D] ompi_mpi_op_land_addr
  [D] ompi_mpi_op_lor_addr
  [D] ompi_mpi_op_lxor_addr
  [D] ompi_mpi_op_max_addr
  [D] ompi_mpi_op_maxloc_addr
  [D] ompi_mpi_op_min_addr
  [D] ompi_mpi_op_minloc_addr
  [D] ompi_mpi_op_no_op
  [D] ompi_mpi_op_no_op_addr
  [D] ompi_mpi_op_null_addr
  [D] ompi_mpi_op_prod_addr
  [D] ompi_mpi_op_replace_addr
  [D] ompi_mpi_op_sum_addr
  [D] ompi_mpi_preconnect_mpi
  [D] ompi_mpi_real16_addr
  [D] ompi_mpi_real4_addr
  [D] ompi_mpi_real8_addr
  [D] ompi_mpi_real_addr
  [D] ompi_mpi_show_mca_params_string
  [D] ompi_mpi_status_ignore_addr
  [D] ompi_mpi_statuses_ignore_addr
  [D] ompi_mpi_uint16_t
  [D] ompi_mpi_uint32_t
  [D] ompi_mpi_uint64_t
  [D] ompi_mpi_uint8_t
  [D] ompi_mpi_win_null_addr
  [D] ompi_mpi_yield_when_idle
  [D] ompi_mpiext_components
  [D] ompi_mtl_base_framework
  [D] ompi_namelist_t_class
  [D] ompi_op_base_3buff_functions
  [D] ompi_op_base_framework
  [D] ompi_op_base_functions
  [D] ompi_op_base_module_1_0_0_t_class
  [D] ompi_op_base_module_t_class
  [D] ompi_op_f_to_c_table
  [D] ompi_orte_tracker_t_class
  [D] ompi_osc_base_framework
  [D] ompi_osc_pt2pt_ddt_buffer_t_class
  [D] ompi_osc_pt2pt_frag_t_class
  [D] ompi_osc_pt2pt_module_template
  [D] ompi_osc_pt2pt_no_locks
  [D] ompi_osc_pt2pt_peer_t_class
  [D] ompi_osc_pt2pt_pending_lock_t_class
  [D] ompi_osc_pt2pt_pending_t_class
  [D] ompi_osc_pt2pt_receive_t_class
  [D] ompi_osc_pt2pt_request_t_class
  [D] ompi_osc_pt2pt_sync_t_class
  [D] ompi_osc_rdma_aggregation_t_class
  [D] ompi_osc_rdma_frag_t_class
  [D] ompi_osc_rdma_module_rdma_template
  [D] ompi_osc_rdma_peer_basic_t_class
  [D] ompi_osc_rdma_peer_dynamic_t_class
  [D] ompi_osc_rdma_peer_extended_t_class
  [D] ompi_osc_rdma_peer_t_class
  [D] ompi_osc_rdma_request_t_class
  [D] ompi_osc_rdma_sync_t_class
  [D] ompi_osc_sm_module_template
  [D] ompi_pml_base_bsend_allocator_name
  [D] ompi_pml_base_framework
  [D] ompi_pml_cm
  [D] ompi_proc_list
  [D] ompi_proc_t_class
  [D] ompi_request_null_addr
  [D] ompi_rte_base_framework
  [D] ompi_rte_initialized
  [D] ompi_rte_orte_component_version_string
  [D] ompi_sharedfp_base_framework
  [D] ompi_topo_base_framework
  [D] ompi_vprotocol_base_framework
  [D] ompi_win_accumulate_ops
  [D] ompi_win_accumulate_order
  [D] osc_pt2pt_accumulate_data_t_class
  [D] osc_pt2pt_pending_acc_t_class
  [D] send_completion_callbacks

119 Added variable symbols not referenced by debug info:

  [A] MPI_FORTRAN_ARGVS_NULL
  [A] MPI_FORTRAN_ARGV_NULL
  [A] MPI_FORTRAN_BOTTOM
  [A] MPI_FORTRAN_ERRCODES_IGNORE
  [A] MPI_FORTRAN_IN_PLACE
  [A] MPI_FORTRAN_STATUSES_IGNORE
  [A] MPI_FORTRAN_STATUS_IGNORE
  [A] mca_allocator_base_components
  [A] mca_allocator_base_output
  [A] mca_allocator_basic_component
  [A] mca_allocator_bucket_component
  [A] mca_bml_base_components_available
  [A] mca_bml_base_output
  [A] mca_btl_base_active_message_trigger
  [A] mca_btl_base_components_opened
  [A] mca_btl_base_descriptor_t_class
  [A] mca_btl_base_modules_initialized
  [A] mca_btl_base_output
  [A] mca_btl_base_selected_module_t_class
  [A] mca_btl_base_thread_multiple_override
  [A] mca_btl_base_verbose
  [A] mca_btl_self_component
  [A] mca_btl_sm_component
  [A] mca_btl_tcp_component
  [A] mca_coll_base_components_opened
  [A] mca_coll_base_output
  [A] mca_coll_base_param
  [A] mca_coll_hierarch_component
  [A] mca_common_sm_mmap
  [A] mca_dpm_orte_component
  [A] mca_io_base_components_available
  [A] mca_io_base_components_available_valid
  [A] mca_io_base_components_opened
  [A] mca_io_base_components_opened_valid
  [A] mca_io_base_output
  [A] mca_io_base_param
  [A] mca_io_base_request_num_pending
  [A] mca_io_base_requests
  [A] mca_io_base_requests_valid
  [A] mca_io_romio_component
  [A] mca_mpool_base_components
  [A] mca_mpool_base_output
  [A] mca_mpool_base_page_size
  [A] mca_mpool_base_page_size_log
  [A] mca_mpool_base_registration_t_class
  [A] mca_mpool_base_selected_module_t_class
  [A] mca_mpool_base_tree_item_t_class
  [A] mca_mpool_fake_component
  [A] mca_mpool_rdma_component
  [A] mca_mpool_sm_component
  [A] mca_pml_base_components_available
  [A] mca_pml_base_output
  [A] mca_pubsub_orte_component
  [A] mca_rcache_base_components
  [A] mca_rcache_base_modules
  [A] mca_rcache_base_output
  [A] mca_rcache_base_selected_module_t_class
  [A] mca_rcache_vma_component
  [A] mca_topo_base_components_available
  [A] mca_topo_base_components_opened
  [A] mca_topo_base_output
  [A] mca_topo_unity_component
  [A] mca_vprotocol_base_components_available
  [A] mpi_fortran_argv_null
  [A] mpi_fortran_argv_null__
  [A] mpi_fortran_argvs_null
  [A] mpi_fortran_argvs_null__
  [A] mpi_fortran_bottom
  [A] mpi_fortran_bottom__
  [A] mpi_fortran_errcodes_ignore
  [A] mpi_fortran_errcodes_ignore__
  [A] mpi_fortran_in_place
  [A] mpi_fortran_in_place__
  [A] mpi_fortran_status_ignore
  [A] mpi_fortran_status_ignore__
  [A] mpi_fortran_statuses_ignore
  [A] mpi_fortran_statuses_ignore__
  [A] ompi_bitmap_t_class
  [A] ompi_comm_reg_t_class
  [A] ompi_convertor_t_class
  [A] ompi_cr_continue_like_restart
  [A] ompi_cr_output
  [A] ompi_crcp
  [A] ompi_crcp_base_components_available
  [A] ompi_crcp_base_output
  [A] ompi_crcp_base_pml_state_t_class
  [A] ompi_crcp_base_selected_component
  [A] ompi_dpm
  [A] ompi_dpm_base_components_available
  [A] ompi_dpm_base_output
  [A] ompi_dpm_base_selected_component
  [A] ompi_free_list_item_t_class
  [A] ompi_free_list_t_class
  [A] ompi_mpi_abort_delay
  [A] ompi_mpi_abort_print_stack
  [A] ompi_mpi_end_loop
  [A] ompi_mpi_keep_peer_hostnames
  [A] ompi_mpi_leave_pinned
  [A] ompi_mpi_leave_pinned_pipeline
  [A] ompi_mpi_local_arch
  [A] ompi_mpi_logic
  [A] ompi_mpi_loop
  [A] ompi_mpi_maffinity_setup
  [A] ompi_mpi_paffinity_alone
  [A] ompi_mtl_base_components_opened
  [A] ompi_mtl_base_output
  [A] ompi_osc_base_open_components
  [A] ompi_osc_base_output
  [A] ompi_pubsub
  [A] ompi_pubsub_base_components_available
  [A] ompi_pubsub_base_output
  [A] ompi_pubsub_base_selected_component
  [A] ompi_rb_tree_node_t_class
  [A] ompi_rb_tree_t_class
  [A] ompi_request_completed
  [A] ompi_request_cond
  [A] ompi_request_lock
  [A] ompi_request_waiting
  [A] ompi_warn_on_fork

