Functions changes summary: 0 Removed, 0 Changed, 0 Added function
Variables changes summary: 0 Removed, 0 Changed (9 filtered out), 0 Added variables
Function symbols changes summary: 258 Removed, 513 Added function symbols not referenced by debug info
Variable symbols changes summary: 51 Removed, 79 Added variable symbols not referenced by debug info

258 Removed function symbols not referenced by debug info:

  [D] FREE_bucket
  [D] FREE_bucket_list
  [D] FREE_const_tab
  [D] FREE_constraint_tree
  [D] FREE_list_child
  [D] FREE_non_constraint_tree
  [D] FREE_tab_bucket
  [D] FREE_tab_child
  [D] FREE_tab_com_mat
  [D] FREE_tab_double
  [D] FREE_tab_int
  [D] FREE_tab_local_vertices
  [D] FREE_topology
  [D] FREE_tree
  [D] NBC_Init_handle
  [D] TreeMatchMapping
  [D] aggregate_aff_mat
  [D] build_affinity_mat
  [D] build_binding_constraints
  [D] build_comm
  [D] build_synthetic_topology
  [D] build_synthetic_topology_old
  [D] build_tree_from_topology
  [D] canonize_constraints
  [D] coll_base_comm_get_reqs
  [D] comm_allgather_pml
  [D] comm_allreduce_pml
  [D] comm_bcast_pml
  [D] constraint_dsc
  [D] decompose
  [D] display_contsraint_tab
  [D] display_other_heuristics
  [D] display_topology
  [D] eval_sol_inv
  [D] fcoll_base_coll_allgather_array
  [D] fcoll_base_coll_allgatherv_array
  [D] fcoll_base_coll_bcast_array
  [D] fcoll_base_coll_gather_array
  [D] fcoll_base_coll_gatherv_array
  [D] fcoll_base_coll_scatterv_array
  [D] fcoll_base_sort_iovec
  [D] filter_monitoring
  [D] finalize_monitoring
  [D] find_next_index
  [D] get_indice
  [D] get_process_id
  [D] get_verbose_level
  [D] group
  [D] hb_tree_csearch
  [D] init_comm
  [D] int_cmp
  [D] map_topology_simple
  [D] mca_fcoll_static_component_file_query
  [D] mca_fcoll_static_component_file_unquery
  [D] mca_fcoll_static_component_init_query
  [D] mca_fcoll_static_file_read_all
  [D] mca_fcoll_static_file_write_all
  [D] mca_fcoll_static_module_finalize
  [D] mca_fcoll_static_module_init
  [D] mca_fs_ufs_file_close
  [D] mca_fs_ufs_file_delete
  [D] mca_fs_ufs_file_get_size
  [D] mca_fs_ufs_file_set_size
  [D] mca_fs_ufs_file_sync
  [D] mca_io_ompio_cart_based_grouping
  [D] mca_io_ompio_component_progress
  [D] mca_io_ompio_create_groups
  [D] mca_io_ompio_file_delete
  [D] mca_io_ompio_file_get_info
  [D] mca_io_ompio_file_set_info
  [D] mca_io_ompio_finalize_initial_grouping
  [D] mca_io_ompio_finalize_split
  [D] mca_io_ompio_fview_based_grouping
  [D] mca_io_ompio_get_bytes_per_agg
  [D] mca_io_ompio_get_num_aggregators
  [D] mca_io_ompio_merge_groups
  [D] mca_io_ompio_merge_initial_groups
  [D] mca_io_ompio_prepare_to_group
  [D] mca_io_ompio_retain_initial_groups
  [D] mca_io_ompio_set_aggregator_props
  [D] mca_io_ompio_simple_grouping
  [D] mca_io_ompio_split_a_group
  [D] mca_io_ompio_split_initial_groups
  [D] mca_io_romio314_dist_MPIR_Status_set_bytes
  [D] mca_io_romio314_dist_MPI_File_close
  [D] mca_io_romio314_dist_MPI_File_delete
  [D] mca_io_romio314_dist_MPI_File_get_amode
  [D] mca_io_romio314_dist_MPI_File_get_atomicity
  [D] mca_io_romio314_dist_MPI_File_get_byte_offset
  [D] mca_io_romio314_dist_MPI_File_get_group
  [D] mca_io_romio314_dist_MPI_File_get_info
  [D] mca_io_romio314_dist_MPI_File_get_position
  [D] mca_io_romio314_dist_MPI_File_get_position_shared
  [D] mca_io_romio314_dist_MPI_File_get_size
  [D] mca_io_romio314_dist_MPI_File_get_type_extent
  [D] mca_io_romio314_dist_MPI_File_get_view
  [D] mca_io_romio314_dist_MPI_File_iread
  [D] mca_io_romio314_dist_MPI_File_iread_at
  [D] mca_io_romio314_dist_MPI_File_iread_shared
  [D] mca_io_romio314_dist_MPI_File_iwrite
  [D] mca_io_romio314_dist_MPI_File_iwrite_at
  [D] mca_io_romio314_dist_MPI_File_iwrite_shared
  [D] mca_io_romio314_dist_MPI_File_open
  [D] mca_io_romio314_dist_MPI_File_preallocate
  [D] mca_io_romio314_dist_MPI_File_read
  [D] mca_io_romio314_dist_MPI_File_read_all
  [D] mca_io_romio314_dist_MPI_File_read_all_begin
  [D] mca_io_romio314_dist_MPI_File_read_all_end
  [D] mca_io_romio314_dist_MPI_File_read_at
  [D] mca_io_romio314_dist_MPI_File_read_at_all
  [D] mca_io_romio314_dist_MPI_File_read_at_all_begin
  [D] mca_io_romio314_dist_MPI_File_read_at_all_end
  [D] mca_io_romio314_dist_MPI_File_read_ordered
  [D] mca_io_romio314_dist_MPI_File_read_ordered_begin
  [D] mca_io_romio314_dist_MPI_File_read_ordered_end
  [D] mca_io_romio314_dist_MPI_File_read_shared
  [D] mca_io_romio314_dist_MPI_File_seek
  [D] mca_io_romio314_dist_MPI_File_seek_shared
  [D] mca_io_romio314_dist_MPI_File_set_atomicity
  [D] mca_io_romio314_dist_MPI_File_set_info
  [D] mca_io_romio314_dist_MPI_File_set_size
  [D] mca_io_romio314_dist_MPI_File_set_view
  [D] mca_io_romio314_dist_MPI_File_sync
  [D] mca_io_romio314_dist_MPI_File_write
  [D] mca_io_romio314_dist_MPI_File_write_all
  [D] mca_io_romio314_dist_MPI_File_write_all_begin
  [D] mca_io_romio314_dist_MPI_File_write_all_end
  [D] mca_io_romio314_dist_MPI_File_write_at
  [D] mca_io_romio314_dist_MPI_File_write_at_all
  [D] mca_io_romio314_dist_MPI_File_write_at_all_begin
  [D] mca_io_romio314_dist_MPI_File_write_at_all_end
  [D] mca_io_romio314_dist_MPI_File_write_ordered
  [D] mca_io_romio314_dist_MPI_File_write_ordered_begin
  [D] mca_io_romio314_dist_MPI_File_write_ordered_end
  [D] mca_io_romio314_dist_MPI_File_write_shared
  [D] mca_io_romio314_dist_MPI_Register_datarep
  [D] mca_io_romio314_file_close
  [D] mca_io_romio314_file_get_amode
  [D] mca_io_romio314_file_get_atomicity
  [D] mca_io_romio314_file_get_byte_offset
  [D] mca_io_romio314_file_get_info
  [D] mca_io_romio314_file_get_position
  [D] mca_io_romio314_file_get_position_shared
  [D] mca_io_romio314_file_get_size
  [D] mca_io_romio314_file_get_type_extent
  [D] mca_io_romio314_file_get_view
  [D] mca_io_romio314_file_iread
  [D] mca_io_romio314_file_iread_all
  [D] mca_io_romio314_file_iread_at
  [D] mca_io_romio314_file_iread_at_all
  [D] mca_io_romio314_file_iread_shared
  [D] mca_io_romio314_file_iwrite
  [D] mca_io_romio314_file_iwrite_all
  [D] mca_io_romio314_file_iwrite_at
  [D] mca_io_romio314_file_iwrite_at_all
  [D] mca_io_romio314_file_iwrite_shared
  [D] mca_io_romio314_file_open
  [D] mca_io_romio314_file_preallocate
  [D] mca_io_romio314_file_read
  [D] mca_io_romio314_file_read_all
  [D] mca_io_romio314_file_read_all_begin
  [D] mca_io_romio314_file_read_all_end
  [D] mca_io_romio314_file_read_at
  [D] mca_io_romio314_file_read_at_all
  [D] mca_io_romio314_file_read_at_all_begin
  [D] mca_io_romio314_file_read_at_all_end
  [D] mca_io_romio314_file_read_ordered
  [D] mca_io_romio314_file_read_ordered_begin
  [D] mca_io_romio314_file_read_ordered_end
  [D] mca_io_romio314_file_read_shared
  [D] mca_io_romio314_file_seek
  [D] mca_io_romio314_file_seek_shared
  [D] mca_io_romio314_file_set_atomicity
  [D] mca_io_romio314_file_set_info
  [D] mca_io_romio314_file_set_size
  [D] mca_io_romio314_file_set_view
  [D] mca_io_romio314_file_sync
  [D] mca_io_romio314_file_write
  [D] mca_io_romio314_file_write_all
  [D] mca_io_romio314_file_write_all_begin
  [D] mca_io_romio314_file_write_all_end
  [D] mca_io_romio314_file_write_at
  [D] mca_io_romio314_file_write_at_all
  [D] mca_io_romio314_file_write_at_all_begin
  [D] mca_io_romio314_file_write_at_all_end
  [D] mca_io_romio314_file_write_ordered
  [D] mca_io_romio314_file_write_ordered_begin
  [D] mca_io_romio314_file_write_ordered_end
  [D] mca_io_romio314_file_write_shared
  [D] mca_pml_monitoring_add_comm
  [D] mca_pml_monitoring_add_procs
  [D] mca_pml_monitoring_del_comm
  [D] mca_pml_monitoring_del_procs
  [D] mca_pml_monitoring_dump
  [D] mca_pml_monitoring_enable
  [D] mca_pml_monitoring_get_messages_count
  [D] mca_pml_monitoring_get_messages_size
  [D] mca_pml_monitoring_improbe
  [D] mca_pml_monitoring_imrecv
  [D] mca_pml_monitoring_iprobe
  [D] mca_pml_monitoring_irecv
  [D] mca_pml_monitoring_irecv_init
  [D] mca_pml_monitoring_isend
  [D] mca_pml_monitoring_isend_init
  [D] mca_pml_monitoring_mprobe
  [D] mca_pml_monitoring_mrecv
  [D] mca_pml_monitoring_probe
  [D] mca_pml_monitoring_recv
  [D] mca_pml_monitoring_reset
  [D] mca_pml_monitoring_send
  [D] mca_pml_monitoring_start
  [D] monitor_send_data
  [D] mpit_lock
  [D] mpit_unlock
  [D] my_calloc
  [D] my_free
  [D] my_malloc
  [D] my_mem_check
  [D] netpatterns_base_err
  [D] netpatterns_cleanup_narray_knomial_tree
  [D] netpatterns_cleanup_recursive_doubling_tree_node
  [D] netpatterns_cleanup_recursive_knomial_allgather_tree_node
  [D] netpatterns_cleanup_recursive_knomial_tree_node
  [D] netpatterns_init
  [D] netpatterns_register_mca_params
  [D] netpatterns_setup_multinomial_tree
  [D] netpatterns_setup_narray_knomial_tree
  [D] netpatterns_setup_narray_tree
  [D] netpatterns_setup_narray_tree_contigous_ranks
  [D] netpatterns_setup_recursive_doubling_n_tree_node
  [D] netpatterns_setup_recursive_doubling_tree_node
  [D] netpatterns_setup_recursive_knomial_allgather_tree_node
  [D] netpatterns_setup_recursive_knomial_tree_node
  [D] ompi_coll_base_sendrecv_nonzero_actual
  [D] ompi_fortran_argv_f2c
  [D] ompi_info_finalize
  [D] ompi_info_init
  [D] ompi_info_value_to_bool
  [D] ompi_info_value_to_int
  [D] ompi_io_ompio_decode_datatype
  [D] ompi_mca_pml_monitoring_flush
  [D] ompi_osc_rdma_peer_aggregate_flush
  [D] ompi_request_persistent_proc_null_free
  [D] optimize_topology
  [D] pml_v_output_close
  [D] pml_v_output_open
  [D] print_sol
  [D] print_sol_inv
  [D] read_find_next_index
  [D] read_get_process_id
  [D] read_local_heap_sort
  [D] recursive_canonicalization
  [D] set_verbose_level
  [D] speed
  [D] topology_arity
  [D] topology_numbering
  [D] update_canonical
  [D] update_perm

513 Added function symbols not referenced by debug info:

  [A] ADIOI_Fill_send_buffer
  [A] ADIOI_Fill_user_buffer
  [A] ADIOI_Flatten_and_find
  [A] ADIOI_Icalc_others_req
  [A] ADIOI_Icalc_others_req_fini
  [A] ADIOI_Icalc_others_req_main
  [A] ADIOI_OneSidedCleanup
  [A] ADIOI_OneSidedReadAggregation
  [A] ADIOI_OneSidedWriteAggregation
  [A] ADIOI_Type_get_contents
  [A] ADIOI_Type_get_envelope
  [A] MPIOI_File_iread_all
  [A] MPIOI_File_iwrite_all
  [A] MPIX_Allgather_init
  [A] MPIX_Allgatherv_init
  [A] MPIX_Allreduce_init
  [A] MPIX_Alltoall_init, aliases PMPIX_Alltoall_init
  [A] MPIX_Alltoallv_init
  [A] MPIX_Alltoallw_init
  [A] MPIX_Barrier_init, aliases PMPIX_Barrier_init
  [A] MPIX_Bcast_init
  [A] MPIX_Exscan_init
  [A] MPIX_Gather_init
  [A] MPIX_Gatherv_init
  [A] MPIX_Neighbor_allgather_init
  [A] MPIX_Neighbor_allgatherv_init
  [A] MPIX_Neighbor_alltoall_init
  [A] MPIX_Neighbor_alltoallv_init
  [A] MPIX_Neighbor_alltoallw_init
  [A] MPIX_Reduce_init
  [A] MPIX_Reduce_scatter_block_init
  [A] MPIX_Reduce_scatter_init
  [A] MPIX_Scan_init, aliases PMPIX_Scan_init
  [A] MPIX_Scatter_init
  [A] MPIX_Scatterv_init
  [A] NBC_Schedule_request
  [A] PMPIX_Allgather_init, aliases MPIX_Allgather_init
  [A] PMPIX_Allgatherv_init, aliases MPIX_Allgatherv_init
  [A] PMPIX_Allreduce_init, aliases MPIX_Allreduce_init
  [A] PMPIX_Alltoall_init
  [A] PMPIX_Alltoallv_init, aliases MPIX_Alltoallv_init
  [A] PMPIX_Alltoallw_init, aliases MPIX_Alltoallw_init
  [A] PMPIX_Barrier_init
  [A] PMPIX_Bcast_init, aliases MPIX_Bcast_init
  [A] PMPIX_Exscan_init, aliases MPIX_Exscan_init
  [A] PMPIX_Gather_init, aliases MPIX_Gather_init
  [A] PMPIX_Gatherv_init, aliases MPIX_Gatherv_init
  [A] PMPIX_Neighbor_allgather_init, aliases MPIX_Neighbor_allgather_init
  [A] PMPIX_Neighbor_allgatherv_init, aliases MPIX_Neighbor_allgatherv_init
  [A] PMPIX_Neighbor_alltoall_init, aliases MPIX_Neighbor_alltoall_init
  [A] PMPIX_Neighbor_alltoallv_init, aliases MPIX_Neighbor_alltoallv_init
  [A] PMPIX_Neighbor_alltoallw_init, aliases MPIX_Neighbor_alltoallw_init
  [A] PMPIX_Reduce_init, aliases MPIX_Reduce_init
  [A] PMPIX_Reduce_scatter_block_init, aliases MPIX_Reduce_scatter_block_init
  [A] PMPIX_Reduce_scatter_init, aliases MPIX_Reduce_scatter_init
  [A] PMPIX_Scan_init
  [A] PMPIX_Scatter_init, aliases MPIX_Scatter_init
  [A] PMPIX_Scatterv_init, aliases MPIX_Scatterv_init
  [A] PQ_adjustElementKey
  [A] PQ_adjustKey
  [A] PQ_decreaseElementKey
  [A] PQ_decreaseKey
  [A] PQ_delete
  [A] PQ_deleteElement
  [A] PQ_deleteMax
  [A] PQ_deleteMaxElement
  [A] PQ_exit
  [A] PQ_findMaxElement
  [A] PQ_findMaxKey
  [A] PQ_free
  [A] PQ_increaseElementKey
  [A] PQ_increaseKey
  [A] PQ_init
  [A] PQ_insert
  [A] PQ_insertElement
  [A] PQ_isEmpty
  [A] adapt_module_cached_topology
  [A] algo
  [A] allocate_vertex2
  [A] append_frag_to_ordered_list
  [A] balancing
  [A] build_p_vector
  [A] check_cantmatch_for_match
  [A] destruction
  [A] display_sol
  [A] display_sol_sum_com
  [A] eval_cost2
  [A] fiboTreeConsolidate
  [A] fiboTreeDel
  [A] fiboTreeExit
  [A] fiboTreeFree
  [A] fiboTreeInit
  [A] fiboTreeMin
  [A] free_affinity_mat
  [A] free_bucket
  [A] free_bucket_list
  [A] free_const_tab
  [A] free_constraint_tree
  [A] free_list_child
  [A] free_non_constraint_tree
  [A] free_tab_bucket
  [A] free_tab_child
  [A] free_tab_com_mat
  [A] free_tab_double
  [A] free_tab_int
  [A] free_tab_local_vertices
  [A] han_request_free
  [A] in_tab
  [A] init_mat
  [A] initialization
  [A] int_cmp_inc
  [A] kPartitioning
  [A] kpartition_greedy2
  [A] mca_coll_base_colltype_to_str
  [A] mca_coll_base_name_to_colltype
  [A] mca_coll_han_allgather_intra
  [A] mca_coll_han_allgather_intra_dynamic
  [A] mca_coll_han_allgather_intra_simple
  [A] mca_coll_han_allgatherv_intra_dynamic
  [A] mca_coll_han_allreduce_intra
  [A] mca_coll_han_allreduce_intra_dynamic
  [A] mca_coll_han_allreduce_intra_simple
  [A] mca_coll_han_allreduce_reproducible
  [A] mca_coll_han_allreduce_reproducible_decision
  [A] mca_coll_han_bcast_intra
  [A] mca_coll_han_bcast_intra_dynamic
  [A] mca_coll_han_bcast_intra_simple
  [A] mca_coll_han_comm_create
  [A] mca_coll_han_comm_create_new
  [A] mca_coll_han_comm_query
  [A] mca_coll_han_component_name_to_id
  [A] mca_coll_han_dump_dynamic_rules
  [A] mca_coll_han_free_dynamic_rules
  [A] mca_coll_han_gather_intra
  [A] mca_coll_han_gather_intra_dynamic
  [A] mca_coll_han_gather_intra_simple
  [A] mca_coll_han_get_all_coll_modules
  [A] mca_coll_han_init_dynamic_rules
  [A] mca_coll_han_init_query
  [A] mca_coll_han_is_coll_dynamic_implemented
  [A] mca_coll_han_reduce_intra
  [A] mca_coll_han_reduce_intra_dynamic
  [A] mca_coll_han_reduce_intra_simple
  [A] mca_coll_han_reduce_reproducible
  [A] mca_coll_han_reduce_reproducible_decision
  [A] mca_coll_han_scatter_intra
  [A] mca_coll_han_scatter_intra_dynamic
  [A] mca_coll_han_topo_init
  [A] mca_coll_han_topo_lvl_to_str
  [A] mca_common_monitoring_add_procs
  [A] mca_common_monitoring_coll_a2a
  [A] mca_common_monitoring_coll_a2o
  [A] mca_common_monitoring_coll_cache_name
  [A] mca_common_monitoring_coll_finalize
  [A] mca_common_monitoring_coll_flush
  [A] mca_common_monitoring_coll_flush_all
  [A] mca_common_monitoring_coll_get_a2a_count
  [A] mca_common_monitoring_coll_get_a2a_size
  [A] mca_common_monitoring_coll_get_a2o_count
  [A] mca_common_monitoring_coll_get_a2o_size
  [A] mca_common_monitoring_coll_get_o2a_count
  [A] mca_common_monitoring_coll_get_o2a_size
  [A] mca_common_monitoring_coll_messages_notify
  [A] mca_common_monitoring_coll_new
  [A] mca_common_monitoring_coll_o2a
  [A] mca_common_monitoring_coll_release
  [A] mca_common_monitoring_coll_reset
  [A] mca_common_monitoring_finalize
  [A] mca_common_monitoring_init
  [A] mca_common_monitoring_record_coll
  [A] mca_common_monitoring_record_osc
  [A] mca_common_monitoring_record_pml
  [A] mca_common_monitoring_register
  [A] mca_common_ompio_alloc_buf
  [A] mca_common_ompio_buffer_alloc_fini
  [A] mca_common_ompio_buffer_alloc_init
  [A] mca_common_ompio_cart_based_grouping
  [A] mca_common_ompio_create_groups
  [A] mca_common_ompio_create_incomplete_file_handle
  [A] mca_common_ompio_decode_datatype
  [A] mca_common_ompio_file_delete
  [A] mca_common_ompio_file_iread_all
  [A] mca_common_ompio_file_iwrite_all
  [A] mca_common_ompio_file_read_all
  [A] mca_common_ompio_file_write_all
  [A] mca_common_ompio_finalize_initial_grouping
  [A] mca_common_ompio_finalize_split
  [A] mca_common_ompio_forced_grouping
  [A] mca_common_ompio_fview_based_grouping
  [A] mca_common_ompio_merge_groups
  [A] mca_common_ompio_merge_initial_groups
  [A] mca_common_ompio_prepare_to_group
  [A] mca_common_ompio_progress
  [A] mca_common_ompio_register_progress
  [A] mca_common_ompio_release_buf
  [A] mca_common_ompio_request_alloc
  [A] mca_common_ompio_request_fini
  [A] mca_common_ompio_request_init
  [A] mca_common_ompio_retain_initial_groups
  [A] mca_common_ompio_set_aggregator_props
  [A] mca_common_ompio_set_callbacks
  [A] mca_common_ompio_simple_grouping
  [A] mca_common_ompio_split_a_group
  [A] mca_common_ompio_split_initial_groups
  [A] mca_fbtl_posix_lock
  [A] mca_fbtl_posix_unlock
  [A] mca_fcoll_base_component_lookup
  [A] mca_fcoll_vulcan_break_file_view
  [A] mca_fcoll_vulcan_component_file_query
  [A] mca_fcoll_vulcan_component_file_unquery
  [A] mca_fcoll_vulcan_component_init_query
  [A] mca_fcoll_vulcan_file_read_all
  [A] mca_fcoll_vulcan_file_write_all
  [A] mca_fcoll_vulcan_get_configuration
  [A] mca_fcoll_vulcan_module_finalize
  [A] mca_fcoll_vulcan_module_init
  [A] mca_fcoll_vulcan_split_iov_array
  [A] mca_fs_base_file_close
  [A] mca_fs_base_file_delete
  [A] mca_fs_base_file_get_size
  [A] mca_fs_base_file_set_size
  [A] mca_fs_base_file_sync
  [A] mca_fs_base_get_file_amode
  [A] mca_fs_base_get_file_perm
  [A] mca_fs_base_get_mpi_err
  [A] mca_io_ompio_get_mca_parameter_value
  [A] mca_io_romio321_file_close
  [A] mca_io_romio321_file_get_amode
  [A] mca_io_romio321_file_get_atomicity
  [A] mca_io_romio321_file_get_byte_offset
  [A] mca_io_romio321_file_get_info
  [A] mca_io_romio321_file_get_position
  [A] mca_io_romio321_file_get_position_shared
  [A] mca_io_romio321_file_get_size
  [A] mca_io_romio321_file_get_type_extent
  [A] mca_io_romio321_file_get_view
  [A] mca_io_romio321_file_iread
  [A] mca_io_romio321_file_iread_all
  [A] mca_io_romio321_file_iread_at
  [A] mca_io_romio321_file_iread_at_all
  [A] mca_io_romio321_file_iread_shared
  [A] mca_io_romio321_file_iwrite
  [A] mca_io_romio321_file_iwrite_all
  [A] mca_io_romio321_file_iwrite_at
  [A] mca_io_romio321_file_iwrite_at_all
  [A] mca_io_romio321_file_iwrite_shared
  [A] mca_io_romio321_file_open
  [A] mca_io_romio321_file_preallocate
  [A] mca_io_romio321_file_read
  [A] mca_io_romio321_file_read_all
  [A] mca_io_romio321_file_read_all_begin
  [A] mca_io_romio321_file_read_all_end
  [A] mca_io_romio321_file_read_at
  [A] mca_io_romio321_file_read_at_all
  [A] mca_io_romio321_file_read_at_all_begin
  [A] mca_io_romio321_file_read_at_all_end
  [A] mca_io_romio321_file_read_ordered
  [A] mca_io_romio321_file_read_ordered_begin
  [A] mca_io_romio321_file_read_ordered_end
  [A] mca_io_romio321_file_read_shared
  [A] mca_io_romio321_file_seek
  [A] mca_io_romio321_file_seek_shared
  [A] mca_io_romio321_file_set_atomicity
  [A] mca_io_romio321_file_set_info
  [A] mca_io_romio321_file_set_size
  [A] mca_io_romio321_file_set_view
  [A] mca_io_romio321_file_sync
  [A] mca_io_romio321_file_write
  [A] mca_io_romio321_file_write_all
  [A] mca_io_romio321_file_write_all_begin
  [A] mca_io_romio321_file_write_all_end
  [A] mca_io_romio321_file_write_at
  [A] mca_io_romio321_file_write_at_all
  [A] mca_io_romio321_file_write_at_all_begin
  [A] mca_io_romio321_file_write_at_all_end
  [A] mca_io_romio321_file_write_ordered
  [A] mca_io_romio321_file_write_ordered_begin
  [A] mca_io_romio321_file_write_ordered_end
  [A] mca_io_romio321_file_write_shared
  [A] mca_io_romio_dist_MPIR_Status_set_bytes
  [A] mca_io_romio_dist_MPI_File_close
  [A] mca_io_romio_dist_MPI_File_delete
  [A] mca_io_romio_dist_MPI_File_get_amode
  [A] mca_io_romio_dist_MPI_File_get_atomicity
  [A] mca_io_romio_dist_MPI_File_get_byte_offset
  [A] mca_io_romio_dist_MPI_File_get_group
  [A] mca_io_romio_dist_MPI_File_get_info
  [A] mca_io_romio_dist_MPI_File_get_position
  [A] mca_io_romio_dist_MPI_File_get_position_shared
  [A] mca_io_romio_dist_MPI_File_get_size
  [A] mca_io_romio_dist_MPI_File_get_type_extent
  [A] mca_io_romio_dist_MPI_File_get_view
  [A] mca_io_romio_dist_MPI_File_iread
  [A] mca_io_romio_dist_MPI_File_iread_all
  [A] mca_io_romio_dist_MPI_File_iread_at
  [A] mca_io_romio_dist_MPI_File_iread_at_all
  [A] mca_io_romio_dist_MPI_File_iread_shared
  [A] mca_io_romio_dist_MPI_File_iwrite
  [A] mca_io_romio_dist_MPI_File_iwrite_all
  [A] mca_io_romio_dist_MPI_File_iwrite_at
  [A] mca_io_romio_dist_MPI_File_iwrite_at_all
  [A] mca_io_romio_dist_MPI_File_iwrite_shared
  [A] mca_io_romio_dist_MPI_File_open
  [A] mca_io_romio_dist_MPI_File_preallocate
  [A] mca_io_romio_dist_MPI_File_read
  [A] mca_io_romio_dist_MPI_File_read_all
  [A] mca_io_romio_dist_MPI_File_read_all_begin
  [A] mca_io_romio_dist_MPI_File_read_all_end
  [A] mca_io_romio_dist_MPI_File_read_at
  [A] mca_io_romio_dist_MPI_File_read_at_all
  [A] mca_io_romio_dist_MPI_File_read_at_all_begin
  [A] mca_io_romio_dist_MPI_File_read_at_all_end
  [A] mca_io_romio_dist_MPI_File_read_ordered
  [A] mca_io_romio_dist_MPI_File_read_ordered_begin
  [A] mca_io_romio_dist_MPI_File_read_ordered_end
  [A] mca_io_romio_dist_MPI_File_read_shared
  [A] mca_io_romio_dist_MPI_File_seek
  [A] mca_io_romio_dist_MPI_File_seek_shared
  [A] mca_io_romio_dist_MPI_File_set_atomicity
  [A] mca_io_romio_dist_MPI_File_set_info
  [A] mca_io_romio_dist_MPI_File_set_size
  [A] mca_io_romio_dist_MPI_File_set_view
  [A] mca_io_romio_dist_MPI_File_sync
  [A] mca_io_romio_dist_MPI_File_write
  [A] mca_io_romio_dist_MPI_File_write_all
  [A] mca_io_romio_dist_MPI_File_write_all_begin
  [A] mca_io_romio_dist_MPI_File_write_all_end
  [A] mca_io_romio_dist_MPI_File_write_at
  [A] mca_io_romio_dist_MPI_File_write_at_all
  [A] mca_io_romio_dist_MPI_File_write_at_all_begin
  [A] mca_io_romio_dist_MPI_File_write_at_all_end
  [A] mca_io_romio_dist_MPI_File_write_ordered
  [A] mca_io_romio_dist_MPI_File_write_ordered_begin
  [A] mca_io_romio_dist_MPI_File_write_ordered_end
  [A] mca_io_romio_dist_MPI_File_write_shared
  [A] mca_io_romio_dist_MPI_Register_datarep
  [A] mca_pml_ob1_dump_cant_match
  [A] memory_allocation
  [A] mpiext_pcollreq_dummy
  [A] nextGain
  [A] ompi_coll_adapt_bcast
  [A] ompi_coll_adapt_comm_query
  [A] ompi_coll_adapt_ibcast
  [A] ompi_coll_adapt_ibcast_fini
  [A] ompi_coll_adapt_ibcast_register
  [A] ompi_coll_adapt_init_query
  [A] ompi_coll_adapt_ireduce
  [A] ompi_coll_adapt_ireduce_fini
  [A] ompi_coll_adapt_ireduce_register
  [A] ompi_coll_adapt_reduce
  [A] ompi_coll_adapt_request_free
  [A] ompi_coll_base_allreduce_intra_redscat_allgather
  [A] ompi_coll_base_bcast_intra_knomial
  [A] ompi_coll_base_bcast_intra_scatter_allgather
  [A] ompi_coll_base_bcast_intra_scatter_allgather_ring
  [A] ompi_coll_base_comm_get_reqs
  [A] ompi_coll_base_exscan_intra_linear
  [A] ompi_coll_base_exscan_intra_recursivedoubling
  [A] ompi_coll_base_file_getnext_long
  [A] ompi_coll_base_file_getnext_size_t
  [A] ompi_coll_base_file_getnext_string
  [A] ompi_coll_base_file_peek_next_char_is
  [A] ompi_coll_base_reduce_intra_redscat_gather
  [A] ompi_coll_base_reduce_scatter_block_basic_linear
  [A] ompi_coll_base_reduce_scatter_block_intra_butterfly
  [A] ompi_coll_base_reduce_scatter_block_intra_recursivedoubling
  [A] ompi_coll_base_reduce_scatter_block_intra_recursivehalving
  [A] ompi_coll_base_reduce_scatter_intra_butterfly
  [A] ompi_coll_base_retain_datatypes
  [A] ompi_coll_base_retain_datatypes_w
  [A] ompi_coll_base_retain_op
  [A] ompi_coll_base_scan_intra_linear
  [A] ompi_coll_base_scan_intra_recursivedoubling
  [A] ompi_coll_base_scatter_intra_linear_nb
  [A] ompi_coll_base_sendrecv_actual
  [A] ompi_coll_base_topo_build_kmtree
  [A] ompi_coll_han_reorder_gather
  [A] ompi_coll_libnbc_allgather_init
  [A] ompi_coll_libnbc_allgather_inter_init
  [A] ompi_coll_libnbc_allgatherv_init
  [A] ompi_coll_libnbc_allgatherv_inter_init
  [A] ompi_coll_libnbc_allreduce_init
  [A] ompi_coll_libnbc_allreduce_inter_init
  [A] ompi_coll_libnbc_alltoall_init
  [A] ompi_coll_libnbc_alltoall_inter_init
  [A] ompi_coll_libnbc_alltoallv_init
  [A] ompi_coll_libnbc_alltoallv_inter_init
  [A] ompi_coll_libnbc_alltoallw_init
  [A] ompi_coll_libnbc_alltoallw_inter_init
  [A] ompi_coll_libnbc_barrier_init
  [A] ompi_coll_libnbc_barrier_inter_init
  [A] ompi_coll_libnbc_bcast_init
  [A] ompi_coll_libnbc_bcast_inter_init
  [A] ompi_coll_libnbc_exscan_init
  [A] ompi_coll_libnbc_gather_init
  [A] ompi_coll_libnbc_gather_inter_init
  [A] ompi_coll_libnbc_gatherv_init
  [A] ompi_coll_libnbc_gatherv_inter_init
  [A] ompi_coll_libnbc_neighbor_allgather_init
  [A] ompi_coll_libnbc_neighbor_allgatherv_init
  [A] ompi_coll_libnbc_neighbor_alltoall_init
  [A] ompi_coll_libnbc_neighbor_alltoallv_init
  [A] ompi_coll_libnbc_neighbor_alltoallw_init
  [A] ompi_coll_libnbc_reduce_init
  [A] ompi_coll_libnbc_reduce_inter_init
  [A] ompi_coll_libnbc_reduce_scatter_block_init
  [A] ompi_coll_libnbc_reduce_scatter_block_inter_init
  [A] ompi_coll_libnbc_reduce_scatter_init
  [A] ompi_coll_libnbc_reduce_scatter_inter_init
  [A] ompi_coll_libnbc_scan_init
  [A] ompi_coll_libnbc_scatter_init
  [A] ompi_coll_libnbc_scatter_inter_init
  [A] ompi_coll_libnbc_scatterv_init
  [A] ompi_coll_libnbc_scatterv_inter_init
  [A] ompi_coll_tuned_exscan_intra_check_forced_init
  [A] ompi_coll_tuned_exscan_intra_dec_dynamic
  [A] ompi_coll_tuned_exscan_intra_do_this
  [A] ompi_coll_tuned_reduce_scatter_block_intra_check_forced_init
  [A] ompi_coll_tuned_reduce_scatter_block_intra_dec_dynamic
  [A] ompi_coll_tuned_reduce_scatter_block_intra_dec_fixed
  [A] ompi_coll_tuned_reduce_scatter_block_intra_do_this
  [A] ompi_coll_tuned_scan_intra_check_forced_init
  [A] ompi_coll_tuned_scan_intra_dec_dynamic
  [A] ompi_coll_tuned_scan_intra_do_this
  [A] ompi_comm_allgather_pml
  [A] ompi_comm_allreduce_pml
  [A] ompi_comm_assert_subscribe
  [A] ompi_comm_bcast_pml
  [A] ompi_comm_split_with_info
  [A] ompi_fcoll_base_coll_allgather_array
  [A] ompi_fcoll_base_coll_allgatherv_array
  [A] ompi_fcoll_base_coll_bcast_array
  [A] ompi_fcoll_base_coll_gather_array
  [A] ompi_fcoll_base_coll_gatherv_array
  [A] ompi_fcoll_base_coll_scatterv_array
  [A] ompi_fcoll_base_sort_iovec
  [A] ompi_fortran_argv_blank_f2c
  [A] ompi_fortran_argv_count_f2c
  [A] ompi_group_count_local_peers
  [A] ompi_info_dup_mpistandard
  [A] ompi_info_get_nkeys
  [A] ompi_interlib_declare
  [A] ompi_mirror_perm
  [A] ompi_mpiinfo_finalize
  [A] ompi_mpiinfo_init
  [A] ompi_mpit_lock
  [A] ompi_mpit_unlock
  [A] ompi_netpatterns_base_err
  [A] ompi_netpatterns_cleanup_narray_knomial_tree
  [A] ompi_netpatterns_cleanup_recursive_doubling_tree_node
  [A] ompi_netpatterns_cleanup_recursive_knomial_allgather_tree_node
  [A] ompi_netpatterns_cleanup_recursive_knomial_tree_node
  [A] ompi_netpatterns_init
  [A] ompi_netpatterns_register_mca_params
  [A] ompi_netpatterns_setup_multinomial_tree
  [A] ompi_netpatterns_setup_narray_knomial_tree
  [A] ompi_netpatterns_setup_narray_tree
  [A] ompi_netpatterns_setup_narray_tree_contigous_ranks
  [A] ompi_netpatterns_setup_recursive_doubling_n_tree_node
  [A] ompi_netpatterns_setup_recursive_doubling_tree_node
  [A] ompi_netpatterns_setup_recursive_knomial_allgather_tree_node
  [A] ompi_netpatterns_setup_recursive_knomial_tree_node
  [A] ompi_osc_rdma_demand_lock_peer
  [A] ompi_osc_rdma_put_contig
  [A] ompi_pml_v_output_close
  [A] ompi_pml_v_output_open
  [A] ompi_request_persistent_noop_create
  [A] ompi_rounddown
  [A] ompi_spc_cycles_to_usecs
  [A] ompi_spc_events_init
  [A] ompi_spc_fini
  [A] ompi_spc_init
  [A] ompi_spc_record
  [A] ompi_spc_timer_start
  [A] ompi_spc_timer_stop
  [A] ompi_spc_update_watermark
  [A] ompi_spc_user_or_mpi
  [A] tm_build_affinity_mat
  [A] tm_build_synthetic_topology
  [A] tm_build_tree_from_topology
  [A] tm_calloc
  [A] tm_close_verbose_file
  [A] tm_compute_mapping
  [A] tm_display_arity
  [A] tm_display_other_heuristics
  [A] tm_display_solution
  [A] tm_display_topology
  [A] tm_enable_oversubscribing
  [A] tm_finalize
  [A] tm_free
  [A] tm_free_affinity_mat
  [A] tm_free_solution
  [A] tm_free_topology
  [A] tm_free_tree
  [A] tm_get_exhaustive_search_flag
  [A] tm_get_verbose_level
  [A] tm_get_verbose_output
  [A] tm_load_aff_mat
  [A] tm_load_topology
  [A] tm_malloc
  [A] tm_mem_check
  [A] tm_open_verbose_file
  [A] tm_optimize_topology
  [A] tm_realloc
  [A] tm_set_exhaustive_search_flag
  [A] tm_set_max_nb_threads
  [A] tm_set_verbose_level
  [A] tm_topology_add_binding_constraints
  [A] tm_topology_set_binding_constraints
  [A] topology_arity_cpy
  [A] topology_constraints_cpy
  [A] topology_cost_cpy
  [A] topology_numbering_cpy

51 Removed variable symbols not referenced by debug info:

  [D] comm_time
  [D] end_comm_time
  [D] end_exch
  [D] end_rcomm_time
  [D] end_read_time
  [D] end_rexch
  [D] end_write_time
  [D] exch_write
  [D] filtered_messages_count
  [D] filtered_sent_data
  [D] global_bl
  [D] mca_fcoll_dynamic_gen2_write_chunksize
  [D] mca_fcoll_static_component
  [D] mca_fcoll_static_component_version_string
  [D] mca_fcoll_static_priority
  [D] mca_io_ompio_pending_requests
  [D] mca_io_ompio_progress_is_registered
  [D] mca_io_ompio_sharedfp_lazy_open
  [D] mca_io_romio314_component
  [D] mca_io_romio314_component_version_string
  [D] mca_io_romio314_module
  [D] mca_io_romio314_mutex
  [D] mca_pml_monitoring
  [D] mca_pml_monitoring_component
  [D] messages_count
  [D] mpit_big_lock
  [D] mpit_init_count
  [D] netpatterns_base_verbose
  [D] ompi_enable_timing_ext
  [D] ompi_info_entry_t_class
  [D] ompi_mpi_bootstrap_mutex
  [D] ompi_mpi_finalize_started
  [D] ompi_mpi_finalized
  [D] ompi_mpi_init_started
  [D] ompi_mpi_initialized
  [D] ompi_orte_tracker_t_class
  [D] ompi_osc_rdma_aggregation_t_class
  [D] pml_selected_component
  [D] pml_selected_module
  [D] rcomm_time
  [D] read_exch
  [D] read_time
  [D] sent_data
  [D] start_comm_time
  [D] start_exch
  [D] start_rcomm_time
  [D] start_read_time
  [D] start_rexch
  [D] start_write_time
  [D] translation_ht
  [D] write_time

79 Added variable symbols not referenced by debug info:

  [A] adapt_topology_cache_item_t_class
  [A] available_components
  [A] common_monitoring_translation_ht
  [A] gpfsmpio_onesided_always_rmw
  [A] gpfsmpio_onesided_no_rmw
  [A] gpfsmpio_read_aggmethod
  [A] gpfsmpio_write_aggmethod
  [A] libnbc_iallgather_algorithm
  [A] libnbc_iallreduce_algorithm
  [A] libnbc_ibcast_algorithm
  [A] libnbc_ibcast_knomial_radix
  [A] libnbc_iexscan_algorithm
  [A] libnbc_ireduce_algorithm
  [A] libnbc_iscan_algorithm
  [A] mca_coll_adapt_component
  [A] mca_coll_adapt_component_version_string
  [A] mca_coll_adapt_module_t_class
  [A] mca_coll_base_avail_coll_t_class
  [A] mca_coll_han_component
  [A] mca_coll_han_component_version_string
  [A] mca_coll_han_module_t_class
  [A] mca_coll_task_t_class
  [A] mca_common_monitoring_current_state
  [A] mca_common_monitoring_enabled
  [A] mca_common_monitoring_output_stream_id
  [A] mca_common_ompio_pending_requests
  [A] mca_common_ompio_progress_is_registered
  [A] mca_fbtl_posix_max_block_size
  [A] mca_fbtl_posix_max_gap_size
  [A] mca_fbtl_posix_max_tmpbuf_size
  [A] mca_fbtl_posix_read_datasieving
  [A] mca_fbtl_posix_write_datasieving
  [A] mca_fcoll_vulcan_async_io
  [A] mca_fcoll_vulcan_component
  [A] mca_fcoll_vulcan_component_version_string
  [A] mca_fcoll_vulcan_num_groups
  [A] mca_fcoll_vulcan_priority
  [A] mca_fcoll_vulcan_write_chunksize
  [A] mca_fs_ufs_lock_algorithm
  [A] mca_io_ompio_aggregators_cutoff_threshold
  [A] mca_io_ompio_max_aggregators_ratio
  [A] mca_io_ompio_overwrite_amode
  [A] mca_io_ompio_verbose_info_parsing
  [A] mca_io_romio321_component
  [A] mca_io_romio321_component_version_string
  [A] mca_io_romio321_module
  [A] mca_io_romio321_mutex
  [A] mca_monitoring_coll_data_t_class
  [A] mca_op_avx_component
  [A] mca_sharedfp_individual_usage_counter
  [A] ompi_coll_adapt_bcast_context_t_class
  [A] ompi_coll_adapt_constant_bcast_context_t_class
  [A] ompi_coll_adapt_constant_reduce_context_t_class
  [A] ompi_coll_adapt_inbuf_t_class
  [A] ompi_coll_adapt_item_t_class
  [A] ompi_coll_adapt_reduce_context_t_class
  [A] ompi_coll_base_nbc_request_t_class
  [A] ompi_coll_tuned_alltoall_large_msg
  [A] ompi_coll_tuned_alltoall_max_requests
  [A] ompi_coll_tuned_alltoall_min_procs
  [A] ompi_coll_tuned_scatter_blocking_send_ratio
  [A] ompi_coll_tuned_scatter_intermediate_msg
  [A] ompi_coll_tuned_scatter_large_msg
  [A] ompi_coll_tuned_scatter_min_procs
  [A] ompi_mpi_spc_attach_string
  [A] ompi_mpi_spc_dump_enabled
  [A] ompi_mpi_state
  [A] ompi_mpit_big_lock
  [A] ompi_mpit_init_count
  [A] ompi_netpatterns_base_verbose
  [A] ompi_op_avx_3buff_functions_avx
  [A] ompi_op_avx_3buff_functions_avx2
  [A] ompi_op_avx_3buff_functions_avx512
  [A] ompi_op_avx_functions_avx
  [A] ompi_op_avx_functions_avx2
  [A] ompi_op_avx_functions_avx512
  [A] ompi_osc_rdma_attachment_t_class
  [A] ompi_osc_rdma_handle_t_class
  [A] ompi_wtime_time_origin

