ELF SONAME changed
Functions changes summary: 0 Removed, 0 Changed, 2 Added functions
Variables changes summary: 0 Removed, 0 Changed (12 filtered out), 3 Added variables
Function symbols changes summary: 357 Removed, 62 Added function symbols not referenced by debug info
Variable symbols changes summary: 63 Removed, 11 Added variable symbols not referenced by debug info

SONAME changed from 'libmpi.so.40' to 'libmpi.so.20'

2 Added functions:

  [A] 'function void* MPIR_Breakpoint()'    {MPIR_Breakpoint}
  [A] 'function void ompi_debugger_notify_abort(char*)'    {ompi_debugger_notify_abort}

3 Added variables:

  [A] 'volatile int MPIR_being_debugged'    {MPIR_being_debugged}
  [A] 'char* MPIR_debug_abort_string'    {MPIR_debug_abort_string}
  [A] 'volatile int MPIR_debug_state'    {MPIR_debug_state}

357 Removed function symbols not referenced by debug info:

  [D] FREE_bucket
  [D] FREE_bucket_list
  [D] FREE_const_tab
  [D] FREE_constraint_tree
  [D] FREE_list_child
  [D] FREE_non_constraint_tree
  [D] FREE_tab_bucket
  [D] FREE_tab_child
  [D] FREE_tab_com_mat
  [D] FREE_tab_double
  [D] FREE_tab_int
  [D] FREE_tab_local_vertices
  [D] FREE_topology
  [D] FREE_tree
  [D] NBC_Sched_local_recv
  [D] NBC_Sched_local_send
  [D] TreeMatchMapping
  [D] add_edge_3
  [D] add_to_bucket
  [D] add_to_list
  [D] adjacency_asc
  [D] adjacency_dsc
  [D] aggregate_aff_mat
  [D] aggregate_obj_weight
  [D] allocate_vertex
  [D] bottom_up_build_tree_from_topology
  [D] bucket_grouping
  [D] bucket_id
  [D] build_affinity_mat
  [D] build_binding_constraints
  [D] build_comm
  [D] build_cost_matrix
  [D] build_level_topology
  [D] build_synthetic_proc_id
  [D] build_synthetic_topology
  [D] build_synthetic_topology_old
  [D] build_tree_from_topology
  [D] built_pivot_tree
  [D] canonize_constraints
  [D] check_bucket
  [D] check_constraints
  [D] choose
  [D] clone_tree
  [D] complete_aff_mat
  [D] complete_obj_weight
  [D] complete_tab_node
  [D] compute_gain
  [D] compute_nb_leaves_from_level
  [D] compute_weighted_degree
  [D] constraint_dsc
  [D] create_dumb_tree
  [D] create_work
  [D] decompose
  [D] delete_group_list
  [D] depth_first
  [D] dfs
  [D] display_bucket
  [D] display_bucket_list
  [D] display_contsraint_tab
  [D] display_grouping
  [D] display_node
  [D] display_other_heuristics
  [D] display_pivots
  [D] display_selection
  [D] display_tab
  [D] display_tab_group
  [D] display_topology
  [D] distance
  [D] eval_cost
  [D] eval_grouping
  [D] eval_sol
  [D] eval_sol_inv
  [D] exchange
  [D] fast_group
  [D] fast_grouping
  [D] fcoll_base_coll_allgather_array
  [D] fcoll_base_coll_allgatherv_array
  [D] fcoll_base_coll_bcast_array
  [D] fcoll_base_coll_gather_array
  [D] fcoll_base_coll_gatherv_array
  [D] fcoll_base_coll_scatterv_array
  [D] fcoll_base_sort_iovec
  [D] fill_buckets
  [D] fill_tab
  [D] filter_monitoring
  [D] finalize_monitoring
  [D] gain_exchange
  [D] generate_random_sol
  [D] genrand_int31
  [D] genrand_int32
  [D] genrand_real1
  [D] genrand_real2
  [D] genrand_real3
  [D] genrand_res53
  [D] get_indice
  [D] get_local_topo_with_hwloc
  [D] get_nb_threads
  [D] get_time
  [D] get_verbose_level
  [D] group
  [D] group_list_asc
  [D] group_list_dsc
  [D] group_list_id
  [D] group_nodes
  [D] hash_asc
  [D] hwloc_to_tm
  [D] independent_groups
  [D] independent_tab
  [D] init_by_array
  [D] init_comm
  [D] init_genrand
  [D] intCIV_exit
  [D] intCIV_get
  [D] intCIV_init
  [D] intCIV_isInitialized
  [D] intCIV_set
  [D] int_cmp
  [D] is_power_of_2
  [D] kpartition
  [D] kpartition_build_level_topology
  [D] kpartition_build_tree_from_topology
  [D] kpartition_greedy
  [D] list_all_possible_groups
  [D] list_to_tab
  [D] map_MPIPP
  [D] map_Packed
  [D] map_RR
  [D] map_topology
  [D] map_topology_simple
  [D] mca_bml_base_ft_event
  [D] mca_bml_r2_ft_event
  [D] mca_coll_base_reduce_local
  [D] mca_coll_basic_ft_event
  [D] mca_coll_self_ft_event
  [D] mca_coll_sm_ft_event
  [D] mca_coll_sync_bcast
  [D] mca_coll_sync_comm_query
  [D] mca_coll_sync_exscan
  [D] mca_coll_sync_ft_event
  [D] mca_coll_sync_gather
  [D] mca_coll_sync_gatherv
  [D] mca_coll_sync_init_query
  [D] mca_coll_sync_module_enable
  [D] mca_coll_sync_reduce
  [D] mca_coll_sync_reduce_scatter
  [D] mca_coll_sync_scan
  [D] mca_coll_sync_scatter
  [D] mca_coll_sync_scatterv
  [D] mca_coll_tuned_ft_event
  [D] mca_common_ompio_build_io_array
  [D] mca_common_ompio_empty_print_queue
  [D] mca_common_ompio_file_close
  [D] mca_common_ompio_file_get_position
  [D] mca_common_ompio_file_get_size
  [D] mca_common_ompio_file_iread
  [D] mca_common_ompio_file_iread_at
  [D] mca_common_ompio_file_iread_at_all
  [D] mca_common_ompio_file_iwrite
  [D] mca_common_ompio_file_iwrite_at
  [D] mca_common_ompio_file_iwrite_at_all
  [D] mca_common_ompio_file_open
  [D] mca_common_ompio_file_read
  [D] mca_common_ompio_file_read_at
  [D] mca_common_ompio_file_read_at_all
  [D] mca_common_ompio_file_write
  [D] mca_common_ompio_file_write_at
  [D] mca_common_ompio_file_write_at_all
  [D] mca_common_ompio_full_print_queue
  [D] mca_common_ompio_initialize_print_queue
  [D] mca_common_ompio_print_time_info
  [D] mca_common_ompio_register_print_entry
  [D] mca_common_ompio_set_explicit_offset
  [D] mca_common_ompio_set_file_defaults
  [D] mca_common_ompio_set_view
  [D] mca_common_ompio_unregister_print_entry
  [D] mca_fcoll_dynamic_gen2_break_file_view
  [D] mca_fcoll_dynamic_gen2_component_file_query
  [D] mca_fcoll_dynamic_gen2_component_file_unquery
  [D] mca_fcoll_dynamic_gen2_component_init_query
  [D] mca_fcoll_dynamic_gen2_file_read_all
  [D] mca_fcoll_dynamic_gen2_file_write_all
  [D] mca_fcoll_dynamic_gen2_get_configuration
  [D] mca_fcoll_dynamic_gen2_module_finalize
  [D] mca_fcoll_dynamic_gen2_module_init
  [D] mca_fcoll_dynamic_gen2_split_iov_array
  [D] mca_io_ompio_create_groups
  [D] mca_io_ompio_finalize_split
  [D] mca_io_ompio_merge_groups
  [D] mca_io_ompio_merge_initial_groups
  [D] mca_io_ompio_prepare_to_group
  [D] mca_io_ompio_retain_initial_groups
  [D] mca_io_ompio_set_aggregator_props
  [D] mca_io_ompio_split_a_group
  [D] mca_io_ompio_split_initial_groups
  [D] mca_io_romio314_file_iread_all
  [D] mca_io_romio314_file_iread_at_all
  [D] mca_io_romio314_file_iwrite_all
  [D] mca_io_romio314_file_iwrite_at_all
  [D] mca_pml_base_ft_event
  [D] mca_pml_monitoring_add_comm
  [D] mca_pml_monitoring_add_procs
  [D] mca_pml_monitoring_del_comm
  [D] mca_pml_monitoring_del_procs
  [D] mca_pml_monitoring_dump
  [D] mca_pml_monitoring_enable
  [D] mca_pml_monitoring_get_messages_count
  [D] mca_pml_monitoring_get_messages_size
  [D] mca_pml_monitoring_improbe
  [D] mca_pml_monitoring_imrecv
  [D] mca_pml_monitoring_iprobe
  [D] mca_pml_monitoring_irecv
  [D] mca_pml_monitoring_irecv_init
  [D] mca_pml_monitoring_isend
  [D] mca_pml_monitoring_isend_init
  [D] mca_pml_monitoring_mprobe
  [D] mca_pml_monitoring_mrecv
  [D] mca_pml_monitoring_probe
  [D] mca_pml_monitoring_recv
  [D] mca_pml_monitoring_reset
  [D] mca_pml_monitoring_send
  [D] mca_pml_monitoring_start
  [D] mca_pml_ob1_enable_progress
  [D] mca_pml_ob1_ft_event
  [D] mca_pml_ob1_rdma_pipeline_btls_count
  [D] mca_topo_base_neighbor_count
  [D] mca_topo_treematch_dist_graph_create
  [D] monitor_send_data
  [D] my_calloc
  [D] my_free
  [D] my_malloc
  [D] my_mem_check
  [D] nb_leaves
  [D] nb_lines
  [D] nb_processing_units
  [D] new_affinity_mat
  [D] new_group_list
  [D] next_bucket_elem
  [D] old_bucket_id
  [D] ompi_attr_get_aint
  [D] ompi_attr_get_fint
  [D] ompi_attr_set_aint
  [D] ompi_attr_set_fint
  [D] ompi_attr_set_int
  [D] ompi_cr_coord
  [D] ompi_cr_finalize
  [D] ompi_cr_init
  [D] ompi_crcp_base_module_finalize
  [D] ompi_crcp_base_module_init
  [D] ompi_crcp_base_none_btl_add_procs
  [D] ompi_crcp_base_none_btl_alloc
  [D] ompi_crcp_base_none_btl_del_procs
  [D] ompi_crcp_base_none_btl_dump
  [D] ompi_crcp_base_none_btl_finalize
  [D] ompi_crcp_base_none_btl_free
  [D] ompi_crcp_base_none_btl_ft_event
  [D] ompi_crcp_base_none_btl_get
  [D] ompi_crcp_base_none_btl_prepare_dst
  [D] ompi_crcp_base_none_btl_prepare_src
  [D] ompi_crcp_base_none_btl_put
  [D] ompi_crcp_base_none_btl_register
  [D] ompi_crcp_base_none_btl_send
  [D] ompi_crcp_base_none_close
  [D] ompi_crcp_base_none_open
  [D] ompi_crcp_base_none_pml_add_comm
  [D] ompi_crcp_base_none_pml_add_procs
  [D] ompi_crcp_base_none_pml_del_comm
  [D] ompi_crcp_base_none_pml_del_procs
  [D] ompi_crcp_base_none_pml_dump
  [D] ompi_crcp_base_none_pml_enable
  [D] ompi_crcp_base_none_pml_ft_event
  [D] ompi_crcp_base_none_pml_iprobe
  [D] ompi_crcp_base_none_pml_irecv
  [D] ompi_crcp_base_none_pml_irecv_init
  [D] ompi_crcp_base_none_pml_isend
  [D] ompi_crcp_base_none_pml_isend_init
  [D] ompi_crcp_base_none_pml_probe
  [D] ompi_crcp_base_none_pml_progress
  [D] ompi_crcp_base_none_pml_recv
  [D] ompi_crcp_base_none_pml_send
  [D] ompi_crcp_base_none_pml_start
  [D] ompi_crcp_base_none_query
  [D] ompi_crcp_base_none_quiesce_end
  [D] ompi_crcp_base_none_quiesce_start
  [D] ompi_crcp_base_none_request_complete
  [D] ompi_crcp_base_quiesce_end
  [D] ompi_crcp_base_quiesce_start
  [D] ompi_crcp_base_select
  [D] ompi_datatype_pack_external
  [D] ompi_datatype_pack_external_size
  [D] ompi_datatype_unpack_external
  [D] ompi_errhandler_callback
  [D] ompi_errhandler_registration_callback
  [D] ompi_hook_base_deregister_callbacks
  [D] ompi_hook_base_mpi_finalize_bottom
  [D] ompi_hook_base_mpi_finalize_top
  [D] ompi_hook_base_mpi_finalized_bottom
  [D] ompi_hook_base_mpi_finalized_top
  [D] ompi_hook_base_mpi_init_bottom
  [D] ompi_hook_base_mpi_init_error
  [D] ompi_hook_base_mpi_init_thread_bottom
  [D] ompi_hook_base_mpi_init_thread_top
  [D] ompi_hook_base_mpi_init_top
  [D] ompi_hook_base_mpi_init_top_post_opal
  [D] ompi_hook_base_mpi_initialized_bottom
  [D] ompi_hook_base_mpi_initialized_top
  [D] ompi_hook_base_register_callbacks
  [D] ompi_mca_pml_monitoring_flush
  [D] ompi_mpi_dynamics_disable
  [D] ompi_mpi_dynamics_finalize
  [D] ompi_mpi_dynamics_is_enabled
  [D] ompi_osc_pt2pt_frag_flush_pending
  [D] ompi_osc_pt2pt_frag_flush_pending_all
  [D] ompi_osc_pt2pt_lock_remote
  [D] ompi_osc_pt2pt_process_receive
  [D] ompi_roundup_to_power_radix
  [D] ompi_rte_connect_accept_support
  [D] optimize_arity
  [D] optimize_topology
  [D] partial_aggregate_aff_mat
  [D] partial_sort
  [D] partial_update_val
  [D] print_1D_tab
  [D] print_sol
  [D] print_sol_inv
  [D] recurs_select_independent_groups
  [D] recursive_canonicalization
  [D] select_independent_groups
  [D] select_independent_groups_by_largest_index
  [D] select_max
  [D] set_deb_tab_child
  [D] set_node
  [D] set_verbose_level
  [D] speed
  [D] split_com_mat
  [D] split_constraints
  [D] split_vertices
  [D] submit_work
  [D] super_fast_grouping
  [D] symetric
  [D] tab_cmp
  [D] terminate_thread_pool
  [D] test_independent_groups
  [D] test_main
  [D] tgt_to_tm
  [D] time_diff
  [D] topo_nb_proc
  [D] topology_arity
  [D] topology_numbering
  [D] topology_to_arch
  [D] try_add_edge
  [D] update_canonical
  [D] update_comm_speed
  [D] update_perm
  [D] update_val
  [D] wait_work_completion
  [D] weighted_degree_asc
  [D] weighted_degree_dsc

62 Added function symbols not referenced by debug info:

  [A] mca_io_ompio_build_io_array
  [A] mca_io_ompio_set_view_internal
  [A] ompi_attr_get_fortran_mpi1
  [A] ompi_attr_get_fortran_mpi2
  [A] ompi_attr_set_fortran_mpi1
  [A] ompi_attr_set_fortran_mpi2
  [A] ompi_coll_tuned_allgather_intra_do_forced
  [A] ompi_coll_tuned_allgatherv_intra_do_forced
  [A] ompi_coll_tuned_allreduce_intra_do_forced
  [A] ompi_coll_tuned_alltoall_intra_do_forced
  [A] ompi_coll_tuned_alltoallv_intra_do_forced
  [A] ompi_coll_tuned_barrier_intra_do_forced
  [A] ompi_coll_tuned_bcast_intra_do_forced
  [A] ompi_coll_tuned_gather_intra_do_forced
  [A] ompi_coll_tuned_reduce_intra_do_forced
  [A] ompi_coll_tuned_reduce_scatter_intra_do_forced
  [A] ompi_coll_tuned_scatter_intra_do_forced
  [A] ompi_comm_link_function
  [A] ompi_comm_neighbors
  [A] ompi_comm_neighbors_count
  [A] ompi_comm_reg_finalize
  [A] ompi_comm_reg_init
  [A] ompi_errhandler_runtime_callback
  [A] ompi_io_ompio_allgather_array
  [A] ompi_io_ompio_allgatherv_array
  [A] ompi_io_ompio_bcast_array
  [A] ompi_io_ompio_break_file_view
  [A] ompi_io_ompio_distribute_file_view
  [A] ompi_io_ompio_empty_print_queue
  [A] ompi_io_ompio_full_print_queue
  [A] ompi_io_ompio_gather_array
  [A] ompi_io_ompio_gather_data
  [A] ompi_io_ompio_gatherv_array
  [A] ompi_io_ompio_initialize_print_queue
  [A] ompi_io_ompio_print_time_info
  [A] ompi_io_ompio_register_print_entry
  [A] ompi_io_ompio_scatter_data
  [A] ompi_io_ompio_scatterv_array
  [A] ompi_io_ompio_set_aggregator_props
  [A] ompi_io_ompio_set_explicit_offset
  [A] ompi_io_ompio_set_file_defaults
  [A] ompi_io_ompio_set_print_queue
  [A] ompi_io_ompio_sort
  [A] ompi_io_ompio_sort_iovec
  [A] ompi_io_ompio_unregister_print_entry
  [A] ompio_io_ompio_file_close
  [A] ompio_io_ompio_file_get_position
  [A] ompio_io_ompio_file_get_size
  [A] ompio_io_ompio_file_iread
  [A] ompio_io_ompio_file_iread_at
  [A] ompio_io_ompio_file_iread_at_all
  [A] ompio_io_ompio_file_iwrite
  [A] ompio_io_ompio_file_iwrite_at
  [A] ompio_io_ompio_file_iwrite_at_all
  [A] ompio_io_ompio_file_open
  [A] ompio_io_ompio_file_read
  [A] ompio_io_ompio_file_read_at
  [A] ompio_io_ompio_file_read_at_all
  [A] ompio_io_ompio_file_write
  [A] ompio_io_ompio_file_write_at
  [A] ompio_io_ompio_file_write_at_all
  [A] roundup_to_power_radix

63 Removed variable symbols not referenced by debug info:

  [D] comm_time
  [D] end_comm_time
  [D] end_exch
  [D] end_rcomm_time
  [D] end_read_time
  [D] end_rexch
  [D] end_write_time
  [D] exch_write
  [D] filtered_messages_count
  [D] filtered_sent_data
  [D] global_bl
  [D] libnbc_ibcast_skip_dt_decision
  [D] mca_coll_sync_component
  [D] mca_coll_sync_component_version_string
  [D] mca_coll_sync_module_t_class
  [D] mca_crcp_base_static_components
  [D] mca_fcoll_dynamic_gen2_component
  [D] mca_fcoll_dynamic_gen2_component_version_string
  [D] mca_fcoll_dynamic_gen2_num_groups
  [D] mca_fcoll_dynamic_gen2_priority
  [D] mca_fcoll_dynamic_gen2_write_chunksize
  [D] mca_hook_base_static_components
  [D] mca_pml_bsend_addr
  [D] mca_pml_bsend_base
  [D] mca_pml_bsend_userbase
  [D] mca_pml_monitoring
  [D] mca_pml_monitoring_component
  [D] mca_topo_treematch_component
  [D] mca_topo_treematch_component_version_string
  [D] mca_topo_treematch_module_t_class
  [D] messages_count
  [D] ompi_async_mpi_finalize
  [D] ompi_async_mpi_init
  [D] ompi_comm_allreduce_context_t_class
  [D] ompi_comm_cid_context_t_class
  [D] ompi_comm_idup_with_info_context_t_class
  [D] ompi_cr_output
  [D] ompi_cr_verbosity
  [D] ompi_crcp
  [D] ompi_crcp_base_btl_state_t_class
  [D] ompi_crcp_base_framework
  [D] ompi_crcp_base_pml_state_t_class
  [D] ompi_crcp_base_selected_component
  [D] ompi_hook_base_framework
  [D] ompi_mpi_file_bootstrap_mutex
  [D] ompi_mpi_ompio_bootstrap_mutex
  [D] ompi_osc_pt2pt_receive_t_class
  [D] ompi_osc_rdma_pending_op_t_class
  [D] ompi_win_accumulate_order
  [D] pml_selected_component
  [D] pml_selected_module
  [D] rcomm_time
  [D] read_exch
  [D] read_time
  [D] sent_data
  [D] start_comm_time
  [D] start_exch
  [D] start_rcomm_time
  [D] start_read_time
  [D] start_rexch
  [D] start_write_time
  [D] translation_ht
  [D] write_time

11 Added variable symbols not referenced by debug info:

  [A] __malloc_initialize_hook
  [A] coll_base_allgatherv_algorithms
  [A] coll_read_time
  [A] coll_write_time
  [A] ompi_comm_reg_t_class
  [A] ompi_datatype_dfd
  [A] ompi_request_completed
  [A] ompi_request_cond
  [A] ompi_request_failed
  [A] ompi_request_lock
  [A] ompi_request_waiting

