Functions changes summary: 0 Removed, 0 Changed, 0 Added function
Variables changes summary: 0 Removed, 0 Changed (6 filtered out), 0 Added variables
Function symbols changes summary: 113 Removed, 162 Added function symbols not referenced by debug info
Variable symbols changes summary: 15 Removed, 17 Added variable symbols not referenced by debug info

113 Removed function symbols not referenced by debug info:

  [D] FREE_bucket
  [D] FREE_bucket_list
  [D] FREE_const_tab
  [D] FREE_constraint_tree
  [D] FREE_list_child
  [D] FREE_non_constraint_tree
  [D] FREE_tab_bucket
  [D] FREE_tab_child
  [D] FREE_tab_com_mat
  [D] FREE_tab_double
  [D] FREE_tab_int
  [D] FREE_tab_local_vertices
  [D] FREE_topology
  [D] FREE_tree
  [D] TreeMatchMapping
  [D] aggregate_aff_mat
  [D] build_affinity_mat
  [D] build_binding_constraints
  [D] build_comm
  [D] build_synthetic_topology
  [D] build_synthetic_topology_old
  [D] build_tree_from_topology
  [D] canonize_constraints
  [D] coll_base_comm_get_reqs
  [D] comm_allgather_pml
  [D] comm_allreduce_pml
  [D] comm_bcast_pml
  [D] constraint_dsc
  [D] decompose
  [D] display_contsraint_tab
  [D] display_other_heuristics
  [D] display_topology
  [D] eval_sol_inv
  [D] fcoll_base_coll_allgather_array
  [D] fcoll_base_coll_allgatherv_array
  [D] fcoll_base_coll_bcast_array
  [D] fcoll_base_coll_gather_array
  [D] fcoll_base_coll_gatherv_array
  [D] fcoll_base_coll_scatterv_array
  [D] fcoll_base_sort_iovec
  [D] filter_monitoring
  [D] finalize_monitoring
  [D] get_indice
  [D] get_verbose_level
  [D] group
  [D] init_comm
  [D] int_cmp
  [D] map_topology_simple
  [D] mca_io_ompio_file_get_info
  [D] mca_io_ompio_file_set_info
  [D] mca_pml_monitoring_add_comm
  [D] mca_pml_monitoring_add_procs
  [D] mca_pml_monitoring_del_comm
  [D] mca_pml_monitoring_del_procs
  [D] mca_pml_monitoring_dump
  [D] mca_pml_monitoring_enable
  [D] mca_pml_monitoring_get_messages_count
  [D] mca_pml_monitoring_get_messages_size
  [D] mca_pml_monitoring_improbe
  [D] mca_pml_monitoring_imrecv
  [D] mca_pml_monitoring_iprobe
  [D] mca_pml_monitoring_irecv
  [D] mca_pml_monitoring_irecv_init
  [D] mca_pml_monitoring_isend
  [D] mca_pml_monitoring_isend_init
  [D] mca_pml_monitoring_mprobe
  [D] mca_pml_monitoring_mrecv
  [D] mca_pml_monitoring_probe
  [D] mca_pml_monitoring_recv
  [D] mca_pml_monitoring_reset
  [D] mca_pml_monitoring_send
  [D] mca_pml_monitoring_start
  [D] monitor_send_data
  [D] mpit_lock
  [D] mpit_unlock
  [D] my_calloc
  [D] my_free
  [D] my_malloc
  [D] my_mem_check
  [D] netpatterns_base_err
  [D] netpatterns_cleanup_narray_knomial_tree
  [D] netpatterns_cleanup_recursive_doubling_tree_node
  [D] netpatterns_cleanup_recursive_knomial_allgather_tree_node
  [D] netpatterns_cleanup_recursive_knomial_tree_node
  [D] netpatterns_init
  [D] netpatterns_register_mca_params
  [D] netpatterns_setup_multinomial_tree
  [D] netpatterns_setup_narray_knomial_tree
  [D] netpatterns_setup_narray_tree
  [D] netpatterns_setup_narray_tree_contigous_ranks
  [D] netpatterns_setup_recursive_doubling_n_tree_node
  [D] netpatterns_setup_recursive_doubling_tree_node
  [D] netpatterns_setup_recursive_knomial_allgather_tree_node
  [D] netpatterns_setup_recursive_knomial_tree_node
  [D] ompi_coll_base_sendrecv_nonzero_actual
  [D] ompi_fortran_argv_f2c
  [D] ompi_info_finalize
  [D] ompi_info_init
  [D] ompi_info_value_to_bool
  [D] ompi_info_value_to_int
  [D] ompi_mca_pml_monitoring_flush
  [D] optimize_topology
  [D] pml_v_output_close
  [D] pml_v_output_open
  [D] print_sol
  [D] print_sol_inv
  [D] recursive_canonicalization
  [D] set_verbose_level
  [D] speed
  [D] topology_arity
  [D] topology_numbering
  [D] update_canonical
  [D] update_perm

162 Added function symbols not referenced by debug info:

  [A] NBC_Schedule_request
  [A] PQ_adjustElementKey
  [A] PQ_adjustKey
  [A] PQ_decreaseElementKey
  [A] PQ_decreaseKey
  [A] PQ_delete
  [A] PQ_deleteElement
  [A] PQ_deleteMax
  [A] PQ_deleteMaxElement
  [A] PQ_exit
  [A] PQ_findMaxElement
  [A] PQ_findMaxKey
  [A] PQ_free
  [A] PQ_increaseElementKey
  [A] PQ_increaseKey
  [A] PQ_init
  [A] PQ_insert
  [A] PQ_insertElement
  [A] PQ_isEmpty
  [A] algo
  [A] allocate_vertex2
  [A] append_frag_to_ordered_list
  [A] balancing
  [A] build_p_vector
  [A] check_cantmatch_for_match
  [A] destruction
  [A] display_sol
  [A] display_sol_sum_com
  [A] eval_cost2
  [A] fiboTreeConsolidate
  [A] fiboTreeDel
  [A] fiboTreeExit
  [A] fiboTreeFree
  [A] fiboTreeInit
  [A] fiboTreeMin
  [A] free_affinity_mat
  [A] free_bucket
  [A] free_bucket_list
  [A] free_const_tab
  [A] free_constraint_tree
  [A] free_list_child
  [A] free_non_constraint_tree
  [A] free_tab_bucket
  [A] free_tab_child
  [A] free_tab_com_mat
  [A] free_tab_double
  [A] free_tab_int
  [A] free_tab_local_vertices
  [A] in_tab
  [A] init_mat
  [A] initialization
  [A] int_cmp_inc
  [A] kPartitioning
  [A] kpartition_greedy2
  [A] mca_coll_spacc_allreduce_intra_redscat_allgather
  [A] mca_coll_spacc_reduce_intra_redscat_gather
  [A] mca_common_monitoring_add_procs
  [A] mca_common_monitoring_coll_a2a
  [A] mca_common_monitoring_coll_a2o
  [A] mca_common_monitoring_coll_cache_name
  [A] mca_common_monitoring_coll_finalize
  [A] mca_common_monitoring_coll_flush
  [A] mca_common_monitoring_coll_flush_all
  [A] mca_common_monitoring_coll_get_a2a_count
  [A] mca_common_monitoring_coll_get_a2a_size
  [A] mca_common_monitoring_coll_get_a2o_count
  [A] mca_common_monitoring_coll_get_a2o_size
  [A] mca_common_monitoring_coll_get_o2a_count
  [A] mca_common_monitoring_coll_get_o2a_size
  [A] mca_common_monitoring_coll_messages_notify
  [A] mca_common_monitoring_coll_new
  [A] mca_common_monitoring_coll_o2a
  [A] mca_common_monitoring_coll_release
  [A] mca_common_monitoring_coll_reset
  [A] mca_common_monitoring_finalize
  [A] mca_common_monitoring_init
  [A] mca_common_monitoring_record_coll
  [A] mca_common_monitoring_record_osc
  [A] mca_common_monitoring_record_pml
  [A] mca_common_monitoring_register
  [A] mca_fbtl_posix_lock
  [A] mca_fbtl_posix_unlock
  [A] mca_pml_ob1_dump_cant_match
  [A] memory_allocation
  [A] nextGain
  [A] ompi_coll_base_comm_get_reqs
  [A] ompi_coll_base_sendrecv_actual
  [A] ompi_coll_spacc_comm_query
  [A] ompi_coll_spacc_init_query
  [A] ompi_comm_allgather_pml
  [A] ompi_comm_allreduce_pml
  [A] ompi_comm_assert_subscribe
  [A] ompi_comm_bcast_pml
  [A] ompi_fcoll_base_coll_allgather_array
  [A] ompi_fcoll_base_coll_allgatherv_array
  [A] ompi_fcoll_base_coll_bcast_array
  [A] ompi_fcoll_base_coll_gather_array
  [A] ompi_fcoll_base_coll_gatherv_array
  [A] ompi_fcoll_base_coll_scatterv_array
  [A] ompi_fcoll_base_sort_iovec
  [A] ompi_fortran_argv_blank_f2c
  [A] ompi_fortran_argv_count_f2c
  [A] ompi_info_dup_mpistandard
  [A] ompi_info_get_nkeys
  [A] ompi_interlib_declare
  [A] ompi_mpiinfo_finalize
  [A] ompi_mpiinfo_init
  [A] ompi_mpit_lock
  [A] ompi_mpit_unlock
  [A] ompi_netpatterns_base_err
  [A] ompi_netpatterns_cleanup_narray_knomial_tree
  [A] ompi_netpatterns_cleanup_recursive_doubling_tree_node
  [A] ompi_netpatterns_cleanup_recursive_knomial_allgather_tree_node
  [A] ompi_netpatterns_cleanup_recursive_knomial_tree_node
  [A] ompi_netpatterns_init
  [A] ompi_netpatterns_register_mca_params
  [A] ompi_netpatterns_setup_multinomial_tree
  [A] ompi_netpatterns_setup_narray_knomial_tree
  [A] ompi_netpatterns_setup_narray_tree
  [A] ompi_netpatterns_setup_narray_tree_contigous_ranks
  [A] ompi_netpatterns_setup_recursive_doubling_n_tree_node
  [A] ompi_netpatterns_setup_recursive_doubling_tree_node
  [A] ompi_netpatterns_setup_recursive_knomial_allgather_tree_node
  [A] ompi_netpatterns_setup_recursive_knomial_tree_node
  [A] ompi_pml_v_output_close
  [A] ompi_pml_v_output_open
  [A] tm_build_affinity_mat
  [A] tm_build_synthetic_topology
  [A] tm_build_tree_from_topology
  [A] tm_calloc
  [A] tm_close_verbose_file
  [A] tm_compute_mapping
  [A] tm_display_arity
  [A] tm_display_other_heuristics
  [A] tm_display_solution
  [A] tm_display_topology
  [A] tm_enable_oversubscribing
  [A] tm_finalize
  [A] tm_free
  [A] tm_free_affinity_mat
  [A] tm_free_solution
  [A] tm_free_topology
  [A] tm_free_tree
  [A] tm_get_exhaustive_search_flag
  [A] tm_get_verbose_level
  [A] tm_get_verbose_output
  [A] tm_load_aff_mat
  [A] tm_load_topology
  [A] tm_malloc
  [A] tm_mem_check
  [A] tm_open_verbose_file
  [A] tm_optimize_topology
  [A] tm_realloc
  [A] tm_set_exhaustive_search_flag
  [A] tm_set_max_nb_threads
  [A] tm_set_verbose_level
  [A] tm_topology_add_binding_constraints
  [A] tm_topology_set_binding_constraints
  [A] topology_arity_cpy
  [A] topology_constraints_cpy
  [A] topology_cost_cpy
  [A] topology_numbering_cpy

15 Removed variable symbols not referenced by debug info:

  [D] filtered_messages_count
  [D] filtered_sent_data
  [D] global_bl
  [D] mca_pml_monitoring
  [D] mca_pml_monitoring_component
  [D] messages_count
  [D] mpit_big_lock
  [D] mpit_init_count
  [D] netpatterns_base_verbose
  [D] ompi_enable_timing_ext
  [D] ompi_info_entry_t_class
  [D] pml_selected_component
  [D] pml_selected_module
  [D] sent_data
  [D] translation_ht

17 Added variable symbols not referenced by debug info:

  [A] common_monitoring_translation_ht
  [A] mca_coll_spacc_component
  [A] mca_coll_spacc_module_t_class
  [A] mca_coll_spacc_priority
  [A] mca_coll_spacc_stream
  [A] mca_coll_spacc_verbose
  [A] mca_common_monitoring_current_state
  [A] mca_common_monitoring_enabled
  [A] mca_common_monitoring_output_stream_id
  [A] mca_fs_ufs_lock_algorithm
  [A] mca_io_ompio_aggregators_cutoff_threshold
  [A] mca_io_ompio_max_aggregators_ratio
  [A] mca_monitoring_coll_data_t_class
  [A] ompi_coll_spacc_component_version_string
  [A] ompi_mpit_big_lock
  [A] ompi_mpit_init_count
  [A] ompi_netpatterns_base_verbose

