ELF SONAME changed
Functions changes summary: 0 Removed, 0 Changed, 2 Added functions
Variables changes summary: 2 Removed, 1 Changed (11 filtered out), 5 Added variables
Function symbols changes summary: 688 Removed, 817 Added function symbols not referenced by debug info
Variable symbols changes summary: 109 Removed, 293 Added variable symbols not referenced by debug info

SONAME changed from 'libmpi.so.40' to 'libmpi.so.1'

2 Added functions:

  [A] 'function void* MPIR_Breakpoint()'    {MPIR_Breakpoint}
  [A] 'function void ompi_debugger_notify_abort(char*)'    {ompi_debugger_notify_abort}

2 Removed variables:

  [D] 'opal_free_list_item_t* opal_free_list_item_t_type_force_inclusion'    {opal_free_list_item_t_type_force_inclusion}
  [D] 'opal_free_list_t* opal_free_list_t_type_force_inclusion'    {opal_free_list_t_type_force_inclusion}

5 Added variables:

  [A] 'volatile int MPIR_being_debugged'    {MPIR_being_debugged}
  [A] 'char* MPIR_debug_abort_string'    {MPIR_debug_abort_string}
  [A] 'volatile int MPIR_debug_state'    {MPIR_debug_state}
  [A] 'ompi_free_list_item_t* ompi_free_list_item_t_type_force_inclusion'    {ompi_free_list_item_t_type_force_inclusion}
  [A] 'ompi_free_list_t* ompi_free_list_t_type_force_inclusion'    {ompi_free_list_t_type_force_inclusion}

1 Changed variable:

  [C] 'char MPIR_dll_name[135]' was changed to 'char MPIR_dll_name[133]' at ompi_debuggers.c:81:1:
    size of symbol changed from 135 to 133
    type of variable changed:
      type name changed from 'char[135]' to 'char[133]'
      array type size changed from 1080 to 1064
      array type subrange 1 changed length from 135 to 133

688 Removed function symbols not referenced by debug info:

  [D] ADIOI_IO_Thread_Func
  [D] ADIOI_Info_check_and_install_enabled
  [D] ADIOI_Info_check_and_install_int
  [D] ADIOI_Info_check_and_install_str
  [D] ADIOI_Info_check_and_install_true
  [D] ADIOI_Info_print_keyvals
  [D] ADIOI_P2PContigReadAggregation
  [D] ADIOI_P2PContigWriteAggregation
  [D] ADIOI_Type_create_hindexed_x
  [D] MPIX_Query_cuda_support
  [D] MPI_AINT_ADD_F90
  [D] MPI_AINT_DIFF_F90
  [D] MPI_File_iread_all
  [D] MPI_File_iread_at_all, aliases PMPI_File_iread_at_all
  [D] MPI_File_iwrite_all
  [D] MPI_File_iwrite_at_all, aliases PMPI_File_iwrite_at_all
  [D] MPI_T_category_get_index
  [D] MPI_T_cvar_get_index
  [D] MPI_T_pvar_get_index
  [D] NBC_Return_handle
  [D] NBC_Sched_local_recv
  [D] NBC_Sched_local_send
  [D] NBC_Schedule_request
  [D] OMPI_Affinity_str
  [D] PMPI_File_iread_all, aliases MPI_File_iread_all
  [D] PMPI_File_iread_at_all
  [D] PMPI_File_iwrite_all, aliases MPI_File_iwrite_all
  [D] PMPI_File_iwrite_at_all
  [D] PMPI_T_category_get_index, aliases MPI_T_category_get_index
  [D] PMPI_T_cvar_get_index, aliases MPI_T_cvar_get_index
  [D] PMPI_T_pvar_get_index, aliases MPI_T_pvar_get_index
  [D] PQ_adjustElementKey
  [D] PQ_adjustKey
  [D] PQ_decreaseElementKey
  [D] PQ_decreaseKey
  [D] PQ_delete
  [D] PQ_deleteElement
  [D] PQ_deleteMax
  [D] PQ_deleteMaxElement
  [D] PQ_exit
  [D] PQ_findMaxElement
  [D] PQ_findMaxKey
  [D] PQ_free
  [D] PQ_increaseElementKey
  [D] PQ_increaseKey
  [D] PQ_init
  [D] PQ_insert
  [D] PQ_insertElement
  [D] PQ_isEmpty
  [D] add_edge_3
  [D] add_to_bucket
  [D] add_to_list
  [D] adjacency_asc
  [D] adjacency_dsc
  [D] aggregate_obj_weight
  [D] algo
  [D] allocate_vertex
  [D] allocate_vertex2
  [D] append_frag_to_ordered_list
  [D] balancing
  [D] bottom_up_build_tree_from_topology
  [D] bucket_grouping
  [D] bucket_id
  [D] build_cost_matrix
  [D] build_level_topology
  [D] build_p_vector
  [D] build_synthetic_proc_id
  [D] built_pivot_tree
  [D] check_bucket
  [D] check_cantmatch_for_match
  [D] check_constraints
  [D] choose
  [D] clone_tree
  [D] complete_aff_mat
  [D] complete_obj_weight
  [D] complete_tab_node
  [D] compute_gain
  [D] compute_nb_leaves_from_level
  [D] compute_weighted_degree
  [D] create_dumb_tree
  [D] create_work
  [D] delete_group_list
  [D] depth_first
  [D] destruction
  [D] dfs
  [D] display_bucket
  [D] display_bucket_list
  [D] display_grouping
  [D] display_node
  [D] display_pivots
  [D] display_selection
  [D] display_sol
  [D] display_sol_sum_com
  [D] display_tab
  [D] display_tab_group
  [D] distance
  [D] eval_cost
  [D] eval_cost2
  [D] eval_grouping
  [D] eval_sol
  [D] exchange
  [D] fast_group
  [D] fast_grouping
  [D] fiboTreeConsolidate
  [D] fiboTreeDel
  [D] fiboTreeExit
  [D] fiboTreeFree
  [D] fiboTreeInit
  [D] fiboTreeMin
  [D] fill_buckets
  [D] fill_tab
  [D] free_affinity_mat
  [D] free_bucket
  [D] free_bucket_list
  [D] free_const_tab
  [D] free_constraint_tree
  [D] free_list_child
  [D] free_non_constraint_tree
  [D] free_tab_bucket
  [D] free_tab_child
  [D] free_tab_com_mat
  [D] free_tab_double
  [D] free_tab_int
  [D] free_tab_local_vertices
  [D] gain_exchange
  [D] generate_random_sol
  [D] genrand_int31
  [D] genrand_int32
  [D] genrand_real1
  [D] genrand_real2
  [D] genrand_real3
  [D] genrand_res53
  [D] get_local_topo_with_hwloc
  [D] get_nb_threads
  [D] get_time
  [D] group_list_asc
  [D] group_list_dsc
  [D] group_list_id
  [D] group_nodes
  [D] hash_asc
  [D] hwloc_to_tm
  [D] in_tab
  [D] independent_groups
  [D] independent_tab
  [D] init_by_array
  [D] init_genrand
  [D] init_mat
  [D] initialization
  [D] intCIV_exit
  [D] intCIV_get
  [D] intCIV_init
  [D] intCIV_isInitialized
  [D] intCIV_set
  [D] int_cmp_inc
  [D] is_power_of_2
  [D] kPartitioning
  [D] kpartition
  [D] kpartition_build_level_topology
  [D] kpartition_build_tree_from_topology
  [D] kpartition_greedy
  [D] kpartition_greedy2
  [D] list_all_possible_groups
  [D] list_to_tab
  [D] map_MPIPP
  [D] map_Packed
  [D] map_RR
  [D] map_topology
  [D] mca_coll_base_alltoall_intra_basic_inplace
  [D] mca_coll_base_alltoallv_intra_basic_inplace
  [D] mca_coll_base_reduce_local
  [D] mca_coll_spacc_allreduce_intra_redscat_allgather
  [D] mca_coll_spacc_reduce_intra_redscat_gather
  [D] mca_coll_sync_bcast
  [D] mca_coll_sync_comm_query
  [D] mca_coll_sync_exscan
  [D] mca_coll_sync_ft_event
  [D] mca_coll_sync_gather
  [D] mca_coll_sync_gatherv
  [D] mca_coll_sync_init_query
  [D] mca_coll_sync_module_enable
  [D] mca_coll_sync_reduce
  [D] mca_coll_sync_reduce_scatter
  [D] mca_coll_sync_scan
  [D] mca_coll_sync_scatter
  [D] mca_coll_sync_scatterv
  [D] mca_common_monitoring_add_procs
  [D] mca_common_monitoring_coll_a2a
  [D] mca_common_monitoring_coll_a2o
  [D] mca_common_monitoring_coll_cache_name
  [D] mca_common_monitoring_coll_finalize
  [D] mca_common_monitoring_coll_flush
  [D] mca_common_monitoring_coll_flush_all
  [D] mca_common_monitoring_coll_get_a2a_count
  [D] mca_common_monitoring_coll_get_a2a_size
  [D] mca_common_monitoring_coll_get_a2o_count
  [D] mca_common_monitoring_coll_get_a2o_size
  [D] mca_common_monitoring_coll_get_o2a_count
  [D] mca_common_monitoring_coll_get_o2a_size
  [D] mca_common_monitoring_coll_messages_notify
  [D] mca_common_monitoring_coll_new
  [D] mca_common_monitoring_coll_o2a
  [D] mca_common_monitoring_coll_release
  [D] mca_common_monitoring_coll_reset
  [D] mca_common_monitoring_finalize
  [D] mca_common_monitoring_init
  [D] mca_common_monitoring_record_coll
  [D] mca_common_monitoring_record_osc
  [D] mca_common_monitoring_record_pml
  [D] mca_common_monitoring_register
  [D] mca_common_ompio_build_io_array
  [D] mca_common_ompio_empty_print_queue
  [D] mca_common_ompio_file_close
  [D] mca_common_ompio_file_get_position
  [D] mca_common_ompio_file_get_size
  [D] mca_common_ompio_file_iread
  [D] mca_common_ompio_file_iread_at
  [D] mca_common_ompio_file_iread_at_all
  [D] mca_common_ompio_file_iwrite
  [D] mca_common_ompio_file_iwrite_at
  [D] mca_common_ompio_file_iwrite_at_all
  [D] mca_common_ompio_file_open
  [D] mca_common_ompio_file_read
  [D] mca_common_ompio_file_read_at
  [D] mca_common_ompio_file_read_at_all
  [D] mca_common_ompio_file_write
  [D] mca_common_ompio_file_write_at
  [D] mca_common_ompio_file_write_at_all
  [D] mca_common_ompio_full_print_queue
  [D] mca_common_ompio_initialize_print_queue
  [D] mca_common_ompio_print_time_info
  [D] mca_common_ompio_register_print_entry
  [D] mca_common_ompio_set_explicit_offset
  [D] mca_common_ompio_set_file_defaults
  [D] mca_common_ompio_set_view
  [D] mca_common_ompio_unregister_print_entry
  [D] mca_fbtl_posix_lock
  [D] mca_fbtl_posix_progress
  [D] mca_fbtl_posix_request_free
  [D] mca_fbtl_posix_unlock
  [D] mca_fcoll_dynamic_gen2_break_file_view
  [D] mca_fcoll_dynamic_gen2_component_file_query
  [D] mca_fcoll_dynamic_gen2_component_file_unquery
  [D] mca_fcoll_dynamic_gen2_component_init_query
  [D] mca_fcoll_dynamic_gen2_file_read_all
  [D] mca_fcoll_dynamic_gen2_file_write_all
  [D] mca_fcoll_dynamic_gen2_get_configuration
  [D] mca_fcoll_dynamic_gen2_module_finalize
  [D] mca_fcoll_dynamic_gen2_module_init
  [D] mca_fcoll_dynamic_gen2_split_iov_array
  [D] mca_fs_base_get_fstype
  [D] mca_io_ompio_cart_based_grouping
  [D] mca_io_ompio_component_progress
  [D] mca_io_ompio_create_groups
  [D] mca_io_ompio_file_iread_all
  [D] mca_io_ompio_file_iread_at_all
  [D] mca_io_ompio_file_iwrite_all
  [D] mca_io_ompio_file_iwrite_at_all
  [D] mca_io_ompio_finalize_initial_grouping
  [D] mca_io_ompio_finalize_split
  [D] mca_io_ompio_fview_based_grouping
  [D] mca_io_ompio_get_bytes_per_agg
  [D] mca_io_ompio_get_num_aggregators
  [D] mca_io_ompio_merge_groups
  [D] mca_io_ompio_merge_initial_groups
  [D] mca_io_ompio_prepare_to_group
  [D] mca_io_ompio_retain_initial_groups
  [D] mca_io_ompio_simple_grouping
  [D] mca_io_ompio_split_a_group
  [D] mca_io_ompio_split_initial_groups
  [D] mca_io_romio314_dist_MPIR_Status_set_bytes
  [D] mca_io_romio314_dist_MPI_File_close
  [D] mca_io_romio314_dist_MPI_File_delete
  [D] mca_io_romio314_dist_MPI_File_get_amode
  [D] mca_io_romio314_dist_MPI_File_get_atomicity
  [D] mca_io_romio314_dist_MPI_File_get_byte_offset
  [D] mca_io_romio314_dist_MPI_File_get_group
  [D] mca_io_romio314_dist_MPI_File_get_info
  [D] mca_io_romio314_dist_MPI_File_get_position
  [D] mca_io_romio314_dist_MPI_File_get_position_shared
  [D] mca_io_romio314_dist_MPI_File_get_size
  [D] mca_io_romio314_dist_MPI_File_get_type_extent
  [D] mca_io_romio314_dist_MPI_File_get_view
  [D] mca_io_romio314_dist_MPI_File_iread
  [D] mca_io_romio314_dist_MPI_File_iread_at
  [D] mca_io_romio314_dist_MPI_File_iread_shared
  [D] mca_io_romio314_dist_MPI_File_iwrite
  [D] mca_io_romio314_dist_MPI_File_iwrite_at
  [D] mca_io_romio314_dist_MPI_File_iwrite_shared
  [D] mca_io_romio314_dist_MPI_File_open
  [D] mca_io_romio314_dist_MPI_File_preallocate
  [D] mca_io_romio314_dist_MPI_File_read
  [D] mca_io_romio314_dist_MPI_File_read_all
  [D] mca_io_romio314_dist_MPI_File_read_all_begin
  [D] mca_io_romio314_dist_MPI_File_read_all_end
  [D] mca_io_romio314_dist_MPI_File_read_at
  [D] mca_io_romio314_dist_MPI_File_read_at_all
  [D] mca_io_romio314_dist_MPI_File_read_at_all_begin
  [D] mca_io_romio314_dist_MPI_File_read_at_all_end
  [D] mca_io_romio314_dist_MPI_File_read_ordered
  [D] mca_io_romio314_dist_MPI_File_read_ordered_begin
  [D] mca_io_romio314_dist_MPI_File_read_ordered_end
  [D] mca_io_romio314_dist_MPI_File_read_shared
  [D] mca_io_romio314_dist_MPI_File_seek
  [D] mca_io_romio314_dist_MPI_File_seek_shared
  [D] mca_io_romio314_dist_MPI_File_set_atomicity
  [D] mca_io_romio314_dist_MPI_File_set_info
  [D] mca_io_romio314_dist_MPI_File_set_size
  [D] mca_io_romio314_dist_MPI_File_set_view
  [D] mca_io_romio314_dist_MPI_File_sync
  [D] mca_io_romio314_dist_MPI_File_write
  [D] mca_io_romio314_dist_MPI_File_write_all
  [D] mca_io_romio314_dist_MPI_File_write_all_begin
  [D] mca_io_romio314_dist_MPI_File_write_all_end
  [D] mca_io_romio314_dist_MPI_File_write_at
  [D] mca_io_romio314_dist_MPI_File_write_at_all
  [D] mca_io_romio314_dist_MPI_File_write_at_all_begin
  [D] mca_io_romio314_dist_MPI_File_write_at_all_end
  [D] mca_io_romio314_dist_MPI_File_write_ordered
  [D] mca_io_romio314_dist_MPI_File_write_ordered_begin
  [D] mca_io_romio314_dist_MPI_File_write_ordered_end
  [D] mca_io_romio314_dist_MPI_File_write_shared
  [D] mca_io_romio314_dist_MPI_Register_datarep
  [D] mca_io_romio314_file_close
  [D] mca_io_romio314_file_get_amode
  [D] mca_io_romio314_file_get_atomicity
  [D] mca_io_romio314_file_get_byte_offset
  [D] mca_io_romio314_file_get_info
  [D] mca_io_romio314_file_get_position
  [D] mca_io_romio314_file_get_position_shared
  [D] mca_io_romio314_file_get_size
  [D] mca_io_romio314_file_get_type_extent
  [D] mca_io_romio314_file_get_view
  [D] mca_io_romio314_file_iread
  [D] mca_io_romio314_file_iread_all
  [D] mca_io_romio314_file_iread_at
  [D] mca_io_romio314_file_iread_at_all
  [D] mca_io_romio314_file_iread_shared
  [D] mca_io_romio314_file_iwrite
  [D] mca_io_romio314_file_iwrite_all
  [D] mca_io_romio314_file_iwrite_at
  [D] mca_io_romio314_file_iwrite_at_all
  [D] mca_io_romio314_file_iwrite_shared
  [D] mca_io_romio314_file_open
  [D] mca_io_romio314_file_preallocate
  [D] mca_io_romio314_file_read
  [D] mca_io_romio314_file_read_all
  [D] mca_io_romio314_file_read_all_begin
  [D] mca_io_romio314_file_read_all_end
  [D] mca_io_romio314_file_read_at
  [D] mca_io_romio314_file_read_at_all
  [D] mca_io_romio314_file_read_at_all_begin
  [D] mca_io_romio314_file_read_at_all_end
  [D] mca_io_romio314_file_read_ordered
  [D] mca_io_romio314_file_read_ordered_begin
  [D] mca_io_romio314_file_read_ordered_end
  [D] mca_io_romio314_file_read_shared
  [D] mca_io_romio314_file_seek
  [D] mca_io_romio314_file_seek_shared
  [D] mca_io_romio314_file_set_atomicity
  [D] mca_io_romio314_file_set_info
  [D] mca_io_romio314_file_set_size
  [D] mca_io_romio314_file_set_view
  [D] mca_io_romio314_file_sync
  [D] mca_io_romio314_file_write
  [D] mca_io_romio314_file_write_all
  [D] mca_io_romio314_file_write_all_begin
  [D] mca_io_romio314_file_write_all_end
  [D] mca_io_romio314_file_write_at
  [D] mca_io_romio314_file_write_at_all
  [D] mca_io_romio314_file_write_at_all_begin
  [D] mca_io_romio314_file_write_at_all_end
  [D] mca_io_romio314_file_write_ordered
  [D] mca_io_romio314_file_write_ordered_begin
  [D] mca_io_romio314_file_write_ordered_end
  [D] mca_io_romio314_file_write_shared
  [D] mca_pml_ob1_dump_cant_match
  [D] mca_pml_ob1_enable_progress
  [D] mca_pml_ob1_rdma_pipeline_btls_count
  [D] mca_topo_base_neighbor_count
  [D] mca_topo_treematch_dist_graph_create
  [D] memory_allocation
  [D] mpi_aint_add_f90
  [D] mpi_aint_add_f90_
  [D] mpi_aint_add_f90__
  [D] mpi_aint_diff_f90
  [D] mpi_aint_diff_f90_
  [D] mpi_aint_diff_f90__
  [D] nb_leaves
  [D] nb_lines
  [D] nb_processing_units
  [D] new_affinity_mat
  [D] new_group_list
  [D] nextGain
  [D] next_bucket_elem
  [D] old_bucket_id
  [D] ompi_attr_get_aint
  [D] ompi_attr_get_fint
  [D] ompi_attr_set_aint
  [D] ompi_attr_set_fint
  [D] ompi_attr_set_int
  [D] ompi_coll_base_allgather_intra_basic_linear
  [D] ompi_coll_base_allgather_intra_bruck
  [D] ompi_coll_base_allgather_intra_neighborexchange
  [D] ompi_coll_base_allgather_intra_recursivedoubling
  [D] ompi_coll_base_allgather_intra_ring
  [D] ompi_coll_base_allgather_intra_two_procs
  [D] ompi_coll_base_allgatherv_intra_basic_default
  [D] ompi_coll_base_allgatherv_intra_bruck
  [D] ompi_coll_base_allgatherv_intra_neighborexchange
  [D] ompi_coll_base_allgatherv_intra_ring
  [D] ompi_coll_base_allgatherv_intra_two_procs
  [D] ompi_coll_base_allreduce_intra_basic_linear
  [D] ompi_coll_base_allreduce_intra_nonoverlapping
  [D] ompi_coll_base_allreduce_intra_recursivedoubling
  [D] ompi_coll_base_allreduce_intra_ring
  [D] ompi_coll_base_allreduce_intra_ring_segmented
  [D] ompi_coll_base_alltoall_intra_basic_linear
  [D] ompi_coll_base_alltoall_intra_bruck
  [D] ompi_coll_base_alltoall_intra_linear_sync
  [D] ompi_coll_base_alltoall_intra_pairwise
  [D] ompi_coll_base_alltoall_intra_two_procs
  [D] ompi_coll_base_alltoallv_intra_basic_linear
  [D] ompi_coll_base_alltoallv_intra_pairwise
  [D] ompi_coll_base_barrier_intra_basic_linear
  [D] ompi_coll_base_barrier_intra_bruck
  [D] ompi_coll_base_barrier_intra_doublering
  [D] ompi_coll_base_barrier_intra_recursivedoubling
  [D] ompi_coll_base_barrier_intra_tree
  [D] ompi_coll_base_barrier_intra_two_procs
  [D] ompi_coll_base_bcast_intra_basic_linear
  [D] ompi_coll_base_bcast_intra_binomial
  [D] ompi_coll_base_bcast_intra_bintree
  [D] ompi_coll_base_bcast_intra_chain
  [D] ompi_coll_base_bcast_intra_generic
  [D] ompi_coll_base_bcast_intra_pipeline
  [D] ompi_coll_base_bcast_intra_split_bintree
  [D] ompi_coll_base_comm_get_reqs
  [D] ompi_coll_base_gather_intra_basic_linear
  [D] ompi_coll_base_gather_intra_binomial
  [D] ompi_coll_base_gather_intra_linear_sync
  [D] ompi_coll_base_reduce_generic
  [D] ompi_coll_base_reduce_intra_basic_linear
  [D] ompi_coll_base_reduce_intra_binary
  [D] ompi_coll_base_reduce_intra_binomial
  [D] ompi_coll_base_reduce_intra_chain
  [D] ompi_coll_base_reduce_intra_in_order_binary
  [D] ompi_coll_base_reduce_intra_pipeline
  [D] ompi_coll_base_reduce_scatter_intra_basic_recursivehalving
  [D] ompi_coll_base_reduce_scatter_intra_nonoverlapping
  [D] ompi_coll_base_reduce_scatter_intra_ring
  [D] ompi_coll_base_scatter_intra_basic_linear
  [D] ompi_coll_base_scatter_intra_binomial
  [D] ompi_coll_base_sendrecv_actual
  [D] ompi_coll_base_topo_build_bmtree
  [D] ompi_coll_base_topo_build_chain
  [D] ompi_coll_base_topo_build_in_order_bintree
  [D] ompi_coll_base_topo_build_in_order_bmtree
  [D] ompi_coll_base_topo_build_tree
  [D] ompi_coll_base_topo_destroy_tree
  [D] ompi_coll_base_topo_dump_tree
  [D] ompi_coll_spacc_comm_query
  [D] ompi_coll_spacc_init_query
  [D] ompi_comm_allgather_pml
  [D] ompi_comm_allreduce_pml
  [D] ompi_comm_assert_subscribe
  [D] ompi_comm_bcast_pml
  [D] ompi_datatype_duplicate
  [D] ompi_datatype_pack_external
  [D] ompi_datatype_pack_external_size
  [D] ompi_datatype_unpack_external
  [D] ompi_dpm_close_port
  [D] ompi_dpm_connect_accept
  [D] ompi_dpm_disconnect
  [D] ompi_dpm_dyn_finalize
  [D] ompi_dpm_dyn_init
  [D] ompi_dpm_finalize
  [D] ompi_dpm_init
  [D] ompi_dpm_mark_dyncomm
  [D] ompi_dpm_open_port
  [D] ompi_dpm_spawn
  [D] ompi_errhandler_callback
  [D] ompi_errhandler_registration_callback
  [D] ompi_fcoll_base_coll_allgather_array
  [D] ompi_fcoll_base_coll_allgatherv_array
  [D] ompi_fcoll_base_coll_bcast_array
  [D] ompi_fcoll_base_coll_gather_array
  [D] ompi_fcoll_base_coll_gatherv_array
  [D] ompi_fcoll_base_coll_scatterv_array
  [D] ompi_fcoll_base_sort_iovec
  [D] ompi_fortran_argv_blank_f2c
  [D] ompi_fortran_argv_count_f2c
  [D] ompi_group_allocate_plist_w_procs
  [D] ompi_group_get_proc_ptr_raw
  [D] ompi_group_have_remote_peers
  [D] ompi_hook_base_deregister_callbacks
  [D] ompi_hook_base_mpi_finalize_bottom
  [D] ompi_hook_base_mpi_finalize_top
  [D] ompi_hook_base_mpi_finalized_bottom
  [D] ompi_hook_base_mpi_finalized_top
  [D] ompi_hook_base_mpi_init_bottom
  [D] ompi_hook_base_mpi_init_error
  [D] ompi_hook_base_mpi_init_thread_bottom
  [D] ompi_hook_base_mpi_init_thread_top
  [D] ompi_hook_base_mpi_init_top
  [D] ompi_hook_base_mpi_init_top_post_opal
  [D] ompi_hook_base_mpi_initialized_bottom
  [D] ompi_hook_base_mpi_initialized_top
  [D] ompi_hook_base_register_callbacks
  [D] ompi_info_dup_mpistandard
  [D] ompi_info_get_nkeys
  [D] ompi_info_get_value_enum
  [D] ompi_info_set_value_enum
  [D] ompi_interlib_declare
  [D] ompi_mpi_dynamics_disable
  [D] ompi_mpi_dynamics_finalize
  [D] ompi_mpi_dynamics_is_enabled
  [D] ompi_mpiinfo_finalize
  [D] ompi_mpiinfo_init
  [D] ompi_mpit_lock
  [D] ompi_mpit_unlock
  [D] ompi_netpatterns_base_err
  [D] ompi_netpatterns_cleanup_narray_knomial_tree
  [D] ompi_netpatterns_cleanup_recursive_doubling_tree_node
  [D] ompi_netpatterns_cleanup_recursive_knomial_allgather_tree_node
  [D] ompi_netpatterns_cleanup_recursive_knomial_tree_node
  [D] ompi_netpatterns_init
  [D] ompi_netpatterns_register_mca_params
  [D] ompi_netpatterns_setup_multinomial_tree
  [D] ompi_netpatterns_setup_narray_knomial_tree
  [D] ompi_netpatterns_setup_narray_tree
  [D] ompi_netpatterns_setup_narray_tree_contigous_ranks
  [D] ompi_netpatterns_setup_recursive_doubling_n_tree_node
  [D] ompi_netpatterns_setup_recursive_doubling_tree_node
  [D] ompi_netpatterns_setup_recursive_knomial_allgather_tree_node
  [D] ompi_netpatterns_setup_recursive_knomial_tree_node
  [D] ompi_osc_get_data_blocking
  [D] ompi_osc_module_add_peer
  [D] ompi_osc_pt2pt_accumulate
  [D] ompi_osc_pt2pt_attach
  [D] ompi_osc_pt2pt_compare_and_swap
  [D] ompi_osc_pt2pt_complete
  [D] ompi_osc_pt2pt_component_irecv
  [D] ompi_osc_pt2pt_control_send
  [D] ompi_osc_pt2pt_control_send_unbuffered
  [D] ompi_osc_pt2pt_detach
  [D] ompi_osc_pt2pt_fence
  [D] ompi_osc_pt2pt_fetch_and_op
  [D] ompi_osc_pt2pt_flush
  [D] ompi_osc_pt2pt_flush_all
  [D] ompi_osc_pt2pt_flush_local
  [D] ompi_osc_pt2pt_flush_local_all
  [D] ompi_osc_pt2pt_frag_flush_all
  [D] ompi_osc_pt2pt_frag_flush_pending
  [D] ompi_osc_pt2pt_frag_flush_pending_all
  [D] ompi_osc_pt2pt_frag_flush_target
  [D] ompi_osc_pt2pt_frag_start
  [D] ompi_osc_pt2pt_frag_start_receive
  [D] ompi_osc_pt2pt_free
  [D] ompi_osc_pt2pt_get
  [D] ompi_osc_pt2pt_get_accumulate
  [D] ompi_osc_pt2pt_get_info
  [D] ompi_osc_pt2pt_irecv_w_cb
  [D] ompi_osc_pt2pt_isend_w_cb
  [D] ompi_osc_pt2pt_lock
  [D] ompi_osc_pt2pt_lock_all
  [D] ompi_osc_pt2pt_lock_remote
  [D] ompi_osc_pt2pt_post
  [D] ompi_osc_pt2pt_process_flush
  [D] ompi_osc_pt2pt_process_flush_ack
  [D] ompi_osc_pt2pt_process_lock
  [D] ompi_osc_pt2pt_process_lock_ack
  [D] ompi_osc_pt2pt_process_receive
  [D] ompi_osc_pt2pt_process_unlock
  [D] ompi_osc_pt2pt_process_unlock_ack
  [D] ompi_osc_pt2pt_progress_pending_acc
  [D] ompi_osc_pt2pt_put
  [D] ompi_osc_pt2pt_raccumulate
  [D] ompi_osc_pt2pt_rget
  [D] ompi_osc_pt2pt_rget_accumulate
  [D] ompi_osc_pt2pt_rput
  [D] ompi_osc_pt2pt_set_info
  [D] ompi_osc_pt2pt_start
  [D] ompi_osc_pt2pt_sync
  [D] ompi_osc_pt2pt_sync_allocate
  [D] ompi_osc_pt2pt_sync_pscw_peer
  [D] ompi_osc_pt2pt_sync_return
  [D] ompi_osc_pt2pt_test
  [D] ompi_osc_pt2pt_unlock
  [D] ompi_osc_pt2pt_unlock_all
  [D] ompi_osc_pt2pt_wait
  [D] ompi_osc_rdma_atomic_complete
  [D] ompi_osc_rdma_complete_atomic
  [D] ompi_osc_rdma_fence_atomic
  [D] ompi_osc_rdma_find_dynamic_region
  [D] ompi_osc_rdma_lock_all_atomic
  [D] ompi_osc_rdma_lock_atomic
  [D] ompi_osc_rdma_new_peer
  [D] ompi_osc_rdma_peer_aggregate_flush
  [D] ompi_osc_rdma_peer_btl_endpoint
  [D] ompi_osc_rdma_peer_lookup
  [D] ompi_osc_rdma_post_atomic
  [D] ompi_osc_rdma_start_atomic
  [D] ompi_osc_rdma_sync_allocate
  [D] ompi_osc_rdma_sync_pscw_peer
  [D] ompi_osc_rdma_sync_return
  [D] ompi_osc_rdma_test_atomic
  [D] ompi_osc_rdma_unlock_all_atomic
  [D] ompi_osc_rdma_unlock_atomic
  [D] ompi_osc_rdma_wait_atomic
  [D] ompi_pml_v_output_close
  [D] ompi_pml_v_output_open
  [D] ompi_proc_complete_init_single
  [D] ompi_proc_find_and_add
  [D] ompi_proc_for_name
  [D] ompi_proc_get_allocated
  [D] ompi_proc_lookup
  [D] ompi_proc_world_size
  [D] ompi_roundup_to_power_radix
  [D] ompi_rte_connect_accept_support
  [D] optimize_arity
  [D] osc_pt2pt_incoming_complete
  [D] osc_pt2pt_incoming_post
  [D] partial_aggregate_aff_mat
  [D] partial_sort
  [D] partial_update_val
  [D] print_1D_tab
  [D] recurs_select_independent_groups
  [D] select_independent_groups
  [D] select_independent_groups_by_largest_index
  [D] select_max
  [D] set_deb_tab_child
  [D] set_node
  [D] split_com_mat
  [D] split_constraints
  [D] split_vertices
  [D] submit_work
  [D] super_fast_grouping
  [D] symetric
  [D] tab_cmp
  [D] terminate_thread_pool
  [D] test_independent_groups
  [D] test_main
  [D] tgt_to_tm
  [D] time_diff
  [D] tm_build_affinity_mat
  [D] tm_build_synthetic_topology
  [D] tm_build_tree_from_topology
  [D] tm_calloc
  [D] tm_close_verbose_file
  [D] tm_compute_mapping
  [D] tm_display_arity
  [D] tm_display_other_heuristics
  [D] tm_display_solution
  [D] tm_display_topology
  [D] tm_enable_oversubscribing
  [D] tm_finalize
  [D] tm_free
  [D] tm_free_affinity_mat
  [D] tm_free_solution
  [D] tm_free_topology
  [D] tm_free_tree
  [D] tm_get_exhaustive_search_flag
  [D] tm_get_verbose_level
  [D] tm_get_verbose_output
  [D] tm_load_aff_mat
  [D] tm_load_topology
  [D] tm_malloc
  [D] tm_mem_check
  [D] tm_open_verbose_file
  [D] tm_optimize_topology
  [D] tm_realloc
  [D] tm_set_exhaustive_search_flag
  [D] tm_set_max_nb_threads
  [D] tm_set_verbose_level
  [D] tm_topology_add_binding_constraints
  [D] tm_topology_set_binding_constraints
  [D] topo_nb_proc
  [D] topology_arity_cpy
  [D] topology_constraints_cpy
  [D] topology_cost_cpy
  [D] topology_numbering_cpy
  [D] topology_to_arch
  [D] try_add_edge
  [D] update_comm_speed
  [D] update_val
  [D] wait_work_completion
  [D] weighted_degree_asc
  [D] weighted_degree_dsc

817 Added function symbols not referenced by debug info:

  [A] NBC_Sched_create
  [A] base_bcol_basesmuma_exchange_offsets
  [A] base_bcol_basesmuma_setup_ctl_struct
  [A] base_bcol_basesmuma_setup_library_buffers
  [A] bcol_basesmuma_allgather_init
  [A] bcol_basesmuma_allreduce_init
  [A] bcol_basesmuma_allreduce_intra_fanin_fanout
  [A] bcol_basesmuma_allreduce_intra_recursive_doubling
  [A] bcol_basesmuma_bank_init_opti
  [A] bcol_basesmuma_barrier_init
  [A] bcol_basesmuma_bcast
  [A] bcol_basesmuma_bcast_init
  [A] bcol_basesmuma_bcast_k_nomial_anyroot
  [A] bcol_basesmuma_bcast_k_nomial_knownroot
  [A] bcol_basesmuma_fanin_init
  [A] bcol_basesmuma_fanout_init
  [A] bcol_basesmuma_free_buff
  [A] bcol_basesmuma_gather_init
  [A] bcol_basesmuma_get_buff_index
  [A] bcol_basesmuma_k_nomial_allgather_init
  [A] bcol_basesmuma_k_nomial_allgather_progress
  [A] bcol_basesmuma_k_nomial_barrier_init
  [A] bcol_basesmuma_k_nomial_barrier_progress
  [A] bcol_basesmuma_k_nomial_gather_init
  [A] bcol_basesmuma_k_nomial_gather_progress
  [A] bcol_basesmuma_memsync_init
  [A] bcol_basesmuma_progress
  [A] bcol_basesmuma_rd_nb_barrier_init_admin
  [A] bcol_basesmuma_rd_nb_barrier_progress_admin
  [A] bcol_basesmuma_reduce_init
  [A] bcol_basesmuma_reduce_intra_fanin
  [A] bcol_basesmuma_reduce_intra_fanin_old
  [A] bcol_basesmuma_setup_knomial_tree
  [A] bcol_basesmuma_smcm_allgather_connection
  [A] bcol_basesmuma_smcm_create_mmap
  [A] bcol_basesmuma_smcm_mem_reg
  [A] bcol_basesmuma_smcm_reg_mmap
  [A] bcol_ptpcoll_allgather_init
  [A] bcol_ptpcoll_allocate_memory
  [A] bcol_ptpcoll_allreduce_init
  [A] bcol_ptpcoll_allreduce_knomial_allgather
  [A] bcol_ptpcoll_allreduce_knomial_allgather_extra
  [A] bcol_ptpcoll_allreduce_narraying_init
  [A] bcol_ptpcoll_allreduce_recursivek_scatter_reduce
  [A] bcol_ptpcoll_allreduce_recursivek_scatter_reduce_allgather_extra_init
  [A] bcol_ptpcoll_allreduce_recursivek_scatter_reduce_allgather_init
  [A] bcol_ptpcoll_allreduce_recursivek_scatter_reduce_extra
  [A] bcol_ptpcoll_barrier_init
  [A] bcol_ptpcoll_bcast_binomial_scatter_gatther_anyroot
  [A] bcol_ptpcoll_bcast_binomial_scatter_gatther_anyroot_extra
  [A] bcol_ptpcoll_bcast_binomial_scatter_gatther_anyroot_extra_progress
  [A] bcol_ptpcoll_bcast_binomial_scatter_gatther_anyroot_progress
  [A] bcol_ptpcoll_bcast_binomial_scatter_gatther_known_root
  [A] bcol_ptpcoll_bcast_binomial_scatter_gatther_known_root_extra
  [A] bcol_ptpcoll_bcast_binomial_scatter_gatther_known_root_extra_progress
  [A] bcol_ptpcoll_bcast_binomial_scatter_gatther_known_root_progress
  [A] bcol_ptpcoll_bcast_init
  [A] bcol_ptpcoll_bcast_k_nomial_anyroot
  [A] bcol_ptpcoll_bcast_k_nomial_anyroot_progress
  [A] bcol_ptpcoll_bcast_k_nomial_known_root
  [A] bcol_ptpcoll_bcast_k_nomial_known_root_progress
  [A] bcol_ptpcoll_deregister_memory
  [A] bcol_ptpcoll_fanin
  [A] bcol_ptpcoll_fanout
  [A] bcol_ptpcoll_free_memory
  [A] bcol_ptpcoll_k_nomial_allgather_init
  [A] bcol_ptpcoll_k_nomial_allgather_progress
  [A] bcol_ptpcoll_reduce_init
  [A] bcol_ptpcoll_register_memory
  [A] btl_sm_process_pending_sends
  [A] coll_ml_config_init_buffer
  [A] coll_ml_config_yy_create_buffer
  [A] coll_ml_config_yy_delete_buffer
  [A] coll_ml_config_yy_flush_buffer
  [A] coll_ml_config_yy_scan_buffer
  [A] coll_ml_config_yy_scan_bytes
  [A] coll_ml_config_yy_scan_string
  [A] coll_ml_config_yy_switch_to_buffer
  [A] coll_ml_config_yyalloc
  [A] coll_ml_config_yyfree
  [A] coll_ml_config_yyget_debug
  [A] coll_ml_config_yyget_in
  [A] coll_ml_config_yyget_leng
  [A] coll_ml_config_yyget_lineno
  [A] coll_ml_config_yyget_out
  [A] coll_ml_config_yyget_text
  [A] coll_ml_config_yylex
  [A] coll_ml_config_yylex_destroy
  [A] coll_ml_config_yypop_buffer_state
  [A] coll_ml_config_yypush_buffer_state
  [A] coll_ml_config_yyrealloc
  [A] coll_ml_config_yyrestart
  [A] coll_ml_config_yyset_debug
  [A] coll_ml_config_yyset_in
  [A] coll_ml_config_yyset_lineno
  [A] coll_ml_config_yyset_out
  [A] coll_ml_progress_individual_message
  [A] comm_allgather_pml
  [A] comm_allreduce_pml
  [A] comm_bcast_pml
  [A] compute_knomial_allgather_offsets
  [A] get_contiguous_chunk_size
  [A] get_group_index_and_distance_for_binomial
  [A] get_group_index_and_distance_for_k_nomial
  [A] get_group_index_for_k_nomial
  [A] get_k_nomial_dst_size
  [A] get_k_nomial_src_list
  [A] mca_allocator_basic_alloc
  [A] mca_allocator_basic_compact
  [A] mca_allocator_basic_component_close
  [A] mca_allocator_basic_component_init
  [A] mca_allocator_basic_component_open
  [A] mca_allocator_basic_finalize
  [A] mca_allocator_basic_free
  [A] mca_allocator_basic_realloc
  [A] mca_allocator_bucket_alloc
  [A] mca_allocator_bucket_alloc_align
  [A] mca_allocator_bucket_alloc_wrapper
  [A] mca_allocator_bucket_cleanup
  [A] mca_allocator_bucket_finalize
  [A] mca_allocator_bucket_free
  [A] mca_allocator_bucket_init
  [A] mca_allocator_bucket_module_close
  [A] mca_allocator_bucket_module_init
  [A] mca_allocator_bucket_module_open
  [A] mca_allocator_bucket_realloc
  [A] mca_allocator_component_lookup
  [A] mca_bcol_base_bcol_fns_table_init
  [A] mca_bcol_base_fn_table_construct
  [A] mca_bcol_base_fn_table_destroy
  [A] mca_bcol_base_init
  [A] mca_bcol_base_set_attributes
  [A] mca_bcol_basesmuma_allocate_sm_ctl_memory
  [A] mca_bcol_basesmuma_comm_query
  [A] mca_bcol_basesmuma_deregister_sm
  [A] mca_bcol_basesmuma_init_query
  [A] mca_bcol_basesmuma_register_sm
  [A] mca_bcol_ptpcoll_comm_query
  [A] mca_bcol_ptpcoll_init_query
  [A] mca_bcol_ptpcoll_memsync_init
  [A] mca_bcol_ptpcoll_register_mca_params
  [A] mca_bcol_ptpcoll_setup_knomial_tree
  [A] mca_btl_base_dump
  [A] mca_btl_base_err
  [A] mca_btl_base_error_no_nics
  [A] mca_btl_base_out
  [A] mca_btl_base_param_register
  [A] mca_btl_base_param_verify
  [A] mca_btl_base_select
  [A] mca_btl_self_add_procs
  [A] mca_btl_self_alloc
  [A] mca_btl_self_component_close
  [A] mca_btl_self_component_init
  [A] mca_btl_self_component_open
  [A] mca_btl_self_del_procs
  [A] mca_btl_self_finalize
  [A] mca_btl_self_free
  [A] mca_btl_self_ft_event
  [A] mca_btl_self_prepare_dst
  [A] mca_btl_self_prepare_src
  [A] mca_btl_self_rdma
  [A] mca_btl_self_send
  [A] mca_btl_sm_add_procs
  [A] mca_btl_sm_alloc
  [A] mca_btl_sm_component_progress
  [A] mca_btl_sm_del_procs
  [A] mca_btl_sm_dump
  [A] mca_btl_sm_finalize
  [A] mca_btl_sm_free
  [A] mca_btl_sm_ft_event
  [A] mca_btl_sm_prepare_src
  [A] mca_btl_sm_register_error_cb
  [A] mca_btl_sm_send
  [A] mca_btl_sm_sendi
  [A] mca_btl_tcp_add_procs
  [A] mca_btl_tcp_alloc
  [A] mca_btl_tcp_component_init
  [A] mca_btl_tcp_del_procs
  [A] mca_btl_tcp_endpoint_accept
  [A] mca_btl_tcp_endpoint_close
  [A] mca_btl_tcp_endpoint_send
  [A] mca_btl_tcp_finalize
  [A] mca_btl_tcp_frag_recv
  [A] mca_btl_tcp_frag_send
  [A] mca_btl_tcp_free
  [A] mca_btl_tcp_ft_event
  [A] mca_btl_tcp_get
  [A] mca_btl_tcp_prepare_dst
  [A] mca_btl_tcp_prepare_src
  [A] mca_btl_tcp_proc_accept
  [A] mca_btl_tcp_proc_create
  [A] mca_btl_tcp_proc_insert
  [A] mca_btl_tcp_proc_lookup
  [A] mca_btl_tcp_proc_remove
  [A] mca_btl_tcp_proc_tosocks
  [A] mca_btl_tcp_put
  [A] mca_btl_tcp_send
  [A] mca_btl_tcp_set_socket_options
  [A] mca_btl_vader_alloc
  [A] mca_btl_vader_frag_init
  [A] mca_btl_vader_send
  [A] mca_btl_vader_sendi
  [A] mca_coll_basic_allgather_intra
  [A] mca_coll_basic_allgatherv_intra
  [A] mca_coll_basic_alltoall_intra
  [A] mca_coll_basic_alltoallv_intra
  [A] mca_coll_basic_barrier_intra_lin
  [A] mca_coll_basic_bcast_lin_intra
  [A] mca_coll_basic_gather_intra
  [A] mca_coll_basic_reduce_lin_intra
  [A] mca_coll_basic_scatter_intra
  [A] mca_coll_hierarch_allgather_tmp
  [A] mca_coll_hierarch_allreduce_intra
  [A] mca_coll_hierarch_allreduce_tmp
  [A] mca_coll_hierarch_barrier_intra
  [A] mca_coll_hierarch_bcast_intra
  [A] mca_coll_hierarch_bcast_tmp
  [A] mca_coll_hierarch_comm_query
  [A] mca_coll_hierarch_ft_event
  [A] mca_coll_hierarch_gather_tmp
  [A] mca_coll_hierarch_get_all_lleaders
  [A] mca_coll_hierarch_get_llcomm
  [A] mca_coll_hierarch_get_llr
  [A] mca_coll_hierarch_init_query
  [A] mca_coll_hierarch_module_enable
  [A] mca_coll_hierarch_reduce_intra
  [A] mca_coll_hierarch_reduce_tmp
  [A] mca_coll_ml_abort_ml
  [A] mca_coll_ml_allgather
  [A] mca_coll_ml_allgather_nb
  [A] mca_coll_ml_alloc_buffer
  [A] mca_coll_ml_allocate_block
  [A] mca_coll_ml_allreduce
  [A] mca_coll_ml_allreduce_dispatch
  [A] mca_coll_ml_allreduce_dispatch_nb
  [A] mca_coll_ml_allreduce_hierarchy_discovery
  [A] mca_coll_ml_allreduce_matrix_init
  [A] mca_coll_ml_allreduce_nb
  [A] mca_coll_ml_barrier_intra
  [A] mca_coll_ml_bcast_sequential_root
  [A] mca_coll_ml_build_filtered_fn_table
  [A] mca_coll_ml_call_types
  [A] mca_coll_ml_check_if_bcol_is_requested
  [A] mca_coll_ml_check_if_bcol_is_used
  [A] mca_coll_ml_comm_query
  [A] mca_coll_ml_config_file_init
  [A] mca_coll_ml_free_block
  [A] mca_coll_ml_fulltree_exclude_basesmsocket_hierarchy_discovery
  [A] mca_coll_ml_fulltree_hierarchy_discovery
  [A] mca_coll_ml_fulltree_iboffload_only_hierarchy_discovery
  [A] mca_coll_ml_fulltree_ptp_only_hierarchy_discovery
  [A] mca_coll_ml_ibarrier_intra
  [A] mca_coll_ml_init_query
  [A] mca_coll_ml_initialize_block
  [A] mca_coll_ml_lmngr_alloc
  [A] mca_coll_ml_lmngr_append_nc
  [A] mca_coll_ml_lmngr_free
  [A] mca_coll_ml_lmngr_reg
  [A] mca_coll_ml_lmngr_tune
  [A] mca_coll_ml_memsync_intra
  [A] mca_coll_ml_pack_reorder_contiguous_data
  [A] mca_coll_ml_pack_reorder_noncontiguous_data
  [A] mca_coll_ml_parallel_bcast
  [A] mca_coll_ml_parallel_bcast_nb
  [A] mca_coll_ml_reduce
  [A] mca_coll_ml_reduce_nb
  [A] mca_coll_ml_register_params
  [A] mca_coll_ml_reset_config
  [A] mca_coll_ml_schedule_alloc
  [A] mca_coll_ml_schedule_init_scratch
  [A] mca_coll_ml_setup_scratch_vals
  [A] mca_common_sm_fini
  [A] mca_common_sm_init
  [A] mca_common_sm_init_group
  [A] mca_common_sm_local_proc_reorder
  [A] mca_common_sm_module_attach
  [A] mca_common_sm_module_create_and_attach
  [A] mca_common_sm_module_unlink
  [A] mca_common_sm_rml_info_bcast
  [A] mca_common_sm_seg_alloc
  [A] mca_fcoll_dynamic_file_read_all_begin
  [A] mca_fcoll_dynamic_file_read_all_end
  [A] mca_fcoll_dynamic_file_write_all_begin
  [A] mca_fcoll_dynamic_file_write_all_end
  [A] mca_fcoll_individual_file_read_all_begin
  [A] mca_fcoll_individual_file_read_all_end
  [A] mca_fcoll_individual_file_write_all_begin
  [A] mca_fcoll_individual_file_write_all_end
  [A] mca_fcoll_static_file_read_all_begin
  [A] mca_fcoll_static_file_read_all_end
  [A] mca_fcoll_static_file_write_all_begin
  [A] mca_fcoll_static_file_write_all_end
  [A] mca_fcoll_two_phase_file_read_all_begin
  [A] mca_fcoll_two_phase_file_read_all_end
  [A] mca_fcoll_two_phase_file_write_all_begin
  [A] mca_fcoll_two_phase_file_write_all_end
  [A] mca_fcoll_ylib_component_file_query
  [A] mca_fcoll_ylib_component_file_unquery
  [A] mca_fcoll_ylib_component_init_query
  [A] mca_fcoll_ylib_file_read_all
  [A] mca_fcoll_ylib_file_read_all_begin
  [A] mca_fcoll_ylib_file_read_all_end
  [A] mca_fcoll_ylib_file_write_all
  [A] mca_fcoll_ylib_file_write_all_begin
  [A] mca_fcoll_ylib_file_write_all_end
  [A] mca_fcoll_ylib_module_finalize
  [A] mca_fcoll_ylib_module_init
  [A] mca_fs_ufs_file_set_info
  [A] mca_io_ompio_datatype_is_contiguous
  [A] mca_io_ompio_decode_datatype_external
  [A] mca_io_ompio_file_get_info
  [A] mca_io_ompio_file_set_info
  [A] mca_io_ompio_free_f_io_array
  [A] mca_io_ompio_generate_current_file_view
  [A] mca_io_ompio_generate_io_array
  [A] mca_io_ompio_get_datatype_size
  [A] mca_io_ompio_get_f_aggregator_index
  [A] mca_io_ompio_get_f_comm
  [A] mca_io_ompio_get_f_flags
  [A] mca_io_ompio_get_f_io_array
  [A] mca_io_ompio_get_f_num_of_io_entries
  [A] mca_io_ompio_get_f_procs_in_group
  [A] mca_io_ompio_get_f_procs_per_group
  [A] mca_io_ompio_get_fcoll_dynamic_constant_cbs
  [A] mca_io_ompio_get_fcoll_dynamic_cycle_buffer_size
  [A] mca_io_ompio_get_fcoll_dynamic_num_io_procs
  [A] mca_io_ompio_get_fd
  [A] mca_io_ompio_get_iov_type
  [A] mca_io_ompio_non_contiguous_create_receive_buf
  [A] mca_io_ompio_non_contiguous_create_send_buf
  [A] mca_io_ompio_set_view_internal
  [A] mca_io_romio_dist_MPIR_Status_set_bytes
  [A] mca_io_romio_dist_MPI_File_close
  [A] mca_io_romio_dist_MPI_File_delete
  [A] mca_io_romio_dist_MPI_File_get_amode
  [A] mca_io_romio_dist_MPI_File_get_atomicity
  [A] mca_io_romio_dist_MPI_File_get_byte_offset
  [A] mca_io_romio_dist_MPI_File_get_group
  [A] mca_io_romio_dist_MPI_File_get_info
  [A] mca_io_romio_dist_MPI_File_get_position
  [A] mca_io_romio_dist_MPI_File_get_position_shared
  [A] mca_io_romio_dist_MPI_File_get_size
  [A] mca_io_romio_dist_MPI_File_get_type_extent
  [A] mca_io_romio_dist_MPI_File_get_view
  [A] mca_io_romio_dist_MPI_File_iread
  [A] mca_io_romio_dist_MPI_File_iread_at
  [A] mca_io_romio_dist_MPI_File_iread_shared
  [A] mca_io_romio_dist_MPI_File_iwrite
  [A] mca_io_romio_dist_MPI_File_iwrite_at
  [A] mca_io_romio_dist_MPI_File_iwrite_shared
  [A] mca_io_romio_dist_MPI_File_open
  [A] mca_io_romio_dist_MPI_File_preallocate
  [A] mca_io_romio_dist_MPI_File_read
  [A] mca_io_romio_dist_MPI_File_read_all
  [A] mca_io_romio_dist_MPI_File_read_all_begin
  [A] mca_io_romio_dist_MPI_File_read_all_end
  [A] mca_io_romio_dist_MPI_File_read_at
  [A] mca_io_romio_dist_MPI_File_read_at_all
  [A] mca_io_romio_dist_MPI_File_read_at_all_begin
  [A] mca_io_romio_dist_MPI_File_read_at_all_end
  [A] mca_io_romio_dist_MPI_File_read_ordered
  [A] mca_io_romio_dist_MPI_File_read_ordered_begin
  [A] mca_io_romio_dist_MPI_File_read_ordered_end
  [A] mca_io_romio_dist_MPI_File_read_shared
  [A] mca_io_romio_dist_MPI_File_seek
  [A] mca_io_romio_dist_MPI_File_seek_shared
  [A] mca_io_romio_dist_MPI_File_set_atomicity
  [A] mca_io_romio_dist_MPI_File_set_info
  [A] mca_io_romio_dist_MPI_File_set_size
  [A] mca_io_romio_dist_MPI_File_set_view
  [A] mca_io_romio_dist_MPI_File_sync
  [A] mca_io_romio_dist_MPI_File_write
  [A] mca_io_romio_dist_MPI_File_write_all
  [A] mca_io_romio_dist_MPI_File_write_all_begin
  [A] mca_io_romio_dist_MPI_File_write_all_end
  [A] mca_io_romio_dist_MPI_File_write_at
  [A] mca_io_romio_dist_MPI_File_write_at_all
  [A] mca_io_romio_dist_MPI_File_write_at_all_begin
  [A] mca_io_romio_dist_MPI_File_write_at_all_end
  [A] mca_io_romio_dist_MPI_File_write_ordered
  [A] mca_io_romio_dist_MPI_File_write_ordered_begin
  [A] mca_io_romio_dist_MPI_File_write_ordered_end
  [A] mca_io_romio_dist_MPI_File_write_shared
  [A] mca_io_romio_dist_MPI_Register_datarep
  [A] mca_io_romio_file_close
  [A] mca_io_romio_file_get_amode
  [A] mca_io_romio_file_get_atomicity
  [A] mca_io_romio_file_get_byte_offset
  [A] mca_io_romio_file_get_info
  [A] mca_io_romio_file_get_position
  [A] mca_io_romio_file_get_position_shared
  [A] mca_io_romio_file_get_size
  [A] mca_io_romio_file_get_type_extent
  [A] mca_io_romio_file_get_view
  [A] mca_io_romio_file_iread
  [A] mca_io_romio_file_iread_at
  [A] mca_io_romio_file_iread_shared
  [A] mca_io_romio_file_iwrite
  [A] mca_io_romio_file_iwrite_at
  [A] mca_io_romio_file_iwrite_shared
  [A] mca_io_romio_file_open
  [A] mca_io_romio_file_preallocate
  [A] mca_io_romio_file_read
  [A] mca_io_romio_file_read_all
  [A] mca_io_romio_file_read_all_begin
  [A] mca_io_romio_file_read_all_end
  [A] mca_io_romio_file_read_at
  [A] mca_io_romio_file_read_at_all
  [A] mca_io_romio_file_read_at_all_begin
  [A] mca_io_romio_file_read_at_all_end
  [A] mca_io_romio_file_read_ordered
  [A] mca_io_romio_file_read_ordered_begin
  [A] mca_io_romio_file_read_ordered_end
  [A] mca_io_romio_file_read_shared
  [A] mca_io_romio_file_seek
  [A] mca_io_romio_file_seek_shared
  [A] mca_io_romio_file_set_atomicity
  [A] mca_io_romio_file_set_info
  [A] mca_io_romio_file_set_size
  [A] mca_io_romio_file_set_view
  [A] mca_io_romio_file_sync
  [A] mca_io_romio_file_write
  [A] mca_io_romio_file_write_all
  [A] mca_io_romio_file_write_all_begin
  [A] mca_io_romio_file_write_all_end
  [A] mca_io_romio_file_write_at
  [A] mca_io_romio_file_write_at_all
  [A] mca_io_romio_file_write_at_all_begin
  [A] mca_io_romio_file_write_at_all_end
  [A] mca_io_romio_file_write_ordered
  [A] mca_io_romio_file_write_ordered_begin
  [A] mca_io_romio_file_write_ordered_end
  [A] mca_io_romio_file_write_shared
  [A] mca_mpool_base_alloc
  [A] mca_mpool_base_component_lookup
  [A] mca_mpool_base_free
  [A] mca_mpool_base_init
  [A] mca_mpool_base_mem_cb
  [A] mca_mpool_base_module_create
  [A] mca_mpool_base_module_destroy
  [A] mca_mpool_base_module_lookup
  [A] mca_mpool_base_tree_delete
  [A] mca_mpool_base_tree_find
  [A] mca_mpool_base_tree_fini
  [A] mca_mpool_base_tree_init
  [A] mca_mpool_base_tree_insert
  [A] mca_mpool_base_tree_item_get
  [A] mca_mpool_base_tree_item_put
  [A] mca_mpool_base_tree_node_compare
  [A] mca_mpool_base_tree_print
  [A] mca_mpool_grdma_alloc
  [A] mca_mpool_grdma_deregister
  [A] mca_mpool_grdma_evict
  [A] mca_mpool_grdma_finalize
  [A] mca_mpool_grdma_find
  [A] mca_mpool_grdma_free
  [A] mca_mpool_grdma_ft_event
  [A] mca_mpool_grdma_module_init
  [A] mca_mpool_grdma_realloc
  [A] mca_mpool_grdma_register
  [A] mca_mpool_grdma_release_memory
  [A] mca_mpool_sm_alloc
  [A] mca_mpool_sm_base
  [A] mca_mpool_sm_free
  [A] mca_mpool_sm_ft_event
  [A] mca_mpool_sm_module_init
  [A] mca_mpool_sm_realloc
  [A] mca_pml_bfo_add_comm
  [A] mca_pml_bfo_add_procs
  [A] mca_pml_bfo_check_recv_ctl_completion_status
  [A] mca_pml_bfo_com_btl_comp
  [A] mca_pml_bfo_comm_init_size
  [A] mca_pml_bfo_completion_sendreq_has_error
  [A] mca_pml_bfo_del_comm
  [A] mca_pml_bfo_del_procs
  [A] mca_pml_bfo_dump
  [A] mca_pml_bfo_enable
  [A] mca_pml_bfo_error_handler
  [A] mca_pml_bfo_failover_error_handler
  [A] mca_pml_bfo_find_recvreq_eager_bml_btl
  [A] mca_pml_bfo_find_recvreq_rdma_bml_btl
  [A] mca_pml_bfo_find_sendreq_eager_bml_btl
  [A] mca_pml_bfo_find_sendreq_rdma_bml_btl
  [A] mca_pml_bfo_ft_event
  [A] mca_pml_bfo_get_request
  [A] mca_pml_bfo_improbe
  [A] mca_pml_bfo_imrecv
  [A] mca_pml_bfo_iprobe
  [A] mca_pml_bfo_irecv
  [A] mca_pml_bfo_irecv_init
  [A] mca_pml_bfo_is_duplicate_fin
  [A] mca_pml_bfo_is_duplicate_msg
  [A] mca_pml_bfo_isend
  [A] mca_pml_bfo_isend_init
  [A] mca_pml_bfo_map_out_btl
  [A] mca_pml_bfo_mprobe
  [A] mca_pml_bfo_mrecv
  [A] mca_pml_bfo_probe
  [A] mca_pml_bfo_process_pending_packets
  [A] mca_pml_bfo_process_pending_rdma
  [A] mca_pml_bfo_progress
  [A] mca_pml_bfo_rdma_btls
  [A] mca_pml_bfo_rdma_pipeline_btls
  [A] mca_pml_bfo_recv
  [A] mca_pml_bfo_recv_frag_callback_ack
  [A] mca_pml_bfo_recv_frag_callback_fin
  [A] mca_pml_bfo_recv_frag_callback_frag
  [A] mca_pml_bfo_recv_frag_callback_match
  [A] mca_pml_bfo_recv_frag_callback_put
  [A] mca_pml_bfo_recv_frag_callback_recverrnotify
  [A] mca_pml_bfo_recv_frag_callback_rget
  [A] mca_pml_bfo_recv_frag_callback_rndv
  [A] mca_pml_bfo_recv_frag_callback_rndvrestartack
  [A] mca_pml_bfo_recv_frag_callback_rndvrestartnack
  [A] mca_pml_bfo_recv_frag_callback_rndvrestartnotify
  [A] mca_pml_bfo_recv_req_start
  [A] mca_pml_bfo_recv_request_ack_send_btl
  [A] mca_pml_bfo_recv_request_get_frag
  [A] mca_pml_bfo_recv_request_matched_probe
  [A] mca_pml_bfo_recv_request_process_pending
  [A] mca_pml_bfo_recv_request_progress_frag
  [A] mca_pml_bfo_recv_request_progress_match
  [A] mca_pml_bfo_recv_request_progress_rget
  [A] mca_pml_bfo_recv_request_progress_rndv
  [A] mca_pml_bfo_recv_request_recverrnotify
  [A] mca_pml_bfo_recv_request_reset
  [A] mca_pml_bfo_recv_request_rndvrestartack
  [A] mca_pml_bfo_recv_request_rndvrestartnack
  [A] mca_pml_bfo_recv_request_schedule_once
  [A] mca_pml_bfo_recv_restart_completion
  [A] mca_pml_bfo_register_callbacks
  [A] mca_pml_bfo_repost_fin
  [A] mca_pml_bfo_repost_match_fragment
  [A] mca_pml_bfo_rndv_completion_status_error
  [A] mca_pml_bfo_rndvrestartnotify_completion
  [A] mca_pml_bfo_seg_alloc
  [A] mca_pml_bfo_seg_free
  [A] mca_pml_bfo_send
  [A] mca_pml_bfo_send_ctl_completion_status_error
  [A] mca_pml_bfo_send_fin
  [A] mca_pml_bfo_send_request_copy_in_out
  [A] mca_pml_bfo_send_request_process_pending
  [A] mca_pml_bfo_send_request_put
  [A] mca_pml_bfo_send_request_put_frag
  [A] mca_pml_bfo_send_request_restart
  [A] mca_pml_bfo_send_request_rndvrestartnotify
  [A] mca_pml_bfo_send_request_schedule_once
  [A] mca_pml_bfo_send_request_start_buffered
  [A] mca_pml_bfo_send_request_start_copy
  [A] mca_pml_bfo_send_request_start_prepare
  [A] mca_pml_bfo_send_request_start_rdma
  [A] mca_pml_bfo_send_request_start_rndv
  [A] mca_pml_bfo_start
  [A] mca_pml_bfo_update_eager_bml_btl_recv_ctl
  [A] mca_pml_bfo_update_rndv_fields
  [A] mca_pml_cm_improbe
  [A] mca_pml_cm_imrecv
  [A] mca_pml_cm_iprobe
  [A] mca_pml_cm_irecv
  [A] mca_pml_cm_irecv_init
  [A] mca_pml_cm_isend
  [A] mca_pml_cm_isend_init
  [A] mca_pml_cm_mprobe
  [A] mca_pml_cm_mrecv
  [A] mca_pml_cm_probe
  [A] mca_pml_cm_recv
  [A] mca_pml_cm_send
  [A] mca_rcache_base_module_create
  [A] mca_rcache_vma_clean
  [A] mca_rcache_vma_delete
  [A] mca_rcache_vma_destroy
  [A] mca_rcache_vma_dump_range
  [A] mca_rcache_vma_finalize
  [A] mca_rcache_vma_find
  [A] mca_rcache_vma_find_all
  [A] mca_rcache_vma_insert
  [A] mca_rcache_vma_module_init
  [A] mca_rcache_vma_tree_delete
  [A] mca_rcache_vma_tree_dump_range
  [A] mca_rcache_vma_tree_finalize
  [A] mca_rcache_vma_tree_find
  [A] mca_rcache_vma_tree_find_all
  [A] mca_rcache_vma_tree_init
  [A] mca_rcache_vma_tree_insert
  [A] mca_sbgp_base_init
  [A] mca_select_bcol_function
  [A] ml_coll_barrier_constant_group_data_setup
  [A] ml_coll_hier_allgather_setup
  [A] ml_coll_hier_allreduce_setup
  [A] ml_coll_hier_allreduce_setup_new
  [A] ml_coll_hier_barrier_setup
  [A] ml_coll_hier_bcast_setup
  [A] ml_coll_hier_nonblocking_barrier_setup
  [A] ml_coll_hier_reduce_setup
  [A] ml_coll_memsync_setup
  [A] ml_coll_schedule_setup
  [A] ml_coll_up_and_down_hier_setup
  [A] mpit_lock
  [A] mpit_unlock
  [A] netpatterns_base_err
  [A] netpatterns_free_recursive_doubling_tree_node
  [A] netpatterns_init
  [A] netpatterns_register_mca_params
  [A] netpatterns_setup_multinomial_tree
  [A] netpatterns_setup_narray_knomial_tree
  [A] netpatterns_setup_narray_tree
  [A] netpatterns_setup_narray_tree_contigous_ranks
  [A] netpatterns_setup_recursive_doubling_n_tree_node
  [A] netpatterns_setup_recursive_doubling_tree_node
  [A] netpatterns_setup_recursive_knomial_allgather_tree_node
  [A] netpatterns_setup_recursive_knomial_tree_node
  [A] ompi_attr_get_fortran_mpi1
  [A] ompi_attr_get_fortran_mpi2
  [A] ompi_attr_set_fortran_mpi1
  [A] ompi_attr_set_fortran_mpi2
  [A] ompi_coll_tuned_allgather_intra_basic_linear
  [A] ompi_coll_tuned_allgather_intra_bruck
  [A] ompi_coll_tuned_allgather_intra_do_forced
  [A] ompi_coll_tuned_allgather_intra_neighborexchange
  [A] ompi_coll_tuned_allgather_intra_recursivedoubling
  [A] ompi_coll_tuned_allgather_intra_ring
  [A] ompi_coll_tuned_allgather_intra_two_procs
  [A] ompi_coll_tuned_allgatherv_intra_basic_default
  [A] ompi_coll_tuned_allgatherv_intra_bruck
  [A] ompi_coll_tuned_allgatherv_intra_do_forced
  [A] ompi_coll_tuned_allgatherv_intra_neighborexchange
  [A] ompi_coll_tuned_allgatherv_intra_ring
  [A] ompi_coll_tuned_allgatherv_intra_two_procs
  [A] ompi_coll_tuned_allreduce_intra_basic_linear
  [A] ompi_coll_tuned_allreduce_intra_do_forced
  [A] ompi_coll_tuned_allreduce_intra_nonoverlapping
  [A] ompi_coll_tuned_allreduce_intra_recursivedoubling
  [A] ompi_coll_tuned_allreduce_intra_ring
  [A] ompi_coll_tuned_allreduce_intra_ring_segmented
  [A] ompi_coll_tuned_alltoall_intra_basic_linear
  [A] ompi_coll_tuned_alltoall_intra_bruck
  [A] ompi_coll_tuned_alltoall_intra_do_forced
  [A] ompi_coll_tuned_alltoall_intra_linear_sync
  [A] ompi_coll_tuned_alltoall_intra_pairwise
  [A] ompi_coll_tuned_alltoall_intra_two_procs
  [A] ompi_coll_tuned_alltoallv_intra_basic_linear
  [A] ompi_coll_tuned_alltoallv_intra_do_forced
  [A] ompi_coll_tuned_alltoallv_intra_pairwise
  [A] ompi_coll_tuned_barrier_intra_bruck
  [A] ompi_coll_tuned_barrier_intra_do_forced
  [A] ompi_coll_tuned_barrier_intra_doublering
  [A] ompi_coll_tuned_barrier_intra_recursivedoubling
  [A] ompi_coll_tuned_barrier_intra_tree
  [A] ompi_coll_tuned_barrier_intra_two_procs
  [A] ompi_coll_tuned_bcast_intra_basic_linear
  [A] ompi_coll_tuned_bcast_intra_binomial
  [A] ompi_coll_tuned_bcast_intra_bintree
  [A] ompi_coll_tuned_bcast_intra_chain
  [A] ompi_coll_tuned_bcast_intra_do_forced
  [A] ompi_coll_tuned_bcast_intra_generic
  [A] ompi_coll_tuned_bcast_intra_pipeline
  [A] ompi_coll_tuned_bcast_intra_split_bintree
  [A] ompi_coll_tuned_gather_intra_basic_linear
  [A] ompi_coll_tuned_gather_intra_binomial
  [A] ompi_coll_tuned_gather_intra_do_forced
  [A] ompi_coll_tuned_gather_intra_linear_sync
  [A] ompi_coll_tuned_reduce_generic
  [A] ompi_coll_tuned_reduce_intra_basic_linear
  [A] ompi_coll_tuned_reduce_intra_binary
  [A] ompi_coll_tuned_reduce_intra_binomial
  [A] ompi_coll_tuned_reduce_intra_chain
  [A] ompi_coll_tuned_reduce_intra_do_forced
  [A] ompi_coll_tuned_reduce_intra_in_order_binary
  [A] ompi_coll_tuned_reduce_intra_pipeline
  [A] ompi_coll_tuned_reduce_scatter_intra_basic_recursivehalving
  [A] ompi_coll_tuned_reduce_scatter_intra_do_forced
  [A] ompi_coll_tuned_reduce_scatter_intra_nonoverlapping
  [A] ompi_coll_tuned_reduce_scatter_intra_ring
  [A] ompi_coll_tuned_scatter_intra_basic_linear
  [A] ompi_coll_tuned_scatter_intra_binomial
  [A] ompi_coll_tuned_scatter_intra_do_forced
  [A] ompi_coll_tuned_sendrecv_actual
  [A] ompi_coll_tuned_sendrecv_actual_localcompleted
  [A] ompi_coll_tuned_topo_build_bmtree
  [A] ompi_coll_tuned_topo_build_chain
  [A] ompi_coll_tuned_topo_build_in_order_bintree
  [A] ompi_coll_tuned_topo_build_in_order_bmtree
  [A] ompi_coll_tuned_topo_build_tree
  [A] ompi_coll_tuned_topo_destroy_tree
  [A] ompi_coll_tuned_topo_dump_tree
  [A] ompi_comm_link_function
  [A] ompi_comm_reg_finalize
  [A] ompi_comm_reg_init
  [A] ompi_dpm_base_disconnect_init
  [A] ompi_dpm_base_disconnect_waitall
  [A] ompi_dpm_base_dyn_finalize
  [A] ompi_dpm_base_dyn_init
  [A] ompi_dpm_base_mark_dyncomm
  [A] ompi_dpm_base_null_close_port
  [A] ompi_dpm_base_null_connect_accept
  [A] ompi_dpm_base_null_disconnect
  [A] ompi_dpm_base_null_dyn_finalize
  [A] ompi_dpm_base_null_dyn_init
  [A] ompi_dpm_base_null_mark_dyncomm
  [A] ompi_dpm_base_null_open_port
  [A] ompi_dpm_base_null_parse_port
  [A] ompi_dpm_base_null_route_to_port
  [A] ompi_dpm_base_null_spawn
  [A] ompi_dpm_base_select
  [A] ompi_errhandler_runtime_callback
  [A] ompi_fortran_argv_f2c
  [A] ompi_free_list_grow
  [A] ompi_free_list_init_ex
  [A] ompi_free_list_init_ex_new
  [A] ompi_free_list_resize_mt
  [A] ompi_group_get_proc_ptr
  [A] ompi_info_finalize
  [A] ompi_info_init
  [A] ompi_info_value_to_bool
  [A] ompi_info_value_to_int
  [A] ompi_io_ompio_allgather_array
  [A] ompi_io_ompio_allgatherv_array
  [A] ompi_io_ompio_bcast_array
  [A] ompi_io_ompio_break_file_view
  [A] ompi_io_ompio_distribute_file_view
  [A] ompi_io_ompio_empty_print_queue
  [A] ompi_io_ompio_full_print_queue
  [A] ompi_io_ompio_gather_array
  [A] ompi_io_ompio_gather_data
  [A] ompi_io_ompio_gatherv_array
  [A] ompi_io_ompio_initialize_print_queue
  [A] ompi_io_ompio_print_time_info
  [A] ompi_io_ompio_register_print_entry
  [A] ompi_io_ompio_scatter_data
  [A] ompi_io_ompio_scatterv_array
  [A] ompi_io_ompio_set_aggregator_props
  [A] ompi_io_ompio_set_explicit_offset
  [A] ompi_io_ompio_set_file_defaults
  [A] ompi_io_ompio_set_print_queue
  [A] ompi_io_ompio_sort
  [A] ompi_io_ompio_sort_iovec
  [A] ompi_io_ompio_unregister_print_entry
  [A] ompi_modex_recv
  [A] ompi_modex_recv_key_value
  [A] ompi_modex_recv_pointer
  [A] ompi_modex_recv_string
  [A] ompi_modex_recv_string_pointer
  [A] ompi_modex_send
  [A] ompi_modex_send_key_value
  [A] ompi_modex_send_string
  [A] ompi_osc_rdma_complete
  [A] ompi_osc_rdma_component_irecv
  [A] ompi_osc_rdma_component_isend
  [A] ompi_osc_rdma_control_send
  [A] ompi_osc_rdma_control_send_unbuffered
  [A] ompi_osc_rdma_fence
  [A] ompi_osc_rdma_frag_flush_all
  [A] ompi_osc_rdma_frag_flush_target
  [A] ompi_osc_rdma_frag_start
  [A] ompi_osc_rdma_frag_start_receive
  [A] ompi_osc_rdma_get_info
  [A] ompi_osc_rdma_irecv_w_cb
  [A] ompi_osc_rdma_isend_w_cb
  [A] ompi_osc_rdma_lock
  [A] ompi_osc_rdma_lock_all
  [A] ompi_osc_rdma_post
  [A] ompi_osc_rdma_process_flush
  [A] ompi_osc_rdma_process_flush_ack
  [A] ompi_osc_rdma_process_lock
  [A] ompi_osc_rdma_process_lock_ack
  [A] ompi_osc_rdma_process_unlock
  [A] ompi_osc_rdma_process_unlock_ack
  [A] ompi_osc_rdma_progress_pending_acc
  [A] ompi_osc_rdma_set_info
  [A] ompi_osc_rdma_start
  [A] ompi_osc_rdma_test
  [A] ompi_osc_rdma_unlock
  [A] ompi_osc_rdma_unlock_all
  [A] ompi_osc_rdma_wait
  [A] ompi_proc_set_locality
  [A] ompi_pubsub_base_null_lookup
  [A] ompi_pubsub_base_null_publish
  [A] ompi_pubsub_base_null_unpublish
  [A] ompi_pubsub_base_select
  [A] ompi_rb_tree_construct
  [A] ompi_rb_tree_delete
  [A] ompi_rb_tree_destroy
  [A] ompi_rb_tree_destruct
  [A] ompi_rb_tree_find_with
  [A] ompi_rb_tree_init
  [A] ompi_rb_tree_insert
  [A] ompi_rb_tree_size
  [A] ompi_rb_tree_traverse
  [A] ompi_rte_db_fetch
  [A] ompi_rte_db_fetch_multiple
  [A] ompi_rte_db_fetch_pointer
  [A] ompi_rte_db_remove
  [A] ompi_rte_db_store
  [A] ompi_rte_modex
  [A] ompi_warn_fork
  [A] ompio_io_ompio_file_close
  [A] ompio_io_ompio_file_get_size
  [A] ompio_io_ompio_file_iread_at
  [A] ompio_io_ompio_file_iwrite
  [A] ompio_io_ompio_file_iwrite_at
  [A] ompio_io_ompio_file_open
  [A] ompio_io_ompio_file_read
  [A] ompio_io_ompio_file_read_at
  [A] ompio_io_ompio_file_read_at_all
  [A] ompio_io_ompio_file_read_at_all_begin
  [A] ompio_io_ompio_file_read_at_all_end
  [A] ompio_io_ompio_file_write
  [A] ompio_io_ompio_file_write_at
  [A] ompio_io_ompio_file_write_at_all
  [A] ompio_io_ompio_file_write_at_all_begin
  [A] ompio_io_ompio_file_write_at_all_end
  [A] osc_rdma_incoming_post
  [A] pml_v_output_close
  [A] pml_v_output_open
  [A] pow_k_calc
  [A] pow_sm_k
  [A] roundup_to_power_radix

109 Removed variable symbols not referenced by debug info:

  [D] NBC_Schedule_class
  [D] comm_time
  [D] common_monitoring_translation_ht
  [D] end_comm_time
  [D] end_exch
  [D] end_rcomm_time
  [D] end_read_time
  [D] end_rexch
  [D] end_write_time
  [D] exch_write
  [D] fbtl_posix_max_aio_active_reqs
  [D] libnbc_ibcast_skip_dt_decision
  [D] mca_bml_lock
  [D] mca_coll_base_comm_t_class
  [D] mca_coll_spacc_component
  [D] mca_coll_spacc_module_t_class
  [D] mca_coll_spacc_priority
  [D] mca_coll_spacc_stream
  [D] mca_coll_spacc_verbose
  [D] mca_coll_sync_component
  [D] mca_coll_sync_component_version_string
  [D] mca_coll_sync_module_t_class
  [D] mca_common_monitoring_current_state
  [D] mca_common_monitoring_enabled
  [D] mca_common_monitoring_output_stream_id
  [D] mca_fcoll_dynamic_gen2_component
  [D] mca_fcoll_dynamic_gen2_component_version_string
  [D] mca_fcoll_dynamic_gen2_num_groups
  [D] mca_fcoll_dynamic_gen2_priority
  [D] mca_fcoll_dynamic_gen2_write_chunksize
  [D] mca_fs_ufs_lock_algorithm
  [D] mca_hook_base_static_components
  [D] mca_io_ompio_aggregators_cutoff_threshold
  [D] mca_io_ompio_grouping_option
  [D] mca_io_ompio_max_aggregators_ratio
  [D] mca_io_ompio_num_aggregators
  [D] mca_io_ompio_progress_is_registered
  [D] mca_io_romio314_component
  [D] mca_io_romio314_component_version_string
  [D] mca_io_romio314_module
  [D] mca_io_romio314_mutex
  [D] mca_monitoring_coll_data_t_class
  [D] mca_ompio_request_t_class
  [D] mca_osc_pt2pt_component
  [D] mca_pml_bsend_addr
  [D] mca_pml_bsend_base
  [D] mca_pml_bsend_userbase
  [D] mca_pml_ob1_comm_proc_t_class
  [D] mca_pml_ob1_matching_protection
  [D] mca_pml_ob1_recvreq
  [D] mca_pml_ob1_sendreq
  [D] mca_topo_base_comm_cart_2_2_0_t_class
  [D] mca_topo_base_comm_dist_graph_2_2_0_t_class
  [D] mca_topo_base_comm_graph_2_2_0_t_class
  [D] mca_topo_treematch_component
  [D] mca_topo_treematch_component_version_string
  [D] mca_topo_treematch_module_t_class
  [D] ompi_add_procs_cutoff
  [D] ompi_async_mpi_finalize
  [D] ompi_async_mpi_init
  [D] ompi_coll_spacc_component_version_string
  [D] ompi_coll_tuned_alltoall_intermediate_msg
  [D] ompi_coll_tuned_alltoall_small_msg
  [D] ompi_comm_allreduce_context_t_class
  [D] ompi_comm_cid_context_t_class
  [D] ompi_comm_idup_with_info_context_t_class
  [D] ompi_hook_base_framework
  [D] ompi_mpi_bootstrap_mutex
  [D] ompi_mpi_dynamics_enabled
  [D] ompi_mpi_file_bootstrap_mutex
  [D] ompi_mpi_finalize_started
  [D] ompi_mpi_ompio_bootstrap_mutex
  [D] ompi_mpit_big_lock
  [D] ompi_mpit_init_count
  [D] ompi_netpatterns_base_verbose
  [D] ompi_osc_pt2pt_ddt_buffer_t_class
  [D] ompi_osc_pt2pt_frag_t_class
  [D] ompi_osc_pt2pt_module_template
  [D] ompi_osc_pt2pt_no_locks
  [D] ompi_osc_pt2pt_peer_t_class
  [D] ompi_osc_pt2pt_pending_lock_t_class
  [D] ompi_osc_pt2pt_pending_t_class
  [D] ompi_osc_pt2pt_receive_t_class
  [D] ompi_osc_pt2pt_request_t_class
  [D] ompi_osc_pt2pt_sync_t_class
  [D] ompi_osc_rdma_aggregation_t_class
  [D] ompi_osc_rdma_module_rdma_template
  [D] ompi_osc_rdma_peer_basic_t_class
  [D] ompi_osc_rdma_peer_dynamic_t_class
  [D] ompi_osc_rdma_peer_extended_t_class
  [D] ompi_osc_rdma_peer_t_class
  [D] ompi_osc_rdma_pending_op_t_class
  [D] ompi_osc_rdma_sync_t_class
  [D] ompi_proc_list
  [D] ompi_rte_initialized
  [D] ompi_win_accumulate_ops
  [D] ompi_win_accumulate_order
  [D] osc_pt2pt_accumulate_data_t_class
  [D] osc_pt2pt_pending_acc_t_class
  [D] rcomm_time
  [D] read_exch
  [D] read_time
  [D] start_comm_time
  [D] start_exch
  [D] start_rcomm_time
  [D] start_read_time
  [D] start_rexch
  [D] start_write_time
  [D] write_time

293 Added variable symbols not referenced by debug info:

  [A] MPI_FORTRAN_ARGVS_NULL
  [A] MPI_FORTRAN_ARGV_NULL
  [A] MPI_FORTRAN_BOTTOM
  [A] MPI_FORTRAN_ERRCODES_IGNORE
  [A] MPI_FORTRAN_IN_PLACE
  [A] MPI_FORTRAN_STATUSES_IGNORE
  [A] MPI_FORTRAN_STATUS_IGNORE
  [A] MPI_FORTRAN_UNWEIGHTED
  [A] MPI_FORTRAN_WEIGHTS_EMPTY
  [A] bcast_algorithms
  [A] bcol_base_network_context_t_class
  [A] bcol_basesmuma_smcm_mmap_t_class
  [A] bcol_basesmuma_smcm_proc_item_t_class
  [A] bcol_mpool_compatibility
  [A] bcol_mpool_index
  [A] coll_ml_config_parse_done
  [A] coll_ml_config_string
  [A] coll_ml_config_yy_flex_debug
  [A] coll_ml_config_yyin
  [A] coll_ml_config_yyleng
  [A] coll_ml_config_yylineno
  [A] coll_ml_config_yynewlines
  [A] coll_ml_config_yyout
  [A] coll_ml_config_yytext
  [A] coll_read_time
  [A] coll_write_time
  [A] fragmentation_enable_enum
  [A] initted
  [A] list_data_t_class
  [A] mca_allocator_base_static_components
  [A] mca_allocator_basic_component
  [A] mca_allocator_basic_segment_t_class
  [A] mca_allocator_bucket_component
  [A] mca_bcol_base_coll_fn_desc_t_class
  [A] mca_bcol_base_components_in_use
  [A] mca_bcol_base_lmngr_block_t_class
  [A] mca_bcol_base_module_t_class
  [A] mca_bcol_base_static_components
  [A] mca_bcol_basesmuma_component
  [A] mca_bcol_basesmuma_component_version_string
  [A] mca_bcol_basesmuma_module_t_class
  [A] mca_bcol_ptpcoll_collreq_t_class
  [A] mca_bcol_ptpcoll_component
  [A] mca_bcol_ptpcoll_component_version_string
  [A] mca_bcol_ptpcoll_module_t_class
  [A] mca_btl_base_active_message_trigger
  [A] mca_btl_base_descriptor_t_class
  [A] mca_btl_base_exclude
  [A] mca_btl_base_include
  [A] mca_btl_base_modules_initialized
  [A] mca_btl_base_selected_module_t_class
  [A] mca_btl_base_static_components
  [A] mca_btl_base_thread_multiple_override
  [A] mca_btl_base_verbose
  [A] mca_btl_base_warn_component_unused
  [A] mca_btl_self
  [A] mca_btl_self_component
  [A] mca_btl_self_frag_eager_t_class
  [A] mca_btl_self_frag_rdma_t_class
  [A] mca_btl_self_frag_send_t_class
  [A] mca_btl_sm
  [A] mca_btl_sm_component
  [A] mca_btl_sm_frag1_t_class
  [A] mca_btl_sm_frag2_t_class
  [A] mca_btl_sm_user_t_class
  [A] mca_btl_tcp_component
  [A] mca_btl_tcp_endpoint_t_class
  [A] mca_btl_tcp_event_t_class
  [A] mca_btl_tcp_frag_eager_t_class
  [A] mca_btl_tcp_frag_max_t_class
  [A] mca_btl_tcp_frag_t_class
  [A] mca_btl_tcp_frag_user_t_class
  [A] mca_btl_tcp_module
  [A] mca_btl_tcp_proc_t_class
  [A] mca_btl_vader
  [A] mca_btl_vader_component
  [A] mca_btl_vader_frag_t_class
  [A] mca_coll_hierarch_bcast_alg_param
  [A] mca_coll_hierarch_component
  [A] mca_coll_hierarch_component_version_string
  [A] mca_coll_hierarch_detection_alg_param
  [A] mca_coll_hierarch_ignore_sm_param
  [A] mca_coll_hierarch_module_t_class
  [A] mca_coll_hierarch_priority_param
  [A] mca_coll_hierarch_segsize_param
  [A] mca_coll_hierarch_use_rdma_param
  [A] mca_coll_hierarch_verbose_param
  [A] mca_coll_ml_bcol_list_item_t_class
  [A] mca_coll_ml_collective_operation_progress_t_class
  [A] mca_coll_ml_component
  [A] mca_coll_ml_component_version_string
  [A] mca_coll_ml_descriptor_t_class
  [A] mca_coll_ml_fragment_t_class
  [A] mca_coll_ml_lmngr_t_class
  [A] mca_coll_ml_module_t_class
  [A] mca_common_sm_module_t_class
  [A] mca_dpm_base_static_components
  [A] mca_dpm_orte_component
  [A] mca_fcoll_dynamic_constant_cbs
  [A] mca_fcoll_dynamic_cycle_buffer_size
  [A] mca_fcoll_dynamic_num_io_procs
  [A] mca_fcoll_individual_constant_cbs
  [A] mca_fcoll_individual_cycle_buffer_size
  [A] mca_fcoll_static_constant_cbs
  [A] mca_fcoll_static_cycle_buffer_size
  [A] mca_fcoll_static_num_io_procs
  [A] mca_fcoll_two_phase_constant_cbs
  [A] mca_fcoll_two_phase_cycle_buffer_size
  [A] mca_fcoll_two_phase_num_io_procs
  [A] mca_fcoll_ylib_blocks_per_cycle
  [A] mca_fcoll_ylib_component
  [A] mca_fcoll_ylib_component_version_string
  [A] mca_fcoll_ylib_num_io_procs
  [A] mca_fcoll_ylib_priority
  [A] mca_fcoll_ylib_stripe_size
  [A] mca_io_romio_component
  [A] mca_io_romio_component_version_string
  [A] mca_io_romio_module
  [A] mca_io_romio_mutex
  [A] mca_mpool_base_modules
  [A] mca_mpool_base_page_size
  [A] mca_mpool_base_page_size_log
  [A] mca_mpool_base_registration_t_class
  [A] mca_mpool_base_selected_module_t_class
  [A] mca_mpool_base_static_components
  [A] mca_mpool_base_tree
  [A] mca_mpool_base_tree_item_free_list
  [A] mca_mpool_base_tree_item_t_class
  [A] mca_mpool_base_used_mem_hooks
  [A] mca_mpool_grdma_component
  [A] mca_mpool_grdma_pool_t_class
  [A] mca_mpool_sm_component
  [A] mca_pml_bfo
  [A] mca_pml_bfo_buffer_t_class
  [A] mca_pml_bfo_comm_t_class
  [A] mca_pml_bfo_component
  [A] mca_pml_bfo_output
  [A] mca_pml_bfo_pckt_pending_t_class
  [A] mca_pml_bfo_rdma_frag_t_class
  [A] mca_pml_bfo_recv_frag_t_class
  [A] mca_pml_bfo_recv_request_t_class
  [A] mca_pml_bfo_send_range_t_class
  [A] mca_pml_bfo_send_request_t_class
  [A] mca_pubsub_base_static_components
  [A] mca_pubsub_orte_component
  [A] mca_rcache_base_modules
  [A] mca_rcache_base_selected_module_t_class
  [A] mca_rcache_base_static_components
  [A] mca_rcache_vma_component
  [A] mca_rcache_vma_reg_list_item_t_class
  [A] mca_rcache_vma_t_class
  [A] mca_sbgp_base_components_in_use
  [A] mca_sbgp_base_components_in_use_inited
  [A] mca_sbgp_base_module_t_class
  [A] mca_sbgp_base_static_components
  [A] mca_sbgp_basesmsocket_component
  [A] mca_sbgp_basesmsocket_component_version_string
  [A] mca_sbgp_basesmsocket_module_t_class
  [A] mca_sbgp_basesmuma_component
  [A] mca_sbgp_basesmuma_component_version_string
  [A] mca_sbgp_basesmuma_module_t_class
  [A] mca_sbgp_p2p_component
  [A] mca_sbgp_p2p_component_version_string
  [A] mca_sbgp_p2p_module_t_class
  [A] memory_buffer_index
  [A] mpi_fortran_argv_null
  [A] mpi_fortran_argv_null__
  [A] mpi_fortran_argvs_null
  [A] mpi_fortran_argvs_null__
  [A] mpi_fortran_bottom
  [A] mpi_fortran_bottom__
  [A] mpi_fortran_errcodes_ignore
  [A] mpi_fortran_errcodes_ignore__
  [A] mpi_fortran_in_place
  [A] mpi_fortran_in_place__
  [A] mpi_fortran_status_ignore
  [A] mpi_fortran_status_ignore__
  [A] mpi_fortran_statuses_ignore
  [A] mpi_fortran_statuses_ignore__
  [A] mpi_fortran_unweighted
  [A] mpi_fortran_unweighted__
  [A] mpi_fortran_weights_empty
  [A] mpi_fortran_weights_empty__
  [A] mpit_big_lock
  [A] mpit_init_count
  [A] netpatterns_base_verbose
  [A] ompi_allocator_base_framework
  [A] ompi_bcol_base_framework
  [A] ompi_bcol_bcols_string
  [A] ompi_btl_base_framework
  [A] ompi_coll_tuned_preallocate_memory_comm_size_limit
  [A] ompi_comm_reg_t_class
  [A] ompi_comm_request_mutex
  [A] ompi_comm_requests
  [A] ompi_comm_requests_active
  [A] ompi_datatype_dfd
  [A] ompi_dpm
  [A] ompi_dpm_base_framework
  [A] ompi_dpm_base_selected_component
  [A] ompi_dpm_orte_module
  [A] ompi_err_access
  [A] ompi_err_amode
  [A] ompi_err_arg
  [A] ompi_err_assert
  [A] ompi_err_bad_file
  [A] ompi_err_base
  [A] ompi_err_buffer
  [A] ompi_err_comm
  [A] ompi_err_conversion
  [A] ompi_err_count
  [A] ompi_err_dims
  [A] ompi_err_disp
  [A] ompi_err_dup_datarep
  [A] ompi_err_file
  [A] ompi_err_file_exists
  [A] ompi_err_file_in_use
  [A] ompi_err_group
  [A] ompi_err_in_status
  [A] ompi_err_info
  [A] ompi_err_info_key
  [A] ompi_err_info_nokey
  [A] ompi_err_info_value
  [A] ompi_err_intern
  [A] ompi_err_io
  [A] ompi_err_keyval
  [A] ompi_err_locktype
  [A] ompi_err_name
  [A] ompi_err_no_mem
  [A] ompi_err_no_space
  [A] ompi_err_no_such_file
  [A] ompi_err_not_same
  [A] ompi_err_op
  [A] ompi_err_other
  [A] ompi_err_pending
  [A] ompi_err_port
  [A] ompi_err_quota
  [A] ompi_err_rank
  [A] ompi_err_read_only
  [A] ompi_err_request
  [A] ompi_err_rma_attach
  [A] ompi_err_rma_conflict
  [A] ompi_err_rma_flavor
  [A] ompi_err_rma_range
  [A] ompi_err_rma_shared
  [A] ompi_err_rma_sync
  [A] ompi_err_root
  [A] ompi_err_service
  [A] ompi_err_size
  [A] ompi_err_spawn
  [A] ompi_err_tag
  [A] ompi_err_topology
  [A] ompi_err_truncate
  [A] ompi_err_type
  [A] ompi_err_unsupported_datarep
  [A] ompi_err_unsupported_operation
  [A] ompi_err_win
  [A] ompi_free_list_item_t_class
  [A] ompi_free_list_t_class
  [A] ompi_hostname_cutoff
  [A] ompi_info_entry_t_class
  [A] ompi_mpi_abort_delay
  [A] ompi_mpi_abort_print_stack
  [A] ompi_mpi_built_with_cuda_support
  [A] ompi_mpi_cuda_support
  [A] ompi_mpi_leave_pinned
  [A] ompi_mpi_leave_pinned_pipeline
  [A] ompi_mpool_base_framework
  [A] ompi_osc_rdma_ddt_buffer_t_class
  [A] ompi_osc_rdma_module_template
  [A] ompi_osc_rdma_no_locks
  [A] ompi_osc_rdma_outstanding_lock_t_class
  [A] ompi_osc_rdma_pending_lock_t_class
  [A] ompi_osc_rdma_pending_t_class
  [A] ompi_osc_sm_request_t_class
  [A] ompi_pubsub
  [A] ompi_pubsub_base_framework
  [A] ompi_pubsub_orte_module
  [A] ompi_rb_tree_node_t_class
  [A] ompi_rb_tree_t_class
  [A] ompi_rcache_base_framework
  [A] ompi_request_completed
  [A] ompi_request_cond
  [A] ompi_request_failed
  [A] ompi_request_lock
  [A] ompi_request_waiting
  [A] ompi_rte_orte_direct_modex
  [A] ompi_sbgp_base_framework
  [A] ompi_sbgp_subgroups_string
  [A] ompi_success
  [A] ompi_warn_on_fork
  [A] osc_rdma_accumulate_data_t_class
  [A] osc_rdma_pending_acc_t_class
  [A] sbgp_base_component_keyval_t_class

