Functions changes summary: 0 Removed, 0 Changed, 0 Added function
Variables changes summary: 0 Removed, 0 Changed (8 filtered out), 0 Added variables
Function symbols changes summary: 104 Removed, 1 Added function symbols not referenced by debug info
Variable symbols changes summary: 45 Removed, 5 Added variable symbols not referenced by debug info

104 Removed function symbols not referenced by debug info:

  [D] MPI_Address, aliases PMPI_Address
  [D] MPI_Attr_delete
  [D] MPI_Attr_get, aliases PMPI_Attr_get
  [D] MPI_Attr_put, aliases PMPI_Attr_put
  [D] MPI_Errhandler_create
  [D] MPI_Errhandler_get, aliases PMPI_Errhandler_get
  [D] MPI_Errhandler_set
  [D] MPI_Keyval_create, aliases PMPI_Keyval_create
  [D] MPI_Keyval_free, aliases PMPI_Keyval_free
  [D] MPI_Type_extent
  [D] MPI_Type_hindexed
  [D] MPI_Type_hvector
  [D] MPI_Type_lb
  [D] MPI_Type_struct
  [D] MPI_Type_ub, aliases PMPI_Type_ub
  [D] OMPI_C_MPI_DUP_FN
  [D] OMPI_C_MPI_NULL_COPY_FN
  [D] OMPI_C_MPI_NULL_DELETE_FN
  [D] PMPI_Address
  [D] PMPI_Attr_delete, aliases MPI_Attr_delete
  [D] PMPI_Attr_get
  [D] PMPI_Attr_put
  [D] PMPI_Errhandler_create, aliases MPI_Errhandler_create
  [D] PMPI_Errhandler_get
  [D] PMPI_Errhandler_set, aliases MPI_Errhandler_set
  [D] PMPI_Keyval_create
  [D] PMPI_Keyval_free
  [D] PMPI_Type_extent, aliases MPI_Type_extent
  [D] PMPI_Type_hindexed, aliases MPI_Type_hindexed
  [D] PMPI_Type_hvector, aliases MPI_Type_hvector
  [D] PMPI_Type_lb, aliases MPI_Type_lb
  [D] PMPI_Type_struct, aliases MPI_Type_struct
  [D] PMPI_Type_ub
  [D] adapt_module_cached_topology
  [D] han_request_free
  [D] mca_coll_base_colltype_to_str
  [D] mca_coll_base_name_to_colltype
  [D] mca_coll_han_allgather_intra
  [D] mca_coll_han_allgather_intra_dynamic
  [D] mca_coll_han_allgather_intra_simple
  [D] mca_coll_han_allgatherv_intra_dynamic
  [D] mca_coll_han_allreduce_intra
  [D] mca_coll_han_allreduce_intra_dynamic
  [D] mca_coll_han_allreduce_intra_simple
  [D] mca_coll_han_allreduce_reproducible
  [D] mca_coll_han_allreduce_reproducible_decision
  [D] mca_coll_han_bcast_intra
  [D] mca_coll_han_bcast_intra_dynamic
  [D] mca_coll_han_bcast_intra_simple
  [D] mca_coll_han_comm_create
  [D] mca_coll_han_comm_create_new
  [D] mca_coll_han_comm_query
  [D] mca_coll_han_component_name_to_id
  [D] mca_coll_han_dump_dynamic_rules
  [D] mca_coll_han_free_dynamic_rules
  [D] mca_coll_han_gather_intra
  [D] mca_coll_han_gather_intra_dynamic
  [D] mca_coll_han_gather_intra_simple
  [D] mca_coll_han_get_all_coll_modules
  [D] mca_coll_han_init_dynamic_rules
  [D] mca_coll_han_init_query
  [D] mca_coll_han_is_coll_dynamic_implemented
  [D] mca_coll_han_reduce_intra
  [D] mca_coll_han_reduce_intra_dynamic
  [D] mca_coll_han_reduce_intra_simple
  [D] mca_coll_han_reduce_reproducible
  [D] mca_coll_han_reduce_reproducible_decision
  [D] mca_coll_han_scatter_intra
  [D] mca_coll_han_scatter_intra_dynamic
  [D] mca_coll_han_topo_init
  [D] mca_coll_han_topo_lvl_to_str
  [D] mca_common_ompio_alloc_buf
  [D] mca_common_ompio_buffer_alloc_fini
  [D] mca_common_ompio_buffer_alloc_init
  [D] mca_common_ompio_file_iread_all
  [D] mca_common_ompio_file_iwrite_all
  [D] mca_common_ompio_file_read_all
  [D] mca_common_ompio_file_write_all
  [D] mca_common_ompio_release_buf
  [D] mca_fs_base_get_file_amode
  [D] mca_fs_base_get_file_perm
  [D] mca_fs_base_get_mpi_err
  [D] ompi_coll_adapt_bcast
  [D] ompi_coll_adapt_comm_query
  [D] ompi_coll_adapt_ibcast
  [D] ompi_coll_adapt_ibcast_fini
  [D] ompi_coll_adapt_ibcast_register
  [D] ompi_coll_adapt_init_query
  [D] ompi_coll_adapt_ireduce
  [D] ompi_coll_adapt_ireduce_fini
  [D] ompi_coll_adapt_ireduce_register
  [D] ompi_coll_adapt_reduce
  [D] ompi_coll_adapt_request_free
  [D] ompi_coll_base_file_getnext_long
  [D] ompi_coll_base_file_getnext_size_t
  [D] ompi_coll_base_file_getnext_string
  [D] ompi_coll_base_file_peek_next_char_is
  [D] ompi_coll_base_retain_datatypes
  [D] ompi_coll_base_retain_datatypes_w
  [D] ompi_coll_base_retain_op
  [D] ompi_coll_base_scatter_intra_linear_nb
  [D] ompi_coll_han_reorder_gather
  [D] ompi_comm_split_with_info
  [D] ompi_group_count_local_peers

1 Added function symbol not referenced by debug info:

  [A] hb_tree_csearch

45 Removed variable symbols not referenced by debug info:

  [D] adapt_topology_cache_item_t_class
  [D] available_components
  [D] libnbc_iallgather_algorithm
  [D] libnbc_iallreduce_algorithm
  [D] libnbc_ibcast_algorithm
  [D] libnbc_ibcast_knomial_radix
  [D] libnbc_iexscan_algorithm
  [D] libnbc_ireduce_algorithm
  [D] libnbc_iscan_algorithm
  [D] mca_coll_adapt_component
  [D] mca_coll_adapt_component_version_string
  [D] mca_coll_adapt_module_t_class
  [D] mca_coll_base_avail_coll_t_class
  [D] mca_coll_han_component
  [D] mca_coll_han_component_version_string
  [D] mca_coll_han_module_t_class
  [D] mca_coll_task_t_class
  [D] mca_fbtl_posix_max_block_size
  [D] mca_fbtl_posix_max_gap_size
  [D] mca_fbtl_posix_max_tmpbuf_size
  [D] mca_fbtl_posix_read_datasieving
  [D] mca_fbtl_posix_write_datasieving
  [D] mca_op_avx_component
  [D] ompi_coll_adapt_bcast_context_t_class
  [D] ompi_coll_adapt_constant_bcast_context_t_class
  [D] ompi_coll_adapt_constant_reduce_context_t_class
  [D] ompi_coll_adapt_inbuf_t_class
  [D] ompi_coll_adapt_item_t_class
  [D] ompi_coll_adapt_reduce_context_t_class
  [D] ompi_coll_base_nbc_request_t_class
  [D] ompi_coll_tuned_alltoall_large_msg
  [D] ompi_coll_tuned_alltoall_max_requests
  [D] ompi_coll_tuned_alltoall_min_procs
  [D] ompi_coll_tuned_scatter_blocking_send_ratio
  [D] ompi_coll_tuned_scatter_intermediate_msg
  [D] ompi_coll_tuned_scatter_large_msg
  [D] ompi_coll_tuned_scatter_min_procs
  [D] ompi_op_avx_3buff_functions_avx
  [D] ompi_op_avx_3buff_functions_avx2
  [D] ompi_op_avx_3buff_functions_avx512
  [D] ompi_op_avx_functions_avx
  [D] ompi_op_avx_functions_avx2
  [D] ompi_op_avx_functions_avx512
  [D] ompi_osc_rdma_attachment_t_class
  [D] ompi_osc_rdma_handle_t_class

5 Added variable symbols not referenced by debug info:

  [A] comm
  [A] mca_fcoll_dynamic_gen2_write_chunksize
  [A] mpi_t_enabled
  [A] mpi_t_offset
  [A] sys_clock_freq_mhz

