ELF SONAME changed
Functions changes summary: 0 Removed, 0 Changed, 0 Added function
Variables changes summary: 0 Removed, 1 Changed (7 filtered out), 0 Added variables
Function symbols changes summary: 66 Removed, 93 Added function symbols not referenced by debug info
Variable symbols changes summary: 14 Removed, 39 Added variable symbols not referenced by debug info

SONAME changed from 'libmpi.so.1' to 'libmpi.so.12'

1 Changed variable:

  [C] 'char MPIR_dll_name[133]' was changed to 'char MPIR_dll_name[136]' at ompi_debuggers.c:81:1:
    size of symbol changed from 133 to 136
    type of variable changed:
      type name changed from 'char[133]' to 'char[136]'
      array type size changed from 1064 to 1088
      array type subrange 1 changed length from 133 to 136

66 Removed function symbols not referenced by debug info:

  [D] bcol_basesmuma_smcm_create_mmap
  [D] bcol_basesmuma_smcm_reg_mmap
  [D] mca_pml_cm_improbe
  [D] mca_pml_cm_imrecv
  [D] mca_pml_cm_iprobe
  [D] mca_pml_cm_irecv
  [D] mca_pml_cm_irecv_init
  [D] mca_pml_cm_isend
  [D] mca_pml_cm_isend_init
  [D] mca_pml_cm_mprobe
  [D] mca_pml_cm_mrecv
  [D] mca_pml_cm_probe
  [D] mca_pml_cm_recv
  [D] mca_pml_cm_send
  [D] ml_coll_hier_nonblocking_barrier_setup
  [D] netpatterns_free_recursive_doubling_tree_node
  [D] ompi_coll_tuned_sendrecv_actual
  [D] ompi_coll_tuned_sendrecv_actual_localcompleted
  [D] ompi_osc_rdma_accumulate
  [D] ompi_osc_rdma_attach
  [D] ompi_osc_rdma_compare_and_swap
  [D] ompi_osc_rdma_complete
  [D] ompi_osc_rdma_component_irecv
  [D] ompi_osc_rdma_component_isend
  [D] ompi_osc_rdma_control_send
  [D] ompi_osc_rdma_control_send_unbuffered
  [D] ompi_osc_rdma_detach
  [D] ompi_osc_rdma_fence
  [D] ompi_osc_rdma_fetch_and_op
  [D] ompi_osc_rdma_flush
  [D] ompi_osc_rdma_flush_all
  [D] ompi_osc_rdma_flush_local
  [D] ompi_osc_rdma_flush_local_all
  [D] ompi_osc_rdma_frag_flush_all
  [D] ompi_osc_rdma_frag_flush_target
  [D] ompi_osc_rdma_frag_start
  [D] ompi_osc_rdma_frag_start_receive
  [D] ompi_osc_rdma_free
  [D] ompi_osc_rdma_get
  [D] ompi_osc_rdma_get_accumulate
  [D] ompi_osc_rdma_get_info
  [D] ompi_osc_rdma_irecv_w_cb
  [D] ompi_osc_rdma_isend_w_cb
  [D] ompi_osc_rdma_lock
  [D] ompi_osc_rdma_lock_all
  [D] ompi_osc_rdma_post
  [D] ompi_osc_rdma_process_flush
  [D] ompi_osc_rdma_process_flush_ack
  [D] ompi_osc_rdma_process_lock
  [D] ompi_osc_rdma_process_lock_ack
  [D] ompi_osc_rdma_process_unlock
  [D] ompi_osc_rdma_process_unlock_ack
  [D] ompi_osc_rdma_progress_pending_acc
  [D] ompi_osc_rdma_put
  [D] ompi_osc_rdma_raccumulate
  [D] ompi_osc_rdma_rget
  [D] ompi_osc_rdma_rget_accumulate
  [D] ompi_osc_rdma_rput
  [D] ompi_osc_rdma_set_info
  [D] ompi_osc_rdma_start
  [D] ompi_osc_rdma_sync
  [D] ompi_osc_rdma_test
  [D] ompi_osc_rdma_unlock
  [D] ompi_osc_rdma_unlock_all
  [D] ompi_osc_rdma_wait
  [D] osc_rdma_incoming_post

93 Added function symbols not referenced by debug info:

  [A] MPI_AINT_ADD_F90
  [A] MPI_AINT_DIFF_F90
  [A] MPI_T_category_get_index
  [A] MPI_T_cvar_get_index
  [A] MPI_T_pvar_get_index
  [A] NBC_Sched_local_recv
  [A] NBC_Sched_local_send
  [A] PMPI_T_category_get_index, aliases MPI_T_category_get_index
  [A] PMPI_T_cvar_get_index, aliases MPI_T_cvar_get_index
  [A] PMPI_T_pvar_get_index, aliases MPI_T_pvar_get_index
  [A] bcol_basesmuma_smcm_release_connections
  [A] cleanup_nb_coll_buff_desc
  [A] mca_btl_tcp_frag_dump
  [A] mca_btl_vader_poll_handle_frag
  [A] mca_coll_sync_bcast
  [A] mca_coll_sync_comm_query
  [A] mca_coll_sync_exscan
  [A] mca_coll_sync_ft_event
  [A] mca_coll_sync_gather
  [A] mca_coll_sync_gatherv
  [A] mca_coll_sync_init_query
  [A] mca_coll_sync_module_enable
  [A] mca_coll_sync_reduce
  [A] mca_coll_sync_reduce_scatter
  [A] mca_coll_sync_scan
  [A] mca_coll_sync_scatter
  [A] mca_coll_sync_scatterv
  [A] ml_coll_hier_allgather_cleanup
  [A] ml_coll_hier_allreduce_cleanup_new
  [A] ml_coll_hier_bcast_cleanup
  [A] ml_coll_hier_reduce_cleanup
  [A] mpi_aint_add_f90
  [A] mpi_aint_add_f90_
  [A] mpi_aint_add_f90__
  [A] mpi_aint_diff_f90
  [A] mpi_aint_diff_f90_
  [A] mpi_aint_diff_f90__
  [A] netpatterns_cleanup_narray_knomial_tree
  [A] netpatterns_cleanup_recursive_doubling_tree_node
  [A] netpatterns_cleanup_recursive_knomial_allgather_tree_node
  [A] netpatterns_cleanup_recursive_knomial_tree_node
  [A] ompi_coll_tuned_sendrecv_nonzero_actual
  [A] ompi_comm_neighbors
  [A] ompi_comm_neighbors_count
  [A] ompi_datatype_duplicate
  [A] ompi_osc_pt2pt_accumulate
  [A] ompi_osc_pt2pt_attach
  [A] ompi_osc_pt2pt_compare_and_swap
  [A] ompi_osc_pt2pt_complete
  [A] ompi_osc_pt2pt_component_irecv
  [A] ompi_osc_pt2pt_component_isend
  [A] ompi_osc_pt2pt_control_send
  [A] ompi_osc_pt2pt_control_send_unbuffered
  [A] ompi_osc_pt2pt_detach
  [A] ompi_osc_pt2pt_fence
  [A] ompi_osc_pt2pt_fetch_and_op
  [A] ompi_osc_pt2pt_flush
  [A] ompi_osc_pt2pt_flush_all
  [A] ompi_osc_pt2pt_flush_local
  [A] ompi_osc_pt2pt_flush_local_all
  [A] ompi_osc_pt2pt_frag_flush_all
  [A] ompi_osc_pt2pt_frag_flush_target
  [A] ompi_osc_pt2pt_frag_start
  [A] ompi_osc_pt2pt_frag_start_receive
  [A] ompi_osc_pt2pt_free
  [A] ompi_osc_pt2pt_get
  [A] ompi_osc_pt2pt_get_accumulate
  [A] ompi_osc_pt2pt_get_info
  [A] ompi_osc_pt2pt_irecv_w_cb
  [A] ompi_osc_pt2pt_isend_w_cb
  [A] ompi_osc_pt2pt_lock
  [A] ompi_osc_pt2pt_lock_all
  [A] ompi_osc_pt2pt_post
  [A] ompi_osc_pt2pt_process_flush
  [A] ompi_osc_pt2pt_process_flush_ack
  [A] ompi_osc_pt2pt_process_lock
  [A] ompi_osc_pt2pt_process_lock_ack
  [A] ompi_osc_pt2pt_process_unlock
  [A] ompi_osc_pt2pt_process_unlock_ack
  [A] ompi_osc_pt2pt_progress_pending_acc
  [A] ompi_osc_pt2pt_put
  [A] ompi_osc_pt2pt_raccumulate
  [A] ompi_osc_pt2pt_rget
  [A] ompi_osc_pt2pt_rget_accumulate
  [A] ompi_osc_pt2pt_rput
  [A] ompi_osc_pt2pt_set_info
  [A] ompi_osc_pt2pt_start
  [A] ompi_osc_pt2pt_sync
  [A] ompi_osc_pt2pt_test
  [A] ompi_osc_pt2pt_unlock
  [A] ompi_osc_pt2pt_unlock_all
  [A] ompi_osc_pt2pt_wait
  [A] osc_pt2pt_incoming_post

14 Removed variable symbols not referenced by debug info:

  [D] mca_osc_rdma_component
  [D] ompi_mpi_abort_delay
  [D] ompi_mpi_abort_print_stack
  [D] ompi_osc_rdma_ddt_buffer_t_class
  [D] ompi_osc_rdma_frag_t_class
  [D] ompi_osc_rdma_module_template
  [D] ompi_osc_rdma_no_locks
  [D] ompi_osc_rdma_outstanding_lock_t_class
  [D] ompi_osc_rdma_pending_lock_t_class
  [D] ompi_osc_rdma_pending_t_class
  [D] ompi_osc_rdma_request_t_class
  [D] ompi_osc_sm_request_t_class
  [D] osc_rdma_accumulate_data_t_class
  [D] osc_rdma_pending_acc_t_class

39 Added variable symbols not referenced by debug info:

  [A] mca_btl_vader_endpoint_t_class
  [A] mca_coll_sync_component
  [A] mca_coll_sync_component_version_string
  [A] mca_coll_sync_module_t_class
  [A] mca_osc_pt2pt_component
  [A] mca_pml_ob1_recvreq
  [A] mca_pml_ob1_sendreq
  [A] ompi_coll_tuned_alltoall_intermediate_msg
  [A] ompi_coll_tuned_alltoall_small_msg
  [A] ompi_mpi_finalize_started
  [A] ompi_osc_pt2pt_ddt_buffer_t_class
  [A] ompi_osc_pt2pt_frag_t_class
  [A] ompi_osc_pt2pt_module_template
  [A] ompi_osc_pt2pt_no_locks
  [A] ompi_osc_pt2pt_outstanding_lock_t_class
  [A] ompi_osc_pt2pt_peer_t_class
  [A] ompi_osc_pt2pt_pending_lock_t_class
  [A] ompi_osc_pt2pt_pending_post_t_class
  [A] ompi_osc_pt2pt_pending_t_class
  [A] ompi_osc_pt2pt_request_t_class
  [A] ompi_proc_list
  [A] ompi_t_err_cannot_init
  [A] ompi_t_err_cvar_set_never
  [A] ompi_t_err_cvar_set_not_now
  [A] ompi_t_err_invalid
  [A] ompi_t_err_invalid_handle
  [A] ompi_t_err_invalid_index
  [A] ompi_t_err_invalid_item
  [A] ompi_t_err_invalid_name
  [A] ompi_t_err_invalid_session
  [A] ompi_t_err_memory
  [A] ompi_t_err_not_initialized
  [A] ompi_t_err_out_of_handles
  [A] ompi_t_err_out_of_sessions
  [A] ompi_t_err_pvar_no_atomic
  [A] ompi_t_err_pvar_no_startstop
  [A] ompi_t_err_pvar_no_write
  [A] osc_pt2pt_accumulate_data_t_class
  [A] osc_pt2pt_pending_acc_t_class

