Functions changes summary: 0 Removed, 0 Changed, 0 Added function
Variables changes summary: 0 Removed, 0 Changed (7 filtered out), 0 Added variables
Function symbols changes summary: 3 Removed, 30 Added function symbols not referenced by debug info
Variable symbols changes summary: 7 Removed, 17 Added variable symbols not referenced by debug info

3 Removed function symbols not referenced by debug info:

  [D] ompi_comm_link_function
  [D] ompi_comm_reg_finalize
  [D] ompi_comm_reg_init

30 Added function symbols not referenced by debug info:

  [A] NBC_Sched_local_recv
  [A] NBC_Sched_local_send
  [A] mca_coll_sync_bcast
  [A] mca_coll_sync_comm_query
  [A] mca_coll_sync_exscan
  [A] mca_coll_sync_gather
  [A] mca_coll_sync_gatherv
  [A] mca_coll_sync_init_query
  [A] mca_coll_sync_module_enable
  [A] mca_coll_sync_reduce
  [A] mca_coll_sync_reduce_scatter
  [A] mca_coll_sync_scan
  [A] mca_coll_sync_scatter
  [A] mca_coll_sync_scatterv
  [A] mca_fcoll_dynamic_gen2_break_file_view
  [A] mca_fcoll_dynamic_gen2_component_file_query
  [A] mca_fcoll_dynamic_gen2_component_file_unquery
  [A] mca_fcoll_dynamic_gen2_component_init_query
  [A] mca_fcoll_dynamic_gen2_file_read_all
  [A] mca_fcoll_dynamic_gen2_file_write_all
  [A] mca_fcoll_dynamic_gen2_get_configuration
  [A] mca_fcoll_dynamic_gen2_module_finalize
  [A] mca_fcoll_dynamic_gen2_module_init
  [A] mca_fcoll_dynamic_gen2_split_iov_array
  [A] mca_pml_ob1_rdma_pipeline_btls_count
  [A] ompi_datatype_pack_external
  [A] ompi_datatype_pack_external_size
  [A] ompi_datatype_unpack_external
  [A] ompi_osc_pt2pt_lock_remote
  [A] ompi_osc_pt2pt_process_receive

7 Removed variable symbols not referenced by debug info:

  [D] __malloc_initialize_hook
  [D] ompi_comm_reg_t_class
  [D] ompi_request_completed
  [D] ompi_request_cond
  [D] ompi_request_failed
  [D] ompi_request_lock
  [D] ompi_request_waiting

17 Added variable symbols not referenced by debug info:

  [A] libnbc_ibcast_skip_dt_decision
  [A] mca_coll_sync_component
  [A] mca_coll_sync_component_version_string
  [A] mca_coll_sync_module_t_class
  [A] mca_fcoll_dynamic_gen2_component
  [A] mca_fcoll_dynamic_gen2_component_version_string
  [A] mca_fcoll_dynamic_gen2_num_groups
  [A] mca_fcoll_dynamic_gen2_priority
  [A] mca_fcoll_dynamic_gen2_write_chunksize
  [A] mca_pml_bsend_addr
  [A] mca_pml_bsend_base
  [A] mca_pml_bsend_userbase
  [A] ompi_comm_allreduce_context_t_class
  [A] ompi_comm_cid_context_t_class
  [A] ompi_comm_idup_with_info_context_t_class
  [A] ompi_osc_pt2pt_receive_t_class
  [A] ompi_win_accumulate_order

