Functions changes summary: 0 Removed, 0 Changed, 0 Added function
Variables changes summary: 0 Removed, 0 Changed (8 filtered out), 0 Added variables
Function symbols changes summary: 149 Removed, 355 Added function symbols not referenced by debug info
Variable symbols changes summary: 42 Removed, 68 Added variable symbols not referenced by debug info

149 Removed function symbols not referenced by debug info:

  [D] NBC_Init_handle
  [D] find_next_index
  [D] get_process_id
  [D] hb_tree_csearch
  [D] mca_coll_spacc_allreduce_intra_redscat_allgather
  [D] mca_coll_spacc_reduce_intra_redscat_gather
  [D] mca_fcoll_static_component_file_query
  [D] mca_fcoll_static_component_file_unquery
  [D] mca_fcoll_static_component_init_query
  [D] mca_fcoll_static_file_read_all
  [D] mca_fcoll_static_file_write_all
  [D] mca_fcoll_static_module_finalize
  [D] mca_fcoll_static_module_init
  [D] mca_fs_ufs_file_close
  [D] mca_fs_ufs_file_delete
  [D] mca_fs_ufs_file_get_size
  [D] mca_fs_ufs_file_set_size
  [D] mca_fs_ufs_file_sync
  [D] mca_io_ompio_cart_based_grouping
  [D] mca_io_ompio_component_progress
  [D] mca_io_ompio_create_groups
  [D] mca_io_ompio_file_delete
  [D] mca_io_ompio_finalize_initial_grouping
  [D] mca_io_ompio_finalize_split
  [D] mca_io_ompio_fview_based_grouping
  [D] mca_io_ompio_get_bytes_per_agg
  [D] mca_io_ompio_get_num_aggregators
  [D] mca_io_ompio_merge_groups
  [D] mca_io_ompio_merge_initial_groups
  [D] mca_io_ompio_prepare_to_group
  [D] mca_io_ompio_retain_initial_groups
  [D] mca_io_ompio_set_aggregator_props
  [D] mca_io_ompio_simple_grouping
  [D] mca_io_ompio_split_a_group
  [D] mca_io_ompio_split_initial_groups
  [D] mca_io_romio314_dist_MPIR_Status_set_bytes
  [D] mca_io_romio314_dist_MPI_File_close
  [D] mca_io_romio314_dist_MPI_File_delete
  [D] mca_io_romio314_dist_MPI_File_get_amode
  [D] mca_io_romio314_dist_MPI_File_get_atomicity
  [D] mca_io_romio314_dist_MPI_File_get_byte_offset
  [D] mca_io_romio314_dist_MPI_File_get_group
  [D] mca_io_romio314_dist_MPI_File_get_info
  [D] mca_io_romio314_dist_MPI_File_get_position
  [D] mca_io_romio314_dist_MPI_File_get_position_shared
  [D] mca_io_romio314_dist_MPI_File_get_size
  [D] mca_io_romio314_dist_MPI_File_get_type_extent
  [D] mca_io_romio314_dist_MPI_File_get_view
  [D] mca_io_romio314_dist_MPI_File_iread
  [D] mca_io_romio314_dist_MPI_File_iread_at
  [D] mca_io_romio314_dist_MPI_File_iread_shared
  [D] mca_io_romio314_dist_MPI_File_iwrite
  [D] mca_io_romio314_dist_MPI_File_iwrite_at
  [D] mca_io_romio314_dist_MPI_File_iwrite_shared
  [D] mca_io_romio314_dist_MPI_File_open
  [D] mca_io_romio314_dist_MPI_File_preallocate
  [D] mca_io_romio314_dist_MPI_File_read
  [D] mca_io_romio314_dist_MPI_File_read_all
  [D] mca_io_romio314_dist_MPI_File_read_all_begin
  [D] mca_io_romio314_dist_MPI_File_read_all_end
  [D] mca_io_romio314_dist_MPI_File_read_at
  [D] mca_io_romio314_dist_MPI_File_read_at_all
  [D] mca_io_romio314_dist_MPI_File_read_at_all_begin
  [D] mca_io_romio314_dist_MPI_File_read_at_all_end
  [D] mca_io_romio314_dist_MPI_File_read_ordered
  [D] mca_io_romio314_dist_MPI_File_read_ordered_begin
  [D] mca_io_romio314_dist_MPI_File_read_ordered_end
  [D] mca_io_romio314_dist_MPI_File_read_shared
  [D] mca_io_romio314_dist_MPI_File_seek
  [D] mca_io_romio314_dist_MPI_File_seek_shared
  [D] mca_io_romio314_dist_MPI_File_set_atomicity
  [D] mca_io_romio314_dist_MPI_File_set_info
  [D] mca_io_romio314_dist_MPI_File_set_size
  [D] mca_io_romio314_dist_MPI_File_set_view
  [D] mca_io_romio314_dist_MPI_File_sync
  [D] mca_io_romio314_dist_MPI_File_write
  [D] mca_io_romio314_dist_MPI_File_write_all
  [D] mca_io_romio314_dist_MPI_File_write_all_begin
  [D] mca_io_romio314_dist_MPI_File_write_all_end
  [D] mca_io_romio314_dist_MPI_File_write_at
  [D] mca_io_romio314_dist_MPI_File_write_at_all
  [D] mca_io_romio314_dist_MPI_File_write_at_all_begin
  [D] mca_io_romio314_dist_MPI_File_write_at_all_end
  [D] mca_io_romio314_dist_MPI_File_write_ordered
  [D] mca_io_romio314_dist_MPI_File_write_ordered_begin
  [D] mca_io_romio314_dist_MPI_File_write_ordered_end
  [D] mca_io_romio314_dist_MPI_File_write_shared
  [D] mca_io_romio314_dist_MPI_Register_datarep
  [D] mca_io_romio314_file_close
  [D] mca_io_romio314_file_get_amode
  [D] mca_io_romio314_file_get_atomicity
  [D] mca_io_romio314_file_get_byte_offset
  [D] mca_io_romio314_file_get_info
  [D] mca_io_romio314_file_get_position
  [D] mca_io_romio314_file_get_position_shared
  [D] mca_io_romio314_file_get_size
  [D] mca_io_romio314_file_get_type_extent
  [D] mca_io_romio314_file_get_view
  [D] mca_io_romio314_file_iread
  [D] mca_io_romio314_file_iread_all
  [D] mca_io_romio314_file_iread_at
  [D] mca_io_romio314_file_iread_at_all
  [D] mca_io_romio314_file_iread_shared
  [D] mca_io_romio314_file_iwrite
  [D] mca_io_romio314_file_iwrite_all
  [D] mca_io_romio314_file_iwrite_at
  [D] mca_io_romio314_file_iwrite_at_all
  [D] mca_io_romio314_file_iwrite_shared
  [D] mca_io_romio314_file_open
  [D] mca_io_romio314_file_preallocate
  [D] mca_io_romio314_file_read
  [D] mca_io_romio314_file_read_all
  [D] mca_io_romio314_file_read_all_begin
  [D] mca_io_romio314_file_read_all_end
  [D] mca_io_romio314_file_read_at
  [D] mca_io_romio314_file_read_at_all
  [D] mca_io_romio314_file_read_at_all_begin
  [D] mca_io_romio314_file_read_at_all_end
  [D] mca_io_romio314_file_read_ordered
  [D] mca_io_romio314_file_read_ordered_begin
  [D] mca_io_romio314_file_read_ordered_end
  [D] mca_io_romio314_file_read_shared
  [D] mca_io_romio314_file_seek
  [D] mca_io_romio314_file_seek_shared
  [D] mca_io_romio314_file_set_atomicity
  [D] mca_io_romio314_file_set_info
  [D] mca_io_romio314_file_set_size
  [D] mca_io_romio314_file_set_view
  [D] mca_io_romio314_file_sync
  [D] mca_io_romio314_file_write
  [D] mca_io_romio314_file_write_all
  [D] mca_io_romio314_file_write_all_begin
  [D] mca_io_romio314_file_write_all_end
  [D] mca_io_romio314_file_write_at
  [D] mca_io_romio314_file_write_at_all
  [D] mca_io_romio314_file_write_at_all_begin
  [D] mca_io_romio314_file_write_at_all_end
  [D] mca_io_romio314_file_write_ordered
  [D] mca_io_romio314_file_write_ordered_begin
  [D] mca_io_romio314_file_write_ordered_end
  [D] mca_io_romio314_file_write_shared
  [D] ompi_coll_spacc_comm_query
  [D] ompi_coll_spacc_init_query
  [D] ompi_io_ompio_decode_datatype
  [D] ompi_osc_rdma_peer_aggregate_flush
  [D] ompi_request_persistent_proc_null_free
  [D] read_find_next_index
  [D] read_get_process_id
  [D] read_local_heap_sort

355 Added function symbols not referenced by debug info:

  [A] ADIOI_Fill_send_buffer
  [A] ADIOI_Fill_user_buffer
  [A] ADIOI_Flatten_and_find
  [A] ADIOI_Icalc_others_req
  [A] ADIOI_Icalc_others_req_fini
  [A] ADIOI_Icalc_others_req_main
  [A] ADIOI_OneSidedCleanup
  [A] ADIOI_OneSidedReadAggregation
  [A] ADIOI_OneSidedWriteAggregation
  [A] ADIOI_Type_get_contents
  [A] ADIOI_Type_get_envelope
  [A] MPIOI_File_iread_all
  [A] MPIOI_File_iwrite_all
  [A] MPIX_Allgather_init
  [A] MPIX_Allgatherv_init
  [A] MPIX_Allreduce_init
  [A] MPIX_Alltoall_init, aliases PMPIX_Alltoall_init
  [A] MPIX_Alltoallv_init
  [A] MPIX_Alltoallw_init
  [A] MPIX_Barrier_init, aliases PMPIX_Barrier_init
  [A] MPIX_Bcast_init
  [A] MPIX_Exscan_init
  [A] MPIX_Gather_init
  [A] MPIX_Gatherv_init
  [A] MPIX_Neighbor_allgather_init
  [A] MPIX_Neighbor_allgatherv_init
  [A] MPIX_Neighbor_alltoall_init
  [A] MPIX_Neighbor_alltoallv_init
  [A] MPIX_Neighbor_alltoallw_init
  [A] MPIX_Reduce_init
  [A] MPIX_Reduce_scatter_block_init
  [A] MPIX_Reduce_scatter_init
  [A] MPIX_Scan_init, aliases PMPIX_Scan_init
  [A] MPIX_Scatter_init
  [A] MPIX_Scatterv_init
  [A] PMPIX_Allgather_init, aliases MPIX_Allgather_init
  [A] PMPIX_Allgatherv_init, aliases MPIX_Allgatherv_init
  [A] PMPIX_Allreduce_init, aliases MPIX_Allreduce_init
  [A] PMPIX_Alltoall_init
  [A] PMPIX_Alltoallv_init, aliases MPIX_Alltoallv_init
  [A] PMPIX_Alltoallw_init, aliases MPIX_Alltoallw_init
  [A] PMPIX_Barrier_init
  [A] PMPIX_Bcast_init, aliases MPIX_Bcast_init
  [A] PMPIX_Exscan_init, aliases MPIX_Exscan_init
  [A] PMPIX_Gather_init, aliases MPIX_Gather_init
  [A] PMPIX_Gatherv_init, aliases MPIX_Gatherv_init
  [A] PMPIX_Neighbor_allgather_init, aliases MPIX_Neighbor_allgather_init
  [A] PMPIX_Neighbor_allgatherv_init, aliases MPIX_Neighbor_allgatherv_init
  [A] PMPIX_Neighbor_alltoall_init, aliases MPIX_Neighbor_alltoall_init
  [A] PMPIX_Neighbor_alltoallv_init, aliases MPIX_Neighbor_alltoallv_init
  [A] PMPIX_Neighbor_alltoallw_init, aliases MPIX_Neighbor_alltoallw_init
  [A] PMPIX_Reduce_init, aliases MPIX_Reduce_init
  [A] PMPIX_Reduce_scatter_block_init, aliases MPIX_Reduce_scatter_block_init
  [A] PMPIX_Reduce_scatter_init, aliases MPIX_Reduce_scatter_init
  [A] PMPIX_Scan_init
  [A] PMPIX_Scatter_init, aliases MPIX_Scatter_init
  [A] PMPIX_Scatterv_init, aliases MPIX_Scatterv_init
  [A] adapt_module_cached_topology
  [A] han_request_free
  [A] mca_coll_base_colltype_to_str
  [A] mca_coll_base_name_to_colltype
  [A] mca_coll_han_allgather_intra
  [A] mca_coll_han_allgather_intra_dynamic
  [A] mca_coll_han_allgather_intra_simple
  [A] mca_coll_han_allgatherv_intra_dynamic
  [A] mca_coll_han_allreduce_intra
  [A] mca_coll_han_allreduce_intra_dynamic
  [A] mca_coll_han_allreduce_intra_simple
  [A] mca_coll_han_allreduce_reproducible
  [A] mca_coll_han_allreduce_reproducible_decision
  [A] mca_coll_han_bcast_intra
  [A] mca_coll_han_bcast_intra_dynamic
  [A] mca_coll_han_bcast_intra_simple
  [A] mca_coll_han_comm_create
  [A] mca_coll_han_comm_create_new
  [A] mca_coll_han_comm_query
  [A] mca_coll_han_component_name_to_id
  [A] mca_coll_han_dump_dynamic_rules
  [A] mca_coll_han_free_dynamic_rules
  [A] mca_coll_han_gather_intra
  [A] mca_coll_han_gather_intra_dynamic
  [A] mca_coll_han_gather_intra_simple
  [A] mca_coll_han_get_all_coll_modules
  [A] mca_coll_han_init_dynamic_rules
  [A] mca_coll_han_init_query
  [A] mca_coll_han_is_coll_dynamic_implemented
  [A] mca_coll_han_reduce_intra
  [A] mca_coll_han_reduce_intra_dynamic
  [A] mca_coll_han_reduce_intra_simple
  [A] mca_coll_han_reduce_reproducible
  [A] mca_coll_han_reduce_reproducible_decision
  [A] mca_coll_han_scatter_intra
  [A] mca_coll_han_scatter_intra_dynamic
  [A] mca_coll_han_topo_init
  [A] mca_coll_han_topo_lvl_to_str
  [A] mca_common_ompio_alloc_buf
  [A] mca_common_ompio_buffer_alloc_fini
  [A] mca_common_ompio_buffer_alloc_init
  [A] mca_common_ompio_cart_based_grouping
  [A] mca_common_ompio_create_groups
  [A] mca_common_ompio_create_incomplete_file_handle
  [A] mca_common_ompio_decode_datatype
  [A] mca_common_ompio_file_delete
  [A] mca_common_ompio_file_iread_all
  [A] mca_common_ompio_file_iwrite_all
  [A] mca_common_ompio_file_read_all
  [A] mca_common_ompio_file_write_all
  [A] mca_common_ompio_finalize_initial_grouping
  [A] mca_common_ompio_finalize_split
  [A] mca_common_ompio_forced_grouping
  [A] mca_common_ompio_fview_based_grouping
  [A] mca_common_ompio_merge_groups
  [A] mca_common_ompio_merge_initial_groups
  [A] mca_common_ompio_prepare_to_group
  [A] mca_common_ompio_progress
  [A] mca_common_ompio_register_progress
  [A] mca_common_ompio_release_buf
  [A] mca_common_ompio_request_alloc
  [A] mca_common_ompio_request_fini
  [A] mca_common_ompio_request_init
  [A] mca_common_ompio_retain_initial_groups
  [A] mca_common_ompio_set_aggregator_props
  [A] mca_common_ompio_set_callbacks
  [A] mca_common_ompio_simple_grouping
  [A] mca_common_ompio_split_a_group
  [A] mca_common_ompio_split_initial_groups
  [A] mca_fcoll_base_component_lookup
  [A] mca_fcoll_vulcan_break_file_view
  [A] mca_fcoll_vulcan_component_file_query
  [A] mca_fcoll_vulcan_component_file_unquery
  [A] mca_fcoll_vulcan_component_init_query
  [A] mca_fcoll_vulcan_file_read_all
  [A] mca_fcoll_vulcan_file_write_all
  [A] mca_fcoll_vulcan_get_configuration
  [A] mca_fcoll_vulcan_module_finalize
  [A] mca_fcoll_vulcan_module_init
  [A] mca_fcoll_vulcan_split_iov_array
  [A] mca_fs_base_file_close
  [A] mca_fs_base_file_delete
  [A] mca_fs_base_file_get_size
  [A] mca_fs_base_file_set_size
  [A] mca_fs_base_file_sync
  [A] mca_fs_base_get_file_amode
  [A] mca_fs_base_get_file_perm
  [A] mca_fs_base_get_mpi_err
  [A] mca_io_ompio_get_mca_parameter_value
  [A] mca_io_romio321_file_close
  [A] mca_io_romio321_file_get_amode
  [A] mca_io_romio321_file_get_atomicity
  [A] mca_io_romio321_file_get_byte_offset
  [A] mca_io_romio321_file_get_info
  [A] mca_io_romio321_file_get_position
  [A] mca_io_romio321_file_get_position_shared
  [A] mca_io_romio321_file_get_size
  [A] mca_io_romio321_file_get_type_extent
  [A] mca_io_romio321_file_get_view
  [A] mca_io_romio321_file_iread
  [A] mca_io_romio321_file_iread_all
  [A] mca_io_romio321_file_iread_at
  [A] mca_io_romio321_file_iread_at_all
  [A] mca_io_romio321_file_iread_shared
  [A] mca_io_romio321_file_iwrite
  [A] mca_io_romio321_file_iwrite_all
  [A] mca_io_romio321_file_iwrite_at
  [A] mca_io_romio321_file_iwrite_at_all
  [A] mca_io_romio321_file_iwrite_shared
  [A] mca_io_romio321_file_open
  [A] mca_io_romio321_file_preallocate
  [A] mca_io_romio321_file_read
  [A] mca_io_romio321_file_read_all
  [A] mca_io_romio321_file_read_all_begin
  [A] mca_io_romio321_file_read_all_end
  [A] mca_io_romio321_file_read_at
  [A] mca_io_romio321_file_read_at_all
  [A] mca_io_romio321_file_read_at_all_begin
  [A] mca_io_romio321_file_read_at_all_end
  [A] mca_io_romio321_file_read_ordered
  [A] mca_io_romio321_file_read_ordered_begin
  [A] mca_io_romio321_file_read_ordered_end
  [A] mca_io_romio321_file_read_shared
  [A] mca_io_romio321_file_seek
  [A] mca_io_romio321_file_seek_shared
  [A] mca_io_romio321_file_set_atomicity
  [A] mca_io_romio321_file_set_info
  [A] mca_io_romio321_file_set_size
  [A] mca_io_romio321_file_set_view
  [A] mca_io_romio321_file_sync
  [A] mca_io_romio321_file_write
  [A] mca_io_romio321_file_write_all
  [A] mca_io_romio321_file_write_all_begin
  [A] mca_io_romio321_file_write_all_end
  [A] mca_io_romio321_file_write_at
  [A] mca_io_romio321_file_write_at_all
  [A] mca_io_romio321_file_write_at_all_begin
  [A] mca_io_romio321_file_write_at_all_end
  [A] mca_io_romio321_file_write_ordered
  [A] mca_io_romio321_file_write_ordered_begin
  [A] mca_io_romio321_file_write_ordered_end
  [A] mca_io_romio321_file_write_shared
  [A] mca_io_romio_dist_MPIR_Status_set_bytes
  [A] mca_io_romio_dist_MPI_File_close
  [A] mca_io_romio_dist_MPI_File_delete
  [A] mca_io_romio_dist_MPI_File_get_amode
  [A] mca_io_romio_dist_MPI_File_get_atomicity
  [A] mca_io_romio_dist_MPI_File_get_byte_offset
  [A] mca_io_romio_dist_MPI_File_get_group
  [A] mca_io_romio_dist_MPI_File_get_info
  [A] mca_io_romio_dist_MPI_File_get_position
  [A] mca_io_romio_dist_MPI_File_get_position_shared
  [A] mca_io_romio_dist_MPI_File_get_size
  [A] mca_io_romio_dist_MPI_File_get_type_extent
  [A] mca_io_romio_dist_MPI_File_get_view
  [A] mca_io_romio_dist_MPI_File_iread
  [A] mca_io_romio_dist_MPI_File_iread_all
  [A] mca_io_romio_dist_MPI_File_iread_at
  [A] mca_io_romio_dist_MPI_File_iread_at_all
  [A] mca_io_romio_dist_MPI_File_iread_shared
  [A] mca_io_romio_dist_MPI_File_iwrite
  [A] mca_io_romio_dist_MPI_File_iwrite_all
  [A] mca_io_romio_dist_MPI_File_iwrite_at
  [A] mca_io_romio_dist_MPI_File_iwrite_at_all
  [A] mca_io_romio_dist_MPI_File_iwrite_shared
  [A] mca_io_romio_dist_MPI_File_open
  [A] mca_io_romio_dist_MPI_File_preallocate
  [A] mca_io_romio_dist_MPI_File_read
  [A] mca_io_romio_dist_MPI_File_read_all
  [A] mca_io_romio_dist_MPI_File_read_all_begin
  [A] mca_io_romio_dist_MPI_File_read_all_end
  [A] mca_io_romio_dist_MPI_File_read_at
  [A] mca_io_romio_dist_MPI_File_read_at_all
  [A] mca_io_romio_dist_MPI_File_read_at_all_begin
  [A] mca_io_romio_dist_MPI_File_read_at_all_end
  [A] mca_io_romio_dist_MPI_File_read_ordered
  [A] mca_io_romio_dist_MPI_File_read_ordered_begin
  [A] mca_io_romio_dist_MPI_File_read_ordered_end
  [A] mca_io_romio_dist_MPI_File_read_shared
  [A] mca_io_romio_dist_MPI_File_seek
  [A] mca_io_romio_dist_MPI_File_seek_shared
  [A] mca_io_romio_dist_MPI_File_set_atomicity
  [A] mca_io_romio_dist_MPI_File_set_info
  [A] mca_io_romio_dist_MPI_File_set_size
  [A] mca_io_romio_dist_MPI_File_set_view
  [A] mca_io_romio_dist_MPI_File_sync
  [A] mca_io_romio_dist_MPI_File_write
  [A] mca_io_romio_dist_MPI_File_write_all
  [A] mca_io_romio_dist_MPI_File_write_all_begin
  [A] mca_io_romio_dist_MPI_File_write_all_end
  [A] mca_io_romio_dist_MPI_File_write_at
  [A] mca_io_romio_dist_MPI_File_write_at_all
  [A] mca_io_romio_dist_MPI_File_write_at_all_begin
  [A] mca_io_romio_dist_MPI_File_write_at_all_end
  [A] mca_io_romio_dist_MPI_File_write_ordered
  [A] mca_io_romio_dist_MPI_File_write_ordered_begin
  [A] mca_io_romio_dist_MPI_File_write_ordered_end
  [A] mca_io_romio_dist_MPI_File_write_shared
  [A] mca_io_romio_dist_MPI_Register_datarep
  [A] mpiext_pcollreq_dummy
  [A] ompi_coll_adapt_bcast
  [A] ompi_coll_adapt_comm_query
  [A] ompi_coll_adapt_ibcast
  [A] ompi_coll_adapt_ibcast_fini
  [A] ompi_coll_adapt_ibcast_register
  [A] ompi_coll_adapt_init_query
  [A] ompi_coll_adapt_ireduce
  [A] ompi_coll_adapt_ireduce_fini
  [A] ompi_coll_adapt_ireduce_register
  [A] ompi_coll_adapt_reduce
  [A] ompi_coll_adapt_request_free
  [A] ompi_coll_base_allreduce_intra_redscat_allgather
  [A] ompi_coll_base_bcast_intra_knomial
  [A] ompi_coll_base_bcast_intra_scatter_allgather
  [A] ompi_coll_base_bcast_intra_scatter_allgather_ring
  [A] ompi_coll_base_exscan_intra_linear
  [A] ompi_coll_base_exscan_intra_recursivedoubling
  [A] ompi_coll_base_file_getnext_long
  [A] ompi_coll_base_file_getnext_size_t
  [A] ompi_coll_base_file_getnext_string
  [A] ompi_coll_base_file_peek_next_char_is
  [A] ompi_coll_base_reduce_intra_redscat_gather
  [A] ompi_coll_base_reduce_scatter_block_basic_linear
  [A] ompi_coll_base_reduce_scatter_block_intra_butterfly
  [A] ompi_coll_base_reduce_scatter_block_intra_recursivedoubling
  [A] ompi_coll_base_reduce_scatter_block_intra_recursivehalving
  [A] ompi_coll_base_reduce_scatter_intra_butterfly
  [A] ompi_coll_base_retain_datatypes
  [A] ompi_coll_base_retain_datatypes_w
  [A] ompi_coll_base_retain_op
  [A] ompi_coll_base_scan_intra_linear
  [A] ompi_coll_base_scan_intra_recursivedoubling
  [A] ompi_coll_base_scatter_intra_linear_nb
  [A] ompi_coll_base_topo_build_kmtree
  [A] ompi_coll_han_reorder_gather
  [A] ompi_coll_libnbc_allgather_init
  [A] ompi_coll_libnbc_allgather_inter_init
  [A] ompi_coll_libnbc_allgatherv_init
  [A] ompi_coll_libnbc_allgatherv_inter_init
  [A] ompi_coll_libnbc_allreduce_init
  [A] ompi_coll_libnbc_allreduce_inter_init
  [A] ompi_coll_libnbc_alltoall_init
  [A] ompi_coll_libnbc_alltoall_inter_init
  [A] ompi_coll_libnbc_alltoallv_init
  [A] ompi_coll_libnbc_alltoallv_inter_init
  [A] ompi_coll_libnbc_alltoallw_init
  [A] ompi_coll_libnbc_alltoallw_inter_init
  [A] ompi_coll_libnbc_barrier_init
  [A] ompi_coll_libnbc_barrier_inter_init
  [A] ompi_coll_libnbc_bcast_init
  [A] ompi_coll_libnbc_bcast_inter_init
  [A] ompi_coll_libnbc_exscan_init
  [A] ompi_coll_libnbc_gather_init
  [A] ompi_coll_libnbc_gather_inter_init
  [A] ompi_coll_libnbc_gatherv_init
  [A] ompi_coll_libnbc_gatherv_inter_init
  [A] ompi_coll_libnbc_neighbor_allgather_init
  [A] ompi_coll_libnbc_neighbor_allgatherv_init
  [A] ompi_coll_libnbc_neighbor_alltoall_init
  [A] ompi_coll_libnbc_neighbor_alltoallv_init
  [A] ompi_coll_libnbc_neighbor_alltoallw_init
  [A] ompi_coll_libnbc_reduce_init
  [A] ompi_coll_libnbc_reduce_inter_init
  [A] ompi_coll_libnbc_reduce_scatter_block_init
  [A] ompi_coll_libnbc_reduce_scatter_block_inter_init
  [A] ompi_coll_libnbc_reduce_scatter_init
  [A] ompi_coll_libnbc_reduce_scatter_inter_init
  [A] ompi_coll_libnbc_scan_init
  [A] ompi_coll_libnbc_scatter_init
  [A] ompi_coll_libnbc_scatter_inter_init
  [A] ompi_coll_libnbc_scatterv_init
  [A] ompi_coll_libnbc_scatterv_inter_init
  [A] ompi_coll_tuned_exscan_intra_check_forced_init
  [A] ompi_coll_tuned_exscan_intra_dec_dynamic
  [A] ompi_coll_tuned_exscan_intra_do_this
  [A] ompi_coll_tuned_reduce_scatter_block_intra_check_forced_init
  [A] ompi_coll_tuned_reduce_scatter_block_intra_dec_dynamic
  [A] ompi_coll_tuned_reduce_scatter_block_intra_dec_fixed
  [A] ompi_coll_tuned_reduce_scatter_block_intra_do_this
  [A] ompi_coll_tuned_scan_intra_check_forced_init
  [A] ompi_coll_tuned_scan_intra_dec_dynamic
  [A] ompi_coll_tuned_scan_intra_do_this
  [A] ompi_comm_split_with_info
  [A] ompi_group_count_local_peers
  [A] ompi_mirror_perm
  [A] ompi_osc_rdma_demand_lock_peer
  [A] ompi_osc_rdma_put_contig
  [A] ompi_request_persistent_noop_create
  [A] ompi_rounddown
  [A] ompi_spc_cycles_to_usecs
  [A] ompi_spc_events_init
  [A] ompi_spc_fini
  [A] ompi_spc_init
  [A] ompi_spc_record
  [A] ompi_spc_timer_start
  [A] ompi_spc_timer_stop
  [A] ompi_spc_update_watermark
  [A] ompi_spc_user_or_mpi

42 Removed variable symbols not referenced by debug info:

  [D] comm_time
  [D] end_comm_time
  [D] end_exch
  [D] end_rcomm_time
  [D] end_read_time
  [D] end_rexch
  [D] end_write_time
  [D] exch_write
  [D] mca_coll_spacc_component
  [D] mca_coll_spacc_module_t_class
  [D] mca_coll_spacc_priority
  [D] mca_coll_spacc_stream
  [D] mca_coll_spacc_verbose
  [D] mca_fcoll_dynamic_gen2_write_chunksize
  [D] mca_fcoll_static_component
  [D] mca_fcoll_static_component_version_string
  [D] mca_fcoll_static_priority
  [D] mca_io_ompio_pending_requests
  [D] mca_io_ompio_progress_is_registered
  [D] mca_io_ompio_sharedfp_lazy_open
  [D] mca_io_romio314_component
  [D] mca_io_romio314_component_version_string
  [D] mca_io_romio314_module
  [D] mca_io_romio314_mutex
  [D] ompi_coll_spacc_component_version_string
  [D] ompi_mpi_bootstrap_mutex
  [D] ompi_mpi_finalize_started
  [D] ompi_mpi_finalized
  [D] ompi_mpi_init_started
  [D] ompi_mpi_initialized
  [D] ompi_orte_tracker_t_class
  [D] ompi_osc_rdma_aggregation_t_class
  [D] rcomm_time
  [D] read_exch
  [D] read_time
  [D] start_comm_time
  [D] start_exch
  [D] start_rcomm_time
  [D] start_read_time
  [D] start_rexch
  [D] start_write_time
  [D] write_time

68 Added variable symbols not referenced by debug info:

  [A] adapt_topology_cache_item_t_class
  [A] available_components
  [A] gpfsmpio_onesided_always_rmw
  [A] gpfsmpio_onesided_no_rmw
  [A] gpfsmpio_read_aggmethod
  [A] gpfsmpio_write_aggmethod
  [A] libnbc_iallgather_algorithm
  [A] libnbc_iallreduce_algorithm
  [A] libnbc_ibcast_algorithm
  [A] libnbc_ibcast_knomial_radix
  [A] libnbc_iexscan_algorithm
  [A] libnbc_ireduce_algorithm
  [A] libnbc_iscan_algorithm
  [A] mca_coll_adapt_component
  [A] mca_coll_adapt_component_version_string
  [A] mca_coll_adapt_module_t_class
  [A] mca_coll_base_avail_coll_t_class
  [A] mca_coll_han_component
  [A] mca_coll_han_component_version_string
  [A] mca_coll_han_module_t_class
  [A] mca_coll_task_t_class
  [A] mca_common_ompio_pending_requests
  [A] mca_common_ompio_progress_is_registered
  [A] mca_fbtl_posix_max_block_size
  [A] mca_fbtl_posix_max_gap_size
  [A] mca_fbtl_posix_max_tmpbuf_size
  [A] mca_fbtl_posix_read_datasieving
  [A] mca_fbtl_posix_write_datasieving
  [A] mca_fcoll_vulcan_async_io
  [A] mca_fcoll_vulcan_component
  [A] mca_fcoll_vulcan_component_version_string
  [A] mca_fcoll_vulcan_num_groups
  [A] mca_fcoll_vulcan_priority
  [A] mca_fcoll_vulcan_write_chunksize
  [A] mca_io_ompio_overwrite_amode
  [A] mca_io_ompio_verbose_info_parsing
  [A] mca_io_romio321_component
  [A] mca_io_romio321_component_version_string
  [A] mca_io_romio321_module
  [A] mca_io_romio321_mutex
  [A] mca_op_avx_component
  [A] mca_sharedfp_individual_usage_counter
  [A] ompi_coll_adapt_bcast_context_t_class
  [A] ompi_coll_adapt_constant_bcast_context_t_class
  [A] ompi_coll_adapt_constant_reduce_context_t_class
  [A] ompi_coll_adapt_inbuf_t_class
  [A] ompi_coll_adapt_item_t_class
  [A] ompi_coll_adapt_reduce_context_t_class
  [A] ompi_coll_base_nbc_request_t_class
  [A] ompi_coll_tuned_alltoall_large_msg
  [A] ompi_coll_tuned_alltoall_max_requests
  [A] ompi_coll_tuned_alltoall_min_procs
  [A] ompi_coll_tuned_scatter_blocking_send_ratio
  [A] ompi_coll_tuned_scatter_intermediate_msg
  [A] ompi_coll_tuned_scatter_large_msg
  [A] ompi_coll_tuned_scatter_min_procs
  [A] ompi_mpi_spc_attach_string
  [A] ompi_mpi_spc_dump_enabled
  [A] ompi_mpi_state
  [A] ompi_op_avx_3buff_functions_avx
  [A] ompi_op_avx_3buff_functions_avx2
  [A] ompi_op_avx_3buff_functions_avx512
  [A] ompi_op_avx_functions_avx
  [A] ompi_op_avx_functions_avx2
  [A] ompi_op_avx_functions_avx512
  [A] ompi_osc_rdma_attachment_t_class
  [A] ompi_osc_rdma_handle_t_class
  [A] ompi_wtime_time_origin

