Functions changes summary: 0 Removed, 0 Changed, 0 Added function
Variables changes summary: 0 Removed, 0 Changed (6 filtered out), 0 Added variables
Function symbols changes summary: 162 Removed, 113 Added function symbols not referenced by debug info
Variable symbols changes summary: 17 Removed, 15 Added variable symbols not referenced by debug info

162 Removed function symbols not referenced by debug info:

  [D] NBC_Schedule_request
  [D] PQ_adjustElementKey
  [D] PQ_adjustKey
  [D] PQ_decreaseElementKey
  [D] PQ_decreaseKey
  [D] PQ_delete
  [D] PQ_deleteElement
  [D] PQ_deleteMax
  [D] PQ_deleteMaxElement
  [D] PQ_exit
  [D] PQ_findMaxElement
  [D] PQ_findMaxKey
  [D] PQ_free
  [D] PQ_increaseElementKey
  [D] PQ_increaseKey
  [D] PQ_init
  [D] PQ_insert
  [D] PQ_insertElement
  [D] PQ_isEmpty
  [D] algo
  [D] allocate_vertex2
  [D] append_frag_to_ordered_list
  [D] balancing
  [D] build_p_vector
  [D] check_cantmatch_for_match
  [D] destruction
  [D] display_sol
  [D] display_sol_sum_com
  [D] eval_cost2
  [D] fiboTreeConsolidate
  [D] fiboTreeDel
  [D] fiboTreeExit
  [D] fiboTreeFree
  [D] fiboTreeInit
  [D] fiboTreeMin
  [D] free_affinity_mat
  [D] free_bucket
  [D] free_bucket_list
  [D] free_const_tab
  [D] free_constraint_tree
  [D] free_list_child
  [D] free_non_constraint_tree
  [D] free_tab_bucket
  [D] free_tab_child
  [D] free_tab_com_mat
  [D] free_tab_double
  [D] free_tab_int
  [D] free_tab_local_vertices
  [D] in_tab
  [D] init_mat
  [D] initialization
  [D] int_cmp_inc
  [D] kPartitioning
  [D] kpartition_greedy2
  [D] mca_coll_spacc_allreduce_intra_redscat_allgather
  [D] mca_coll_spacc_reduce_intra_redscat_gather
  [D] mca_common_monitoring_add_procs
  [D] mca_common_monitoring_coll_a2a
  [D] mca_common_monitoring_coll_a2o
  [D] mca_common_monitoring_coll_cache_name
  [D] mca_common_monitoring_coll_finalize
  [D] mca_common_monitoring_coll_flush
  [D] mca_common_monitoring_coll_flush_all
  [D] mca_common_monitoring_coll_get_a2a_count
  [D] mca_common_monitoring_coll_get_a2a_size
  [D] mca_common_monitoring_coll_get_a2o_count
  [D] mca_common_monitoring_coll_get_a2o_size
  [D] mca_common_monitoring_coll_get_o2a_count
  [D] mca_common_monitoring_coll_get_o2a_size
  [D] mca_common_monitoring_coll_messages_notify
  [D] mca_common_monitoring_coll_new
  [D] mca_common_monitoring_coll_o2a
  [D] mca_common_monitoring_coll_release
  [D] mca_common_monitoring_coll_reset
  [D] mca_common_monitoring_finalize
  [D] mca_common_monitoring_init
  [D] mca_common_monitoring_record_coll
  [D] mca_common_monitoring_record_osc
  [D] mca_common_monitoring_record_pml
  [D] mca_common_monitoring_register
  [D] mca_fbtl_posix_lock
  [D] mca_fbtl_posix_unlock
  [D] mca_pml_ob1_dump_cant_match
  [D] memory_allocation
  [D] nextGain
  [D] ompi_coll_base_comm_get_reqs
  [D] ompi_coll_base_sendrecv_actual
  [D] ompi_coll_spacc_comm_query
  [D] ompi_coll_spacc_init_query
  [D] ompi_comm_allgather_pml
  [D] ompi_comm_allreduce_pml
  [D] ompi_comm_assert_subscribe
  [D] ompi_comm_bcast_pml
  [D] ompi_fcoll_base_coll_allgather_array
  [D] ompi_fcoll_base_coll_allgatherv_array
  [D] ompi_fcoll_base_coll_bcast_array
  [D] ompi_fcoll_base_coll_gather_array
  [D] ompi_fcoll_base_coll_gatherv_array
  [D] ompi_fcoll_base_coll_scatterv_array
  [D] ompi_fcoll_base_sort_iovec
  [D] ompi_fortran_argv_blank_f2c
  [D] ompi_fortran_argv_count_f2c
  [D] ompi_info_dup_mpistandard
  [D] ompi_info_get_nkeys
  [D] ompi_interlib_declare
  [D] ompi_mpiinfo_finalize
  [D] ompi_mpiinfo_init
  [D] ompi_mpit_lock
  [D] ompi_mpit_unlock
  [D] ompi_netpatterns_base_err
  [D] ompi_netpatterns_cleanup_narray_knomial_tree
  [D] ompi_netpatterns_cleanup_recursive_doubling_tree_node
  [D] ompi_netpatterns_cleanup_recursive_knomial_allgather_tree_node
  [D] ompi_netpatterns_cleanup_recursive_knomial_tree_node
  [D] ompi_netpatterns_init
  [D] ompi_netpatterns_register_mca_params
  [D] ompi_netpatterns_setup_multinomial_tree
  [D] ompi_netpatterns_setup_narray_knomial_tree
  [D] ompi_netpatterns_setup_narray_tree
  [D] ompi_netpatterns_setup_narray_tree_contigous_ranks
  [D] ompi_netpatterns_setup_recursive_doubling_n_tree_node
  [D] ompi_netpatterns_setup_recursive_doubling_tree_node
  [D] ompi_netpatterns_setup_recursive_knomial_allgather_tree_node
  [D] ompi_netpatterns_setup_recursive_knomial_tree_node
  [D] ompi_pml_v_output_close
  [D] ompi_pml_v_output_open
  [D] tm_build_affinity_mat
  [D] tm_build_synthetic_topology
  [D] tm_build_tree_from_topology
  [D] tm_calloc
  [D] tm_close_verbose_file
  [D] tm_compute_mapping
  [D] tm_display_arity
  [D] tm_display_other_heuristics
  [D] tm_display_solution
  [D] tm_display_topology
  [D] tm_enable_oversubscribing
  [D] tm_finalize
  [D] tm_free
  [D] tm_free_affinity_mat
  [D] tm_free_solution
  [D] tm_free_topology
  [D] tm_free_tree
  [D] tm_get_exhaustive_search_flag
  [D] tm_get_verbose_level
  [D] tm_get_verbose_output
  [D] tm_load_aff_mat
  [D] tm_load_topology
  [D] tm_malloc
  [D] tm_mem_check
  [D] tm_open_verbose_file
  [D] tm_optimize_topology
  [D] tm_realloc
  [D] tm_set_exhaustive_search_flag
  [D] tm_set_max_nb_threads
  [D] tm_set_verbose_level
  [D] tm_topology_add_binding_constraints
  [D] tm_topology_set_binding_constraints
  [D] topology_arity_cpy
  [D] topology_constraints_cpy
  [D] topology_cost_cpy
  [D] topology_numbering_cpy

113 Added function symbols not referenced by debug info:

  [A] FREE_bucket
  [A] FREE_bucket_list
  [A] FREE_const_tab
  [A] FREE_constraint_tree
  [A] FREE_list_child
  [A] FREE_non_constraint_tree
  [A] FREE_tab_bucket
  [A] FREE_tab_child
  [A] FREE_tab_com_mat
  [A] FREE_tab_double
  [A] FREE_tab_int
  [A] FREE_tab_local_vertices
  [A] FREE_topology
  [A] FREE_tree
  [A] TreeMatchMapping
  [A] aggregate_aff_mat
  [A] build_affinity_mat
  [A] build_binding_constraints
  [A] build_comm
  [A] build_synthetic_topology
  [A] build_synthetic_topology_old
  [A] build_tree_from_topology
  [A] canonize_constraints
  [A] coll_base_comm_get_reqs
  [A] comm_allgather_pml
  [A] comm_allreduce_pml
  [A] comm_bcast_pml
  [A] constraint_dsc
  [A] decompose
  [A] display_contsraint_tab
  [A] display_other_heuristics
  [A] display_topology
  [A] eval_sol_inv
  [A] fcoll_base_coll_allgather_array
  [A] fcoll_base_coll_allgatherv_array
  [A] fcoll_base_coll_bcast_array
  [A] fcoll_base_coll_gather_array
  [A] fcoll_base_coll_gatherv_array
  [A] fcoll_base_coll_scatterv_array
  [A] fcoll_base_sort_iovec
  [A] filter_monitoring
  [A] finalize_monitoring
  [A] get_indice
  [A] get_verbose_level
  [A] group
  [A] init_comm
  [A] int_cmp
  [A] map_topology_simple
  [A] mca_io_ompio_file_get_info
  [A] mca_io_ompio_file_set_info
  [A] mca_pml_monitoring_add_comm
  [A] mca_pml_monitoring_add_procs
  [A] mca_pml_monitoring_del_comm
  [A] mca_pml_monitoring_del_procs
  [A] mca_pml_monitoring_dump
  [A] mca_pml_monitoring_enable
  [A] mca_pml_monitoring_get_messages_count
  [A] mca_pml_monitoring_get_messages_size
  [A] mca_pml_monitoring_improbe
  [A] mca_pml_monitoring_imrecv
  [A] mca_pml_monitoring_iprobe
  [A] mca_pml_monitoring_irecv
  [A] mca_pml_monitoring_irecv_init
  [A] mca_pml_monitoring_isend
  [A] mca_pml_monitoring_isend_init
  [A] mca_pml_monitoring_mprobe
  [A] mca_pml_monitoring_mrecv
  [A] mca_pml_monitoring_probe
  [A] mca_pml_monitoring_recv
  [A] mca_pml_monitoring_reset
  [A] mca_pml_monitoring_send
  [A] mca_pml_monitoring_start
  [A] monitor_send_data
  [A] mpit_lock
  [A] mpit_unlock
  [A] my_calloc
  [A] my_free
  [A] my_malloc
  [A] my_mem_check
  [A] netpatterns_base_err
  [A] netpatterns_cleanup_narray_knomial_tree
  [A] netpatterns_cleanup_recursive_doubling_tree_node
  [A] netpatterns_cleanup_recursive_knomial_allgather_tree_node
  [A] netpatterns_cleanup_recursive_knomial_tree_node
  [A] netpatterns_init
  [A] netpatterns_register_mca_params
  [A] netpatterns_setup_multinomial_tree
  [A] netpatterns_setup_narray_knomial_tree
  [A] netpatterns_setup_narray_tree
  [A] netpatterns_setup_narray_tree_contigous_ranks
  [A] netpatterns_setup_recursive_doubling_n_tree_node
  [A] netpatterns_setup_recursive_doubling_tree_node
  [A] netpatterns_setup_recursive_knomial_allgather_tree_node
  [A] netpatterns_setup_recursive_knomial_tree_node
  [A] ompi_coll_base_sendrecv_nonzero_actual
  [A] ompi_fortran_argv_f2c
  [A] ompi_info_finalize
  [A] ompi_info_init
  [A] ompi_info_value_to_bool
  [A] ompi_info_value_to_int
  [A] ompi_mca_pml_monitoring_flush
  [A] optimize_topology
  [A] pml_v_output_close
  [A] pml_v_output_open
  [A] print_sol
  [A] print_sol_inv
  [A] recursive_canonicalization
  [A] set_verbose_level
  [A] speed
  [A] topology_arity
  [A] topology_numbering
  [A] update_canonical
  [A] update_perm

17 Removed variable symbols not referenced by debug info:

  [D] common_monitoring_translation_ht
  [D] mca_coll_spacc_component
  [D] mca_coll_spacc_module_t_class
  [D] mca_coll_spacc_priority
  [D] mca_coll_spacc_stream
  [D] mca_coll_spacc_verbose
  [D] mca_common_monitoring_current_state
  [D] mca_common_monitoring_enabled
  [D] mca_common_monitoring_output_stream_id
  [D] mca_fs_ufs_lock_algorithm
  [D] mca_io_ompio_aggregators_cutoff_threshold
  [D] mca_io_ompio_max_aggregators_ratio
  [D] mca_monitoring_coll_data_t_class
  [D] ompi_coll_spacc_component_version_string
  [D] ompi_mpit_big_lock
  [D] ompi_mpit_init_count
  [D] ompi_netpatterns_base_verbose

15 Added variable symbols not referenced by debug info:

  [A] filtered_messages_count
  [A] filtered_sent_data
  [A] global_bl
  [A] mca_pml_monitoring
  [A] mca_pml_monitoring_component
  [A] messages_count
  [A] mpit_big_lock
  [A] mpit_init_count
  [A] netpatterns_base_verbose
  [A] ompi_enable_timing_ext
  [A] ompi_info_entry_t_class
  [A] pml_selected_component
  [A] pml_selected_module
  [A] sent_data
  [A] translation_ht

