Functions changes summary: 0 Removed, 0 Changed, 0 Added function
Variables changes summary: 0 Removed, 0 Changed (8 filtered out), 0 Added variables
Function symbols changes summary: 1 Removed, 104 Added function symbols not referenced by debug info
Variable symbols changes summary: 5 Removed, 45 Added variable symbols not referenced by debug info

1 Removed function symbol not referenced by debug info:

  [D] hb_tree_csearch

104 Added function symbols not referenced by debug info:

  [A] MPI_Address, aliases PMPI_Address
  [A] MPI_Attr_delete
  [A] MPI_Attr_get, aliases PMPI_Attr_get
  [A] MPI_Attr_put, aliases PMPI_Attr_put
  [A] MPI_Errhandler_create
  [A] MPI_Errhandler_get, aliases PMPI_Errhandler_get
  [A] MPI_Errhandler_set
  [A] MPI_Keyval_create, aliases PMPI_Keyval_create
  [A] MPI_Keyval_free, aliases PMPI_Keyval_free
  [A] MPI_Type_extent
  [A] MPI_Type_hindexed
  [A] MPI_Type_hvector
  [A] MPI_Type_lb
  [A] MPI_Type_struct
  [A] MPI_Type_ub, aliases PMPI_Type_ub
  [A] OMPI_C_MPI_DUP_FN
  [A] OMPI_C_MPI_NULL_COPY_FN
  [A] OMPI_C_MPI_NULL_DELETE_FN
  [A] PMPI_Address
  [A] PMPI_Attr_delete, aliases MPI_Attr_delete
  [A] PMPI_Attr_get
  [A] PMPI_Attr_put
  [A] PMPI_Errhandler_create, aliases MPI_Errhandler_create
  [A] PMPI_Errhandler_get
  [A] PMPI_Errhandler_set, aliases MPI_Errhandler_set
  [A] PMPI_Keyval_create
  [A] PMPI_Keyval_free
  [A] PMPI_Type_extent, aliases MPI_Type_extent
  [A] PMPI_Type_hindexed, aliases MPI_Type_hindexed
  [A] PMPI_Type_hvector, aliases MPI_Type_hvector
  [A] PMPI_Type_lb, aliases MPI_Type_lb
  [A] PMPI_Type_struct, aliases MPI_Type_struct
  [A] PMPI_Type_ub
  [A] adapt_module_cached_topology
  [A] han_request_free
  [A] mca_coll_base_colltype_to_str
  [A] mca_coll_base_name_to_colltype
  [A] mca_coll_han_allgather_intra
  [A] mca_coll_han_allgather_intra_dynamic
  [A] mca_coll_han_allgather_intra_simple
  [A] mca_coll_han_allgatherv_intra_dynamic
  [A] mca_coll_han_allreduce_intra
  [A] mca_coll_han_allreduce_intra_dynamic
  [A] mca_coll_han_allreduce_intra_simple
  [A] mca_coll_han_allreduce_reproducible
  [A] mca_coll_han_allreduce_reproducible_decision
  [A] mca_coll_han_bcast_intra
  [A] mca_coll_han_bcast_intra_dynamic
  [A] mca_coll_han_bcast_intra_simple
  [A] mca_coll_han_comm_create
  [A] mca_coll_han_comm_create_new
  [A] mca_coll_han_comm_query
  [A] mca_coll_han_component_name_to_id
  [A] mca_coll_han_dump_dynamic_rules
  [A] mca_coll_han_free_dynamic_rules
  [A] mca_coll_han_gather_intra
  [A] mca_coll_han_gather_intra_dynamic
  [A] mca_coll_han_gather_intra_simple
  [A] mca_coll_han_get_all_coll_modules
  [A] mca_coll_han_init_dynamic_rules
  [A] mca_coll_han_init_query
  [A] mca_coll_han_is_coll_dynamic_implemented
  [A] mca_coll_han_reduce_intra
  [A] mca_coll_han_reduce_intra_dynamic
  [A] mca_coll_han_reduce_intra_simple
  [A] mca_coll_han_reduce_reproducible
  [A] mca_coll_han_reduce_reproducible_decision
  [A] mca_coll_han_scatter_intra
  [A] mca_coll_han_scatter_intra_dynamic
  [A] mca_coll_han_topo_init
  [A] mca_coll_han_topo_lvl_to_str
  [A] mca_common_ompio_alloc_buf
  [A] mca_common_ompio_buffer_alloc_fini
  [A] mca_common_ompio_buffer_alloc_init
  [A] mca_common_ompio_file_iread_all
  [A] mca_common_ompio_file_iwrite_all
  [A] mca_common_ompio_file_read_all
  [A] mca_common_ompio_file_write_all
  [A] mca_common_ompio_release_buf
  [A] mca_fs_base_get_file_amode
  [A] mca_fs_base_get_file_perm
  [A] mca_fs_base_get_mpi_err
  [A] ompi_coll_adapt_bcast
  [A] ompi_coll_adapt_comm_query
  [A] ompi_coll_adapt_ibcast
  [A] ompi_coll_adapt_ibcast_fini
  [A] ompi_coll_adapt_ibcast_register
  [A] ompi_coll_adapt_init_query
  [A] ompi_coll_adapt_ireduce
  [A] ompi_coll_adapt_ireduce_fini
  [A] ompi_coll_adapt_ireduce_register
  [A] ompi_coll_adapt_reduce
  [A] ompi_coll_adapt_request_free
  [A] ompi_coll_base_file_getnext_long
  [A] ompi_coll_base_file_getnext_size_t
  [A] ompi_coll_base_file_getnext_string
  [A] ompi_coll_base_file_peek_next_char_is
  [A] ompi_coll_base_retain_datatypes
  [A] ompi_coll_base_retain_datatypes_w
  [A] ompi_coll_base_retain_op
  [A] ompi_coll_base_scatter_intra_linear_nb
  [A] ompi_coll_han_reorder_gather
  [A] ompi_comm_split_with_info
  [A] ompi_group_count_local_peers

5 Removed variable symbols not referenced by debug info:

  [D] comm
  [D] mca_fcoll_dynamic_gen2_write_chunksize
  [D] mpi_t_enabled
  [D] mpi_t_offset
  [D] sys_clock_freq_mhz

45 Added variable symbols not referenced by debug info:

  [A] adapt_topology_cache_item_t_class
  [A] available_components
  [A] libnbc_iallgather_algorithm
  [A] libnbc_iallreduce_algorithm
  [A] libnbc_ibcast_algorithm
  [A] libnbc_ibcast_knomial_radix
  [A] libnbc_iexscan_algorithm
  [A] libnbc_ireduce_algorithm
  [A] libnbc_iscan_algorithm
  [A] mca_coll_adapt_component
  [A] mca_coll_adapt_component_version_string
  [A] mca_coll_adapt_module_t_class
  [A] mca_coll_base_avail_coll_t_class
  [A] mca_coll_han_component
  [A] mca_coll_han_component_version_string
  [A] mca_coll_han_module_t_class
  [A] mca_coll_task_t_class
  [A] mca_fbtl_posix_max_block_size
  [A] mca_fbtl_posix_max_gap_size
  [A] mca_fbtl_posix_max_tmpbuf_size
  [A] mca_fbtl_posix_read_datasieving
  [A] mca_fbtl_posix_write_datasieving
  [A] mca_op_avx_component
  [A] ompi_coll_adapt_bcast_context_t_class
  [A] ompi_coll_adapt_constant_bcast_context_t_class
  [A] ompi_coll_adapt_constant_reduce_context_t_class
  [A] ompi_coll_adapt_inbuf_t_class
  [A] ompi_coll_adapt_item_t_class
  [A] ompi_coll_adapt_reduce_context_t_class
  [A] ompi_coll_base_nbc_request_t_class
  [A] ompi_coll_tuned_alltoall_large_msg
  [A] ompi_coll_tuned_alltoall_max_requests
  [A] ompi_coll_tuned_alltoall_min_procs
  [A] ompi_coll_tuned_scatter_blocking_send_ratio
  [A] ompi_coll_tuned_scatter_intermediate_msg
  [A] ompi_coll_tuned_scatter_large_msg
  [A] ompi_coll_tuned_scatter_min_procs
  [A] ompi_op_avx_3buff_functions_avx
  [A] ompi_op_avx_3buff_functions_avx2
  [A] ompi_op_avx_3buff_functions_avx512
  [A] ompi_op_avx_functions_avx
  [A] ompi_op_avx_functions_avx2
  [A] ompi_op_avx_functions_avx512
  [A] ompi_osc_rdma_attachment_t_class
  [A] ompi_osc_rdma_handle_t_class

