ELF SONAME changed
Functions changes summary: 0 Removed, 0 Changed, 0 Added function
Variables changes summary: 0 Removed, 0 Changed, 0 Added variable
Function symbols changes summary: 10 Removed, 6 Added function symbols not referenced by debug info
Variable symbols changes summary: 0 Removed, 0 Added variable symbol not referenced by debug info

SONAME changed from 'libboost_atomic.so.1.76.0' to 'libboost_atomic.so.1.70.0'

10 Removed function symbols not referenced by debug info:

  [D] _ZN5boost7atomics6detail9lock_pool10notify_allEPvPVKv
  [D] _ZN5boost7atomics6detail9lock_pool10notify_oneEPvPVKv
  [D] _ZN5boost7atomics6detail9lock_pool10short_lockEm
  [D] _ZN5boost7atomics6detail9lock_pool12signal_fenceEv
  [D] _ZN5boost7atomics6detail9lock_pool12thread_fenceEv
  [D] _ZN5boost7atomics6detail9lock_pool15free_wait_stateEPvS3_
  [D] _ZN5boost7atomics6detail9lock_pool19allocate_wait_stateEPvPVKv
  [D] _ZN5boost7atomics6detail9lock_pool4waitEPvS3_
  [D] _ZN5boost7atomics6detail9lock_pool6unlockEPv
  [D] _ZN5boost7atomics6detail9lock_pool9long_lockEm

6 Added function symbols not referenced by debug info:

  [A] _ZN5boost7atomics6detail8lockpool11scoped_lockC1EPVKv
  [A] _ZN5boost7atomics6detail8lockpool11scoped_lockC2EPVKv, aliases _ZN5boost7atomics6detail8lockpool11scoped_lockC1EPVKv
  [A] _ZN5boost7atomics6detail8lockpool11scoped_lockD1Ev
  [A] _ZN5boost7atomics6detail8lockpool11scoped_lockD2Ev, aliases _ZN5boost7atomics6detail8lockpool11scoped_lockD1Ev
  [A] _ZN5boost7atomics6detail8lockpool12signal_fenceEv
  [A] _ZN5boost7atomics6detail8lockpool12thread_fenceEv

