ELF SONAME changed
Functions changes summary: 2 Removed, 0 Changed, 0 Added functions
Variables changes summary: 3 Removed, 0 Changed (13 filtered out), 0 Added variables
Function symbols changes summary: 93 Removed, 437 Added function symbols not referenced by debug info
Variable symbols changes summary: 16 Removed, 70 Added variable symbols not referenced by debug info

SONAME changed from 'libmpi.so.20' to 'libmpi.so.40'

2 Removed functions:

  [D] 'function void* MPIR_Breakpoint()'    {MPIR_Breakpoint}
  [D] 'function void ompi_debugger_notify_abort(char*)'    {ompi_debugger_notify_abort}

3 Removed variables:

  [D] 'volatile int MPIR_being_debugged'    {MPIR_being_debugged}
  [D] 'char* MPIR_debug_abort_string'    {MPIR_debug_abort_string}
  [D] 'volatile int MPIR_debug_state'    {MPIR_debug_state}

93 Removed function symbols not referenced by debug info:

  [D] coll_base_comm_get_reqs
  [D] comm_allgather_pml
  [D] comm_allreduce_pml
  [D] comm_bcast_pml
  [D] mca_io_ompio_build_io_array
  [D] mca_io_ompio_file_get_info
  [D] mca_io_ompio_file_set_info
  [D] mca_io_ompio_set_view_internal
  [D] mpit_lock
  [D] mpit_unlock
  [D] netpatterns_base_err
  [D] netpatterns_cleanup_narray_knomial_tree
  [D] netpatterns_cleanup_recursive_doubling_tree_node
  [D] netpatterns_cleanup_recursive_knomial_allgather_tree_node
  [D] netpatterns_cleanup_recursive_knomial_tree_node
  [D] netpatterns_init
  [D] netpatterns_register_mca_params
  [D] netpatterns_setup_multinomial_tree
  [D] netpatterns_setup_narray_knomial_tree
  [D] netpatterns_setup_narray_tree
  [D] netpatterns_setup_narray_tree_contigous_ranks
  [D] netpatterns_setup_recursive_doubling_n_tree_node
  [D] netpatterns_setup_recursive_doubling_tree_node
  [D] netpatterns_setup_recursive_knomial_allgather_tree_node
  [D] netpatterns_setup_recursive_knomial_tree_node
  [D] ompi_attr_get_fortran_mpi1
  [D] ompi_attr_get_fortran_mpi2
  [D] ompi_attr_set_fortran_mpi1
  [D] ompi_attr_set_fortran_mpi2
  [D] ompi_coll_base_sendrecv_nonzero_actual
  [D] ompi_coll_tuned_allgather_intra_do_forced
  [D] ompi_coll_tuned_allgatherv_intra_do_forced
  [D] ompi_coll_tuned_allreduce_intra_do_forced
  [D] ompi_coll_tuned_alltoall_intra_do_forced
  [D] ompi_coll_tuned_alltoallv_intra_do_forced
  [D] ompi_coll_tuned_barrier_intra_do_forced
  [D] ompi_coll_tuned_bcast_intra_do_forced
  [D] ompi_coll_tuned_gather_intra_do_forced
  [D] ompi_coll_tuned_reduce_intra_do_forced
  [D] ompi_coll_tuned_reduce_scatter_intra_do_forced
  [D] ompi_coll_tuned_scatter_intra_do_forced
  [D] ompi_comm_link_function
  [D] ompi_comm_neighbors
  [D] ompi_comm_neighbors_count
  [D] ompi_comm_reg_finalize
  [D] ompi_comm_reg_init
  [D] ompi_errhandler_runtime_callback
  [D] ompi_fortran_argv_f2c
  [D] ompi_info_finalize
  [D] ompi_info_init
  [D] ompi_info_value_to_bool
  [D] ompi_info_value_to_int
  [D] ompi_io_ompio_allgather_array
  [D] ompi_io_ompio_allgatherv_array
  [D] ompi_io_ompio_bcast_array
  [D] ompi_io_ompio_break_file_view
  [D] ompi_io_ompio_distribute_file_view
  [D] ompi_io_ompio_empty_print_queue
  [D] ompi_io_ompio_full_print_queue
  [D] ompi_io_ompio_gather_array
  [D] ompi_io_ompio_gather_data
  [D] ompi_io_ompio_gatherv_array
  [D] ompi_io_ompio_initialize_print_queue
  [D] ompi_io_ompio_print_time_info
  [D] ompi_io_ompio_register_print_entry
  [D] ompi_io_ompio_scatter_data
  [D] ompi_io_ompio_scatterv_array
  [D] ompi_io_ompio_set_aggregator_props
  [D] ompi_io_ompio_set_explicit_offset
  [D] ompi_io_ompio_set_file_defaults
  [D] ompi_io_ompio_set_print_queue
  [D] ompi_io_ompio_sort
  [D] ompi_io_ompio_sort_iovec
  [D] ompi_io_ompio_unregister_print_entry
  [D] ompio_io_ompio_file_close
  [D] ompio_io_ompio_file_get_position
  [D] ompio_io_ompio_file_get_size
  [D] ompio_io_ompio_file_iread
  [D] ompio_io_ompio_file_iread_at
  [D] ompio_io_ompio_file_iread_at_all
  [D] ompio_io_ompio_file_iwrite
  [D] ompio_io_ompio_file_iwrite_at
  [D] ompio_io_ompio_file_iwrite_at_all
  [D] ompio_io_ompio_file_open
  [D] ompio_io_ompio_file_read
  [D] ompio_io_ompio_file_read_at
  [D] ompio_io_ompio_file_read_at_all
  [D] ompio_io_ompio_file_write
  [D] ompio_io_ompio_file_write_at
  [D] ompio_io_ompio_file_write_at_all
  [D] pml_v_output_close
  [D] pml_v_output_open
  [D] roundup_to_power_radix

437 Added function symbols not referenced by debug info:

  [A] NBC_Sched_local_recv
  [A] NBC_Sched_local_send
  [A] NBC_Schedule_request
  [A] PQ_adjustElementKey
  [A] PQ_adjustKey
  [A] PQ_decreaseElementKey
  [A] PQ_decreaseKey
  [A] PQ_delete
  [A] PQ_deleteElement
  [A] PQ_deleteMax
  [A] PQ_deleteMaxElement
  [A] PQ_exit
  [A] PQ_findMaxElement
  [A] PQ_findMaxKey
  [A] PQ_free
  [A] PQ_increaseElementKey
  [A] PQ_increaseKey
  [A] PQ_init
  [A] PQ_insert
  [A] PQ_insertElement
  [A] PQ_isEmpty
  [A] add_edge_3
  [A] add_to_bucket
  [A] add_to_list
  [A] adjacency_asc
  [A] adjacency_dsc
  [A] aggregate_obj_weight
  [A] algo
  [A] allocate_vertex
  [A] allocate_vertex2
  [A] append_frag_to_ordered_list
  [A] balancing
  [A] bottom_up_build_tree_from_topology
  [A] bucket_grouping
  [A] bucket_id
  [A] build_cost_matrix
  [A] build_level_topology
  [A] build_p_vector
  [A] build_synthetic_proc_id
  [A] built_pivot_tree
  [A] check_bucket
  [A] check_cantmatch_for_match
  [A] check_constraints
  [A] choose
  [A] clone_tree
  [A] complete_aff_mat
  [A] complete_obj_weight
  [A] complete_tab_node
  [A] compute_gain
  [A] compute_nb_leaves_from_level
  [A] compute_weighted_degree
  [A] create_dumb_tree
  [A] create_work
  [A] delete_group_list
  [A] depth_first
  [A] destruction
  [A] dfs
  [A] display_bucket
  [A] display_bucket_list
  [A] display_grouping
  [A] display_node
  [A] display_pivots
  [A] display_selection
  [A] display_sol
  [A] display_sol_sum_com
  [A] display_tab
  [A] display_tab_group
  [A] distance
  [A] eval_cost
  [A] eval_cost2
  [A] eval_grouping
  [A] eval_sol
  [A] exchange
  [A] fast_group
  [A] fast_grouping
  [A] fiboTreeConsolidate
  [A] fiboTreeDel
  [A] fiboTreeExit
  [A] fiboTreeFree
  [A] fiboTreeInit
  [A] fiboTreeMin
  [A] fill_buckets
  [A] fill_tab
  [A] free_affinity_mat
  [A] free_bucket
  [A] free_bucket_list
  [A] free_const_tab
  [A] free_constraint_tree
  [A] free_list_child
  [A] free_non_constraint_tree
  [A] free_tab_bucket
  [A] free_tab_child
  [A] free_tab_com_mat
  [A] free_tab_double
  [A] free_tab_int
  [A] free_tab_local_vertices
  [A] gain_exchange
  [A] generate_random_sol
  [A] genrand_int31
  [A] genrand_int32
  [A] genrand_real1
  [A] genrand_real2
  [A] genrand_real3
  [A] genrand_res53
  [A] get_local_topo_with_hwloc
  [A] get_nb_threads
  [A] get_time
  [A] group_list_asc
  [A] group_list_dsc
  [A] group_list_id
  [A] group_nodes
  [A] hash_asc
  [A] hwloc_to_tm
  [A] in_tab
  [A] independent_groups
  [A] independent_tab
  [A] init_by_array
  [A] init_genrand
  [A] init_mat
  [A] initialization
  [A] intCIV_exit
  [A] intCIV_get
  [A] intCIV_init
  [A] intCIV_isInitialized
  [A] intCIV_set
  [A] int_cmp_inc
  [A] is_power_of_2
  [A] kPartitioning
  [A] kpartition
  [A] kpartition_build_level_topology
  [A] kpartition_build_tree_from_topology
  [A] kpartition_greedy
  [A] kpartition_greedy2
  [A] list_all_possible_groups
  [A] list_to_tab
  [A] map_MPIPP
  [A] map_Packed
  [A] map_RR
  [A] map_topology
  [A] mca_bml_base_ft_event
  [A] mca_bml_r2_ft_event
  [A] mca_coll_base_reduce_local
  [A] mca_coll_basic_ft_event
  [A] mca_coll_self_ft_event
  [A] mca_coll_sm_ft_event
  [A] mca_coll_spacc_allreduce_intra_redscat_allgather
  [A] mca_coll_spacc_reduce_intra_redscat_gather
  [A] mca_coll_sync_bcast
  [A] mca_coll_sync_comm_query
  [A] mca_coll_sync_exscan
  [A] mca_coll_sync_ft_event
  [A] mca_coll_sync_gather
  [A] mca_coll_sync_gatherv
  [A] mca_coll_sync_init_query
  [A] mca_coll_sync_module_enable
  [A] mca_coll_sync_reduce
  [A] mca_coll_sync_reduce_scatter
  [A] mca_coll_sync_scan
  [A] mca_coll_sync_scatter
  [A] mca_coll_sync_scatterv
  [A] mca_coll_tuned_ft_event
  [A] mca_common_monitoring_add_procs
  [A] mca_common_monitoring_coll_a2a
  [A] mca_common_monitoring_coll_a2o
  [A] mca_common_monitoring_coll_cache_name
  [A] mca_common_monitoring_coll_finalize
  [A] mca_common_monitoring_coll_flush
  [A] mca_common_monitoring_coll_flush_all
  [A] mca_common_monitoring_coll_get_a2a_count
  [A] mca_common_monitoring_coll_get_a2a_size
  [A] mca_common_monitoring_coll_get_a2o_count
  [A] mca_common_monitoring_coll_get_a2o_size
  [A] mca_common_monitoring_coll_get_o2a_count
  [A] mca_common_monitoring_coll_get_o2a_size
  [A] mca_common_monitoring_coll_messages_notify
  [A] mca_common_monitoring_coll_new
  [A] mca_common_monitoring_coll_o2a
  [A] mca_common_monitoring_coll_release
  [A] mca_common_monitoring_coll_reset
  [A] mca_common_monitoring_finalize
  [A] mca_common_monitoring_init
  [A] mca_common_monitoring_record_coll
  [A] mca_common_monitoring_record_osc
  [A] mca_common_monitoring_record_pml
  [A] mca_common_monitoring_register
  [A] mca_common_ompio_build_io_array
  [A] mca_common_ompio_empty_print_queue
  [A] mca_common_ompio_file_close
  [A] mca_common_ompio_file_get_position
  [A] mca_common_ompio_file_get_size
  [A] mca_common_ompio_file_iread
  [A] mca_common_ompio_file_iread_at
  [A] mca_common_ompio_file_iread_at_all
  [A] mca_common_ompio_file_iwrite
  [A] mca_common_ompio_file_iwrite_at
  [A] mca_common_ompio_file_iwrite_at_all
  [A] mca_common_ompio_file_open
  [A] mca_common_ompio_file_read
  [A] mca_common_ompio_file_read_at
  [A] mca_common_ompio_file_read_at_all
  [A] mca_common_ompio_file_write
  [A] mca_common_ompio_file_write_at
  [A] mca_common_ompio_file_write_at_all
  [A] mca_common_ompio_full_print_queue
  [A] mca_common_ompio_initialize_print_queue
  [A] mca_common_ompio_print_time_info
  [A] mca_common_ompio_register_print_entry
  [A] mca_common_ompio_set_explicit_offset
  [A] mca_common_ompio_set_file_defaults
  [A] mca_common_ompio_set_view
  [A] mca_common_ompio_unregister_print_entry
  [A] mca_fbtl_posix_lock
  [A] mca_fbtl_posix_unlock
  [A] mca_fcoll_dynamic_gen2_break_file_view
  [A] mca_fcoll_dynamic_gen2_component_file_query
  [A] mca_fcoll_dynamic_gen2_component_file_unquery
  [A] mca_fcoll_dynamic_gen2_component_init_query
  [A] mca_fcoll_dynamic_gen2_file_read_all
  [A] mca_fcoll_dynamic_gen2_file_write_all
  [A] mca_fcoll_dynamic_gen2_get_configuration
  [A] mca_fcoll_dynamic_gen2_module_finalize
  [A] mca_fcoll_dynamic_gen2_module_init
  [A] mca_fcoll_dynamic_gen2_split_iov_array
  [A] mca_io_ompio_create_groups
  [A] mca_io_ompio_finalize_split
  [A] mca_io_ompio_merge_groups
  [A] mca_io_ompio_merge_initial_groups
  [A] mca_io_ompio_prepare_to_group
  [A] mca_io_ompio_retain_initial_groups
  [A] mca_io_ompio_set_aggregator_props
  [A] mca_io_ompio_split_a_group
  [A] mca_io_ompio_split_initial_groups
  [A] mca_io_romio314_file_iread_all
  [A] mca_io_romio314_file_iread_at_all
  [A] mca_io_romio314_file_iwrite_all
  [A] mca_io_romio314_file_iwrite_at_all
  [A] mca_pml_base_ft_event
  [A] mca_pml_ob1_dump_cant_match
  [A] mca_pml_ob1_enable_progress
  [A] mca_pml_ob1_ft_event
  [A] mca_pml_ob1_rdma_pipeline_btls_count
  [A] mca_topo_base_neighbor_count
  [A] mca_topo_treematch_dist_graph_create
  [A] memory_allocation
  [A] nb_leaves
  [A] nb_lines
  [A] nb_processing_units
  [A] new_affinity_mat
  [A] new_group_list
  [A] nextGain
  [A] next_bucket_elem
  [A] old_bucket_id
  [A] ompi_attr_get_aint
  [A] ompi_attr_get_fint
  [A] ompi_attr_set_aint
  [A] ompi_attr_set_fint
  [A] ompi_attr_set_int
  [A] ompi_coll_base_comm_get_reqs
  [A] ompi_coll_base_sendrecv_actual
  [A] ompi_coll_spacc_comm_query
  [A] ompi_coll_spacc_init_query
  [A] ompi_comm_allgather_pml
  [A] ompi_comm_allreduce_pml
  [A] ompi_comm_assert_subscribe
  [A] ompi_comm_bcast_pml
  [A] ompi_cr_coord
  [A] ompi_cr_finalize
  [A] ompi_cr_init
  [A] ompi_crcp_base_module_finalize
  [A] ompi_crcp_base_module_init
  [A] ompi_crcp_base_none_btl_add_procs
  [A] ompi_crcp_base_none_btl_alloc
  [A] ompi_crcp_base_none_btl_del_procs
  [A] ompi_crcp_base_none_btl_dump
  [A] ompi_crcp_base_none_btl_finalize
  [A] ompi_crcp_base_none_btl_free
  [A] ompi_crcp_base_none_btl_ft_event
  [A] ompi_crcp_base_none_btl_get
  [A] ompi_crcp_base_none_btl_prepare_dst
  [A] ompi_crcp_base_none_btl_prepare_src
  [A] ompi_crcp_base_none_btl_put
  [A] ompi_crcp_base_none_btl_register
  [A] ompi_crcp_base_none_btl_send
  [A] ompi_crcp_base_none_close
  [A] ompi_crcp_base_none_open
  [A] ompi_crcp_base_none_pml_add_comm
  [A] ompi_crcp_base_none_pml_add_procs
  [A] ompi_crcp_base_none_pml_del_comm
  [A] ompi_crcp_base_none_pml_del_procs
  [A] ompi_crcp_base_none_pml_dump
  [A] ompi_crcp_base_none_pml_enable
  [A] ompi_crcp_base_none_pml_ft_event
  [A] ompi_crcp_base_none_pml_iprobe
  [A] ompi_crcp_base_none_pml_irecv
  [A] ompi_crcp_base_none_pml_irecv_init
  [A] ompi_crcp_base_none_pml_isend
  [A] ompi_crcp_base_none_pml_isend_init
  [A] ompi_crcp_base_none_pml_probe
  [A] ompi_crcp_base_none_pml_progress
  [A] ompi_crcp_base_none_pml_recv
  [A] ompi_crcp_base_none_pml_send
  [A] ompi_crcp_base_none_pml_start
  [A] ompi_crcp_base_none_query
  [A] ompi_crcp_base_none_quiesce_end
  [A] ompi_crcp_base_none_quiesce_start
  [A] ompi_crcp_base_none_request_complete
  [A] ompi_crcp_base_quiesce_end
  [A] ompi_crcp_base_quiesce_start
  [A] ompi_crcp_base_select
  [A] ompi_datatype_pack_external
  [A] ompi_datatype_pack_external_size
  [A] ompi_datatype_unpack_external
  [A] ompi_errhandler_callback
  [A] ompi_errhandler_registration_callback
  [A] ompi_fcoll_base_coll_allgather_array
  [A] ompi_fcoll_base_coll_allgatherv_array
  [A] ompi_fcoll_base_coll_bcast_array
  [A] ompi_fcoll_base_coll_gather_array
  [A] ompi_fcoll_base_coll_gatherv_array
  [A] ompi_fcoll_base_coll_scatterv_array
  [A] ompi_fcoll_base_sort_iovec
  [A] ompi_fortran_argv_blank_f2c
  [A] ompi_fortran_argv_count_f2c
  [A] ompi_hook_base_deregister_callbacks
  [A] ompi_hook_base_mpi_finalize_bottom
  [A] ompi_hook_base_mpi_finalize_top
  [A] ompi_hook_base_mpi_finalized_bottom
  [A] ompi_hook_base_mpi_finalized_top
  [A] ompi_hook_base_mpi_init_bottom
  [A] ompi_hook_base_mpi_init_error
  [A] ompi_hook_base_mpi_init_thread_bottom
  [A] ompi_hook_base_mpi_init_thread_top
  [A] ompi_hook_base_mpi_init_top
  [A] ompi_hook_base_mpi_init_top_post_opal
  [A] ompi_hook_base_mpi_initialized_bottom
  [A] ompi_hook_base_mpi_initialized_top
  [A] ompi_hook_base_register_callbacks
  [A] ompi_info_dup_mpistandard
  [A] ompi_info_get_nkeys
  [A] ompi_interlib_declare
  [A] ompi_mpi_dynamics_disable
  [A] ompi_mpi_dynamics_finalize
  [A] ompi_mpi_dynamics_is_enabled
  [A] ompi_mpiinfo_finalize
  [A] ompi_mpiinfo_init
  [A] ompi_mpit_lock
  [A] ompi_mpit_unlock
  [A] ompi_netpatterns_base_err
  [A] ompi_netpatterns_cleanup_narray_knomial_tree
  [A] ompi_netpatterns_cleanup_recursive_doubling_tree_node
  [A] ompi_netpatterns_cleanup_recursive_knomial_allgather_tree_node
  [A] ompi_netpatterns_cleanup_recursive_knomial_tree_node
  [A] ompi_netpatterns_init
  [A] ompi_netpatterns_register_mca_params
  [A] ompi_netpatterns_setup_multinomial_tree
  [A] ompi_netpatterns_setup_narray_knomial_tree
  [A] ompi_netpatterns_setup_narray_tree
  [A] ompi_netpatterns_setup_narray_tree_contigous_ranks
  [A] ompi_netpatterns_setup_recursive_doubling_n_tree_node
  [A] ompi_netpatterns_setup_recursive_doubling_tree_node
  [A] ompi_netpatterns_setup_recursive_knomial_allgather_tree_node
  [A] ompi_netpatterns_setup_recursive_knomial_tree_node
  [A] ompi_osc_pt2pt_frag_flush_pending
  [A] ompi_osc_pt2pt_frag_flush_pending_all
  [A] ompi_osc_pt2pt_lock_remote
  [A] ompi_osc_pt2pt_process_receive
  [A] ompi_pml_v_output_close
  [A] ompi_pml_v_output_open
  [A] ompi_roundup_to_power_radix
  [A] ompi_rte_connect_accept_support
  [A] optimize_arity
  [A] partial_aggregate_aff_mat
  [A] partial_sort
  [A] partial_update_val
  [A] print_1D_tab
  [A] recurs_select_independent_groups
  [A] select_independent_groups
  [A] select_independent_groups_by_largest_index
  [A] select_max
  [A] set_deb_tab_child
  [A] set_node
  [A] split_com_mat
  [A] split_constraints
  [A] split_vertices
  [A] submit_work
  [A] super_fast_grouping
  [A] symetric
  [A] tab_cmp
  [A] terminate_thread_pool
  [A] test_independent_groups
  [A] test_main
  [A] tgt_to_tm
  [A] time_diff
  [A] tm_build_affinity_mat
  [A] tm_build_synthetic_topology
  [A] tm_build_tree_from_topology
  [A] tm_calloc
  [A] tm_close_verbose_file
  [A] tm_compute_mapping
  [A] tm_display_arity
  [A] tm_display_other_heuristics
  [A] tm_display_solution
  [A] tm_display_topology
  [A] tm_enable_oversubscribing
  [A] tm_finalize
  [A] tm_free
  [A] tm_free_affinity_mat
  [A] tm_free_solution
  [A] tm_free_topology
  [A] tm_free_tree
  [A] tm_get_exhaustive_search_flag
  [A] tm_get_verbose_level
  [A] tm_get_verbose_output
  [A] tm_load_aff_mat
  [A] tm_load_topology
  [A] tm_malloc
  [A] tm_mem_check
  [A] tm_open_verbose_file
  [A] tm_optimize_topology
  [A] tm_realloc
  [A] tm_set_exhaustive_search_flag
  [A] tm_set_max_nb_threads
  [A] tm_set_verbose_level
  [A] tm_topology_add_binding_constraints
  [A] tm_topology_set_binding_constraints
  [A] topo_nb_proc
  [A] topology_arity_cpy
  [A] topology_constraints_cpy
  [A] topology_cost_cpy
  [A] topology_numbering_cpy
  [A] topology_to_arch
  [A] try_add_edge
  [A] update_comm_speed
  [A] update_val
  [A] wait_work_completion
  [A] weighted_degree_asc
  [A] weighted_degree_dsc

16 Removed variable symbols not referenced by debug info:

  [D] __malloc_initialize_hook
  [D] coll_base_allgatherv_algorithms
  [D] coll_read_time
  [D] coll_write_time
  [D] mpit_big_lock
  [D] mpit_init_count
  [D] netpatterns_base_verbose
  [D] ompi_comm_reg_t_class
  [D] ompi_datatype_dfd
  [D] ompi_enable_timing_ext
  [D] ompi_info_entry_t_class
  [D] ompi_request_completed
  [D] ompi_request_cond
  [D] ompi_request_failed
  [D] ompi_request_lock
  [D] ompi_request_waiting

70 Added variable symbols not referenced by debug info:

  [A] comm_time
  [A] common_monitoring_translation_ht
  [A] end_comm_time
  [A] end_exch
  [A] end_rcomm_time
  [A] end_read_time
  [A] end_rexch
  [A] end_write_time
  [A] exch_write
  [A] libnbc_ibcast_skip_dt_decision
  [A] mca_coll_spacc_component
  [A] mca_coll_spacc_module_t_class
  [A] mca_coll_spacc_priority
  [A] mca_coll_spacc_stream
  [A] mca_coll_spacc_verbose
  [A] mca_coll_sync_component
  [A] mca_coll_sync_component_version_string
  [A] mca_coll_sync_module_t_class
  [A] mca_common_monitoring_current_state
  [A] mca_common_monitoring_enabled
  [A] mca_common_monitoring_output_stream_id
  [A] mca_crcp_base_static_components
  [A] mca_fcoll_dynamic_gen2_component
  [A] mca_fcoll_dynamic_gen2_component_version_string
  [A] mca_fcoll_dynamic_gen2_num_groups
  [A] mca_fcoll_dynamic_gen2_priority
  [A] mca_fcoll_dynamic_gen2_write_chunksize
  [A] mca_fs_ufs_lock_algorithm
  [A] mca_hook_base_static_components
  [A] mca_io_ompio_aggregators_cutoff_threshold
  [A] mca_io_ompio_max_aggregators_ratio
  [A] mca_monitoring_coll_data_t_class
  [A] mca_pml_bsend_addr
  [A] mca_pml_bsend_base
  [A] mca_pml_bsend_userbase
  [A] mca_topo_treematch_component
  [A] mca_topo_treematch_component_version_string
  [A] mca_topo_treematch_module_t_class
  [A] ompi_async_mpi_finalize
  [A] ompi_async_mpi_init
  [A] ompi_coll_spacc_component_version_string
  [A] ompi_comm_allreduce_context_t_class
  [A] ompi_comm_cid_context_t_class
  [A] ompi_comm_idup_with_info_context_t_class
  [A] ompi_cr_output
  [A] ompi_cr_verbosity
  [A] ompi_crcp
  [A] ompi_crcp_base_btl_state_t_class
  [A] ompi_crcp_base_framework
  [A] ompi_crcp_base_pml_state_t_class
  [A] ompi_crcp_base_selected_component
  [A] ompi_hook_base_framework
  [A] ompi_mpi_file_bootstrap_mutex
  [A] ompi_mpi_ompio_bootstrap_mutex
  [A] ompi_mpit_big_lock
  [A] ompi_mpit_init_count
  [A] ompi_netpatterns_base_verbose
  [A] ompi_osc_pt2pt_receive_t_class
  [A] ompi_osc_rdma_pending_op_t_class
  [A] ompi_win_accumulate_order
  [A] rcomm_time
  [A] read_exch
  [A] read_time
  [A] start_comm_time
  [A] start_exch
  [A] start_rcomm_time
  [A] start_read_time
  [A] start_rexch
  [A] start_write_time
  [A] write_time

