ELF SONAME changed
Functions changes summary: 2 Removed, 0 Changed, 0 Added functions
Variables changes summary: 3 Removed, 0 Changed (12 filtered out), 0 Added variables
Function symbols changes summary: 59 Removed, 327 Added function symbols not referenced by debug info
Variable symbols changes summary: 4 Removed, 46 Added variable symbols not referenced by debug info

SONAME changed from 'libmpi.so.20' to 'libmpi.so.40'

2 Removed functions:

  [D] 'function void* MPIR_Breakpoint()'    {MPIR_Breakpoint}
  [D] 'function void ompi_debugger_notify_abort(char*)'    {ompi_debugger_notify_abort}

3 Removed variables:

  [D] 'volatile int MPIR_being_debugged'    {MPIR_being_debugged}
  [D] 'char* MPIR_debug_abort_string'    {MPIR_debug_abort_string}
  [D] 'volatile int MPIR_debug_state'    {MPIR_debug_state}

59 Removed function symbols not referenced by debug info:

  [D] mca_io_ompio_build_io_array
  [D] mca_io_ompio_set_view_internal
  [D] ompi_attr_get_fortran_mpi1
  [D] ompi_attr_get_fortran_mpi2
  [D] ompi_attr_set_fortran_mpi1
  [D] ompi_attr_set_fortran_mpi2
  [D] ompi_coll_tuned_allgather_intra_do_forced
  [D] ompi_coll_tuned_allgatherv_intra_do_forced
  [D] ompi_coll_tuned_allreduce_intra_do_forced
  [D] ompi_coll_tuned_alltoall_intra_do_forced
  [D] ompi_coll_tuned_alltoallv_intra_do_forced
  [D] ompi_coll_tuned_barrier_intra_do_forced
  [D] ompi_coll_tuned_bcast_intra_do_forced
  [D] ompi_coll_tuned_gather_intra_do_forced
  [D] ompi_coll_tuned_reduce_intra_do_forced
  [D] ompi_coll_tuned_reduce_scatter_intra_do_forced
  [D] ompi_coll_tuned_scatter_intra_do_forced
  [D] ompi_comm_neighbors
  [D] ompi_comm_neighbors_count
  [D] ompi_errhandler_runtime_callback
  [D] ompi_io_ompio_allgather_array
  [D] ompi_io_ompio_allgatherv_array
  [D] ompi_io_ompio_bcast_array
  [D] ompi_io_ompio_break_file_view
  [D] ompi_io_ompio_distribute_file_view
  [D] ompi_io_ompio_empty_print_queue
  [D] ompi_io_ompio_full_print_queue
  [D] ompi_io_ompio_gather_array
  [D] ompi_io_ompio_gather_data
  [D] ompi_io_ompio_gatherv_array
  [D] ompi_io_ompio_initialize_print_queue
  [D] ompi_io_ompio_print_time_info
  [D] ompi_io_ompio_register_print_entry
  [D] ompi_io_ompio_scatter_data
  [D] ompi_io_ompio_scatterv_array
  [D] ompi_io_ompio_set_aggregator_props
  [D] ompi_io_ompio_set_explicit_offset
  [D] ompi_io_ompio_set_file_defaults
  [D] ompi_io_ompio_set_print_queue
  [D] ompi_io_ompio_sort
  [D] ompi_io_ompio_sort_iovec
  [D] ompi_io_ompio_unregister_print_entry
  [D] ompio_io_ompio_file_close
  [D] ompio_io_ompio_file_get_position
  [D] ompio_io_ompio_file_get_size
  [D] ompio_io_ompio_file_iread
  [D] ompio_io_ompio_file_iread_at
  [D] ompio_io_ompio_file_iread_at_all
  [D] ompio_io_ompio_file_iwrite
  [D] ompio_io_ompio_file_iwrite_at
  [D] ompio_io_ompio_file_iwrite_at_all
  [D] ompio_io_ompio_file_open
  [D] ompio_io_ompio_file_read
  [D] ompio_io_ompio_file_read_at
  [D] ompio_io_ompio_file_read_at_all
  [D] ompio_io_ompio_file_write
  [D] ompio_io_ompio_file_write_at
  [D] ompio_io_ompio_file_write_at_all
  [D] roundup_to_power_radix

327 Added function symbols not referenced by debug info:

  [A] FREE_bucket
  [A] FREE_bucket_list
  [A] FREE_const_tab
  [A] FREE_constraint_tree
  [A] FREE_list_child
  [A] FREE_non_constraint_tree
  [A] FREE_tab_bucket
  [A] FREE_tab_child
  [A] FREE_tab_com_mat
  [A] FREE_tab_double
  [A] FREE_tab_int
  [A] FREE_tab_local_vertices
  [A] FREE_topology
  [A] FREE_tree
  [A] TreeMatchMapping
  [A] add_edge_3
  [A] add_to_bucket
  [A] add_to_list
  [A] adjacency_asc
  [A] adjacency_dsc
  [A] aggregate_aff_mat
  [A] aggregate_obj_weight
  [A] allocate_vertex
  [A] bottom_up_build_tree_from_topology
  [A] bucket_grouping
  [A] bucket_id
  [A] build_affinity_mat
  [A] build_binding_constraints
  [A] build_comm
  [A] build_cost_matrix
  [A] build_level_topology
  [A] build_synthetic_proc_id
  [A] build_synthetic_topology
  [A] build_synthetic_topology_old
  [A] build_tree_from_topology
  [A] built_pivot_tree
  [A] canonize_constraints
  [A] check_bucket
  [A] check_constraints
  [A] choose
  [A] clone_tree
  [A] complete_aff_mat
  [A] complete_obj_weight
  [A] complete_tab_node
  [A] compute_gain
  [A] compute_nb_leaves_from_level
  [A] compute_weighted_degree
  [A] constraint_dsc
  [A] create_dumb_tree
  [A] create_work
  [A] decompose
  [A] delete_group_list
  [A] depth_first
  [A] dfs
  [A] display_bucket
  [A] display_bucket_list
  [A] display_contsraint_tab
  [A] display_grouping
  [A] display_node
  [A] display_other_heuristics
  [A] display_pivots
  [A] display_selection
  [A] display_tab
  [A] display_tab_group
  [A] display_topology
  [A] distance
  [A] eval_cost
  [A] eval_grouping
  [A] eval_sol
  [A] eval_sol_inv
  [A] exchange
  [A] fast_group
  [A] fast_grouping
  [A] fcoll_base_coll_allgather_array
  [A] fcoll_base_coll_allgatherv_array
  [A] fcoll_base_coll_bcast_array
  [A] fcoll_base_coll_gather_array
  [A] fcoll_base_coll_gatherv_array
  [A] fcoll_base_coll_scatterv_array
  [A] fcoll_base_sort_iovec
  [A] fill_buckets
  [A] fill_tab
  [A] filter_monitoring
  [A] finalize_monitoring
  [A] gain_exchange
  [A] generate_random_sol
  [A] genrand_int31
  [A] genrand_int32
  [A] genrand_real1
  [A] genrand_real2
  [A] genrand_real3
  [A] genrand_res53
  [A] get_indice
  [A] get_local_topo_with_hwloc
  [A] get_nb_threads
  [A] get_time
  [A] get_verbose_level
  [A] group
  [A] group_list_asc
  [A] group_list_dsc
  [A] group_list_id
  [A] group_nodes
  [A] hash_asc
  [A] hwloc_to_tm
  [A] independent_groups
  [A] independent_tab
  [A] init_by_array
  [A] init_comm
  [A] init_genrand
  [A] intCIV_exit
  [A] intCIV_get
  [A] intCIV_init
  [A] intCIV_isInitialized
  [A] intCIV_set
  [A] int_cmp
  [A] is_power_of_2
  [A] kpartition
  [A] kpartition_build_level_topology
  [A] kpartition_build_tree_from_topology
  [A] kpartition_greedy
  [A] list_all_possible_groups
  [A] list_to_tab
  [A] map_MPIPP
  [A] map_Packed
  [A] map_RR
  [A] map_topology
  [A] map_topology_simple
  [A] mca_bml_base_ft_event
  [A] mca_bml_r2_ft_event
  [A] mca_coll_base_reduce_local
  [A] mca_coll_basic_ft_event
  [A] mca_coll_self_ft_event
  [A] mca_coll_sm_ft_event
  [A] mca_coll_sync_ft_event
  [A] mca_coll_tuned_ft_event
  [A] mca_common_ompio_build_io_array
  [A] mca_common_ompio_empty_print_queue
  [A] mca_common_ompio_file_close
  [A] mca_common_ompio_file_get_position
  [A] mca_common_ompio_file_get_size
  [A] mca_common_ompio_file_iread
  [A] mca_common_ompio_file_iread_at
  [A] mca_common_ompio_file_iread_at_all
  [A] mca_common_ompio_file_iwrite
  [A] mca_common_ompio_file_iwrite_at
  [A] mca_common_ompio_file_iwrite_at_all
  [A] mca_common_ompio_file_open
  [A] mca_common_ompio_file_read
  [A] mca_common_ompio_file_read_at
  [A] mca_common_ompio_file_read_at_all
  [A] mca_common_ompio_file_write
  [A] mca_common_ompio_file_write_at
  [A] mca_common_ompio_file_write_at_all
  [A] mca_common_ompio_full_print_queue
  [A] mca_common_ompio_initialize_print_queue
  [A] mca_common_ompio_print_time_info
  [A] mca_common_ompio_register_print_entry
  [A] mca_common_ompio_set_explicit_offset
  [A] mca_common_ompio_set_file_defaults
  [A] mca_common_ompio_set_view
  [A] mca_common_ompio_unregister_print_entry
  [A] mca_io_ompio_create_groups
  [A] mca_io_ompio_finalize_split
  [A] mca_io_ompio_merge_groups
  [A] mca_io_ompio_merge_initial_groups
  [A] mca_io_ompio_prepare_to_group
  [A] mca_io_ompio_retain_initial_groups
  [A] mca_io_ompio_set_aggregator_props
  [A] mca_io_ompio_split_a_group
  [A] mca_io_ompio_split_initial_groups
  [A] mca_io_romio314_file_iread_all
  [A] mca_io_romio314_file_iread_at_all
  [A] mca_io_romio314_file_iwrite_all
  [A] mca_io_romio314_file_iwrite_at_all
  [A] mca_pml_base_ft_event
  [A] mca_pml_monitoring_add_comm
  [A] mca_pml_monitoring_add_procs
  [A] mca_pml_monitoring_del_comm
  [A] mca_pml_monitoring_del_procs
  [A] mca_pml_monitoring_dump
  [A] mca_pml_monitoring_enable
  [A] mca_pml_monitoring_get_messages_count
  [A] mca_pml_monitoring_get_messages_size
  [A] mca_pml_monitoring_improbe
  [A] mca_pml_monitoring_imrecv
  [A] mca_pml_monitoring_iprobe
  [A] mca_pml_monitoring_irecv
  [A] mca_pml_monitoring_irecv_init
  [A] mca_pml_monitoring_isend
  [A] mca_pml_monitoring_isend_init
  [A] mca_pml_monitoring_mprobe
  [A] mca_pml_monitoring_mrecv
  [A] mca_pml_monitoring_probe
  [A] mca_pml_monitoring_recv
  [A] mca_pml_monitoring_reset
  [A] mca_pml_monitoring_send
  [A] mca_pml_monitoring_start
  [A] mca_pml_ob1_enable_progress
  [A] mca_pml_ob1_ft_event
  [A] mca_topo_base_neighbor_count
  [A] mca_topo_treematch_dist_graph_create
  [A] monitor_send_data
  [A] my_calloc
  [A] my_free
  [A] my_malloc
  [A] my_mem_check
  [A] nb_leaves
  [A] nb_lines
  [A] nb_processing_units
  [A] new_affinity_mat
  [A] new_group_list
  [A] next_bucket_elem
  [A] old_bucket_id
  [A] ompi_attr_get_aint
  [A] ompi_attr_get_fint
  [A] ompi_attr_set_aint
  [A] ompi_attr_set_fint
  [A] ompi_attr_set_int
  [A] ompi_cr_coord
  [A] ompi_cr_finalize
  [A] ompi_cr_init
  [A] ompi_crcp_base_module_finalize
  [A] ompi_crcp_base_module_init
  [A] ompi_crcp_base_none_btl_add_procs
  [A] ompi_crcp_base_none_btl_alloc
  [A] ompi_crcp_base_none_btl_del_procs
  [A] ompi_crcp_base_none_btl_dump
  [A] ompi_crcp_base_none_btl_finalize
  [A] ompi_crcp_base_none_btl_free
  [A] ompi_crcp_base_none_btl_ft_event
  [A] ompi_crcp_base_none_btl_get
  [A] ompi_crcp_base_none_btl_prepare_dst
  [A] ompi_crcp_base_none_btl_prepare_src
  [A] ompi_crcp_base_none_btl_put
  [A] ompi_crcp_base_none_btl_register
  [A] ompi_crcp_base_none_btl_send
  [A] ompi_crcp_base_none_close
  [A] ompi_crcp_base_none_open
  [A] ompi_crcp_base_none_pml_add_comm
  [A] ompi_crcp_base_none_pml_add_procs
  [A] ompi_crcp_base_none_pml_del_comm
  [A] ompi_crcp_base_none_pml_del_procs
  [A] ompi_crcp_base_none_pml_dump
  [A] ompi_crcp_base_none_pml_enable
  [A] ompi_crcp_base_none_pml_ft_event
  [A] ompi_crcp_base_none_pml_iprobe
  [A] ompi_crcp_base_none_pml_irecv
  [A] ompi_crcp_base_none_pml_irecv_init
  [A] ompi_crcp_base_none_pml_isend
  [A] ompi_crcp_base_none_pml_isend_init
  [A] ompi_crcp_base_none_pml_probe
  [A] ompi_crcp_base_none_pml_progress
  [A] ompi_crcp_base_none_pml_recv
  [A] ompi_crcp_base_none_pml_send
  [A] ompi_crcp_base_none_pml_start
  [A] ompi_crcp_base_none_query
  [A] ompi_crcp_base_none_quiesce_end
  [A] ompi_crcp_base_none_quiesce_start
  [A] ompi_crcp_base_none_request_complete
  [A] ompi_crcp_base_quiesce_end
  [A] ompi_crcp_base_quiesce_start
  [A] ompi_crcp_base_select
  [A] ompi_errhandler_callback
  [A] ompi_errhandler_registration_callback
  [A] ompi_hook_base_deregister_callbacks
  [A] ompi_hook_base_mpi_finalize_bottom
  [A] ompi_hook_base_mpi_finalize_top
  [A] ompi_hook_base_mpi_finalized_bottom
  [A] ompi_hook_base_mpi_finalized_top
  [A] ompi_hook_base_mpi_init_bottom
  [A] ompi_hook_base_mpi_init_error
  [A] ompi_hook_base_mpi_init_thread_bottom
  [A] ompi_hook_base_mpi_init_thread_top
  [A] ompi_hook_base_mpi_init_top
  [A] ompi_hook_base_mpi_init_top_post_opal
  [A] ompi_hook_base_mpi_initialized_bottom
  [A] ompi_hook_base_mpi_initialized_top
  [A] ompi_hook_base_register_callbacks
  [A] ompi_mca_pml_monitoring_flush
  [A] ompi_mpi_dynamics_disable
  [A] ompi_mpi_dynamics_finalize
  [A] ompi_mpi_dynamics_is_enabled
  [A] ompi_osc_pt2pt_frag_flush_pending
  [A] ompi_osc_pt2pt_frag_flush_pending_all
  [A] ompi_roundup_to_power_radix
  [A] ompi_rte_connect_accept_support
  [A] optimize_arity
  [A] optimize_topology
  [A] partial_aggregate_aff_mat
  [A] partial_sort
  [A] partial_update_val
  [A] print_1D_tab
  [A] print_sol
  [A] print_sol_inv
  [A] recurs_select_independent_groups
  [A] recursive_canonicalization
  [A] select_independent_groups
  [A] select_independent_groups_by_largest_index
  [A] select_max
  [A] set_deb_tab_child
  [A] set_node
  [A] set_verbose_level
  [A] speed
  [A] split_com_mat
  [A] split_constraints
  [A] split_vertices
  [A] submit_work
  [A] super_fast_grouping
  [A] symetric
  [A] tab_cmp
  [A] terminate_thread_pool
  [A] test_independent_groups
  [A] test_main
  [A] tgt_to_tm
  [A] time_diff
  [A] topo_nb_proc
  [A] topology_arity
  [A] topology_numbering
  [A] topology_to_arch
  [A] try_add_edge
  [A] update_canonical
  [A] update_comm_speed
  [A] update_perm
  [A] update_val
  [A] wait_work_completion
  [A] weighted_degree_asc
  [A] weighted_degree_dsc

4 Removed variable symbols not referenced by debug info:

  [D] coll_base_allgatherv_algorithms
  [D] coll_read_time
  [D] coll_write_time
  [D] ompi_datatype_dfd

46 Added variable symbols not referenced by debug info:

  [A] comm_time
  [A] end_comm_time
  [A] end_exch
  [A] end_rcomm_time
  [A] end_read_time
  [A] end_rexch
  [A] end_write_time
  [A] exch_write
  [A] filtered_messages_count
  [A] filtered_sent_data
  [A] global_bl
  [A] mca_crcp_base_static_components
  [A] mca_hook_base_static_components
  [A] mca_pml_monitoring
  [A] mca_pml_monitoring_component
  [A] mca_topo_treematch_component
  [A] mca_topo_treematch_component_version_string
  [A] mca_topo_treematch_module_t_class
  [A] messages_count
  [A] ompi_async_mpi_finalize
  [A] ompi_async_mpi_init
  [A] ompi_cr_output
  [A] ompi_cr_verbosity
  [A] ompi_crcp
  [A] ompi_crcp_base_btl_state_t_class
  [A] ompi_crcp_base_framework
  [A] ompi_crcp_base_pml_state_t_class
  [A] ompi_crcp_base_selected_component
  [A] ompi_hook_base_framework
  [A] ompi_mpi_file_bootstrap_mutex
  [A] ompi_mpi_ompio_bootstrap_mutex
  [A] ompi_osc_rdma_pending_op_t_class
  [A] pml_selected_component
  [A] pml_selected_module
  [A] rcomm_time
  [A] read_exch
  [A] read_time
  [A] sent_data
  [A] start_comm_time
  [A] start_exch
  [A] start_rcomm_time
  [A] start_read_time
  [A] start_rexch
  [A] start_write_time
  [A] translation_ht
  [A] write_time

