ELF SONAME changed
Functions changes summary: 0 Removed, 0 Changed, 0 Added function
Variables changes summary: 2 Removed, 1 Changed (6 filtered out), 2 Added variables
Function symbols changes summary: 283 Removed, 756 Added function symbols not referenced by debug info
Variable symbols changes summary: 49 Removed, 302 Added variable symbols not referenced by debug info

SONAME changed from 'libmpi.so.20' to 'libmpi.so.12'

2 Removed variables:

  [D] 'opal_free_list_item_t* opal_free_list_item_t_type_force_inclusion'    {opal_free_list_item_t_type_force_inclusion}
  [D] 'opal_free_list_t* opal_free_list_t_type_force_inclusion'    {opal_free_list_t_type_force_inclusion}

2 Added variables:

  [A] 'ompi_free_list_item_t* ompi_free_list_item_t_type_force_inclusion'    {ompi_free_list_item_t_type_force_inclusion}
  [A] 'ompi_free_list_t* ompi_free_list_t_type_force_inclusion'    {ompi_free_list_t_type_force_inclusion}

1 Changed variable:

  [C] 'char MPIR_dll_name[135]' was changed to 'char MPIR_dll_name[136]' at ompi_debuggers.c:81:1:
    size of symbol changed from 135 to 136
    type of variable changed:
      type name changed from 'char[135]' to 'char[136]'
      array type size changed from 1080 to 1088
      array type subrange 1 changed length from 135 to 136

283 Removed function symbols not referenced by debug info:

  [D] ADIOI_IO_Thread_Func
  [D] ADIOI_Info_check_and_install_enabled
  [D] ADIOI_Info_check_and_install_int
  [D] ADIOI_Info_check_and_install_str
  [D] ADIOI_Info_check_and_install_true
  [D] ADIOI_Info_print_keyvals
  [D] ADIOI_P2PContigReadAggregation
  [D] ADIOI_P2PContigWriteAggregation
  [D] ADIOI_Type_create_hindexed_x
  [D] MPIX_Query_cuda_support
  [D] MPI_File_iread_all
  [D] MPI_File_iread_at_all, aliases PMPI_File_iread_at_all
  [D] MPI_File_iwrite_all
  [D] MPI_File_iwrite_at_all, aliases PMPI_File_iwrite_at_all
  [D] NBC_Return_handle
  [D] OMPI_Affinity_str
  [D] PMPI_File_iread_all, aliases MPI_File_iread_all
  [D] PMPI_File_iread_at_all
  [D] PMPI_File_iwrite_all, aliases MPI_File_iwrite_all
  [D] PMPI_File_iwrite_at_all
  [D] coll_base_comm_get_reqs
  [D] mca_coll_base_alltoall_intra_basic_inplace
  [D] mca_coll_base_alltoallv_intra_basic_inplace
  [D] mca_fbtl_posix_progress
  [D] mca_fbtl_posix_request_free
  [D] mca_fcoll_dynamic_gen2_break_file_view
  [D] mca_fcoll_dynamic_gen2_component_file_query
  [D] mca_fcoll_dynamic_gen2_component_file_unquery
  [D] mca_fcoll_dynamic_gen2_component_init_query
  [D] mca_fcoll_dynamic_gen2_file_read_all
  [D] mca_fcoll_dynamic_gen2_file_write_all
  [D] mca_fcoll_dynamic_gen2_get_configuration
  [D] mca_fcoll_dynamic_gen2_module_finalize
  [D] mca_fcoll_dynamic_gen2_module_init
  [D] mca_fcoll_dynamic_gen2_split_iov_array
  [D] mca_fs_base_get_fstype
  [D] mca_io_ompio_build_io_array
  [D] mca_io_ompio_cart_based_grouping
  [D] mca_io_ompio_component_progress
  [D] mca_io_ompio_file_iread_all
  [D] mca_io_ompio_file_iread_at_all
  [D] mca_io_ompio_file_iwrite_all
  [D] mca_io_ompio_file_iwrite_at_all
  [D] mca_io_ompio_finalize_initial_grouping
  [D] mca_io_ompio_fview_based_grouping
  [D] mca_io_ompio_get_bytes_per_agg
  [D] mca_io_ompio_get_num_aggregators
  [D] mca_io_ompio_simple_grouping
  [D] mca_io_romio314_dist_MPIR_Status_set_bytes
  [D] mca_io_romio314_dist_MPI_File_close
  [D] mca_io_romio314_dist_MPI_File_delete
  [D] mca_io_romio314_dist_MPI_File_get_amode
  [D] mca_io_romio314_dist_MPI_File_get_atomicity
  [D] mca_io_romio314_dist_MPI_File_get_byte_offset
  [D] mca_io_romio314_dist_MPI_File_get_group
  [D] mca_io_romio314_dist_MPI_File_get_info
  [D] mca_io_romio314_dist_MPI_File_get_position
  [D] mca_io_romio314_dist_MPI_File_get_position_shared
  [D] mca_io_romio314_dist_MPI_File_get_size
  [D] mca_io_romio314_dist_MPI_File_get_type_extent
  [D] mca_io_romio314_dist_MPI_File_get_view
  [D] mca_io_romio314_dist_MPI_File_iread
  [D] mca_io_romio314_dist_MPI_File_iread_at
  [D] mca_io_romio314_dist_MPI_File_iread_shared
  [D] mca_io_romio314_dist_MPI_File_iwrite
  [D] mca_io_romio314_dist_MPI_File_iwrite_at
  [D] mca_io_romio314_dist_MPI_File_iwrite_shared
  [D] mca_io_romio314_dist_MPI_File_open
  [D] mca_io_romio314_dist_MPI_File_preallocate
  [D] mca_io_romio314_dist_MPI_File_read
  [D] mca_io_romio314_dist_MPI_File_read_all
  [D] mca_io_romio314_dist_MPI_File_read_all_begin
  [D] mca_io_romio314_dist_MPI_File_read_all_end
  [D] mca_io_romio314_dist_MPI_File_read_at
  [D] mca_io_romio314_dist_MPI_File_read_at_all
  [D] mca_io_romio314_dist_MPI_File_read_at_all_begin
  [D] mca_io_romio314_dist_MPI_File_read_at_all_end
  [D] mca_io_romio314_dist_MPI_File_read_ordered
  [D] mca_io_romio314_dist_MPI_File_read_ordered_begin
  [D] mca_io_romio314_dist_MPI_File_read_ordered_end
  [D] mca_io_romio314_dist_MPI_File_read_shared
  [D] mca_io_romio314_dist_MPI_File_seek
  [D] mca_io_romio314_dist_MPI_File_seek_shared
  [D] mca_io_romio314_dist_MPI_File_set_atomicity
  [D] mca_io_romio314_dist_MPI_File_set_info
  [D] mca_io_romio314_dist_MPI_File_set_size
  [D] mca_io_romio314_dist_MPI_File_set_view
  [D] mca_io_romio314_dist_MPI_File_sync
  [D] mca_io_romio314_dist_MPI_File_write
  [D] mca_io_romio314_dist_MPI_File_write_all
  [D] mca_io_romio314_dist_MPI_File_write_all_begin
  [D] mca_io_romio314_dist_MPI_File_write_all_end
  [D] mca_io_romio314_dist_MPI_File_write_at
  [D] mca_io_romio314_dist_MPI_File_write_at_all
  [D] mca_io_romio314_dist_MPI_File_write_at_all_begin
  [D] mca_io_romio314_dist_MPI_File_write_at_all_end
  [D] mca_io_romio314_dist_MPI_File_write_ordered
  [D] mca_io_romio314_dist_MPI_File_write_ordered_begin
  [D] mca_io_romio314_dist_MPI_File_write_ordered_end
  [D] mca_io_romio314_dist_MPI_File_write_shared
  [D] mca_io_romio314_dist_MPI_Register_datarep
  [D] mca_io_romio314_file_close
  [D] mca_io_romio314_file_get_amode
  [D] mca_io_romio314_file_get_atomicity
  [D] mca_io_romio314_file_get_byte_offset
  [D] mca_io_romio314_file_get_info
  [D] mca_io_romio314_file_get_position
  [D] mca_io_romio314_file_get_position_shared
  [D] mca_io_romio314_file_get_size
  [D] mca_io_romio314_file_get_type_extent
  [D] mca_io_romio314_file_get_view
  [D] mca_io_romio314_file_iread
  [D] mca_io_romio314_file_iread_at
  [D] mca_io_romio314_file_iread_shared
  [D] mca_io_romio314_file_iwrite
  [D] mca_io_romio314_file_iwrite_at
  [D] mca_io_romio314_file_iwrite_shared
  [D] mca_io_romio314_file_open
  [D] mca_io_romio314_file_preallocate
  [D] mca_io_romio314_file_read
  [D] mca_io_romio314_file_read_all
  [D] mca_io_romio314_file_read_all_begin
  [D] mca_io_romio314_file_read_all_end
  [D] mca_io_romio314_file_read_at
  [D] mca_io_romio314_file_read_at_all
  [D] mca_io_romio314_file_read_at_all_begin
  [D] mca_io_romio314_file_read_at_all_end
  [D] mca_io_romio314_file_read_ordered
  [D] mca_io_romio314_file_read_ordered_begin
  [D] mca_io_romio314_file_read_ordered_end
  [D] mca_io_romio314_file_read_shared
  [D] mca_io_romio314_file_seek
  [D] mca_io_romio314_file_seek_shared
  [D] mca_io_romio314_file_set_atomicity
  [D] mca_io_romio314_file_set_info
  [D] mca_io_romio314_file_set_size
  [D] mca_io_romio314_file_set_view
  [D] mca_io_romio314_file_sync
  [D] mca_io_romio314_file_write
  [D] mca_io_romio314_file_write_all
  [D] mca_io_romio314_file_write_all_begin
  [D] mca_io_romio314_file_write_all_end
  [D] mca_io_romio314_file_write_at
  [D] mca_io_romio314_file_write_at_all
  [D] mca_io_romio314_file_write_at_all_begin
  [D] mca_io_romio314_file_write_at_all_end
  [D] mca_io_romio314_file_write_ordered
  [D] mca_io_romio314_file_write_ordered_begin
  [D] mca_io_romio314_file_write_ordered_end
  [D] mca_io_romio314_file_write_shared
  [D] mca_pml_ob1_rdma_pipeline_btls_count
  [D] ompi_coll_base_allgather_intra_basic_linear
  [D] ompi_coll_base_allgather_intra_bruck
  [D] ompi_coll_base_allgather_intra_neighborexchange
  [D] ompi_coll_base_allgather_intra_recursivedoubling
  [D] ompi_coll_base_allgather_intra_ring
  [D] ompi_coll_base_allgather_intra_two_procs
  [D] ompi_coll_base_allgatherv_intra_basic_default
  [D] ompi_coll_base_allgatherv_intra_bruck
  [D] ompi_coll_base_allgatherv_intra_neighborexchange
  [D] ompi_coll_base_allgatherv_intra_ring
  [D] ompi_coll_base_allgatherv_intra_two_procs
  [D] ompi_coll_base_allreduce_intra_basic_linear
  [D] ompi_coll_base_allreduce_intra_nonoverlapping
  [D] ompi_coll_base_allreduce_intra_recursivedoubling
  [D] ompi_coll_base_allreduce_intra_ring
  [D] ompi_coll_base_allreduce_intra_ring_segmented
  [D] ompi_coll_base_alltoall_intra_basic_linear
  [D] ompi_coll_base_alltoall_intra_bruck
  [D] ompi_coll_base_alltoall_intra_linear_sync
  [D] ompi_coll_base_alltoall_intra_pairwise
  [D] ompi_coll_base_alltoall_intra_two_procs
  [D] ompi_coll_base_alltoallv_intra_basic_linear
  [D] ompi_coll_base_alltoallv_intra_pairwise
  [D] ompi_coll_base_barrier_intra_basic_linear
  [D] ompi_coll_base_barrier_intra_bruck
  [D] ompi_coll_base_barrier_intra_doublering
  [D] ompi_coll_base_barrier_intra_recursivedoubling
  [D] ompi_coll_base_barrier_intra_tree
  [D] ompi_coll_base_barrier_intra_two_procs
  [D] ompi_coll_base_bcast_intra_basic_linear
  [D] ompi_coll_base_bcast_intra_binomial
  [D] ompi_coll_base_bcast_intra_bintree
  [D] ompi_coll_base_bcast_intra_chain
  [D] ompi_coll_base_bcast_intra_generic
  [D] ompi_coll_base_bcast_intra_pipeline
  [D] ompi_coll_base_bcast_intra_split_bintree
  [D] ompi_coll_base_gather_intra_basic_linear
  [D] ompi_coll_base_gather_intra_binomial
  [D] ompi_coll_base_gather_intra_linear_sync
  [D] ompi_coll_base_reduce_generic
  [D] ompi_coll_base_reduce_intra_basic_linear
  [D] ompi_coll_base_reduce_intra_binary
  [D] ompi_coll_base_reduce_intra_binomial
  [D] ompi_coll_base_reduce_intra_chain
  [D] ompi_coll_base_reduce_intra_in_order_binary
  [D] ompi_coll_base_reduce_intra_pipeline
  [D] ompi_coll_base_reduce_scatter_intra_basic_recursivehalving
  [D] ompi_coll_base_reduce_scatter_intra_nonoverlapping
  [D] ompi_coll_base_reduce_scatter_intra_ring
  [D] ompi_coll_base_scatter_intra_basic_linear
  [D] ompi_coll_base_scatter_intra_binomial
  [D] ompi_coll_base_sendrecv_nonzero_actual
  [D] ompi_coll_base_topo_build_bmtree
  [D] ompi_coll_base_topo_build_chain
  [D] ompi_coll_base_topo_build_in_order_bintree
  [D] ompi_coll_base_topo_build_in_order_bmtree
  [D] ompi_coll_base_topo_build_tree
  [D] ompi_coll_base_topo_destroy_tree
  [D] ompi_coll_base_topo_dump_tree
  [D] ompi_datatype_pack_external
  [D] ompi_datatype_pack_external_size
  [D] ompi_datatype_unpack_external
  [D] ompi_dpm_close_port
  [D] ompi_dpm_connect_accept
  [D] ompi_dpm_disconnect
  [D] ompi_dpm_dyn_finalize
  [D] ompi_dpm_dyn_init
  [D] ompi_dpm_finalize
  [D] ompi_dpm_init
  [D] ompi_dpm_mark_dyncomm
  [D] ompi_dpm_open_port
  [D] ompi_dpm_spawn
  [D] ompi_group_allocate_plist_w_procs
  [D] ompi_group_get_proc_ptr_raw
  [D] ompi_group_have_remote_peers
  [D] ompi_info_get_value_enum
  [D] ompi_info_set_value_enum
  [D] ompi_osc_get_data_blocking
  [D] ompi_osc_module_add_peer
  [D] ompi_osc_pt2pt_lock_remote
  [D] ompi_osc_pt2pt_process_receive
  [D] ompi_osc_pt2pt_sync_allocate
  [D] ompi_osc_pt2pt_sync_pscw_peer
  [D] ompi_osc_pt2pt_sync_return
  [D] ompi_osc_rdma_accumulate
  [D] ompi_osc_rdma_atomic_complete
  [D] ompi_osc_rdma_attach
  [D] ompi_osc_rdma_compare_and_swap
  [D] ompi_osc_rdma_complete_atomic
  [D] ompi_osc_rdma_detach
  [D] ompi_osc_rdma_fence_atomic
  [D] ompi_osc_rdma_fetch_and_op
  [D] ompi_osc_rdma_find_dynamic_region
  [D] ompi_osc_rdma_flush
  [D] ompi_osc_rdma_flush_all
  [D] ompi_osc_rdma_flush_local
  [D] ompi_osc_rdma_flush_local_all
  [D] ompi_osc_rdma_free
  [D] ompi_osc_rdma_get
  [D] ompi_osc_rdma_get_accumulate
  [D] ompi_osc_rdma_lock_all_atomic
  [D] ompi_osc_rdma_lock_atomic
  [D] ompi_osc_rdma_new_peer
  [D] ompi_osc_rdma_peer_aggregate_flush
  [D] ompi_osc_rdma_peer_btl_endpoint
  [D] ompi_osc_rdma_peer_lookup
  [D] ompi_osc_rdma_post_atomic
  [D] ompi_osc_rdma_put
  [D] ompi_osc_rdma_raccumulate
  [D] ompi_osc_rdma_rget
  [D] ompi_osc_rdma_rget_accumulate
  [D] ompi_osc_rdma_rput
  [D] ompi_osc_rdma_start_atomic
  [D] ompi_osc_rdma_sync
  [D] ompi_osc_rdma_sync_allocate
  [D] ompi_osc_rdma_sync_pscw_peer
  [D] ompi_osc_rdma_sync_return
  [D] ompi_osc_rdma_test_atomic
  [D] ompi_osc_rdma_unlock_all_atomic
  [D] ompi_osc_rdma_unlock_atomic
  [D] ompi_osc_rdma_wait_atomic
  [D] ompi_proc_complete_init_single
  [D] ompi_proc_find_and_add
  [D] ompi_proc_for_name
  [D] ompi_proc_get_allocated
  [D] ompi_proc_lookup
  [D] ompi_proc_world_size
  [D] ompio_io_ompio_file_get_position
  [D] ompio_io_ompio_file_iread
  [D] ompio_io_ompio_file_iread_at_all
  [D] ompio_io_ompio_file_iwrite_at_all
  [D] osc_pt2pt_incoming_complete

756 Added function symbols not referenced by debug info:

  [A] NBC_Sched_create
  [A] base_bcol_basesmuma_exchange_offsets
  [A] base_bcol_basesmuma_setup_ctl_struct
  [A] base_bcol_basesmuma_setup_library_buffers
  [A] bcol_basesmuma_allgather_init
  [A] bcol_basesmuma_allreduce_init
  [A] bcol_basesmuma_allreduce_intra_fanin_fanout
  [A] bcol_basesmuma_allreduce_intra_recursive_doubling
  [A] bcol_basesmuma_bank_init_opti
  [A] bcol_basesmuma_barrier_init
  [A] bcol_basesmuma_bcast
  [A] bcol_basesmuma_bcast_init
  [A] bcol_basesmuma_bcast_k_nomial_anyroot
  [A] bcol_basesmuma_bcast_k_nomial_knownroot
  [A] bcol_basesmuma_fanin_init
  [A] bcol_basesmuma_fanout_init
  [A] bcol_basesmuma_free_buff
  [A] bcol_basesmuma_gather_init
  [A] bcol_basesmuma_get_buff_index
  [A] bcol_basesmuma_k_nomial_allgather_init
  [A] bcol_basesmuma_k_nomial_allgather_progress
  [A] bcol_basesmuma_k_nomial_barrier_init
  [A] bcol_basesmuma_k_nomial_barrier_progress
  [A] bcol_basesmuma_k_nomial_gather_init
  [A] bcol_basesmuma_k_nomial_gather_progress
  [A] bcol_basesmuma_memsync_init
  [A] bcol_basesmuma_progress
  [A] bcol_basesmuma_rd_nb_barrier_init_admin
  [A] bcol_basesmuma_rd_nb_barrier_progress_admin
  [A] bcol_basesmuma_reduce_init
  [A] bcol_basesmuma_reduce_intra_fanin
  [A] bcol_basesmuma_reduce_intra_fanin_old
  [A] bcol_basesmuma_setup_knomial_tree
  [A] bcol_basesmuma_smcm_allgather_connection
  [A] bcol_basesmuma_smcm_mem_reg
  [A] bcol_basesmuma_smcm_release_connections
  [A] bcol_ptpcoll_allgather_init
  [A] bcol_ptpcoll_allocate_memory
  [A] bcol_ptpcoll_allreduce_init
  [A] bcol_ptpcoll_allreduce_knomial_allgather
  [A] bcol_ptpcoll_allreduce_knomial_allgather_extra
  [A] bcol_ptpcoll_allreduce_narraying_init
  [A] bcol_ptpcoll_allreduce_recursivek_scatter_reduce
  [A] bcol_ptpcoll_allreduce_recursivek_scatter_reduce_allgather_extra_init
  [A] bcol_ptpcoll_allreduce_recursivek_scatter_reduce_allgather_init
  [A] bcol_ptpcoll_allreduce_recursivek_scatter_reduce_extra
  [A] bcol_ptpcoll_barrier_init
  [A] bcol_ptpcoll_bcast_binomial_scatter_gatther_anyroot
  [A] bcol_ptpcoll_bcast_binomial_scatter_gatther_anyroot_extra
  [A] bcol_ptpcoll_bcast_binomial_scatter_gatther_anyroot_extra_progress
  [A] bcol_ptpcoll_bcast_binomial_scatter_gatther_anyroot_progress
  [A] bcol_ptpcoll_bcast_binomial_scatter_gatther_known_root
  [A] bcol_ptpcoll_bcast_binomial_scatter_gatther_known_root_extra
  [A] bcol_ptpcoll_bcast_binomial_scatter_gatther_known_root_extra_progress
  [A] bcol_ptpcoll_bcast_binomial_scatter_gatther_known_root_progress
  [A] bcol_ptpcoll_bcast_init
  [A] bcol_ptpcoll_bcast_k_nomial_anyroot
  [A] bcol_ptpcoll_bcast_k_nomial_anyroot_progress
  [A] bcol_ptpcoll_bcast_k_nomial_known_root
  [A] bcol_ptpcoll_bcast_k_nomial_known_root_progress
  [A] bcol_ptpcoll_deregister_memory
  [A] bcol_ptpcoll_fanin
  [A] bcol_ptpcoll_fanout
  [A] bcol_ptpcoll_free_memory
  [A] bcol_ptpcoll_k_nomial_allgather_init
  [A] bcol_ptpcoll_k_nomial_allgather_progress
  [A] bcol_ptpcoll_reduce_init
  [A] bcol_ptpcoll_register_memory
  [A] btl_sm_process_pending_sends
  [A] cleanup_nb_coll_buff_desc
  [A] coll_ml_config_init_buffer
  [A] coll_ml_config_yy_create_buffer
  [A] coll_ml_config_yy_delete_buffer
  [A] coll_ml_config_yy_flush_buffer
  [A] coll_ml_config_yy_scan_buffer
  [A] coll_ml_config_yy_scan_bytes
  [A] coll_ml_config_yy_scan_string
  [A] coll_ml_config_yy_switch_to_buffer
  [A] coll_ml_config_yyalloc
  [A] coll_ml_config_yyfree
  [A] coll_ml_config_yyget_debug
  [A] coll_ml_config_yyget_in
  [A] coll_ml_config_yyget_leng
  [A] coll_ml_config_yyget_lineno
  [A] coll_ml_config_yyget_out
  [A] coll_ml_config_yyget_text
  [A] coll_ml_config_yylex
  [A] coll_ml_config_yylex_destroy
  [A] coll_ml_config_yypop_buffer_state
  [A] coll_ml_config_yypush_buffer_state
  [A] coll_ml_config_yyrealloc
  [A] coll_ml_config_yyrestart
  [A] coll_ml_config_yyset_debug
  [A] coll_ml_config_yyset_in
  [A] coll_ml_config_yyset_lineno
  [A] coll_ml_config_yyset_out
  [A] coll_ml_progress_individual_message
  [A] compute_knomial_allgather_offsets
  [A] get_contiguous_chunk_size
  [A] get_group_index_and_distance_for_binomial
  [A] get_group_index_and_distance_for_k_nomial
  [A] get_group_index_for_k_nomial
  [A] get_k_nomial_dst_size
  [A] get_k_nomial_src_list
  [A] mca_allocator_basic_alloc
  [A] mca_allocator_basic_compact
  [A] mca_allocator_basic_component_close
  [A] mca_allocator_basic_component_init
  [A] mca_allocator_basic_component_open
  [A] mca_allocator_basic_finalize
  [A] mca_allocator_basic_free
  [A] mca_allocator_basic_realloc
  [A] mca_allocator_bucket_alloc
  [A] mca_allocator_bucket_alloc_align
  [A] mca_allocator_bucket_alloc_wrapper
  [A] mca_allocator_bucket_cleanup
  [A] mca_allocator_bucket_finalize
  [A] mca_allocator_bucket_free
  [A] mca_allocator_bucket_init
  [A] mca_allocator_bucket_module_close
  [A] mca_allocator_bucket_module_init
  [A] mca_allocator_bucket_module_open
  [A] mca_allocator_bucket_realloc
  [A] mca_allocator_component_lookup
  [A] mca_bcol_base_bcol_fns_table_init
  [A] mca_bcol_base_fn_table_construct
  [A] mca_bcol_base_fn_table_destroy
  [A] mca_bcol_base_init
  [A] mca_bcol_base_set_attributes
  [A] mca_bcol_basesmuma_allocate_sm_ctl_memory
  [A] mca_bcol_basesmuma_comm_query
  [A] mca_bcol_basesmuma_deregister_sm
  [A] mca_bcol_basesmuma_init_query
  [A] mca_bcol_basesmuma_register_sm
  [A] mca_bcol_ptpcoll_comm_query
  [A] mca_bcol_ptpcoll_init_query
  [A] mca_bcol_ptpcoll_memsync_init
  [A] mca_bcol_ptpcoll_register_mca_params
  [A] mca_bcol_ptpcoll_setup_knomial_tree
  [A] mca_bml_base_ft_event
  [A] mca_bml_r2_ft_event
  [A] mca_btl_base_dump
  [A] mca_btl_base_err
  [A] mca_btl_base_error_no_nics
  [A] mca_btl_base_out
  [A] mca_btl_base_param_register
  [A] mca_btl_base_param_verify
  [A] mca_btl_base_select
  [A] mca_btl_self_add_procs
  [A] mca_btl_self_alloc
  [A] mca_btl_self_component_close
  [A] mca_btl_self_component_init
  [A] mca_btl_self_component_open
  [A] mca_btl_self_del_procs
  [A] mca_btl_self_finalize
  [A] mca_btl_self_free
  [A] mca_btl_self_ft_event
  [A] mca_btl_self_prepare_dst
  [A] mca_btl_self_prepare_src
  [A] mca_btl_self_rdma
  [A] mca_btl_self_send
  [A] mca_btl_sm_add_procs
  [A] mca_btl_sm_alloc
  [A] mca_btl_sm_component_progress
  [A] mca_btl_sm_del_procs
  [A] mca_btl_sm_dump
  [A] mca_btl_sm_finalize
  [A] mca_btl_sm_free
  [A] mca_btl_sm_ft_event
  [A] mca_btl_sm_prepare_src
  [A] mca_btl_sm_register_error_cb
  [A] mca_btl_sm_send
  [A] mca_btl_sm_sendi
  [A] mca_btl_tcp_add_procs
  [A] mca_btl_tcp_alloc
  [A] mca_btl_tcp_component_init
  [A] mca_btl_tcp_del_procs
  [A] mca_btl_tcp_endpoint_accept
  [A] mca_btl_tcp_endpoint_close
  [A] mca_btl_tcp_endpoint_send
  [A] mca_btl_tcp_finalize
  [A] mca_btl_tcp_frag_dump
  [A] mca_btl_tcp_frag_recv
  [A] mca_btl_tcp_frag_send
  [A] mca_btl_tcp_free
  [A] mca_btl_tcp_ft_event
  [A] mca_btl_tcp_get
  [A] mca_btl_tcp_prepare_dst
  [A] mca_btl_tcp_prepare_src
  [A] mca_btl_tcp_proc_accept
  [A] mca_btl_tcp_proc_create
  [A] mca_btl_tcp_proc_insert
  [A] mca_btl_tcp_proc_lookup
  [A] mca_btl_tcp_proc_remove
  [A] mca_btl_tcp_proc_tosocks
  [A] mca_btl_tcp_put
  [A] mca_btl_tcp_send
  [A] mca_btl_tcp_set_socket_options
  [A] mca_btl_vader_alloc
  [A] mca_btl_vader_frag_init
  [A] mca_btl_vader_poll_handle_frag
  [A] mca_btl_vader_send
  [A] mca_btl_vader_sendi
  [A] mca_coll_basic_allgather_intra
  [A] mca_coll_basic_allgatherv_intra
  [A] mca_coll_basic_alltoall_intra
  [A] mca_coll_basic_alltoallv_intra
  [A] mca_coll_basic_barrier_intra_lin
  [A] mca_coll_basic_bcast_lin_intra
  [A] mca_coll_basic_ft_event
  [A] mca_coll_basic_gather_intra
  [A] mca_coll_basic_reduce_lin_intra
  [A] mca_coll_basic_scatter_intra
  [A] mca_coll_hierarch_allgather_tmp
  [A] mca_coll_hierarch_allreduce_intra
  [A] mca_coll_hierarch_allreduce_tmp
  [A] mca_coll_hierarch_barrier_intra
  [A] mca_coll_hierarch_bcast_intra
  [A] mca_coll_hierarch_bcast_tmp
  [A] mca_coll_hierarch_comm_query
  [A] mca_coll_hierarch_ft_event
  [A] mca_coll_hierarch_gather_tmp
  [A] mca_coll_hierarch_get_all_lleaders
  [A] mca_coll_hierarch_get_llcomm
  [A] mca_coll_hierarch_get_llr
  [A] mca_coll_hierarch_init_query
  [A] mca_coll_hierarch_module_enable
  [A] mca_coll_hierarch_reduce_intra
  [A] mca_coll_hierarch_reduce_tmp
  [A] mca_coll_ml_abort_ml
  [A] mca_coll_ml_allgather
  [A] mca_coll_ml_allgather_nb
  [A] mca_coll_ml_alloc_buffer
  [A] mca_coll_ml_allocate_block
  [A] mca_coll_ml_allreduce
  [A] mca_coll_ml_allreduce_dispatch
  [A] mca_coll_ml_allreduce_dispatch_nb
  [A] mca_coll_ml_allreduce_hierarchy_discovery
  [A] mca_coll_ml_allreduce_matrix_init
  [A] mca_coll_ml_allreduce_nb
  [A] mca_coll_ml_barrier_intra
  [A] mca_coll_ml_bcast_sequential_root
  [A] mca_coll_ml_build_filtered_fn_table
  [A] mca_coll_ml_call_types
  [A] mca_coll_ml_check_if_bcol_is_requested
  [A] mca_coll_ml_check_if_bcol_is_used
  [A] mca_coll_ml_comm_query
  [A] mca_coll_ml_config_file_init
  [A] mca_coll_ml_free_block
  [A] mca_coll_ml_fulltree_exclude_basesmsocket_hierarchy_discovery
  [A] mca_coll_ml_fulltree_hierarchy_discovery
  [A] mca_coll_ml_fulltree_iboffload_only_hierarchy_discovery
  [A] mca_coll_ml_fulltree_ptp_only_hierarchy_discovery
  [A] mca_coll_ml_ibarrier_intra
  [A] mca_coll_ml_init_query
  [A] mca_coll_ml_initialize_block
  [A] mca_coll_ml_lmngr_alloc
  [A] mca_coll_ml_lmngr_append_nc
  [A] mca_coll_ml_lmngr_free
  [A] mca_coll_ml_lmngr_reg
  [A] mca_coll_ml_lmngr_tune
  [A] mca_coll_ml_memsync_intra
  [A] mca_coll_ml_pack_reorder_contiguous_data
  [A] mca_coll_ml_pack_reorder_noncontiguous_data
  [A] mca_coll_ml_parallel_bcast
  [A] mca_coll_ml_parallel_bcast_nb
  [A] mca_coll_ml_reduce
  [A] mca_coll_ml_reduce_nb
  [A] mca_coll_ml_register_params
  [A] mca_coll_ml_reset_config
  [A] mca_coll_ml_schedule_alloc
  [A] mca_coll_ml_schedule_init_scratch
  [A] mca_coll_ml_setup_scratch_vals
  [A] mca_coll_self_ft_event
  [A] mca_coll_sm_ft_event
  [A] mca_coll_sync_ft_event
  [A] mca_coll_tuned_ft_event
  [A] mca_common_sm_fini
  [A] mca_common_sm_init
  [A] mca_common_sm_init_group
  [A] mca_common_sm_local_proc_reorder
  [A] mca_common_sm_module_attach
  [A] mca_common_sm_module_create_and_attach
  [A] mca_common_sm_module_unlink
  [A] mca_common_sm_rml_info_bcast
  [A] mca_common_sm_seg_alloc
  [A] mca_fcoll_dynamic_file_read_all_begin
  [A] mca_fcoll_dynamic_file_read_all_end
  [A] mca_fcoll_dynamic_file_write_all_begin
  [A] mca_fcoll_dynamic_file_write_all_end
  [A] mca_fcoll_individual_file_read_all_begin
  [A] mca_fcoll_individual_file_read_all_end
  [A] mca_fcoll_individual_file_write_all_begin
  [A] mca_fcoll_individual_file_write_all_end
  [A] mca_fcoll_static_file_read_all_begin
  [A] mca_fcoll_static_file_read_all_end
  [A] mca_fcoll_static_file_write_all_begin
  [A] mca_fcoll_static_file_write_all_end
  [A] mca_fcoll_two_phase_file_read_all_begin
  [A] mca_fcoll_two_phase_file_read_all_end
  [A] mca_fcoll_two_phase_file_write_all_begin
  [A] mca_fcoll_two_phase_file_write_all_end
  [A] mca_fcoll_ylib_component_file_query
  [A] mca_fcoll_ylib_component_file_unquery
  [A] mca_fcoll_ylib_component_init_query
  [A] mca_fcoll_ylib_file_read_all
  [A] mca_fcoll_ylib_file_read_all_begin
  [A] mca_fcoll_ylib_file_read_all_end
  [A] mca_fcoll_ylib_file_write_all
  [A] mca_fcoll_ylib_file_write_all_begin
  [A] mca_fcoll_ylib_file_write_all_end
  [A] mca_fcoll_ylib_module_finalize
  [A] mca_fcoll_ylib_module_init
  [A] mca_fs_ufs_file_set_info
  [A] mca_io_ompio_datatype_is_contiguous
  [A] mca_io_ompio_decode_datatype_external
  [A] mca_io_ompio_free_f_io_array
  [A] mca_io_ompio_generate_current_file_view
  [A] mca_io_ompio_generate_io_array
  [A] mca_io_ompio_get_datatype_size
  [A] mca_io_ompio_get_f_aggregator_index
  [A] mca_io_ompio_get_f_comm
  [A] mca_io_ompio_get_f_flags
  [A] mca_io_ompio_get_f_io_array
  [A] mca_io_ompio_get_f_num_of_io_entries
  [A] mca_io_ompio_get_f_procs_in_group
  [A] mca_io_ompio_get_f_procs_per_group
  [A] mca_io_ompio_get_fcoll_dynamic_constant_cbs
  [A] mca_io_ompio_get_fcoll_dynamic_cycle_buffer_size
  [A] mca_io_ompio_get_fcoll_dynamic_num_io_procs
  [A] mca_io_ompio_get_fd
  [A] mca_io_ompio_get_iov_type
  [A] mca_io_ompio_non_contiguous_create_receive_buf
  [A] mca_io_ompio_non_contiguous_create_send_buf
  [A] mca_io_ompio_set_aggregator_props
  [A] mca_io_romio_dist_MPIR_Status_set_bytes
  [A] mca_io_romio_dist_MPI_File_close
  [A] mca_io_romio_dist_MPI_File_delete
  [A] mca_io_romio_dist_MPI_File_get_amode
  [A] mca_io_romio_dist_MPI_File_get_atomicity
  [A] mca_io_romio_dist_MPI_File_get_byte_offset
  [A] mca_io_romio_dist_MPI_File_get_group
  [A] mca_io_romio_dist_MPI_File_get_info
  [A] mca_io_romio_dist_MPI_File_get_position
  [A] mca_io_romio_dist_MPI_File_get_position_shared
  [A] mca_io_romio_dist_MPI_File_get_size
  [A] mca_io_romio_dist_MPI_File_get_type_extent
  [A] mca_io_romio_dist_MPI_File_get_view
  [A] mca_io_romio_dist_MPI_File_iread
  [A] mca_io_romio_dist_MPI_File_iread_at
  [A] mca_io_romio_dist_MPI_File_iread_shared
  [A] mca_io_romio_dist_MPI_File_iwrite
  [A] mca_io_romio_dist_MPI_File_iwrite_at
  [A] mca_io_romio_dist_MPI_File_iwrite_shared
  [A] mca_io_romio_dist_MPI_File_open
  [A] mca_io_romio_dist_MPI_File_preallocate
  [A] mca_io_romio_dist_MPI_File_read
  [A] mca_io_romio_dist_MPI_File_read_all
  [A] mca_io_romio_dist_MPI_File_read_all_begin
  [A] mca_io_romio_dist_MPI_File_read_all_end
  [A] mca_io_romio_dist_MPI_File_read_at
  [A] mca_io_romio_dist_MPI_File_read_at_all
  [A] mca_io_romio_dist_MPI_File_read_at_all_begin
  [A] mca_io_romio_dist_MPI_File_read_at_all_end
  [A] mca_io_romio_dist_MPI_File_read_ordered
  [A] mca_io_romio_dist_MPI_File_read_ordered_begin
  [A] mca_io_romio_dist_MPI_File_read_ordered_end
  [A] mca_io_romio_dist_MPI_File_read_shared
  [A] mca_io_romio_dist_MPI_File_seek
  [A] mca_io_romio_dist_MPI_File_seek_shared
  [A] mca_io_romio_dist_MPI_File_set_atomicity
  [A] mca_io_romio_dist_MPI_File_set_info
  [A] mca_io_romio_dist_MPI_File_set_size
  [A] mca_io_romio_dist_MPI_File_set_view
  [A] mca_io_romio_dist_MPI_File_sync
  [A] mca_io_romio_dist_MPI_File_write
  [A] mca_io_romio_dist_MPI_File_write_all
  [A] mca_io_romio_dist_MPI_File_write_all_begin
  [A] mca_io_romio_dist_MPI_File_write_all_end
  [A] mca_io_romio_dist_MPI_File_write_at
  [A] mca_io_romio_dist_MPI_File_write_at_all
  [A] mca_io_romio_dist_MPI_File_write_at_all_begin
  [A] mca_io_romio_dist_MPI_File_write_at_all_end
  [A] mca_io_romio_dist_MPI_File_write_ordered
  [A] mca_io_romio_dist_MPI_File_write_ordered_begin
  [A] mca_io_romio_dist_MPI_File_write_ordered_end
  [A] mca_io_romio_dist_MPI_File_write_shared
  [A] mca_io_romio_dist_MPI_Register_datarep
  [A] mca_io_romio_file_close
  [A] mca_io_romio_file_get_amode
  [A] mca_io_romio_file_get_atomicity
  [A] mca_io_romio_file_get_byte_offset
  [A] mca_io_romio_file_get_info
  [A] mca_io_romio_file_get_position
  [A] mca_io_romio_file_get_position_shared
  [A] mca_io_romio_file_get_size
  [A] mca_io_romio_file_get_type_extent
  [A] mca_io_romio_file_get_view
  [A] mca_io_romio_file_iread
  [A] mca_io_romio_file_iread_at
  [A] mca_io_romio_file_iread_shared
  [A] mca_io_romio_file_iwrite
  [A] mca_io_romio_file_iwrite_at
  [A] mca_io_romio_file_iwrite_shared
  [A] mca_io_romio_file_open
  [A] mca_io_romio_file_preallocate
  [A] mca_io_romio_file_read
  [A] mca_io_romio_file_read_all
  [A] mca_io_romio_file_read_all_begin
  [A] mca_io_romio_file_read_all_end
  [A] mca_io_romio_file_read_at
  [A] mca_io_romio_file_read_at_all
  [A] mca_io_romio_file_read_at_all_begin
  [A] mca_io_romio_file_read_at_all_end
  [A] mca_io_romio_file_read_ordered
  [A] mca_io_romio_file_read_ordered_begin
  [A] mca_io_romio_file_read_ordered_end
  [A] mca_io_romio_file_read_shared
  [A] mca_io_romio_file_seek
  [A] mca_io_romio_file_seek_shared
  [A] mca_io_romio_file_set_atomicity
  [A] mca_io_romio_file_set_info
  [A] mca_io_romio_file_set_size
  [A] mca_io_romio_file_set_view
  [A] mca_io_romio_file_sync
  [A] mca_io_romio_file_write
  [A] mca_io_romio_file_write_all
  [A] mca_io_romio_file_write_all_begin
  [A] mca_io_romio_file_write_all_end
  [A] mca_io_romio_file_write_at
  [A] mca_io_romio_file_write_at_all
  [A] mca_io_romio_file_write_at_all_begin
  [A] mca_io_romio_file_write_at_all_end
  [A] mca_io_romio_file_write_ordered
  [A] mca_io_romio_file_write_ordered_begin
  [A] mca_io_romio_file_write_ordered_end
  [A] mca_io_romio_file_write_shared
  [A] mca_mpool_base_alloc
  [A] mca_mpool_base_component_lookup
  [A] mca_mpool_base_free
  [A] mca_mpool_base_init
  [A] mca_mpool_base_mem_cb
  [A] mca_mpool_base_module_create
  [A] mca_mpool_base_module_destroy
  [A] mca_mpool_base_module_lookup
  [A] mca_mpool_base_tree_delete
  [A] mca_mpool_base_tree_find
  [A] mca_mpool_base_tree_fini
  [A] mca_mpool_base_tree_init
  [A] mca_mpool_base_tree_insert
  [A] mca_mpool_base_tree_item_get
  [A] mca_mpool_base_tree_item_put
  [A] mca_mpool_base_tree_node_compare
  [A] mca_mpool_base_tree_print
  [A] mca_mpool_grdma_alloc
  [A] mca_mpool_grdma_deregister
  [A] mca_mpool_grdma_evict
  [A] mca_mpool_grdma_finalize
  [A] mca_mpool_grdma_find
  [A] mca_mpool_grdma_free
  [A] mca_mpool_grdma_ft_event
  [A] mca_mpool_grdma_module_init
  [A] mca_mpool_grdma_realloc
  [A] mca_mpool_grdma_register
  [A] mca_mpool_grdma_release_memory
  [A] mca_mpool_sm_alloc
  [A] mca_mpool_sm_base
  [A] mca_mpool_sm_free
  [A] mca_mpool_sm_ft_event
  [A] mca_mpool_sm_module_init
  [A] mca_mpool_sm_realloc
  [A] mca_pml_base_ft_event
  [A] mca_pml_bfo_add_comm
  [A] mca_pml_bfo_add_procs
  [A] mca_pml_bfo_check_recv_ctl_completion_status
  [A] mca_pml_bfo_com_btl_comp
  [A] mca_pml_bfo_comm_init_size
  [A] mca_pml_bfo_completion_sendreq_has_error
  [A] mca_pml_bfo_del_comm
  [A] mca_pml_bfo_del_procs
  [A] mca_pml_bfo_dump
  [A] mca_pml_bfo_enable
  [A] mca_pml_bfo_error_handler
  [A] mca_pml_bfo_failover_error_handler
  [A] mca_pml_bfo_find_recvreq_eager_bml_btl
  [A] mca_pml_bfo_find_recvreq_rdma_bml_btl
  [A] mca_pml_bfo_find_sendreq_eager_bml_btl
  [A] mca_pml_bfo_find_sendreq_rdma_bml_btl
  [A] mca_pml_bfo_ft_event
  [A] mca_pml_bfo_get_request
  [A] mca_pml_bfo_improbe
  [A] mca_pml_bfo_imrecv
  [A] mca_pml_bfo_iprobe
  [A] mca_pml_bfo_irecv
  [A] mca_pml_bfo_irecv_init
  [A] mca_pml_bfo_is_duplicate_fin
  [A] mca_pml_bfo_is_duplicate_msg
  [A] mca_pml_bfo_isend
  [A] mca_pml_bfo_isend_init
  [A] mca_pml_bfo_map_out_btl
  [A] mca_pml_bfo_mprobe
  [A] mca_pml_bfo_mrecv
  [A] mca_pml_bfo_probe
  [A] mca_pml_bfo_process_pending_packets
  [A] mca_pml_bfo_process_pending_rdma
  [A] mca_pml_bfo_progress
  [A] mca_pml_bfo_rdma_btls
  [A] mca_pml_bfo_rdma_pipeline_btls
  [A] mca_pml_bfo_recv
  [A] mca_pml_bfo_recv_frag_callback_ack
  [A] mca_pml_bfo_recv_frag_callback_fin
  [A] mca_pml_bfo_recv_frag_callback_frag
  [A] mca_pml_bfo_recv_frag_callback_match
  [A] mca_pml_bfo_recv_frag_callback_put
  [A] mca_pml_bfo_recv_frag_callback_recverrnotify
  [A] mca_pml_bfo_recv_frag_callback_rget
  [A] mca_pml_bfo_recv_frag_callback_rndv
  [A] mca_pml_bfo_recv_frag_callback_rndvrestartack
  [A] mca_pml_bfo_recv_frag_callback_rndvrestartnack
  [A] mca_pml_bfo_recv_frag_callback_rndvrestartnotify
  [A] mca_pml_bfo_recv_req_start
  [A] mca_pml_bfo_recv_request_ack_send_btl
  [A] mca_pml_bfo_recv_request_get_frag
  [A] mca_pml_bfo_recv_request_matched_probe
  [A] mca_pml_bfo_recv_request_process_pending
  [A] mca_pml_bfo_recv_request_progress_frag
  [A] mca_pml_bfo_recv_request_progress_match
  [A] mca_pml_bfo_recv_request_progress_rget
  [A] mca_pml_bfo_recv_request_progress_rndv
  [A] mca_pml_bfo_recv_request_recverrnotify
  [A] mca_pml_bfo_recv_request_reset
  [A] mca_pml_bfo_recv_request_rndvrestartack
  [A] mca_pml_bfo_recv_request_rndvrestartnack
  [A] mca_pml_bfo_recv_request_schedule_once
  [A] mca_pml_bfo_recv_restart_completion
  [A] mca_pml_bfo_register_callbacks
  [A] mca_pml_bfo_repost_fin
  [A] mca_pml_bfo_repost_match_fragment
  [A] mca_pml_bfo_rndv_completion_status_error
  [A] mca_pml_bfo_rndvrestartnotify_completion
  [A] mca_pml_bfo_seg_alloc
  [A] mca_pml_bfo_seg_free
  [A] mca_pml_bfo_send
  [A] mca_pml_bfo_send_ctl_completion_status_error
  [A] mca_pml_bfo_send_fin
  [A] mca_pml_bfo_send_request_copy_in_out
  [A] mca_pml_bfo_send_request_process_pending
  [A] mca_pml_bfo_send_request_put
  [A] mca_pml_bfo_send_request_put_frag
  [A] mca_pml_bfo_send_request_restart
  [A] mca_pml_bfo_send_request_rndvrestartnotify
  [A] mca_pml_bfo_send_request_schedule_once
  [A] mca_pml_bfo_send_request_start_buffered
  [A] mca_pml_bfo_send_request_start_copy
  [A] mca_pml_bfo_send_request_start_prepare
  [A] mca_pml_bfo_send_request_start_rdma
  [A] mca_pml_bfo_send_request_start_rndv
  [A] mca_pml_bfo_start
  [A] mca_pml_bfo_update_eager_bml_btl_recv_ctl
  [A] mca_pml_bfo_update_rndv_fields
  [A] mca_pml_ob1_ft_event
  [A] mca_rcache_base_module_create
  [A] mca_rcache_vma_clean
  [A] mca_rcache_vma_delete
  [A] mca_rcache_vma_destroy
  [A] mca_rcache_vma_dump_range
  [A] mca_rcache_vma_finalize
  [A] mca_rcache_vma_find
  [A] mca_rcache_vma_find_all
  [A] mca_rcache_vma_insert
  [A] mca_rcache_vma_module_init
  [A] mca_rcache_vma_tree_delete
  [A] mca_rcache_vma_tree_dump_range
  [A] mca_rcache_vma_tree_finalize
  [A] mca_rcache_vma_tree_find
  [A] mca_rcache_vma_tree_find_all
  [A] mca_rcache_vma_tree_init
  [A] mca_rcache_vma_tree_insert
  [A] mca_sbgp_base_init
  [A] mca_select_bcol_function
  [A] ml_coll_barrier_constant_group_data_setup
  [A] ml_coll_hier_allgather_cleanup
  [A] ml_coll_hier_allgather_setup
  [A] ml_coll_hier_allreduce_cleanup_new
  [A] ml_coll_hier_allreduce_setup
  [A] ml_coll_hier_allreduce_setup_new
  [A] ml_coll_hier_barrier_setup
  [A] ml_coll_hier_bcast_cleanup
  [A] ml_coll_hier_bcast_setup
  [A] ml_coll_hier_reduce_cleanup
  [A] ml_coll_hier_reduce_setup
  [A] ml_coll_memsync_setup
  [A] ml_coll_schedule_setup
  [A] ml_coll_up_and_down_hier_setup
  [A] ompi_coll_tuned_allgather_intra_basic_linear
  [A] ompi_coll_tuned_allgather_intra_bruck
  [A] ompi_coll_tuned_allgather_intra_neighborexchange
  [A] ompi_coll_tuned_allgather_intra_recursivedoubling
  [A] ompi_coll_tuned_allgather_intra_ring
  [A] ompi_coll_tuned_allgather_intra_two_procs
  [A] ompi_coll_tuned_allgatherv_intra_basic_default
  [A] ompi_coll_tuned_allgatherv_intra_bruck
  [A] ompi_coll_tuned_allgatherv_intra_neighborexchange
  [A] ompi_coll_tuned_allgatherv_intra_ring
  [A] ompi_coll_tuned_allgatherv_intra_two_procs
  [A] ompi_coll_tuned_allreduce_intra_basic_linear
  [A] ompi_coll_tuned_allreduce_intra_nonoverlapping
  [A] ompi_coll_tuned_allreduce_intra_recursivedoubling
  [A] ompi_coll_tuned_allreduce_intra_ring
  [A] ompi_coll_tuned_allreduce_intra_ring_segmented
  [A] ompi_coll_tuned_alltoall_intra_basic_linear
  [A] ompi_coll_tuned_alltoall_intra_bruck
  [A] ompi_coll_tuned_alltoall_intra_linear_sync
  [A] ompi_coll_tuned_alltoall_intra_pairwise
  [A] ompi_coll_tuned_alltoall_intra_two_procs
  [A] ompi_coll_tuned_alltoallv_intra_basic_linear
  [A] ompi_coll_tuned_alltoallv_intra_pairwise
  [A] ompi_coll_tuned_barrier_intra_bruck
  [A] ompi_coll_tuned_barrier_intra_doublering
  [A] ompi_coll_tuned_barrier_intra_recursivedoubling
  [A] ompi_coll_tuned_barrier_intra_tree
  [A] ompi_coll_tuned_barrier_intra_two_procs
  [A] ompi_coll_tuned_bcast_intra_basic_linear
  [A] ompi_coll_tuned_bcast_intra_binomial
  [A] ompi_coll_tuned_bcast_intra_bintree
  [A] ompi_coll_tuned_bcast_intra_chain
  [A] ompi_coll_tuned_bcast_intra_generic
  [A] ompi_coll_tuned_bcast_intra_pipeline
  [A] ompi_coll_tuned_bcast_intra_split_bintree
  [A] ompi_coll_tuned_gather_intra_basic_linear
  [A] ompi_coll_tuned_gather_intra_binomial
  [A] ompi_coll_tuned_gather_intra_linear_sync
  [A] ompi_coll_tuned_reduce_generic
  [A] ompi_coll_tuned_reduce_intra_basic_linear
  [A] ompi_coll_tuned_reduce_intra_binary
  [A] ompi_coll_tuned_reduce_intra_binomial
  [A] ompi_coll_tuned_reduce_intra_chain
  [A] ompi_coll_tuned_reduce_intra_in_order_binary
  [A] ompi_coll_tuned_reduce_intra_pipeline
  [A] ompi_coll_tuned_reduce_scatter_intra_basic_recursivehalving
  [A] ompi_coll_tuned_reduce_scatter_intra_nonoverlapping
  [A] ompi_coll_tuned_reduce_scatter_intra_ring
  [A] ompi_coll_tuned_scatter_intra_basic_linear
  [A] ompi_coll_tuned_scatter_intra_binomial
  [A] ompi_coll_tuned_sendrecv_nonzero_actual
  [A] ompi_coll_tuned_topo_build_bmtree
  [A] ompi_coll_tuned_topo_build_chain
  [A] ompi_coll_tuned_topo_build_in_order_bintree
  [A] ompi_coll_tuned_topo_build_in_order_bmtree
  [A] ompi_coll_tuned_topo_build_tree
  [A] ompi_coll_tuned_topo_destroy_tree
  [A] ompi_coll_tuned_topo_dump_tree
  [A] ompi_comm_link_function
  [A] ompi_comm_reg_finalize
  [A] ompi_comm_reg_init
  [A] ompi_cr_coord
  [A] ompi_cr_finalize
  [A] ompi_cr_init
  [A] ompi_crcp_base_module_finalize
  [A] ompi_crcp_base_module_init
  [A] ompi_crcp_base_none_btl_add_procs
  [A] ompi_crcp_base_none_btl_alloc
  [A] ompi_crcp_base_none_btl_del_procs
  [A] ompi_crcp_base_none_btl_dump
  [A] ompi_crcp_base_none_btl_finalize
  [A] ompi_crcp_base_none_btl_free
  [A] ompi_crcp_base_none_btl_ft_event
  [A] ompi_crcp_base_none_btl_get
  [A] ompi_crcp_base_none_btl_prepare_dst
  [A] ompi_crcp_base_none_btl_prepare_src
  [A] ompi_crcp_base_none_btl_put
  [A] ompi_crcp_base_none_btl_register
  [A] ompi_crcp_base_none_btl_send
  [A] ompi_crcp_base_none_close
  [A] ompi_crcp_base_none_open
  [A] ompi_crcp_base_none_pml_add_comm
  [A] ompi_crcp_base_none_pml_add_procs
  [A] ompi_crcp_base_none_pml_del_comm
  [A] ompi_crcp_base_none_pml_del_procs
  [A] ompi_crcp_base_none_pml_dump
  [A] ompi_crcp_base_none_pml_enable
  [A] ompi_crcp_base_none_pml_ft_event
  [A] ompi_crcp_base_none_pml_iprobe
  [A] ompi_crcp_base_none_pml_irecv
  [A] ompi_crcp_base_none_pml_irecv_init
  [A] ompi_crcp_base_none_pml_isend
  [A] ompi_crcp_base_none_pml_isend_init
  [A] ompi_crcp_base_none_pml_probe
  [A] ompi_crcp_base_none_pml_progress
  [A] ompi_crcp_base_none_pml_recv
  [A] ompi_crcp_base_none_pml_send
  [A] ompi_crcp_base_none_pml_start
  [A] ompi_crcp_base_none_query
  [A] ompi_crcp_base_none_quiesce_end
  [A] ompi_crcp_base_none_quiesce_start
  [A] ompi_crcp_base_none_request_complete
  [A] ompi_crcp_base_quiesce_end
  [A] ompi_crcp_base_quiesce_start
  [A] ompi_crcp_base_select
  [A] ompi_dpm_base_disconnect_init
  [A] ompi_dpm_base_disconnect_waitall
  [A] ompi_dpm_base_dyn_finalize
  [A] ompi_dpm_base_dyn_init
  [A] ompi_dpm_base_mark_dyncomm
  [A] ompi_dpm_base_null_close_port
  [A] ompi_dpm_base_null_connect_accept
  [A] ompi_dpm_base_null_disconnect
  [A] ompi_dpm_base_null_dyn_finalize
  [A] ompi_dpm_base_null_dyn_init
  [A] ompi_dpm_base_null_mark_dyncomm
  [A] ompi_dpm_base_null_open_port
  [A] ompi_dpm_base_null_parse_port
  [A] ompi_dpm_base_null_route_to_port
  [A] ompi_dpm_base_null_spawn
  [A] ompi_dpm_base_select
  [A] ompi_free_list_grow
  [A] ompi_free_list_init_ex
  [A] ompi_free_list_init_ex_new
  [A] ompi_free_list_resize_mt
  [A] ompi_group_get_proc_ptr
  [A] ompi_modex_recv
  [A] ompi_modex_recv_key_value
  [A] ompi_modex_recv_pointer
  [A] ompi_modex_recv_string
  [A] ompi_modex_recv_string_pointer
  [A] ompi_modex_send
  [A] ompi_modex_send_key_value
  [A] ompi_modex_send_string
  [A] ompi_osc_pt2pt_component_isend
  [A] ompi_proc_set_locality
  [A] ompi_pubsub_base_null_lookup
  [A] ompi_pubsub_base_null_publish
  [A] ompi_pubsub_base_null_unpublish
  [A] ompi_pubsub_base_select
  [A] ompi_rb_tree_construct
  [A] ompi_rb_tree_delete
  [A] ompi_rb_tree_destroy
  [A] ompi_rb_tree_destruct
  [A] ompi_rb_tree_find_with
  [A] ompi_rb_tree_init
  [A] ompi_rb_tree_insert
  [A] ompi_rb_tree_size
  [A] ompi_rb_tree_traverse
  [A] ompi_rte_db_fetch
  [A] ompi_rte_db_fetch_multiple
  [A] ompi_rte_db_fetch_pointer
  [A] ompi_rte_db_remove
  [A] ompi_rte_db_store
  [A] ompi_rte_modex
  [A] ompi_warn_fork
  [A] ompio_io_ompio_file_read_at_all_begin
  [A] ompio_io_ompio_file_read_at_all_end
  [A] ompio_io_ompio_file_write_at_all_begin
  [A] ompio_io_ompio_file_write_at_all_end
  [A] pow_k_calc
  [A] pow_sm_k

49 Removed variable symbols not referenced by debug info:

  [D] NBC_Schedule_class
  [D] coll_base_allgatherv_algorithms
  [D] fbtl_posix_max_aio_active_reqs
  [D] libnbc_ibcast_skip_dt_decision
  [D] mca_bml_lock
  [D] mca_coll_base_comm_t_class
  [D] mca_fcoll_dynamic_gen2_component
  [D] mca_fcoll_dynamic_gen2_component_version_string
  [D] mca_fcoll_dynamic_gen2_num_groups
  [D] mca_fcoll_dynamic_gen2_priority
  [D] mca_fcoll_dynamic_gen2_write_chunksize
  [D] mca_io_ompio_grouping_option
  [D] mca_io_ompio_num_aggregators
  [D] mca_io_ompio_progress_is_registered
  [D] mca_io_romio314_component
  [D] mca_io_romio314_component_version_string
  [D] mca_io_romio314_module
  [D] mca_io_romio314_mutex
  [D] mca_ompio_request_t_class
  [D] mca_osc_rdma_component
  [D] mca_pml_bsend_addr
  [D] mca_pml_bsend_base
  [D] mca_pml_bsend_userbase
  [D] mca_pml_ob1_comm_proc_t_class
  [D] mca_pml_ob1_matching_protection
  [D] mca_topo_base_comm_cart_2_2_0_t_class
  [D] mca_topo_base_comm_dist_graph_2_2_0_t_class
  [D] mca_topo_base_comm_graph_2_2_0_t_class
  [D] ompi_add_procs_cutoff
  [D] ompi_comm_allreduce_context_t_class
  [D] ompi_comm_cid_context_t_class
  [D] ompi_comm_idup_with_info_context_t_class
  [D] ompi_enable_timing_ext
  [D] ompi_mpi_bootstrap_mutex
  [D] ompi_mpi_dynamics_enabled
  [D] ompi_osc_pt2pt_receive_t_class
  [D] ompi_osc_pt2pt_sync_t_class
  [D] ompi_osc_rdma_aggregation_t_class
  [D] ompi_osc_rdma_frag_t_class
  [D] ompi_osc_rdma_module_rdma_template
  [D] ompi_osc_rdma_peer_basic_t_class
  [D] ompi_osc_rdma_peer_dynamic_t_class
  [D] ompi_osc_rdma_peer_extended_t_class
  [D] ompi_osc_rdma_peer_t_class
  [D] ompi_osc_rdma_request_t_class
  [D] ompi_osc_rdma_sync_t_class
  [D] ompi_rte_initialized
  [D] ompi_win_accumulate_ops
  [D] ompi_win_accumulate_order

302 Added variable symbols not referenced by debug info:

  [A] MPI_FORTRAN_ARGVS_NULL
  [A] MPI_FORTRAN_ARGV_NULL
  [A] MPI_FORTRAN_BOTTOM
  [A] MPI_FORTRAN_ERRCODES_IGNORE
  [A] MPI_FORTRAN_IN_PLACE
  [A] MPI_FORTRAN_STATUSES_IGNORE
  [A] MPI_FORTRAN_STATUS_IGNORE
  [A] MPI_FORTRAN_UNWEIGHTED
  [A] MPI_FORTRAN_WEIGHTS_EMPTY
  [A] bcast_algorithms
  [A] bcol_base_network_context_t_class
  [A] bcol_basesmuma_smcm_mmap_t_class
  [A] bcol_basesmuma_smcm_proc_item_t_class
  [A] bcol_mpool_compatibility
  [A] bcol_mpool_index
  [A] coll_ml_config_parse_done
  [A] coll_ml_config_string
  [A] coll_ml_config_yy_flex_debug
  [A] coll_ml_config_yyin
  [A] coll_ml_config_yyleng
  [A] coll_ml_config_yylineno
  [A] coll_ml_config_yynewlines
  [A] coll_ml_config_yyout
  [A] coll_ml_config_yytext
  [A] fragmentation_enable_enum
  [A] initted
  [A] list_data_t_class
  [A] mca_allocator_base_static_components
  [A] mca_allocator_basic_component
  [A] mca_allocator_basic_segment_t_class
  [A] mca_allocator_bucket_component
  [A] mca_bcol_base_coll_fn_desc_t_class
  [A] mca_bcol_base_components_in_use
  [A] mca_bcol_base_lmngr_block_t_class
  [A] mca_bcol_base_module_t_class
  [A] mca_bcol_base_static_components
  [A] mca_bcol_basesmuma_component
  [A] mca_bcol_basesmuma_component_version_string
  [A] mca_bcol_basesmuma_module_t_class
  [A] mca_bcol_ptpcoll_collreq_t_class
  [A] mca_bcol_ptpcoll_component
  [A] mca_bcol_ptpcoll_component_version_string
  [A] mca_bcol_ptpcoll_module_t_class
  [A] mca_btl_base_active_message_trigger
  [A] mca_btl_base_descriptor_t_class
  [A] mca_btl_base_exclude
  [A] mca_btl_base_include
  [A] mca_btl_base_modules_initialized
  [A] mca_btl_base_selected_module_t_class
  [A] mca_btl_base_static_components
  [A] mca_btl_base_thread_multiple_override
  [A] mca_btl_base_verbose
  [A] mca_btl_base_warn_component_unused
  [A] mca_btl_self
  [A] mca_btl_self_component
  [A] mca_btl_self_frag_eager_t_class
  [A] mca_btl_self_frag_rdma_t_class
  [A] mca_btl_self_frag_send_t_class
  [A] mca_btl_sm
  [A] mca_btl_sm_component
  [A] mca_btl_sm_frag1_t_class
  [A] mca_btl_sm_frag2_t_class
  [A] mca_btl_sm_user_t_class
  [A] mca_btl_tcp_component
  [A] mca_btl_tcp_endpoint_t_class
  [A] mca_btl_tcp_event_t_class
  [A] mca_btl_tcp_frag_eager_t_class
  [A] mca_btl_tcp_frag_max_t_class
  [A] mca_btl_tcp_frag_t_class
  [A] mca_btl_tcp_frag_user_t_class
  [A] mca_btl_tcp_module
  [A] mca_btl_tcp_proc_t_class
  [A] mca_btl_vader
  [A] mca_btl_vader_component
  [A] mca_btl_vader_endpoint_t_class
  [A] mca_btl_vader_frag_t_class
  [A] mca_coll_hierarch_bcast_alg_param
  [A] mca_coll_hierarch_component
  [A] mca_coll_hierarch_component_version_string
  [A] mca_coll_hierarch_detection_alg_param
  [A] mca_coll_hierarch_ignore_sm_param
  [A] mca_coll_hierarch_module_t_class
  [A] mca_coll_hierarch_priority_param
  [A] mca_coll_hierarch_segsize_param
  [A] mca_coll_hierarch_use_rdma_param
  [A] mca_coll_hierarch_verbose_param
  [A] mca_coll_ml_bcol_list_item_t_class
  [A] mca_coll_ml_collective_operation_progress_t_class
  [A] mca_coll_ml_component
  [A] mca_coll_ml_component_version_string
  [A] mca_coll_ml_descriptor_t_class
  [A] mca_coll_ml_fragment_t_class
  [A] mca_coll_ml_lmngr_t_class
  [A] mca_coll_ml_module_t_class
  [A] mca_common_sm_module_t_class
  [A] mca_crcp_base_static_components
  [A] mca_dpm_base_static_components
  [A] mca_dpm_orte_component
  [A] mca_fcoll_dynamic_constant_cbs
  [A] mca_fcoll_dynamic_cycle_buffer_size
  [A] mca_fcoll_dynamic_num_io_procs
  [A] mca_fcoll_individual_constant_cbs
  [A] mca_fcoll_individual_cycle_buffer_size
  [A] mca_fcoll_static_constant_cbs
  [A] mca_fcoll_static_cycle_buffer_size
  [A] mca_fcoll_static_num_io_procs
  [A] mca_fcoll_two_phase_constant_cbs
  [A] mca_fcoll_two_phase_cycle_buffer_size
  [A] mca_fcoll_two_phase_num_io_procs
  [A] mca_fcoll_ylib_blocks_per_cycle
  [A] mca_fcoll_ylib_component
  [A] mca_fcoll_ylib_component_version_string
  [A] mca_fcoll_ylib_num_io_procs
  [A] mca_fcoll_ylib_priority
  [A] mca_fcoll_ylib_stripe_size
  [A] mca_io_romio_component
  [A] mca_io_romio_component_version_string
  [A] mca_io_romio_module
  [A] mca_io_romio_mutex
  [A] mca_mpool_base_modules
  [A] mca_mpool_base_page_size
  [A] mca_mpool_base_page_size_log
  [A] mca_mpool_base_registration_t_class
  [A] mca_mpool_base_selected_module_t_class
  [A] mca_mpool_base_static_components
  [A] mca_mpool_base_tree
  [A] mca_mpool_base_tree_item_free_list
  [A] mca_mpool_base_tree_item_t_class
  [A] mca_mpool_base_used_mem_hooks
  [A] mca_mpool_grdma_component
  [A] mca_mpool_grdma_pool_t_class
  [A] mca_mpool_sm_component
  [A] mca_pml_bfo
  [A] mca_pml_bfo_buffer_t_class
  [A] mca_pml_bfo_comm_t_class
  [A] mca_pml_bfo_component
  [A] mca_pml_bfo_output
  [A] mca_pml_bfo_pckt_pending_t_class
  [A] mca_pml_bfo_rdma_frag_t_class
  [A] mca_pml_bfo_recv_frag_t_class
  [A] mca_pml_bfo_recv_request_t_class
  [A] mca_pml_bfo_send_range_t_class
  [A] mca_pml_bfo_send_request_t_class
  [A] mca_pubsub_base_static_components
  [A] mca_pubsub_orte_component
  [A] mca_rcache_base_modules
  [A] mca_rcache_base_selected_module_t_class
  [A] mca_rcache_base_static_components
  [A] mca_rcache_vma_component
  [A] mca_rcache_vma_reg_list_item_t_class
  [A] mca_rcache_vma_t_class
  [A] mca_sbgp_base_components_in_use
  [A] mca_sbgp_base_components_in_use_inited
  [A] mca_sbgp_base_module_t_class
  [A] mca_sbgp_base_static_components
  [A] mca_sbgp_basesmsocket_component
  [A] mca_sbgp_basesmsocket_component_version_string
  [A] mca_sbgp_basesmsocket_module_t_class
  [A] mca_sbgp_basesmuma_component
  [A] mca_sbgp_basesmuma_component_version_string
  [A] mca_sbgp_basesmuma_module_t_class
  [A] mca_sbgp_p2p_component
  [A] mca_sbgp_p2p_component_version_string
  [A] mca_sbgp_p2p_module_t_class
  [A] memory_buffer_index
  [A] mpi_fortran_argv_null
  [A] mpi_fortran_argv_null__
  [A] mpi_fortran_argvs_null
  [A] mpi_fortran_argvs_null__
  [A] mpi_fortran_bottom
  [A] mpi_fortran_bottom__
  [A] mpi_fortran_errcodes_ignore
  [A] mpi_fortran_errcodes_ignore__
  [A] mpi_fortran_in_place
  [A] mpi_fortran_in_place__
  [A] mpi_fortran_status_ignore
  [A] mpi_fortran_status_ignore__
  [A] mpi_fortran_statuses_ignore
  [A] mpi_fortran_statuses_ignore__
  [A] mpi_fortran_unweighted
  [A] mpi_fortran_unweighted__
  [A] mpi_fortran_weights_empty
  [A] mpi_fortran_weights_empty__
  [A] ompi_allocator_base_framework
  [A] ompi_bcol_base_framework
  [A] ompi_bcol_bcols_string
  [A] ompi_btl_base_framework
  [A] ompi_coll_tuned_preallocate_memory_comm_size_limit
  [A] ompi_comm_reg_t_class
  [A] ompi_comm_request_mutex
  [A] ompi_comm_requests
  [A] ompi_comm_requests_active
  [A] ompi_cr_output
  [A] ompi_cr_verbosity
  [A] ompi_crcp
  [A] ompi_crcp_base_btl_state_t_class
  [A] ompi_crcp_base_framework
  [A] ompi_crcp_base_pml_state_t_class
  [A] ompi_crcp_base_selected_component
  [A] ompi_dpm
  [A] ompi_dpm_base_framework
  [A] ompi_dpm_base_selected_component
  [A] ompi_dpm_orte_module
  [A] ompi_err_access
  [A] ompi_err_amode
  [A] ompi_err_arg
  [A] ompi_err_assert
  [A] ompi_err_bad_file
  [A] ompi_err_base
  [A] ompi_err_buffer
  [A] ompi_err_comm
  [A] ompi_err_conversion
  [A] ompi_err_count
  [A] ompi_err_dims
  [A] ompi_err_disp
  [A] ompi_err_dup_datarep
  [A] ompi_err_file
  [A] ompi_err_file_exists
  [A] ompi_err_file_in_use
  [A] ompi_err_group
  [A] ompi_err_in_status
  [A] ompi_err_info
  [A] ompi_err_info_key
  [A] ompi_err_info_nokey
  [A] ompi_err_info_value
  [A] ompi_err_intern
  [A] ompi_err_io
  [A] ompi_err_keyval
  [A] ompi_err_locktype
  [A] ompi_err_name
  [A] ompi_err_no_mem
  [A] ompi_err_no_space
  [A] ompi_err_no_such_file
  [A] ompi_err_not_same
  [A] ompi_err_op
  [A] ompi_err_other
  [A] ompi_err_pending
  [A] ompi_err_port
  [A] ompi_err_quota
  [A] ompi_err_rank
  [A] ompi_err_read_only
  [A] ompi_err_request
  [A] ompi_err_rma_attach
  [A] ompi_err_rma_conflict
  [A] ompi_err_rma_flavor
  [A] ompi_err_rma_range
  [A] ompi_err_rma_shared
  [A] ompi_err_rma_sync
  [A] ompi_err_root
  [A] ompi_err_service
  [A] ompi_err_size
  [A] ompi_err_spawn
  [A] ompi_err_tag
  [A] ompi_err_topology
  [A] ompi_err_truncate
  [A] ompi_err_type
  [A] ompi_err_unsupported_datarep
  [A] ompi_err_unsupported_operation
  [A] ompi_err_win
  [A] ompi_free_list_item_t_class
  [A] ompi_free_list_t_class
  [A] ompi_hostname_cutoff
  [A] ompi_mpi_built_with_cuda_support
  [A] ompi_mpi_cuda_support
  [A] ompi_mpi_leave_pinned
  [A] ompi_mpi_leave_pinned_pipeline
  [A] ompi_mpool_base_framework
  [A] ompi_osc_pt2pt_outstanding_lock_t_class
  [A] ompi_osc_pt2pt_pending_post_t_class
  [A] ompi_pubsub
  [A] ompi_pubsub_base_framework
  [A] ompi_pubsub_orte_module
  [A] ompi_rb_tree_node_t_class
  [A] ompi_rb_tree_t_class
  [A] ompi_rcache_base_framework
  [A] ompi_request_completed
  [A] ompi_request_cond
  [A] ompi_request_failed
  [A] ompi_request_lock
  [A] ompi_request_waiting
  [A] ompi_rte_orte_direct_modex
  [A] ompi_sbgp_base_framework
  [A] ompi_sbgp_subgroups_string
  [A] ompi_success
  [A] ompi_t_err_cannot_init
  [A] ompi_t_err_cvar_set_never
  [A] ompi_t_err_cvar_set_not_now
  [A] ompi_t_err_invalid
  [A] ompi_t_err_invalid_handle
  [A] ompi_t_err_invalid_index
  [A] ompi_t_err_invalid_item
  [A] ompi_t_err_invalid_name
  [A] ompi_t_err_invalid_session
  [A] ompi_t_err_memory
  [A] ompi_t_err_not_initialized
  [A] ompi_t_err_out_of_handles
  [A] ompi_t_err_out_of_sessions
  [A] ompi_t_err_pvar_no_atomic
  [A] ompi_t_err_pvar_no_startstop
  [A] ompi_t_err_pvar_no_write
  [A] ompi_warn_on_fork
  [A] sbgp_base_component_keyval_t_class

