ELF SONAME changed
Functions changes summary: 0 Removed, 0 Changed, 2 Added functions
Variables changes summary: 0 Removed, 0 Changed (13 filtered out), 3 Added variables
Function symbols changes summary: 704 Removed, 257 Added function symbols not referenced by debug info
Variable symbols changes summary: 73 Removed, 33 Added variable symbols not referenced by debug info

SONAME changed from 'libmpi.so.40' to 'libmpi.so.20'

2 Added functions:

  [A] 'function void* MPIR_Breakpoint()'    {MPIR_Breakpoint}
  [A] 'function void ompi_debugger_notify_abort(char*)'    {ompi_debugger_notify_abort}

3 Added variables:

  [A] 'volatile int MPIR_being_debugged'    {MPIR_being_debugged}
  [A] 'char* MPIR_debug_abort_string'    {MPIR_debug_abort_string}
  [A] 'volatile int MPIR_debug_state'    {MPIR_debug_state}

704 Removed function symbols not referenced by debug info:

  [D] ADIOI_Fill_send_buffer
  [D] ADIOI_Fill_user_buffer
  [D] ADIOI_Flatten_and_find
  [D] ADIOI_Icalc_others_req
  [D] ADIOI_Icalc_others_req_fini
  [D] ADIOI_Icalc_others_req_main
  [D] ADIOI_OneSidedCleanup
  [D] ADIOI_OneSidedReadAggregation
  [D] ADIOI_OneSidedWriteAggregation
  [D] ADIOI_Type_get_contents
  [D] ADIOI_Type_get_envelope
  [D] MPIOI_File_iread_all
  [D] MPIOI_File_iwrite_all
  [D] MPIX_Allgather_init
  [D] MPIX_Allgatherv_init
  [D] MPIX_Allreduce_init
  [D] MPIX_Alltoall_init, aliases PMPIX_Alltoall_init
  [D] MPIX_Alltoallv_init
  [D] MPIX_Alltoallw_init
  [D] MPIX_Barrier_init, aliases PMPIX_Barrier_init
  [D] MPIX_Bcast_init
  [D] MPIX_Exscan_init
  [D] MPIX_Gather_init
  [D] MPIX_Gatherv_init
  [D] MPIX_Neighbor_allgather_init
  [D] MPIX_Neighbor_allgatherv_init
  [D] MPIX_Neighbor_alltoall_init
  [D] MPIX_Neighbor_alltoallv_init
  [D] MPIX_Neighbor_alltoallw_init
  [D] MPIX_Reduce_init
  [D] MPIX_Reduce_scatter_block_init
  [D] MPIX_Reduce_scatter_init
  [D] MPIX_Scan_init, aliases PMPIX_Scan_init
  [D] MPIX_Scatter_init
  [D] MPIX_Scatterv_init
  [D] NBC_Sched_local_recv
  [D] NBC_Sched_local_send
  [D] NBC_Schedule_request
  [D] PMPIX_Allgather_init, aliases MPIX_Allgather_init
  [D] PMPIX_Allgatherv_init, aliases MPIX_Allgatherv_init
  [D] PMPIX_Allreduce_init, aliases MPIX_Allreduce_init
  [D] PMPIX_Alltoall_init
  [D] PMPIX_Alltoallv_init, aliases MPIX_Alltoallv_init
  [D] PMPIX_Alltoallw_init, aliases MPIX_Alltoallw_init
  [D] PMPIX_Barrier_init
  [D] PMPIX_Bcast_init, aliases MPIX_Bcast_init
  [D] PMPIX_Exscan_init, aliases MPIX_Exscan_init
  [D] PMPIX_Gather_init, aliases MPIX_Gather_init
  [D] PMPIX_Gatherv_init, aliases MPIX_Gatherv_init
  [D] PMPIX_Neighbor_allgather_init, aliases MPIX_Neighbor_allgather_init
  [D] PMPIX_Neighbor_allgatherv_init, aliases MPIX_Neighbor_allgatherv_init
  [D] PMPIX_Neighbor_alltoall_init, aliases MPIX_Neighbor_alltoall_init
  [D] PMPIX_Neighbor_alltoallv_init, aliases MPIX_Neighbor_alltoallv_init
  [D] PMPIX_Neighbor_alltoallw_init, aliases MPIX_Neighbor_alltoallw_init
  [D] PMPIX_Reduce_init, aliases MPIX_Reduce_init
  [D] PMPIX_Reduce_scatter_block_init, aliases MPIX_Reduce_scatter_block_init
  [D] PMPIX_Reduce_scatter_init, aliases MPIX_Reduce_scatter_init
  [D] PMPIX_Scan_init
  [D] PMPIX_Scatter_init, aliases MPIX_Scatter_init
  [D] PMPIX_Scatterv_init, aliases MPIX_Scatterv_init
  [D] PQ_adjustElementKey
  [D] PQ_adjustKey
  [D] PQ_decreaseElementKey
  [D] PQ_decreaseKey
  [D] PQ_delete
  [D] PQ_deleteElement
  [D] PQ_deleteMax
  [D] PQ_deleteMaxElement
  [D] PQ_exit
  [D] PQ_findMaxElement
  [D] PQ_findMaxKey
  [D] PQ_free
  [D] PQ_increaseElementKey
  [D] PQ_increaseKey
  [D] PQ_init
  [D] PQ_insert
  [D] PQ_insertElement
  [D] PQ_isEmpty
  [D] add_edge_3
  [D] add_to_bucket
  [D] add_to_list
  [D] adjacency_asc
  [D] adjacency_dsc
  [D] aggregate_obj_weight
  [D] algo
  [D] allocate_vertex
  [D] allocate_vertex2
  [D] append_frag_to_ordered_list
  [D] balancing
  [D] bottom_up_build_tree_from_topology
  [D] bucket_grouping
  [D] bucket_id
  [D] build_cost_matrix
  [D] build_level_topology
  [D] build_p_vector
  [D] build_synthetic_proc_id
  [D] built_pivot_tree
  [D] check_bucket
  [D] check_cantmatch_for_match
  [D] check_constraints
  [D] choose
  [D] clone_tree
  [D] complete_aff_mat
  [D] complete_obj_weight
  [D] complete_tab_node
  [D] compute_gain
  [D] compute_nb_leaves_from_level
  [D] compute_weighted_degree
  [D] create_dumb_tree
  [D] create_work
  [D] delete_group_list
  [D] depth_first
  [D] destruction
  [D] dfs
  [D] display_bucket
  [D] display_bucket_list
  [D] display_grouping
  [D] display_node
  [D] display_pivots
  [D] display_selection
  [D] display_sol
  [D] display_sol_sum_com
  [D] display_tab
  [D] display_tab_group
  [D] distance
  [D] eval_cost
  [D] eval_cost2
  [D] eval_grouping
  [D] eval_sol
  [D] exchange
  [D] fast_group
  [D] fast_grouping
  [D] fiboTreeConsolidate
  [D] fiboTreeDel
  [D] fiboTreeExit
  [D] fiboTreeFree
  [D] fiboTreeInit
  [D] fiboTreeMin
  [D] fill_buckets
  [D] fill_tab
  [D] free_affinity_mat
  [D] free_bucket
  [D] free_bucket_list
  [D] free_const_tab
  [D] free_constraint_tree
  [D] free_list_child
  [D] free_non_constraint_tree
  [D] free_tab_bucket
  [D] free_tab_child
  [D] free_tab_com_mat
  [D] free_tab_double
  [D] free_tab_int
  [D] free_tab_local_vertices
  [D] gain_exchange
  [D] generate_random_sol
  [D] genrand_int31
  [D] genrand_int32
  [D] genrand_real1
  [D] genrand_real2
  [D] genrand_real3
  [D] genrand_res53
  [D] get_local_topo_with_hwloc
  [D] get_nb_threads
  [D] get_time
  [D] group_list_asc
  [D] group_list_dsc
  [D] group_list_id
  [D] group_nodes
  [D] hash_asc
  [D] hwloc_to_tm
  [D] in_tab
  [D] independent_groups
  [D] independent_tab
  [D] init_by_array
  [D] init_genrand
  [D] init_mat
  [D] initialization
  [D] intCIV_exit
  [D] intCIV_get
  [D] intCIV_init
  [D] intCIV_isInitialized
  [D] intCIV_set
  [D] int_cmp_inc
  [D] is_power_of_2
  [D] kPartitioning
  [D] kpartition
  [D] kpartition_build_level_topology
  [D] kpartition_build_tree_from_topology
  [D] kpartition_greedy
  [D] kpartition_greedy2
  [D] list_all_possible_groups
  [D] list_to_tab
  [D] map_MPIPP
  [D] map_Packed
  [D] map_RR
  [D] map_topology
  [D] mca_bml_base_ft_event
  [D] mca_bml_r2_ft_event
  [D] mca_coll_base_reduce_local
  [D] mca_coll_basic_ft_event
  [D] mca_coll_self_ft_event
  [D] mca_coll_sm_ft_event
  [D] mca_coll_sync_bcast
  [D] mca_coll_sync_comm_query
  [D] mca_coll_sync_exscan
  [D] mca_coll_sync_ft_event
  [D] mca_coll_sync_gather
  [D] mca_coll_sync_gatherv
  [D] mca_coll_sync_init_query
  [D] mca_coll_sync_module_enable
  [D] mca_coll_sync_reduce
  [D] mca_coll_sync_reduce_scatter
  [D] mca_coll_sync_scan
  [D] mca_coll_sync_scatter
  [D] mca_coll_sync_scatterv
  [D] mca_coll_tuned_ft_event
  [D] mca_common_monitoring_add_procs
  [D] mca_common_monitoring_coll_a2a
  [D] mca_common_monitoring_coll_a2o
  [D] mca_common_monitoring_coll_cache_name
  [D] mca_common_monitoring_coll_finalize
  [D] mca_common_monitoring_coll_flush
  [D] mca_common_monitoring_coll_flush_all
  [D] mca_common_monitoring_coll_get_a2a_count
  [D] mca_common_monitoring_coll_get_a2a_size
  [D] mca_common_monitoring_coll_get_a2o_count
  [D] mca_common_monitoring_coll_get_a2o_size
  [D] mca_common_monitoring_coll_get_o2a_count
  [D] mca_common_monitoring_coll_get_o2a_size
  [D] mca_common_monitoring_coll_messages_notify
  [D] mca_common_monitoring_coll_new
  [D] mca_common_monitoring_coll_o2a
  [D] mca_common_monitoring_coll_release
  [D] mca_common_monitoring_coll_reset
  [D] mca_common_monitoring_finalize
  [D] mca_common_monitoring_init
  [D] mca_common_monitoring_record_coll
  [D] mca_common_monitoring_record_osc
  [D] mca_common_monitoring_record_pml
  [D] mca_common_monitoring_register
  [D] mca_common_ompio_build_io_array
  [D] mca_common_ompio_cart_based_grouping
  [D] mca_common_ompio_create_groups
  [D] mca_common_ompio_create_incomplete_file_handle
  [D] mca_common_ompio_decode_datatype
  [D] mca_common_ompio_empty_print_queue
  [D] mca_common_ompio_file_close
  [D] mca_common_ompio_file_delete
  [D] mca_common_ompio_file_get_position
  [D] mca_common_ompio_file_get_size
  [D] mca_common_ompio_file_iread
  [D] mca_common_ompio_file_iread_at
  [D] mca_common_ompio_file_iread_at_all
  [D] mca_common_ompio_file_iwrite
  [D] mca_common_ompio_file_iwrite_at
  [D] mca_common_ompio_file_iwrite_at_all
  [D] mca_common_ompio_file_open
  [D] mca_common_ompio_file_read
  [D] mca_common_ompio_file_read_at
  [D] mca_common_ompio_file_read_at_all
  [D] mca_common_ompio_file_write
  [D] mca_common_ompio_file_write_at
  [D] mca_common_ompio_file_write_at_all
  [D] mca_common_ompio_finalize_initial_grouping
  [D] mca_common_ompio_finalize_split
  [D] mca_common_ompio_forced_grouping
  [D] mca_common_ompio_full_print_queue
  [D] mca_common_ompio_fview_based_grouping
  [D] mca_common_ompio_initialize_print_queue
  [D] mca_common_ompio_merge_groups
  [D] mca_common_ompio_merge_initial_groups
  [D] mca_common_ompio_prepare_to_group
  [D] mca_common_ompio_print_time_info
  [D] mca_common_ompio_progress
  [D] mca_common_ompio_register_print_entry
  [D] mca_common_ompio_register_progress
  [D] mca_common_ompio_request_alloc
  [D] mca_common_ompio_request_fini
  [D] mca_common_ompio_request_init
  [D] mca_common_ompio_retain_initial_groups
  [D] mca_common_ompio_set_aggregator_props
  [D] mca_common_ompio_set_callbacks
  [D] mca_common_ompio_set_explicit_offset
  [D] mca_common_ompio_set_file_defaults
  [D] mca_common_ompio_set_view
  [D] mca_common_ompio_simple_grouping
  [D] mca_common_ompio_split_a_group
  [D] mca_common_ompio_split_initial_groups
  [D] mca_common_ompio_unregister_print_entry
  [D] mca_fbtl_posix_lock
  [D] mca_fbtl_posix_unlock
  [D] mca_fcoll_base_component_lookup
  [D] mca_fcoll_dynamic_gen2_break_file_view
  [D] mca_fcoll_dynamic_gen2_component_file_query
  [D] mca_fcoll_dynamic_gen2_component_file_unquery
  [D] mca_fcoll_dynamic_gen2_component_init_query
  [D] mca_fcoll_dynamic_gen2_file_read_all
  [D] mca_fcoll_dynamic_gen2_file_write_all
  [D] mca_fcoll_dynamic_gen2_get_configuration
  [D] mca_fcoll_dynamic_gen2_module_finalize
  [D] mca_fcoll_dynamic_gen2_module_init
  [D] mca_fcoll_dynamic_gen2_split_iov_array
  [D] mca_fcoll_vulcan_break_file_view
  [D] mca_fcoll_vulcan_component_file_query
  [D] mca_fcoll_vulcan_component_file_unquery
  [D] mca_fcoll_vulcan_component_init_query
  [D] mca_fcoll_vulcan_file_read_all
  [D] mca_fcoll_vulcan_file_write_all
  [D] mca_fcoll_vulcan_get_configuration
  [D] mca_fcoll_vulcan_module_finalize
  [D] mca_fcoll_vulcan_module_init
  [D] mca_fcoll_vulcan_split_iov_array
  [D] mca_fs_base_file_close
  [D] mca_fs_base_file_delete
  [D] mca_fs_base_file_get_size
  [D] mca_fs_base_file_set_size
  [D] mca_fs_base_file_sync
  [D] mca_io_ompio_get_mca_parameter_value
  [D] mca_io_romio321_file_close
  [D] mca_io_romio321_file_get_amode
  [D] mca_io_romio321_file_get_atomicity
  [D] mca_io_romio321_file_get_byte_offset
  [D] mca_io_romio321_file_get_info
  [D] mca_io_romio321_file_get_position
  [D] mca_io_romio321_file_get_position_shared
  [D] mca_io_romio321_file_get_size
  [D] mca_io_romio321_file_get_type_extent
  [D] mca_io_romio321_file_get_view
  [D] mca_io_romio321_file_iread
  [D] mca_io_romio321_file_iread_all
  [D] mca_io_romio321_file_iread_at
  [D] mca_io_romio321_file_iread_at_all
  [D] mca_io_romio321_file_iread_shared
  [D] mca_io_romio321_file_iwrite
  [D] mca_io_romio321_file_iwrite_all
  [D] mca_io_romio321_file_iwrite_at
  [D] mca_io_romio321_file_iwrite_at_all
  [D] mca_io_romio321_file_iwrite_shared
  [D] mca_io_romio321_file_open
  [D] mca_io_romio321_file_preallocate
  [D] mca_io_romio321_file_read
  [D] mca_io_romio321_file_read_all
  [D] mca_io_romio321_file_read_all_begin
  [D] mca_io_romio321_file_read_all_end
  [D] mca_io_romio321_file_read_at
  [D] mca_io_romio321_file_read_at_all
  [D] mca_io_romio321_file_read_at_all_begin
  [D] mca_io_romio321_file_read_at_all_end
  [D] mca_io_romio321_file_read_ordered
  [D] mca_io_romio321_file_read_ordered_begin
  [D] mca_io_romio321_file_read_ordered_end
  [D] mca_io_romio321_file_read_shared
  [D] mca_io_romio321_file_seek
  [D] mca_io_romio321_file_seek_shared
  [D] mca_io_romio321_file_set_atomicity
  [D] mca_io_romio321_file_set_info
  [D] mca_io_romio321_file_set_size
  [D] mca_io_romio321_file_set_view
  [D] mca_io_romio321_file_sync
  [D] mca_io_romio321_file_write
  [D] mca_io_romio321_file_write_all
  [D] mca_io_romio321_file_write_all_begin
  [D] mca_io_romio321_file_write_all_end
  [D] mca_io_romio321_file_write_at
  [D] mca_io_romio321_file_write_at_all
  [D] mca_io_romio321_file_write_at_all_begin
  [D] mca_io_romio321_file_write_at_all_end
  [D] mca_io_romio321_file_write_ordered
  [D] mca_io_romio321_file_write_ordered_begin
  [D] mca_io_romio321_file_write_ordered_end
  [D] mca_io_romio321_file_write_shared
  [D] mca_io_romio_dist_MPIR_Status_set_bytes
  [D] mca_io_romio_dist_MPI_File_close
  [D] mca_io_romio_dist_MPI_File_delete
  [D] mca_io_romio_dist_MPI_File_get_amode
  [D] mca_io_romio_dist_MPI_File_get_atomicity
  [D] mca_io_romio_dist_MPI_File_get_byte_offset
  [D] mca_io_romio_dist_MPI_File_get_group
  [D] mca_io_romio_dist_MPI_File_get_info
  [D] mca_io_romio_dist_MPI_File_get_position
  [D] mca_io_romio_dist_MPI_File_get_position_shared
  [D] mca_io_romio_dist_MPI_File_get_size
  [D] mca_io_romio_dist_MPI_File_get_type_extent
  [D] mca_io_romio_dist_MPI_File_get_view
  [D] mca_io_romio_dist_MPI_File_iread
  [D] mca_io_romio_dist_MPI_File_iread_all
  [D] mca_io_romio_dist_MPI_File_iread_at
  [D] mca_io_romio_dist_MPI_File_iread_at_all
  [D] mca_io_romio_dist_MPI_File_iread_shared
  [D] mca_io_romio_dist_MPI_File_iwrite
  [D] mca_io_romio_dist_MPI_File_iwrite_all
  [D] mca_io_romio_dist_MPI_File_iwrite_at
  [D] mca_io_romio_dist_MPI_File_iwrite_at_all
  [D] mca_io_romio_dist_MPI_File_iwrite_shared
  [D] mca_io_romio_dist_MPI_File_open
  [D] mca_io_romio_dist_MPI_File_preallocate
  [D] mca_io_romio_dist_MPI_File_read
  [D] mca_io_romio_dist_MPI_File_read_all
  [D] mca_io_romio_dist_MPI_File_read_all_begin
  [D] mca_io_romio_dist_MPI_File_read_all_end
  [D] mca_io_romio_dist_MPI_File_read_at
  [D] mca_io_romio_dist_MPI_File_read_at_all
  [D] mca_io_romio_dist_MPI_File_read_at_all_begin
  [D] mca_io_romio_dist_MPI_File_read_at_all_end
  [D] mca_io_romio_dist_MPI_File_read_ordered
  [D] mca_io_romio_dist_MPI_File_read_ordered_begin
  [D] mca_io_romio_dist_MPI_File_read_ordered_end
  [D] mca_io_romio_dist_MPI_File_read_shared
  [D] mca_io_romio_dist_MPI_File_seek
  [D] mca_io_romio_dist_MPI_File_seek_shared
  [D] mca_io_romio_dist_MPI_File_set_atomicity
  [D] mca_io_romio_dist_MPI_File_set_info
  [D] mca_io_romio_dist_MPI_File_set_size
  [D] mca_io_romio_dist_MPI_File_set_view
  [D] mca_io_romio_dist_MPI_File_sync
  [D] mca_io_romio_dist_MPI_File_write
  [D] mca_io_romio_dist_MPI_File_write_all
  [D] mca_io_romio_dist_MPI_File_write_all_begin
  [D] mca_io_romio_dist_MPI_File_write_all_end
  [D] mca_io_romio_dist_MPI_File_write_at
  [D] mca_io_romio_dist_MPI_File_write_at_all
  [D] mca_io_romio_dist_MPI_File_write_at_all_begin
  [D] mca_io_romio_dist_MPI_File_write_at_all_end
  [D] mca_io_romio_dist_MPI_File_write_ordered
  [D] mca_io_romio_dist_MPI_File_write_ordered_begin
  [D] mca_io_romio_dist_MPI_File_write_ordered_end
  [D] mca_io_romio_dist_MPI_File_write_shared
  [D] mca_io_romio_dist_MPI_Register_datarep
  [D] mca_pml_base_ft_event
  [D] mca_pml_ob1_dump_cant_match
  [D] mca_pml_ob1_enable_progress
  [D] mca_pml_ob1_ft_event
  [D] mca_pml_ob1_rdma_pipeline_btls_count
  [D] mca_topo_base_neighbor_count
  [D] mca_topo_treematch_dist_graph_create
  [D] memory_allocation
  [D] mpiext_pcollreq_dummy
  [D] nb_leaves
  [D] nb_lines
  [D] nb_processing_units
  [D] new_affinity_mat
  [D] new_group_list
  [D] nextGain
  [D] next_bucket_elem
  [D] old_bucket_id
  [D] ompi_attr_get_aint
  [D] ompi_attr_get_fint
  [D] ompi_attr_set_aint
  [D] ompi_attr_set_fint
  [D] ompi_attr_set_int
  [D] ompi_coll_base_allreduce_intra_redscat_allgather
  [D] ompi_coll_base_bcast_intra_knomial
  [D] ompi_coll_base_bcast_intra_scatter_allgather
  [D] ompi_coll_base_bcast_intra_scatter_allgather_ring
  [D] ompi_coll_base_comm_get_reqs
  [D] ompi_coll_base_exscan_intra_linear
  [D] ompi_coll_base_exscan_intra_recursivedoubling
  [D] ompi_coll_base_reduce_intra_redscat_gather
  [D] ompi_coll_base_reduce_scatter_block_basic_linear
  [D] ompi_coll_base_reduce_scatter_block_intra_butterfly
  [D] ompi_coll_base_reduce_scatter_block_intra_recursivedoubling
  [D] ompi_coll_base_reduce_scatter_block_intra_recursivehalving
  [D] ompi_coll_base_reduce_scatter_intra_butterfly
  [D] ompi_coll_base_scan_intra_linear
  [D] ompi_coll_base_scan_intra_recursivedoubling
  [D] ompi_coll_base_sendrecv_actual
  [D] ompi_coll_base_topo_build_kmtree
  [D] ompi_coll_libnbc_allgather_init
  [D] ompi_coll_libnbc_allgather_inter_init
  [D] ompi_coll_libnbc_allgatherv_init
  [D] ompi_coll_libnbc_allgatherv_inter_init
  [D] ompi_coll_libnbc_allreduce_init
  [D] ompi_coll_libnbc_allreduce_inter_init
  [D] ompi_coll_libnbc_alltoall_init
  [D] ompi_coll_libnbc_alltoall_inter_init
  [D] ompi_coll_libnbc_alltoallv_init
  [D] ompi_coll_libnbc_alltoallv_inter_init
  [D] ompi_coll_libnbc_alltoallw_init
  [D] ompi_coll_libnbc_alltoallw_inter_init
  [D] ompi_coll_libnbc_barrier_init
  [D] ompi_coll_libnbc_barrier_inter_init
  [D] ompi_coll_libnbc_bcast_init
  [D] ompi_coll_libnbc_bcast_inter_init
  [D] ompi_coll_libnbc_exscan_init
  [D] ompi_coll_libnbc_gather_init
  [D] ompi_coll_libnbc_gather_inter_init
  [D] ompi_coll_libnbc_gatherv_init
  [D] ompi_coll_libnbc_gatherv_inter_init
  [D] ompi_coll_libnbc_neighbor_allgather_init
  [D] ompi_coll_libnbc_neighbor_allgatherv_init
  [D] ompi_coll_libnbc_neighbor_alltoall_init
  [D] ompi_coll_libnbc_neighbor_alltoallv_init
  [D] ompi_coll_libnbc_neighbor_alltoallw_init
  [D] ompi_coll_libnbc_reduce_init
  [D] ompi_coll_libnbc_reduce_inter_init
  [D] ompi_coll_libnbc_reduce_scatter_block_init
  [D] ompi_coll_libnbc_reduce_scatter_block_inter_init
  [D] ompi_coll_libnbc_reduce_scatter_init
  [D] ompi_coll_libnbc_reduce_scatter_inter_init
  [D] ompi_coll_libnbc_scan_init
  [D] ompi_coll_libnbc_scatter_init
  [D] ompi_coll_libnbc_scatter_inter_init
  [D] ompi_coll_libnbc_scatterv_init
  [D] ompi_coll_libnbc_scatterv_inter_init
  [D] ompi_coll_tuned_exscan_intra_check_forced_init
  [D] ompi_coll_tuned_exscan_intra_dec_dynamic
  [D] ompi_coll_tuned_exscan_intra_do_this
  [D] ompi_coll_tuned_reduce_scatter_block_intra_check_forced_init
  [D] ompi_coll_tuned_reduce_scatter_block_intra_dec_dynamic
  [D] ompi_coll_tuned_reduce_scatter_block_intra_dec_fixed
  [D] ompi_coll_tuned_reduce_scatter_block_intra_do_this
  [D] ompi_coll_tuned_scan_intra_check_forced_init
  [D] ompi_coll_tuned_scan_intra_dec_dynamic
  [D] ompi_coll_tuned_scan_intra_do_this
  [D] ompi_comm_allgather_pml
  [D] ompi_comm_allreduce_pml
  [D] ompi_comm_assert_subscribe
  [D] ompi_comm_bcast_pml
  [D] ompi_cr_coord
  [D] ompi_cr_finalize
  [D] ompi_cr_init
  [D] ompi_crcp_base_module_finalize
  [D] ompi_crcp_base_module_init
  [D] ompi_crcp_base_none_btl_add_procs
  [D] ompi_crcp_base_none_btl_alloc
  [D] ompi_crcp_base_none_btl_del_procs
  [D] ompi_crcp_base_none_btl_dump
  [D] ompi_crcp_base_none_btl_finalize
  [D] ompi_crcp_base_none_btl_free
  [D] ompi_crcp_base_none_btl_ft_event
  [D] ompi_crcp_base_none_btl_get
  [D] ompi_crcp_base_none_btl_prepare_dst
  [D] ompi_crcp_base_none_btl_prepare_src
  [D] ompi_crcp_base_none_btl_put
  [D] ompi_crcp_base_none_btl_register
  [D] ompi_crcp_base_none_btl_send
  [D] ompi_crcp_base_none_close
  [D] ompi_crcp_base_none_open
  [D] ompi_crcp_base_none_pml_add_comm
  [D] ompi_crcp_base_none_pml_add_procs
  [D] ompi_crcp_base_none_pml_del_comm
  [D] ompi_crcp_base_none_pml_del_procs
  [D] ompi_crcp_base_none_pml_dump
  [D] ompi_crcp_base_none_pml_enable
  [D] ompi_crcp_base_none_pml_ft_event
  [D] ompi_crcp_base_none_pml_iprobe
  [D] ompi_crcp_base_none_pml_irecv
  [D] ompi_crcp_base_none_pml_irecv_init
  [D] ompi_crcp_base_none_pml_isend
  [D] ompi_crcp_base_none_pml_isend_init
  [D] ompi_crcp_base_none_pml_probe
  [D] ompi_crcp_base_none_pml_progress
  [D] ompi_crcp_base_none_pml_recv
  [D] ompi_crcp_base_none_pml_send
  [D] ompi_crcp_base_none_pml_start
  [D] ompi_crcp_base_none_query
  [D] ompi_crcp_base_none_quiesce_end
  [D] ompi_crcp_base_none_quiesce_start
  [D] ompi_crcp_base_none_request_complete
  [D] ompi_crcp_base_quiesce_end
  [D] ompi_crcp_base_quiesce_start
  [D] ompi_crcp_base_select
  [D] ompi_datatype_pack_external
  [D] ompi_datatype_pack_external_size
  [D] ompi_datatype_unpack_external
  [D] ompi_errhandler_callback
  [D] ompi_errhandler_registration_callback
  [D] ompi_fcoll_base_coll_allgather_array
  [D] ompi_fcoll_base_coll_allgatherv_array
  [D] ompi_fcoll_base_coll_bcast_array
  [D] ompi_fcoll_base_coll_gather_array
  [D] ompi_fcoll_base_coll_gatherv_array
  [D] ompi_fcoll_base_coll_scatterv_array
  [D] ompi_fcoll_base_sort_iovec
  [D] ompi_fortran_argv_blank_f2c
  [D] ompi_fortran_argv_count_f2c
  [D] ompi_hook_base_deregister_callbacks
  [D] ompi_hook_base_mpi_finalize_bottom
  [D] ompi_hook_base_mpi_finalize_top
  [D] ompi_hook_base_mpi_finalized_bottom
  [D] ompi_hook_base_mpi_finalized_top
  [D] ompi_hook_base_mpi_init_bottom
  [D] ompi_hook_base_mpi_init_error
  [D] ompi_hook_base_mpi_init_thread_bottom
  [D] ompi_hook_base_mpi_init_thread_top
  [D] ompi_hook_base_mpi_init_top
  [D] ompi_hook_base_mpi_init_top_post_opal
  [D] ompi_hook_base_mpi_initialized_bottom
  [D] ompi_hook_base_mpi_initialized_top
  [D] ompi_hook_base_register_callbacks
  [D] ompi_info_dup_mpistandard
  [D] ompi_info_get_nkeys
  [D] ompi_interlib_declare
  [D] ompi_mirror_perm
  [D] ompi_mpi_dynamics_disable
  [D] ompi_mpi_dynamics_finalize
  [D] ompi_mpi_dynamics_is_enabled
  [D] ompi_mpiinfo_finalize
  [D] ompi_mpiinfo_init
  [D] ompi_mpit_lock
  [D] ompi_mpit_unlock
  [D] ompi_netpatterns_base_err
  [D] ompi_netpatterns_cleanup_narray_knomial_tree
  [D] ompi_netpatterns_cleanup_recursive_doubling_tree_node
  [D] ompi_netpatterns_cleanup_recursive_knomial_allgather_tree_node
  [D] ompi_netpatterns_cleanup_recursive_knomial_tree_node
  [D] ompi_netpatterns_init
  [D] ompi_netpatterns_register_mca_params
  [D] ompi_netpatterns_setup_multinomial_tree
  [D] ompi_netpatterns_setup_narray_knomial_tree
  [D] ompi_netpatterns_setup_narray_tree
  [D] ompi_netpatterns_setup_narray_tree_contigous_ranks
  [D] ompi_netpatterns_setup_recursive_doubling_n_tree_node
  [D] ompi_netpatterns_setup_recursive_doubling_tree_node
  [D] ompi_netpatterns_setup_recursive_knomial_allgather_tree_node
  [D] ompi_netpatterns_setup_recursive_knomial_tree_node
  [D] ompi_osc_pt2pt_frag_flush_pending
  [D] ompi_osc_pt2pt_frag_flush_pending_all
  [D] ompi_osc_pt2pt_lock_remote
  [D] ompi_osc_pt2pt_process_receive
  [D] ompi_osc_rdma_demand_lock_peer
  [D] ompi_osc_rdma_put_contig
  [D] ompi_pml_v_output_close
  [D] ompi_pml_v_output_open
  [D] ompi_request_persistent_noop_create
  [D] ompi_rounddown
  [D] ompi_roundup_to_power_radix
  [D] ompi_rte_connect_accept_support
  [D] ompi_spc_cycles_to_usecs
  [D] ompi_spc_events_init
  [D] ompi_spc_fini
  [D] ompi_spc_init
  [D] ompi_spc_record
  [D] ompi_spc_timer_start
  [D] ompi_spc_timer_stop
  [D] ompi_spc_update_watermark
  [D] ompi_spc_user_or_mpi
  [D] optimize_arity
  [D] partial_aggregate_aff_mat
  [D] partial_sort
  [D] partial_update_val
  [D] print_1D_tab
  [D] recurs_select_independent_groups
  [D] select_independent_groups
  [D] select_independent_groups_by_largest_index
  [D] select_max
  [D] set_deb_tab_child
  [D] set_node
  [D] split_com_mat
  [D] split_constraints
  [D] split_vertices
  [D] submit_work
  [D] super_fast_grouping
  [D] symetric
  [D] tab_cmp
  [D] terminate_thread_pool
  [D] test_independent_groups
  [D] test_main
  [D] tgt_to_tm
  [D] time_diff
  [D] tm_build_affinity_mat
  [D] tm_build_synthetic_topology
  [D] tm_build_tree_from_topology
  [D] tm_calloc
  [D] tm_close_verbose_file
  [D] tm_compute_mapping
  [D] tm_display_arity
  [D] tm_display_other_heuristics
  [D] tm_display_solution
  [D] tm_display_topology
  [D] tm_enable_oversubscribing
  [D] tm_finalize
  [D] tm_free
  [D] tm_free_affinity_mat
  [D] tm_free_solution
  [D] tm_free_topology
  [D] tm_free_tree
  [D] tm_get_exhaustive_search_flag
  [D] tm_get_verbose_level
  [D] tm_get_verbose_output
  [D] tm_load_aff_mat
  [D] tm_load_topology
  [D] tm_malloc
  [D] tm_mem_check
  [D] tm_open_verbose_file
  [D] tm_optimize_topology
  [D] tm_realloc
  [D] tm_set_exhaustive_search_flag
  [D] tm_set_max_nb_threads
  [D] tm_set_verbose_level
  [D] tm_topology_add_binding_constraints
  [D] tm_topology_set_binding_constraints
  [D] topo_nb_proc
  [D] topology_arity_cpy
  [D] topology_constraints_cpy
  [D] topology_cost_cpy
  [D] topology_numbering_cpy
  [D] topology_to_arch
  [D] try_add_edge
  [D] update_comm_speed
  [D] update_val
  [D] wait_work_completion
  [D] weighted_degree_asc
  [D] weighted_degree_dsc

257 Added function symbols not referenced by debug info:

  [A] MPI_Address, aliases PMPI_Address
  [A] MPI_Attr_delete
  [A] MPI_Attr_get, aliases PMPI_Attr_get
  [A] MPI_Attr_put, aliases PMPI_Attr_put
  [A] MPI_Errhandler_create
  [A] MPI_Errhandler_get, aliases PMPI_Errhandler_get
  [A] MPI_Errhandler_set
  [A] MPI_Keyval_create, aliases PMPI_Keyval_create
  [A] MPI_Keyval_free, aliases PMPI_Keyval_free
  [A] MPI_Type_extent
  [A] MPI_Type_hindexed
  [A] MPI_Type_hvector
  [A] MPI_Type_lb
  [A] MPI_Type_struct
  [A] MPI_Type_ub, aliases PMPI_Type_ub
  [A] NBC_Init_handle
  [A] OMPI_C_MPI_DUP_FN
  [A] OMPI_C_MPI_NULL_COPY_FN
  [A] OMPI_C_MPI_NULL_DELETE_FN
  [A] PMPI_Address
  [A] PMPI_Attr_delete, aliases MPI_Attr_delete
  [A] PMPI_Attr_get
  [A] PMPI_Attr_put
  [A] PMPI_Errhandler_create, aliases MPI_Errhandler_create
  [A] PMPI_Errhandler_get
  [A] PMPI_Errhandler_set, aliases MPI_Errhandler_set
  [A] PMPI_Keyval_create
  [A] PMPI_Keyval_free
  [A] PMPI_Type_extent, aliases MPI_Type_extent
  [A] PMPI_Type_hindexed, aliases MPI_Type_hindexed
  [A] PMPI_Type_hvector, aliases MPI_Type_hvector
  [A] PMPI_Type_lb, aliases MPI_Type_lb
  [A] PMPI_Type_struct, aliases MPI_Type_struct
  [A] PMPI_Type_ub
  [A] coll_base_comm_get_reqs
  [A] comm_allgather_pml
  [A] comm_allreduce_pml
  [A] comm_bcast_pml
  [A] find_next_index
  [A] get_process_id
  [A] mca_fcoll_static_component_file_query
  [A] mca_fcoll_static_component_file_unquery
  [A] mca_fcoll_static_component_init_query
  [A] mca_fcoll_static_file_read_all
  [A] mca_fcoll_static_file_write_all
  [A] mca_fcoll_static_module_finalize
  [A] mca_fcoll_static_module_init
  [A] mca_fs_ufs_file_close
  [A] mca_fs_ufs_file_delete
  [A] mca_fs_ufs_file_get_size
  [A] mca_fs_ufs_file_set_size
  [A] mca_fs_ufs_file_sync
  [A] mca_io_ompio_build_io_array
  [A] mca_io_ompio_cart_based_grouping
  [A] mca_io_ompio_component_progress
  [A] mca_io_ompio_file_delete
  [A] mca_io_ompio_file_get_info
  [A] mca_io_ompio_file_set_info
  [A] mca_io_ompio_finalize_initial_grouping
  [A] mca_io_ompio_fview_based_grouping
  [A] mca_io_ompio_get_bytes_per_agg
  [A] mca_io_ompio_get_num_aggregators
  [A] mca_io_ompio_set_view_internal
  [A] mca_io_ompio_simple_grouping
  [A] mca_io_romio314_dist_MPIR_Status_set_bytes
  [A] mca_io_romio314_dist_MPI_File_close
  [A] mca_io_romio314_dist_MPI_File_delete
  [A] mca_io_romio314_dist_MPI_File_get_amode
  [A] mca_io_romio314_dist_MPI_File_get_atomicity
  [A] mca_io_romio314_dist_MPI_File_get_byte_offset
  [A] mca_io_romio314_dist_MPI_File_get_group
  [A] mca_io_romio314_dist_MPI_File_get_info
  [A] mca_io_romio314_dist_MPI_File_get_position
  [A] mca_io_romio314_dist_MPI_File_get_position_shared
  [A] mca_io_romio314_dist_MPI_File_get_size
  [A] mca_io_romio314_dist_MPI_File_get_type_extent
  [A] mca_io_romio314_dist_MPI_File_get_view
  [A] mca_io_romio314_dist_MPI_File_iread
  [A] mca_io_romio314_dist_MPI_File_iread_at
  [A] mca_io_romio314_dist_MPI_File_iread_shared
  [A] mca_io_romio314_dist_MPI_File_iwrite
  [A] mca_io_romio314_dist_MPI_File_iwrite_at
  [A] mca_io_romio314_dist_MPI_File_iwrite_shared
  [A] mca_io_romio314_dist_MPI_File_open
  [A] mca_io_romio314_dist_MPI_File_preallocate
  [A] mca_io_romio314_dist_MPI_File_read
  [A] mca_io_romio314_dist_MPI_File_read_all
  [A] mca_io_romio314_dist_MPI_File_read_all_begin
  [A] mca_io_romio314_dist_MPI_File_read_all_end
  [A] mca_io_romio314_dist_MPI_File_read_at
  [A] mca_io_romio314_dist_MPI_File_read_at_all
  [A] mca_io_romio314_dist_MPI_File_read_at_all_begin
  [A] mca_io_romio314_dist_MPI_File_read_at_all_end
  [A] mca_io_romio314_dist_MPI_File_read_ordered
  [A] mca_io_romio314_dist_MPI_File_read_ordered_begin
  [A] mca_io_romio314_dist_MPI_File_read_ordered_end
  [A] mca_io_romio314_dist_MPI_File_read_shared
  [A] mca_io_romio314_dist_MPI_File_seek
  [A] mca_io_romio314_dist_MPI_File_seek_shared
  [A] mca_io_romio314_dist_MPI_File_set_atomicity
  [A] mca_io_romio314_dist_MPI_File_set_info
  [A] mca_io_romio314_dist_MPI_File_set_size
  [A] mca_io_romio314_dist_MPI_File_set_view
  [A] mca_io_romio314_dist_MPI_File_sync
  [A] mca_io_romio314_dist_MPI_File_write
  [A] mca_io_romio314_dist_MPI_File_write_all
  [A] mca_io_romio314_dist_MPI_File_write_all_begin
  [A] mca_io_romio314_dist_MPI_File_write_all_end
  [A] mca_io_romio314_dist_MPI_File_write_at
  [A] mca_io_romio314_dist_MPI_File_write_at_all
  [A] mca_io_romio314_dist_MPI_File_write_at_all_begin
  [A] mca_io_romio314_dist_MPI_File_write_at_all_end
  [A] mca_io_romio314_dist_MPI_File_write_ordered
  [A] mca_io_romio314_dist_MPI_File_write_ordered_begin
  [A] mca_io_romio314_dist_MPI_File_write_ordered_end
  [A] mca_io_romio314_dist_MPI_File_write_shared
  [A] mca_io_romio314_dist_MPI_Register_datarep
  [A] mca_io_romio314_file_close
  [A] mca_io_romio314_file_get_amode
  [A] mca_io_romio314_file_get_atomicity
  [A] mca_io_romio314_file_get_byte_offset
  [A] mca_io_romio314_file_get_info
  [A] mca_io_romio314_file_get_position
  [A] mca_io_romio314_file_get_position_shared
  [A] mca_io_romio314_file_get_size
  [A] mca_io_romio314_file_get_type_extent
  [A] mca_io_romio314_file_get_view
  [A] mca_io_romio314_file_iread
  [A] mca_io_romio314_file_iread_at
  [A] mca_io_romio314_file_iread_shared
  [A] mca_io_romio314_file_iwrite
  [A] mca_io_romio314_file_iwrite_at
  [A] mca_io_romio314_file_iwrite_shared
  [A] mca_io_romio314_file_open
  [A] mca_io_romio314_file_preallocate
  [A] mca_io_romio314_file_read
  [A] mca_io_romio314_file_read_all
  [A] mca_io_romio314_file_read_all_begin
  [A] mca_io_romio314_file_read_all_end
  [A] mca_io_romio314_file_read_at
  [A] mca_io_romio314_file_read_at_all
  [A] mca_io_romio314_file_read_at_all_begin
  [A] mca_io_romio314_file_read_at_all_end
  [A] mca_io_romio314_file_read_ordered
  [A] mca_io_romio314_file_read_ordered_begin
  [A] mca_io_romio314_file_read_ordered_end
  [A] mca_io_romio314_file_read_shared
  [A] mca_io_romio314_file_seek
  [A] mca_io_romio314_file_seek_shared
  [A] mca_io_romio314_file_set_atomicity
  [A] mca_io_romio314_file_set_info
  [A] mca_io_romio314_file_set_size
  [A] mca_io_romio314_file_set_view
  [A] mca_io_romio314_file_sync
  [A] mca_io_romio314_file_write
  [A] mca_io_romio314_file_write_all
  [A] mca_io_romio314_file_write_all_begin
  [A] mca_io_romio314_file_write_all_end
  [A] mca_io_romio314_file_write_at
  [A] mca_io_romio314_file_write_at_all
  [A] mca_io_romio314_file_write_at_all_begin
  [A] mca_io_romio314_file_write_at_all_end
  [A] mca_io_romio314_file_write_ordered
  [A] mca_io_romio314_file_write_ordered_begin
  [A] mca_io_romio314_file_write_ordered_end
  [A] mca_io_romio314_file_write_shared
  [A] mpit_lock
  [A] mpit_unlock
  [A] netpatterns_base_err
  [A] netpatterns_cleanup_narray_knomial_tree
  [A] netpatterns_cleanup_recursive_doubling_tree_node
  [A] netpatterns_cleanup_recursive_knomial_allgather_tree_node
  [A] netpatterns_cleanup_recursive_knomial_tree_node
  [A] netpatterns_init
  [A] netpatterns_register_mca_params
  [A] netpatterns_setup_multinomial_tree
  [A] netpatterns_setup_narray_knomial_tree
  [A] netpatterns_setup_narray_tree
  [A] netpatterns_setup_narray_tree_contigous_ranks
  [A] netpatterns_setup_recursive_doubling_n_tree_node
  [A] netpatterns_setup_recursive_doubling_tree_node
  [A] netpatterns_setup_recursive_knomial_allgather_tree_node
  [A] netpatterns_setup_recursive_knomial_tree_node
  [A] ompi_attr_get_fortran_mpi1
  [A] ompi_attr_get_fortran_mpi2
  [A] ompi_attr_set_fortran_mpi1
  [A] ompi_attr_set_fortran_mpi2
  [A] ompi_coll_base_sendrecv_nonzero_actual
  [A] ompi_coll_tuned_allgather_intra_do_forced
  [A] ompi_coll_tuned_allgatherv_intra_do_forced
  [A] ompi_coll_tuned_allreduce_intra_do_forced
  [A] ompi_coll_tuned_alltoall_intra_do_forced
  [A] ompi_coll_tuned_alltoallv_intra_do_forced
  [A] ompi_coll_tuned_barrier_intra_do_forced
  [A] ompi_coll_tuned_bcast_intra_do_forced
  [A] ompi_coll_tuned_gather_intra_do_forced
  [A] ompi_coll_tuned_reduce_intra_do_forced
  [A] ompi_coll_tuned_reduce_scatter_intra_do_forced
  [A] ompi_coll_tuned_scatter_intra_do_forced
  [A] ompi_comm_link_function
  [A] ompi_comm_neighbors
  [A] ompi_comm_neighbors_count
  [A] ompi_comm_reg_finalize
  [A] ompi_comm_reg_init
  [A] ompi_errhandler_runtime_callback
  [A] ompi_fortran_argv_f2c
  [A] ompi_info_finalize
  [A] ompi_info_init
  [A] ompi_info_value_to_bool
  [A] ompi_info_value_to_int
  [A] ompi_io_ompio_allgather_array
  [A] ompi_io_ompio_allgatherv_array
  [A] ompi_io_ompio_bcast_array
  [A] ompi_io_ompio_break_file_view
  [A] ompi_io_ompio_decode_datatype
  [A] ompi_io_ompio_distribute_file_view
  [A] ompi_io_ompio_empty_print_queue
  [A] ompi_io_ompio_full_print_queue
  [A] ompi_io_ompio_gather_array
  [A] ompi_io_ompio_gather_data
  [A] ompi_io_ompio_gatherv_array
  [A] ompi_io_ompio_initialize_print_queue
  [A] ompi_io_ompio_print_time_info
  [A] ompi_io_ompio_register_print_entry
  [A] ompi_io_ompio_scatter_data
  [A] ompi_io_ompio_scatterv_array
  [A] ompi_io_ompio_set_aggregator_props
  [A] ompi_io_ompio_set_explicit_offset
  [A] ompi_io_ompio_set_file_defaults
  [A] ompi_io_ompio_set_print_queue
  [A] ompi_io_ompio_sort
  [A] ompi_io_ompio_sort_iovec
  [A] ompi_io_ompio_unregister_print_entry
  [A] ompi_osc_rdma_peer_aggregate_flush
  [A] ompi_request_persistent_proc_null_free
  [A] ompio_io_ompio_file_close
  [A] ompio_io_ompio_file_get_position
  [A] ompio_io_ompio_file_get_size
  [A] ompio_io_ompio_file_iread
  [A] ompio_io_ompio_file_iread_at
  [A] ompio_io_ompio_file_iread_at_all
  [A] ompio_io_ompio_file_iwrite
  [A] ompio_io_ompio_file_iwrite_at
  [A] ompio_io_ompio_file_iwrite_at_all
  [A] ompio_io_ompio_file_open
  [A] ompio_io_ompio_file_read
  [A] ompio_io_ompio_file_read_at
  [A] ompio_io_ompio_file_read_at_all
  [A] ompio_io_ompio_file_write
  [A] ompio_io_ompio_file_write_at
  [A] ompio_io_ompio_file_write_at_all
  [A] pml_v_output_close
  [A] pml_v_output_open
  [A] read_find_next_index
  [A] read_get_process_id
  [A] read_local_heap_sort
  [A] roundup_to_power_radix

73 Removed variable symbols not referenced by debug info:

  [D] comm
  [D] common_monitoring_translation_ht
  [D] gpfsmpio_onesided_always_rmw
  [D] gpfsmpio_onesided_no_rmw
  [D] gpfsmpio_read_aggmethod
  [D] gpfsmpio_write_aggmethod
  [D] libnbc_ibcast_skip_dt_decision
  [D] mca_coll_sync_component
  [D] mca_coll_sync_component_version_string
  [D] mca_coll_sync_module_t_class
  [D] mca_common_monitoring_current_state
  [D] mca_common_monitoring_enabled
  [D] mca_common_monitoring_output_stream_id
  [D] mca_common_ompio_pending_requests
  [D] mca_common_ompio_progress_is_registered
  [D] mca_crcp_base_static_components
  [D] mca_fcoll_dynamic_gen2_component
  [D] mca_fcoll_dynamic_gen2_component_version_string
  [D] mca_fcoll_dynamic_gen2_num_groups
  [D] mca_fcoll_dynamic_gen2_priority
  [D] mca_fcoll_dynamic_gen2_write_chunksize
  [D] mca_fcoll_vulcan_async_io
  [D] mca_fcoll_vulcan_component
  [D] mca_fcoll_vulcan_component_version_string
  [D] mca_fcoll_vulcan_num_groups
  [D] mca_fcoll_vulcan_priority
  [D] mca_fcoll_vulcan_write_chunksize
  [D] mca_fs_ufs_lock_algorithm
  [D] mca_hook_base_static_components
  [D] mca_io_ompio_aggregators_cutoff_threshold
  [D] mca_io_ompio_max_aggregators_ratio
  [D] mca_io_ompio_overwrite_amode
  [D] mca_io_ompio_verbose_info_parsing
  [D] mca_io_romio321_component
  [D] mca_io_romio321_component_version_string
  [D] mca_io_romio321_module
  [D] mca_io_romio321_mutex
  [D] mca_monitoring_coll_data_t_class
  [D] mca_pml_bsend_addr
  [D] mca_pml_bsend_base
  [D] mca_pml_bsend_userbase
  [D] mca_sharedfp_individual_usage_counter
  [D] mca_topo_treematch_component
  [D] mca_topo_treematch_component_version_string
  [D] mca_topo_treematch_module_t_class
  [D] mpi_t_enabled
  [D] mpi_t_offset
  [D] ompi_async_mpi_finalize
  [D] ompi_async_mpi_init
  [D] ompi_comm_allreduce_context_t_class
  [D] ompi_comm_cid_context_t_class
  [D] ompi_comm_idup_with_info_context_t_class
  [D] ompi_cr_output
  [D] ompi_cr_verbosity
  [D] ompi_crcp
  [D] ompi_crcp_base_btl_state_t_class
  [D] ompi_crcp_base_framework
  [D] ompi_crcp_base_pml_state_t_class
  [D] ompi_crcp_base_selected_component
  [D] ompi_hook_base_framework
  [D] ompi_mpi_file_bootstrap_mutex
  [D] ompi_mpi_ompio_bootstrap_mutex
  [D] ompi_mpi_spc_attach_string
  [D] ompi_mpi_spc_dump_enabled
  [D] ompi_mpi_state
  [D] ompi_mpit_big_lock
  [D] ompi_mpit_init_count
  [D] ompi_netpatterns_base_verbose
  [D] ompi_osc_pt2pt_receive_t_class
  [D] ompi_osc_rdma_pending_op_t_class
  [D] ompi_win_accumulate_order
  [D] ompi_wtime_time_origin
  [D] sys_clock_freq_mhz

33 Added variable symbols not referenced by debug info:

  [A] __malloc_initialize_hook
  [A] coll_base_allgatherv_algorithms
  [A] coll_read_time
  [A] coll_write_time
  [A] mca_fcoll_static_component
  [A] mca_fcoll_static_component_version_string
  [A] mca_fcoll_static_priority
  [A] mca_io_ompio_pending_requests
  [A] mca_io_ompio_progress_is_registered
  [A] mca_io_ompio_sharedfp_lazy_open
  [A] mca_io_romio314_component
  [A] mca_io_romio314_component_version_string
  [A] mca_io_romio314_module
  [A] mca_io_romio314_mutex
  [A] mpit_big_lock
  [A] mpit_init_count
  [A] netpatterns_base_verbose
  [A] ompi_comm_reg_t_class
  [A] ompi_datatype_dfd
  [A] ompi_enable_timing_ext
  [A] ompi_info_entry_t_class
  [A] ompi_mpi_bootstrap_mutex
  [A] ompi_mpi_finalize_started
  [A] ompi_mpi_finalized
  [A] ompi_mpi_init_started
  [A] ompi_mpi_initialized
  [A] ompi_orte_tracker_t_class
  [A] ompi_osc_rdma_aggregation_t_class
  [A] ompi_request_completed
  [A] ompi_request_cond
  [A] ompi_request_failed
  [A] ompi_request_lock
  [A] ompi_request_waiting

